#
# There is insufficient memory for the Java Runtime Environment to continue.
# Native memory allocation (malloc) failed to allocate 1048576 bytes for AllocateHeap
# Possible reasons:
#   The system is out of physical RAM or swap space
#   In 32 bit mode, the process size limit was hit
# Possible solutions:
#   Reduce memory load on the system
#   Increase physical memory or swap space
#   Check if swap backing store is full
#   Use 64 bit Java on a 64 bit OS
#   Decrease Java heap size (-Xmx/-Xms)
#   Decrease number of Java threads
#   Decrease Java thread stack sizes (-Xss)
#   Set larger code cache with -XX:ReservedCodeCacheSize=
# This output file may be truncated or incomplete.
#
#  Out of Memory Error (memory/allocation.inline.hpp:61), pid=3944, tid=6960
#
# JRE version:  (8.0_51-b16) (build )
# Java VM: Java HotSpot(TM) 64-Bit Server VM (25.51-b03 mixed mode windows-amd64 compressed oops)
# Failed to write core dump. Minidumps are not enabled by default on client versions of Windows
#

---------------  T H R E A D  ---------------

Current thread (0x00000000021fe000):  JavaThread "Unknown thread" [_thread_in_vm, id=6960, stack(0x0000000002250000,0x0000000002350000)]

Stack: [0x0000000002250000,0x0000000002350000]
Native frames: (J=compiled Java code, j=interpreted, Vv=VM code, C=native code)
V  [jvm.dll+0x32b4ca]
V  [jvm.dll+0x2797e3]
V  [jvm.dll+0x27a479]
V  [jvm.dll+0x271765]
V  [jvm.dll+0x1606]
V  [jvm.dll+0x2707d2]
V  [jvm.dll+0x3eec6a]
V  [jvm.dll+0x3ea537]
V  [jvm.dll+0xf2c22]
V  [jvm.dll+0x20f0a9]
V  [jvm.dll+0x240d2a]
V  [jvm.dll+0x15b9a1]
C  [javaw.exe+0x217e]
C  [javaw.exe+0xcd37]
C  [javaw.exe+0xcdcb]
C  [KERNEL32.DLL+0x17034]
C  [ntdll.dll+0x52651]


---------------  P R O C E S S  ---------------

Java Threads: ( => current thread )

Other Threads:

=>0x00000000021fe000 (exited) JavaThread "Unknown thread" [_thread_in_vm, id=6960, stack(0x0000000002250000,0x0000000002350000)]

VM state:not at safepoint (normal execution)

VM Mutex/Monitor currently owned by a thread: None

Heap:
 PSYoungGen      total 4608K, used 81K [0x00000000ffb00000, 0x0000000100000000, 0x0000000100000000)
  eden space 4096K, 2% used [0x00000000ffb00000,0x00000000ffb147b8,0x00000000fff00000)
  from space 512K, 0% used [0x00000000fff80000,0x00000000fff80000,0x0000000100000000)
  to   space 512K, 0% used [0x00000000fff00000,0x00000000fff00000,0x00000000fff80000)
 ParOldGen       total 11264K, used 0K [0x00000000ff000000, 0x00000000ffb00000, 0x00000000ffb00000)
  object space 11264K, 0% used [0x00000000ff000000,0x00000000ff000000,0x00000000ffb00000)
 Metaspace       used 742K, capacity 4480K, committed 4480K, reserved 1056768K
  class space    used 75K, capacity 384K, committed 384K, reserved 1048576K

Card table byte_map: [0x0000000011810000,0x0000000011820000] byte_map_base: 0x0000000011018000

Marking Bits: (ParMarkBitMap*) 0x000000006efb4040
 Begin Bits: [0x0000000012030000, 0x0000000012070000)
 End Bits:   [0x0000000012070000, 0x00000000120b0000)

Polling page: 0x00000000021c0000

CodeCache: size=245760Kb used=327Kb max_used=327Kb free=245432Kb
 bounds [0x0000000002450000, 0x00000000026c0000, 0x0000000011450000]
 total_blobs=56 nmethods=0 adapters=37
 compilation: enabled

Compilation events (0 events):
No events

GC Heap History (0 events):
No events

Deoptimization events (0 events):
No events

Internal exceptions (0 events):
No events

Events (10 events):
Event: 0.048 loading class java/lang/Short
Event: 0.048 loading class java/lang/Short done
Event: 0.048 loading class java/lang/Integer
Event: 0.048 loading class java/lang/Integer done
Event: 0.048 loading class java/lang/Long
Event: 0.048 loading class java/lang/Long done
Event: 0.050 loading class java/lang/NullPointerException
Event: 0.050 loading class java/lang/NullPointerException done
Event: 0.050 loading class java/lang/ArithmeticException
Event: 0.050 loading class java/lang/ArithmeticException done


Dynamic libraries:
0x00007ff728850000 - 0x00007ff728887000 	C:\Program Files\Java\jre1.8.0_51\bin\javaw.exe
0x00007ffeb12d0000 - 0x00007ffeb14c5000 	C:\Windows\SYSTEM32\ntdll.dll
0x00007ffeb1170000 - 0x00007ffeb122e000 	C:\Windows\System32\KERNEL32.DLL
0x00007ffeaf040000 - 0x00007ffeaf308000 	C:\Windows\System32\KERNELBASE.dll
0x00007ffeb0f70000 - 0x00007ffeb101c000 	C:\Windows\System32\ADVAPI32.dll
0x00007ffeaf520000 - 0x00007ffeaf5be000 	C:\Windows\System32\msvcrt.dll
0x00007ffeb0120000 - 0x00007ffeb01bb000 	C:\Windows\System32\sechost.dll
0x00007ffeb1020000 - 0x00007ffeb114a000 	C:\Windows\System32\RPCRT4.dll
0x00007ffeafe40000 - 0x00007ffeaffe1000 	C:\Windows\System32\USER32.dll
0x00007ffeaed50000 - 0x00007ffeaed72000 	C:\Windows\System32\win32u.dll
0x00007ffeb0960000 - 0x00007ffeb098b000 	C:\Windows\System32\GDI32.dll
0x00007ffeaee30000 - 0x00007ffeaef3d000 	C:\Windows\System32\gdi32full.dll
0x00007ffeaebf0000 - 0x00007ffeaec8d000 	C:\Windows\System32\msvcp_win.dll
0x00007ffeaef40000 - 0x00007ffeaf040000 	C:\Windows\System32\ucrtbase.dll
0x00007ffe9dff0000 - 0x00007ffe9e28a000 	C:\Windows\WinSxS\amd64_microsoft.windows.common-controls_6595b64144ccf1df_6.0.19041.1110_none_60b5254171f9507e\COMCTL32.dll
0x00007ffeaf490000 - 0x00007ffeaf4c0000 	C:\Windows\System32\IMM32.DLL
0x000000006f040000 - 0x000000006f112000 	C:\Program Files\Java\jre1.8.0_51\bin\msvcr100.dll
0x000000006e7b0000 - 0x000000006f033000 	C:\Program Files\Java\jre1.8.0_51\bin\server\jvm.dll
0x00007ffeb0110000 - 0x00007ffeb0118000 	C:\Windows\System32\PSAPI.DLL
0x00007ffea69f0000 - 0x00007ffea69fa000 	C:\Windows\SYSTEM32\VERSION.dll
0x00007ffea57b0000 - 0x00007ffea57d7000 	C:\Windows\SYSTEM32\WINMM.dll
0x00007ffea8480000 - 0x00007ffea8489000 	C:\Windows\SYSTEM32\WSOCK32.dll
0x00007ffeafff0000 - 0x00007ffeb005b000 	C:\Windows\System32\WS2_32.dll
0x000000006e7a0000 - 0x000000006e7af000 	C:\Program Files\Java\jre1.8.0_51\bin\verify.dll
0x000000006e770000 - 0x000000006e799000 	C:\Program Files\Java\jre1.8.0_51\bin\java.dll
0x000000006e750000 - 0x000000006e766000 	C:\Program Files\Java\jre1.8.0_51\bin\zip.dll
0x00007ffeac560000 - 0x00007ffeac744000 	C:\Windows\SYSTEM32\dbghelp.dll
0x00007ffeaecc0000 - 0x00007ffeaed42000 	C:\Windows\System32\bcryptPrimitives.dll

VM Arguments:
jvm_args: -Xmx16m 
java_command: org.eclipse.jdt.internal.launching.support.LibraryDetector
java_class_path (initial): C:\Users\Raju Shrirame\AppData\Roaming\Code\User\globalStorage\redhat.java\1.41.1\config_win\org.eclipse.osgi\57\0\.cp\lib\launchingsupport.jar
Launcher Type: SUN_STANDARD

Environment Variables:
JAVA_HOME=C:\Program Files\Amazon Corretto\jdk17.0.13_11
PATH=C:\Program Files\Amazon Corretto\jdk17.0.13_11\bin;C:\Python312\Scripts\;C:\Python312\;C:\Program Files\Amazon Corretto\jdk11.0.23_9\bin;C:\ProgramData\Oracle\Java\javapath;C:\Windows\system32;C:\Windows;C:\Windows\System32\Wbem;C:\Windows\System32\WindowsPowerShell\v1.0\;C:\Windows\System32\OpenSSH\;C:\Windows\IsmFiles;C:\Program Files\dotnet\;C:\MinGW\bin;C:\ProgramData\chocolatey\bin;C:\ProgramData\chocolatey\lib\maven\apache-maven-3.9.8\bin;C:\Program Files\Amazon\AWSCLIV2\;C:\Program Files\Microsoft VS Code\bin;C:\Program Files\nodejs\;C:\Program Files\Git\cmd;C:\Program Files\Git\mingw64\bin;C:\Program Files\Git\usr\bin;C:\Program Files\Vagrant\bin;C:\Users\Raju Shrirame\AppData\Local\Microsoft\WindowsApps;C:\MinGW\bin;C:\Users\Raju Shrirame\AppData\Local\Programs\Microsoft VS Code\bin;C:\Users\Raju Shrirame\AppData\Local\spicetify;C:\Program Files\Oracle\VirtualBox;C:\Users\Raju Shrirame\AppData\Roaming\npm;D:\mongoDB shell\
USERNAME=Raju Shrirame
OS=Windows_NT
PROCESSOR_IDENTIFIER=AMD64 Family 23 Model 24 Stepping 1, AuthenticAMD



---------------  S Y S T E M  ---------------

OS: Windows 10.0 , 64 bit Build 19041 (10.0.19041.1348)

CPU:total 8 (8 cores per cpu, 1 threads per core) family 23 model 24 stepping 1, cmov, cx8, fxsr, mmx, sse, sse2, sse3, ssse3, sse4.1, sse4.2, popcnt, avx, avx2, aes, clmul, mmxext, 3dnowpref, lzcnt, sse4a, tsc, tscinvbit, tscinv, bmi1

Memory: 4k page, physical 6237840k(570164k free), swap 6237840k(5816k free)

vm_info: Java HotSpot(TM) 64-Bit Server VM (25.51-b03) for windows-amd64 JRE (1.8.0_51-b16), built on Jun  8 2015 18:03:07 by "java_re" with MS VC++ 10.0 (VS2010)

time: Thu Apr 17 20:30:29 2025
elapsed time: 0 seconds (0d 0h 0m 0s)

