#
# There is insufficient memory for the Java Runtime Environment to continue.
# Native memory allocation (malloc) failed to allocate 1230256 bytes. Error detail: Chunk::new
# Possible reasons:
#   The system is out of physical RAM or swap space
#   This process is running with CompressedOops enabled, and the Java Heap may be blocking the growth of the native heap
# Possible solutions:
#   Reduce memory load on the system
#   Increase physical memory or swap space
#   Check if swap backing store is full
#   Decrease Java heap size (-Xmx/-Xms)
#   Decrease number of Java threads
#   Decrease Java thread stack sizes (-Xss)
#   Set larger code cache with -XX:ReservedCodeCacheSize=
#   JVM is running with Unscaled Compressed Oops mode in which the Java heap is
#     placed in the first 4GB address space. The Java Heap base address is the
#     maximum limit for the native heap growth. Please use -XX:HeapBaseMinAddress
#     to set the Java Heap base and to place the Java Heap above 4GB virtual address.
# This output file may be truncated or incomplete.
#
#  Out of Memory Error (arena.cpp:168), pid=1880, tid=10404
#
# JRE version: OpenJDK Runtime Environment Temurin-21.0.6+7 (21.0.6+7) (build 21.0.6+7-LTS)
# Java VM: OpenJDK 64-Bit Server VM Temurin-21.0.6+7 (21.0.6+7-LTS, mixed mode, sharing, tiered, compressed oops, compressed class ptrs, parallel gc, windows-amd64)
# No core dump will be written. Minidumps are not enabled by default on client versions of Windows
#

---------------  S U M M A R Y ------------

Command Line: --add-modules=ALL-SYSTEM --add-opens=java.base/java.util=ALL-UNNAMED --add-opens=java.base/java.lang=ALL-UNNAMED --add-opens=java.base/sun.nio.fs=ALL-UNNAMED -Declipse.application=org.eclipse.jdt.ls.core.id1 -Dosgi.bundles.defaultStartLevel=4 -Declipse.product=org.eclipse.jdt.ls.core.product -Djava.import.generatesMetadataFilesAtProjectRoot=false -DDetectVMInstallationsJob.disabled=true -Dfile.encoding=utf8 -XX:+UseParallelGC -XX:GCTimeRatio=4 -XX:AdaptiveSizePolicyWeight=90 -Dsun.zip.disableMemoryMapping=true -Xmx1G -Xms100m -Xlog:disable -javaagent:c:\Users\Raju Shrirame\.vscode\extensions\redhat.java-1.41.1-win32-x64\lombok\lombok-1.18.36.jar -XX:+HeapDumpOnOutOfMemoryError -XX:HeapDumpPath=c:\Users\Raju Shrirame\AppData\Roaming\Code\User\workspaceStorage\bf5354fa548733c8218dcee6b927070a\redhat.java -Daether.dependencyCollector.impl=bf c:\Users\Raju Shrirame\.vscode\extensions\redhat.java-1.41.1-win32-x64\server\plugins\org.eclipse.equinox.launcher_1.7.0.v20250331-1702.jar -configuration c:\Users\Raju Shrirame\AppData\Roaming\Code\User\globalStorage\redhat.java\1.41.1\config_win -data c:\Users\Raju Shrirame\AppData\Roaming\Code\User\workspaceStorage\bf5354fa548733c8218dcee6b927070a\redhat.java\jdt_ws --pipe=\\.\pipe\lsp-70cfa46621a9d265c15848fdf37f5f92-sock

Host: AMD Ryzen 5 3500U with Radeon Vega Mobile Gfx  , 8 cores, 5G,  Windows 10 , 64 bit Build 19041 (10.0.19041.1348)
Time: Thu Apr 17 20:49:20 2025 India Standard Time elapsed time: 20.577520 seconds (0d 0h 0m 20s)

---------------  T H R E A D  ---------------

Current thread (0x000001eef44a9730):  JavaThread "C2 CompilerThread0" daemon [_thread_in_native, id=10404, stack(0x00000078aaa00000,0x00000078aab00000) (1024K)]


Current CompileTask:
C2:20577 7062 % !   4       org.eclipse.jdt.internal.compiler.classfmt.ClassFileReader::<init> @ 81 (2135 bytes)

Stack: [0x00000078aaa00000,0x00000078aab00000]
Native frames: (J=compiled Java code, j=interpreted, Vv=VM code, C=native code)
V  [jvm.dll+0x6cdee9]
V  [jvm.dll+0x8a83d1]
V  [jvm.dll+0x8aa8fe]
V  [jvm.dll+0x8aafe3]
V  [jvm.dll+0x27f706]
V  [jvm.dll+0xc500d]
V  [jvm.dll+0xc5543]
V  [jvm.dll+0x2f2acd]
V  [jvm.dll+0x5f6a2a]
V  [jvm.dll+0x250bb2]
V  [jvm.dll+0x250f6f]
V  [jvm.dll+0x249834]
V  [jvm.dll+0x246ec4]
V  [jvm.dll+0x1c75ee]
V  [jvm.dll+0x25685a]
V  [jvm.dll+0x254dfa]
V  [jvm.dll+0x3f0256]
V  [jvm.dll+0x851f8b]
V  [jvm.dll+0x6cc5ed]
C  [ucrtbase.dll+0x21bb2]
C  [KERNEL32.DLL+0x17034]
C  [ntdll.dll+0x52651]


---------------  P R O C E S S  ---------------

Threads class SMR info:
_java_thread_list=0x000001eefb826170, length=40, elements={
0x000001eeef0ec4c0, 0x000001eef4495410, 0x000001eef44969b0, 0x000001eef449af70,
0x000001eef449be40, 0x000001eef44a0200, 0x000001eef44a2130, 0x000001eef44a9730,
0x000001eef44abe90, 0x000001eefa0abf90, 0x000001eefa0a9ec0, 0x000001eefa0a91a0,
0x000001eefa0a9830, 0x000001eefa0aa550, 0x000001eefa0aabe0, 0x000001eefa0ab270,
0x000001eefa0ab900, 0x000001eefb3808b0, 0x000001eefb381c60, 0x000001eefb3815d0,
0x000001eefb383d30, 0x000001eefb380f40, 0x000001eefb3843c0, 0x000001eefb37f500,
0x000001eefb37fb90, 0x000001eefb37ee70, 0x000001eefb383010, 0x000001eefb380220,
0x000001eefb3822f0, 0x000001eefb3836a0, 0x000001eefb382980, 0x000001eefb384a50,
0x000001eefb3850e0, 0x000001eefb37e150, 0x000001eefb37dac0, 0x000001eefb37e7e0,
0x000001eefd3a1600, 0x000001eefd3a2320, 0x000001eefcffa210, 0x000001eefdc2af10
}

Java Threads: ( => current thread )
  0x000001eeef0ec4c0 JavaThread "main"                              [_thread_blocked, id=2516, stack(0x00000078aa000000,0x00000078aa100000) (1024K)]
  0x000001eef4495410 JavaThread "Reference Handler"          daemon [_thread_blocked, id=13480, stack(0x00000078aa400000,0x00000078aa500000) (1024K)]
  0x000001eef44969b0 JavaThread "Finalizer"                  daemon [_thread_blocked, id=1748, stack(0x00000078aa500000,0x00000078aa600000) (1024K)]
  0x000001eef449af70 JavaThread "Signal Dispatcher"          daemon [_thread_blocked, id=2464, stack(0x00000078aa600000,0x00000078aa700000) (1024K)]
  0x000001eef449be40 JavaThread "Attach Listener"            daemon [_thread_blocked, id=2064, stack(0x00000078aa700000,0x00000078aa800000) (1024K)]
  0x000001eef44a0200 JavaThread "Service Thread"             daemon [_thread_blocked, id=3288, stack(0x00000078aa800000,0x00000078aa900000) (1024K)]
  0x000001eef44a2130 JavaThread "Monitor Deflation Thread"   daemon [_thread_blocked, id=1992, stack(0x00000078aa900000,0x00000078aaa00000) (1024K)]
=>0x000001eef44a9730 JavaThread "C2 CompilerThread0"         daemon [_thread_in_native, id=10404, stack(0x00000078aaa00000,0x00000078aab00000) (1024K)]
  0x000001eef44abe90 JavaThread "C1 CompilerThread0"         daemon [_thread_in_native, id=3744, stack(0x00000078aab00000,0x00000078aac00000) (1024K)]
  0x000001eefa0abf90 JavaThread "Common-Cleaner"             daemon [_thread_blocked, id=9968, stack(0x00000078aac00000,0x00000078aad00000) (1024K)]
  0x000001eefa0a9ec0 JavaThread "Notification Thread"        daemon [_thread_blocked, id=2984, stack(0x00000078aae00000,0x00000078aaf00000) (1024K)]
  0x000001eefa0a91a0 JavaThread "Active Thread: Equinox Container: 7bd6c970-4484-44d1-929f-5504624a14ea"        [_thread_blocked, id=13028, stack(0x00000078ab600000,0x00000078ab700000) (1024K)]
  0x000001eefa0a9830 JavaThread "Refresh Thread: Equinox Container: 7bd6c970-4484-44d1-929f-5504624a14ea" daemon [_thread_blocked, id=13080, stack(0x00000078ab700000,0x00000078ab800000) (1024K)]
  0x000001eefa0aa550 JavaThread "Framework Event Dispatcher: Equinox Container: 7bd6c970-4484-44d1-929f-5504624a14ea" daemon [_thread_blocked, id=11096, stack(0x00000078ab900000,0x00000078aba00000) (1024K)]
  0x000001eefa0aabe0 JavaThread "Start Level: Equinox Container: 7bd6c970-4484-44d1-929f-5504624a14ea" daemon [_thread_blocked, id=7156, stack(0x00000078aba00000,0x00000078abb00000) (1024K)]
  0x000001eefa0ab270 JavaThread "Bundle File Closer"         daemon [_thread_blocked, id=1852, stack(0x00000078abb00000,0x00000078abc00000) (1024K)]
  0x000001eefa0ab900 JavaThread "SCR Component Actor"        daemon [_thread_blocked, id=1448, stack(0x00000078abc00000,0x00000078abd00000) (1024K)]
  0x000001eefb3808b0 JavaThread "Worker-JM"                         [_thread_blocked, id=8036, stack(0x00000078aaf00000,0x00000078ab000000) (1024K)]
  0x000001eefb381c60 JavaThread "JNA Cleaner"                daemon [_thread_blocked, id=3180, stack(0x00000078abe00000,0x00000078abf00000) (1024K)]
  0x000001eefb3815d0 JavaThread "Worker-0"                          [_thread_blocked, id=2816, stack(0x00000078abf00000,0x00000078ac000000) (1024K)]
  0x000001eefb383d30 JavaThread "Worker-1"                          [_thread_blocked, id=6076, stack(0x00000078ac000000,0x00000078ac100000) (1024K)]
  0x000001eefb380f40 JavaThread "Worker-2: Java indexing... "        [_thread_blocked, id=4324, stack(0x00000078ac100000,0x00000078ac200000) (1024K)]
  0x000001eefb3843c0 JavaThread "Java indexing"              daemon [_thread_in_native, id=13188, stack(0x00000078ac200000,0x00000078ac300000) (1024K)]
  0x000001eefb37f500 JavaThread "Worker-3"                          [_thread_blocked, id=4348, stack(0x00000078ac400000,0x00000078ac500000) (1024K)]
  0x000001eefb37fb90 JavaThread "Worker-4: Building"                [_thread_in_Java, id=13040, stack(0x00000078ac500000,0x00000078ac600000) (1024K)]
  0x000001eefb37ee70 JavaThread "Thread-2"                   daemon [_thread_in_native, id=12688, stack(0x00000078ac600000,0x00000078ac700000) (1024K)]
  0x000001eefb383010 JavaThread "Thread-3"                   daemon [_thread_in_native, id=4352, stack(0x00000078ac700000,0x00000078ac800000) (1024K)]
  0x000001eefb380220 JavaThread "Thread-4"                   daemon [_thread_in_native, id=4532, stack(0x00000078ac800000,0x00000078ac900000) (1024K)]
  0x000001eefb3822f0 JavaThread "Thread-5"                   daemon [_thread_in_native, id=11664, stack(0x00000078ac900000,0x00000078aca00000) (1024K)]
  0x000001eefb3836a0 JavaThread "Thread-6"                   daemon [_thread_in_native, id=3016, stack(0x00000078aca00000,0x00000078acb00000) (1024K)]
  0x000001eefb382980 JavaThread "Thread-7"                   daemon [_thread_in_native, id=3556, stack(0x00000078acb00000,0x00000078acc00000) (1024K)]
  0x000001eefb384a50 JavaThread "Thread-8"                   daemon [_thread_in_native, id=11716, stack(0x00000078acc00000,0x00000078acd00000) (1024K)]
  0x000001eefb3850e0 JavaThread "Thread-9"                   daemon [_thread_in_native, id=11192, stack(0x00000078acd00000,0x00000078ace00000) (1024K)]
  0x000001eefb37e150 JavaThread "Thread-10"                  daemon [_thread_in_native, id=10744, stack(0x00000078ace00000,0x00000078acf00000) (1024K)]
  0x000001eefb37dac0 JavaThread "pool-2-thread-1"                   [_thread_blocked, id=4080, stack(0x00000078acf00000,0x00000078ad000000) (1024K)]
  0x000001eefb37e7e0 JavaThread "WorkspaceEventsHandler"            [_thread_blocked, id=3132, stack(0x00000078ad000000,0x00000078ad100000) (1024K)]
  0x000001eefd3a1600 JavaThread "pool-1-thread-1"                   [_thread_blocked, id=4652, stack(0x00000078ad100000,0x00000078ad200000) (1024K)]
  0x000001eefd3a2320 JavaThread "Worker-5"                          [_thread_blocked, id=3736, stack(0x00000078ad200000,0x00000078ad300000) (1024K)]
  0x000001eefcffa210 JavaThread "C2 CompilerThread1"         daemon [_thread_in_native, id=9852, stack(0x00000078aad00000,0x00000078aae00000) (1024K)]
  0x000001eefdc2af10 JavaThread "C2 CompilerThread2"         daemon [_thread_blocked, id=2512, stack(0x00000078abd00000,0x00000078abe00000) (1024K)]
Total: 40

Other Threads:
  0x000001eeef1beb90 VMThread "VM Thread"                           [id=2736, stack(0x00000078aa300000,0x00000078aa400000) (1024K)]
  0x000001eeef1b27b0 WatcherThread "VM Periodic Task Thread"        [id=13468, stack(0x00000078aa200000,0x00000078aa300000) (1024K)]
  0x000001eeef108fa0 WorkerThread "GC Thread#0"                     [id=2356, stack(0x00000078aa100000,0x00000078aa200000) (1024K)]
  0x000001eefa88c330 WorkerThread "GC Thread#1"                     [id=8124, stack(0x00000078ab000000,0x00000078ab100000) (1024K)]
  0x000001eefa88c6d0 WorkerThread "GC Thread#2"                     [id=2228, stack(0x00000078ab100000,0x00000078ab200000) (1024K)]
  0x000001eefa88ca70 WorkerThread "GC Thread#3"                     [id=1988, stack(0x00000078ab200000,0x00000078ab300000) (1024K)]
  0x000001eefa3fd140 WorkerThread "GC Thread#4"                     [id=11300, stack(0x00000078ab300000,0x00000078ab400000) (1024K)]
  0x000001eefa3fd4e0 WorkerThread "GC Thread#5"                     [id=2156, stack(0x00000078ab400000,0x00000078ab500000) (1024K)]
  0x000001eefa3fd880 WorkerThread "GC Thread#6"                     [id=2864, stack(0x00000078ab500000,0x00000078ab600000) (1024K)]
  0x000001eefab47d90 WorkerThread "GC Thread#7"                     [id=13108, stack(0x00000078ab800000,0x00000078ab900000) (1024K)]
Total: 10

Threads with active compile tasks:
C2 CompilerThread0  20624 7062 % !   4       org.eclipse.jdt.internal.compiler.classfmt.ClassFileReader::<init> @ 81 (2135 bytes)
C1 CompilerThread0  20624 7099       3       org.eclipse.jdt.internal.core.JavaProject::computePackageFragmentRoots (683 bytes)
Total: 2

VM state: not at safepoint (normal execution)

VM Mutex/Monitor currently owned by a thread: None

Heap address: 0x00000000c0000000, size: 1024 MB, Compressed Oops mode: 32-bit

CDS archive(s) mapped at: [0x000001ee8f000000-0x000001ee8fba0000-0x000001ee8fba0000), size 12189696, SharedBaseAddress: 0x000001ee8f000000, ArchiveRelocationMode: 1.
Compressed class space mapped at: 0x000001ee90000000-0x000001eed0000000, reserved size: 1073741824
Narrow klass base: 0x000001ee8f000000, Narrow klass shift: 0, Narrow klass range: 0x100000000

GC Precious Log:
 CardTable entry size: 512
 CPUs: 8 total, 8 available
 Memory: 6091M
 Large Page Support: Disabled
 NUMA Support: Disabled
 Compressed Oops: Enabled (32-bit)
 Alignments: Space 512K, Generation 512K, Heap 2M
 Heap Min Capacity: 100M
 Heap Initial Capacity: 100M
 Heap Max Capacity: 1G
 Pre-touch: Disabled
 Parallel Workers: 8

Heap:
 PSYoungGen      total 6656K, used 2622K [0x00000000eab00000, 0x00000000eb280000, 0x0000000100000000)
  eden space 6144K, 34% used [0x00000000eab00000,0x00000000ead148c8,0x00000000eb100000)
  from space 512K, 97% used [0x00000000eb180000,0x00000000eb1fc4b8,0x00000000eb200000)
  to   space 512K, 0% used [0x00000000eb200000,0x00000000eb200000,0x00000000eb280000)
 ParOldGen       total 176640K, used 176264K [0x00000000c0000000, 0x00000000cac80000, 0x00000000eab00000)
  object space 176640K, 99% used [0x00000000c0000000,0x00000000cac22010,0x00000000cac80000)
 Metaspace       used 47370K, committed 48576K, reserved 1114112K
  class space    used 4997K, committed 5504K, reserved 1048576K

Card table byte_map: [0x000001eeeeaa0000,0x000001eeeecb0000] _byte_map_base: 0x000001eeee4a0000

Marking Bits: (ParMarkBitMap*) 0x00007ffd34223260
 Begin Bits: [0x000001eef22f0000, 0x000001eef32f0000)
 End Bits:   [0x000001eef32f0000, 0x000001eef42f0000)

Polling page: 0x000001eeecfb0000

Metaspace:

Usage:
  Non-class:     41.38 MB used.
      Class:      4.88 MB used.
       Both:     46.26 MB used.

Virtual space:
  Non-class space:       64.00 MB reserved,      42.06 MB ( 66%) committed,  1 nodes.
      Class space:        1.00 GB reserved,       5.38 MB ( <1%) committed,  1 nodes.
             Both:        1.06 GB reserved,      47.44 MB (  4%) committed. 

Chunk freelists:
   Non-Class:  5.88 MB
       Class:  10.57 MB
        Both:  16.45 MB

MaxMetaspaceSize: unlimited
CompressedClassSpaceSize: 1.00 GB
Initial GC threshold: 21.00 MB
Current GC threshold: 58.38 MB
CDS: on
 - commit_granule_bytes: 65536.
 - commit_granule_words: 8192.
 - virtual_space_node_default_size: 8388608.
 - enlarge_chunks_in_place: 1.
 - use_allocation_guard: 0.


Internal statistics:

num_allocs_failed_limit: 6.
num_arena_births: 924.
num_arena_deaths: 14.
num_vsnodes_births: 2.
num_vsnodes_deaths: 0.
num_space_committed: 759.
num_space_uncommitted: 0.
num_chunks_returned_to_freelist: 20.
num_chunks_taken_from_freelist: 3145.
num_chunk_merges: 12.
num_chunk_splits: 1923.
num_chunks_enlarged: 1033.
num_inconsistent_stats: 0.

CodeHeap 'non-profiled nmethods': size=120000Kb used=4539Kb max_used=4539Kb free=115460Kb
 bounds [0x000001ee87ad0000, 0x000001ee87f40000, 0x000001ee8f000000]
CodeHeap 'profiled nmethods': size=120000Kb used=13982Kb max_used=13982Kb free=106017Kb
 bounds [0x000001ee80000000, 0x000001ee80db0000, 0x000001ee87530000]
CodeHeap 'non-nmethods': size=5760Kb used=1374Kb max_used=1453Kb free=4385Kb
 bounds [0x000001ee87530000, 0x000001ee877a0000, 0x000001ee87ad0000]
 total_blobs=7170 nmethods=6494 adapters=582
 compilation: enabled
              stopped_count=0, restarted_count=0
 full_count=0

Compilation events (20 events):
Event: 20.552 Thread 0x000001eefdc2af10 nmethod 7090 0x000001ee87f3a890 code [0x000001ee87f3aa20, 0x000001ee87f3aac8]
Event: 20.553 Thread 0x000001eefdc2af10 7079       4       java.io.WinNTFileSystem::prefixLength (91 bytes)
Event: 20.553 Thread 0x000001eef44abe90 7091       3       org.osgi.util.tracker.BundleTracker$Tracked::bundleChanged (48 bytes)
Event: 20.556 Thread 0x000001eef44abe90 nmethod 7091 0x000001ee80d9ab90 code [0x000001ee80d9ad80, 0x000001ee80d9b1f8]
Event: 20.558 Thread 0x000001eef44abe90 7092       1       sun.util.calendar.CalendarDate::setNormalized (6 bytes)
Event: 20.559 Thread 0x000001eef44abe90 nmethod 7092 0x000001ee87f3ab90 code [0x000001ee87f3ad20, 0x000001ee87f3adf0]
Event: 20.559 Thread 0x000001eef44abe90 7093       3       org.eclipse.osgi.internal.framework.BundleContextImpl::getBundle (5 bytes)
Event: 20.559 Thread 0x000001eef44abe90 nmethod 7093 0x000001ee80d9b390 code [0x000001ee80d9b520, 0x000001ee80d9b658]
Event: 20.561 Thread 0x000001eefcffa210 nmethod 7081 0x000001ee87f3ae90 code [0x000001ee87f3b0c0, 0x000001ee87f3b860]
Event: 20.561 Thread 0x000001eefcffa210 7070       4       java.util.ArrayDeque::addLast (51 bytes)
Event: 20.563 Thread 0x000001eefdc2af10 nmethod 7079 0x000001ee87f3bf90 code [0x000001ee87f3c160, 0x000001ee87f3c4e0]
Event: 20.563 Thread 0x000001eefdc2af10 7089       4       java.util.zip.ZipFile$InflaterCleanupAction::run (12 bytes)
Event: 20.563 Thread 0x000001eefcffa210 nmethod 7070 0x000001ee87f3c890 code [0x000001ee87f3ca20, 0x000001ee87f3cba0]
Event: 20.567 Thread 0x000001eefcffa210 7094       4       java.util.LinkedHashMap$LinkedHashIterator::<init> (47 bytes)
Event: 20.569 Thread 0x000001eefcffa210 nmethod 7094 0x000001ee87f3cd10 code [0x000001ee87f3cea0, 0x000001ee87f3cfa8]
Event: 20.569 Thread 0x000001eefcffa210 7095       4       java.util.ArrayList$SubList::iterator (5 bytes)
Event: 20.572 Thread 0x000001eefcffa210 nmethod 7095 0x000001ee87f3d090 code [0x000001ee87f3d220, 0x000001ee87f3d3a0]
Event: 20.572 Thread 0x000001eefdc2af10 nmethod 7089 0x000001ee87f3d510 code [0x000001ee87f3d700, 0x000001ee87f3dee0]
Event: 20.572 Thread 0x000001eefcffa210 7096       4       java.util.ArrayList$SubList$1::<init> (39 bytes)
Event: 20.573 Thread 0x000001eefcffa210 nmethod 7096 0x000001ee87f3e310 code [0x000001ee87f3e4a0, 0x000001ee87f3e570]

GC Heap History (20 events):
Event: 20.143 GC heap before
{Heap before GC invocations=88 (full 2):
 PSYoungGen      total 8704K, used 8704K [0x00000000eab00000, 0x00000000eb400000, 0x0000000100000000)
  eden space 8192K, 100% used [0x00000000eab00000,0x00000000eb300000,0x00000000eb300000)
  from space 512K, 100% used [0x00000000eb300000,0x00000000eb380000,0x00000000eb380000)
  to   space 512K, 0% used [0x00000000eb380000,0x00000000eb380000,0x00000000eb400000)
 ParOldGen       total 172032K, used 171761K [0x00000000c0000000, 0x00000000ca800000, 0x00000000eab00000)
  object space 172032K, 99% used [0x00000000c0000000,0x00000000ca7bc7e8,0x00000000ca800000)
 Metaspace       used 47023K, committed 48256K, reserved 1114112K
  class space    used 4961K, committed 5504K, reserved 1048576K
}
Event: 20.146 GC heap after
{Heap after GC invocations=88 (full 2):
 PSYoungGen      total 6656K, used 512K [0x00000000eab00000, 0x00000000eb800000, 0x0000000100000000)
  eden space 6144K, 0% used [0x00000000eab00000,0x00000000eab00000,0x00000000eb100000)
  from space 512K, 100% used [0x00000000eb380000,0x00000000eb400000,0x00000000eb400000)
  to   space 2560K, 0% used [0x00000000eb100000,0x00000000eb100000,0x00000000eb380000)
 ParOldGen       total 173056K, used 172721K [0x00000000c0000000, 0x00000000ca900000, 0x00000000eab00000)
  object space 173056K, 99% used [0x00000000c0000000,0x00000000ca8ac7e8,0x00000000ca900000)
 Metaspace       used 47023K, committed 48256K, reserved 1114112K
  class space    used 4961K, committed 5504K, reserved 1048576K
}
Event: 20.198 GC heap before
{Heap before GC invocations=89 (full 2):
 PSYoungGen      total 6656K, used 6656K [0x00000000eab00000, 0x00000000eb800000, 0x0000000100000000)
  eden space 6144K, 100% used [0x00000000eab00000,0x00000000eb100000,0x00000000eb100000)
  from space 512K, 100% used [0x00000000eb380000,0x00000000eb400000,0x00000000eb400000)
  to   space 2560K, 0% used [0x00000000eb100000,0x00000000eb100000,0x00000000eb380000)
 ParOldGen       total 173056K, used 172721K [0x00000000c0000000, 0x00000000ca900000, 0x00000000eab00000)
  object space 173056K, 99% used [0x00000000c0000000,0x00000000ca8ac7e8,0x00000000ca900000)
 Metaspace       used 47025K, committed 48256K, reserved 1114112K
  class space    used 4961K, committed 5504K, reserved 1048576K
}
Event: 20.200 GC heap after
{Heap after GC invocations=89 (full 2):
 PSYoungGen      total 6656K, used 416K [0x00000000eab00000, 0x00000000eb400000, 0x0000000100000000)
  eden space 6144K, 0% used [0x00000000eab00000,0x00000000eab00000,0x00000000eb100000)
  from space 512K, 81% used [0x00000000eb100000,0x00000000eb168000,0x00000000eb180000)
  to   space 1024K, 0% used [0x00000000eb300000,0x00000000eb300000,0x00000000eb400000)
 ParOldGen       total 173568K, used 173124K [0x00000000c0000000, 0x00000000ca980000, 0x00000000eab00000)
  object space 173568K, 99% used [0x00000000c0000000,0x00000000ca9113f0,0x00000000ca980000)
 Metaspace       used 47025K, committed 48256K, reserved 1114112K
  class space    used 4961K, committed 5504K, reserved 1048576K
}
Event: 20.217 GC heap before
{Heap before GC invocations=90 (full 2):
 PSYoungGen      total 6656K, used 6560K [0x00000000eab00000, 0x00000000eb400000, 0x0000000100000000)
  eden space 6144K, 100% used [0x00000000eab00000,0x00000000eb100000,0x00000000eb100000)
  from space 512K, 81% used [0x00000000eb100000,0x00000000eb168000,0x00000000eb180000)
  to   space 1024K, 0% used [0x00000000eb300000,0x00000000eb300000,0x00000000eb400000)
 ParOldGen       total 173568K, used 173124K [0x00000000c0000000, 0x00000000ca980000, 0x00000000eab00000)
  object space 173568K, 99% used [0x00000000c0000000,0x00000000ca9113f0,0x00000000ca980000)
 Metaspace       used 47025K, committed 48256K, reserved 1114112K
  class space    used 4961K, committed 5504K, reserved 1048576K
}
Event: 20.219 GC heap after
{Heap after GC invocations=90 (full 2):
 PSYoungGen      total 6656K, used 400K [0x00000000eab00000, 0x00000000eb380000, 0x0000000100000000)
  eden space 6144K, 0% used [0x00000000eab00000,0x00000000eab00000,0x00000000eb100000)
  from space 512K, 78% used [0x00000000eb300000,0x00000000eb364010,0x00000000eb380000)
  to   space 512K, 0% used [0x00000000eb100000,0x00000000eb100000,0x00000000eb180000)
 ParOldGen       total 173568K, used 173445K [0x00000000c0000000, 0x00000000ca980000, 0x00000000eab00000)
  object space 173568K, 99% used [0x00000000c0000000,0x00000000ca961438,0x00000000ca980000)
 Metaspace       used 47025K, committed 48256K, reserved 1114112K
  class space    used 4961K, committed 5504K, reserved 1048576K
}
Event: 20.275 GC heap before
{Heap before GC invocations=91 (full 2):
 PSYoungGen      total 6656K, used 6544K [0x00000000eab00000, 0x00000000eb380000, 0x0000000100000000)
  eden space 6144K, 100% used [0x00000000eab00000,0x00000000eb100000,0x00000000eb100000)
  from space 512K, 78% used [0x00000000eb300000,0x00000000eb364010,0x00000000eb380000)
  to   space 512K, 0% used [0x00000000eb100000,0x00000000eb100000,0x00000000eb180000)
 ParOldGen       total 173568K, used 173445K [0x00000000c0000000, 0x00000000ca980000, 0x00000000eab00000)
  object space 173568K, 99% used [0x00000000c0000000,0x00000000ca961438,0x00000000ca980000)
 Metaspace       used 47026K, committed 48256K, reserved 1114112K
  class space    used 4961K, committed 5504K, reserved 1048576K
}
Event: 20.277 GC heap after
{Heap after GC invocations=91 (full 2):
 PSYoungGen      total 6656K, used 512K [0x00000000eab00000, 0x00000000eb400000, 0x0000000100000000)
  eden space 6144K, 0% used [0x00000000eab00000,0x00000000eab00000,0x00000000eb100000)
  from space 512K, 100% used [0x00000000eb100000,0x00000000eb180000,0x00000000eb180000)
  to   space 1536K, 0% used [0x00000000eb280000,0x00000000eb280000,0x00000000eb400000)
 ParOldGen       total 174080K, used 174000K [0x00000000c0000000, 0x00000000caa00000, 0x00000000eab00000)
  object space 174080K, 99% used [0x00000000c0000000,0x00000000ca9ec040,0x00000000caa00000)
 Metaspace       used 47026K, committed 48256K, reserved 1114112K
  class space    used 4961K, committed 5504K, reserved 1048576K
}
Event: 20.377 GC heap before
{Heap before GC invocations=92 (full 2):
 PSYoungGen      total 6656K, used 6656K [0x00000000eab00000, 0x00000000eb400000, 0x0000000100000000)
  eden space 6144K, 100% used [0x00000000eab00000,0x00000000eb100000,0x00000000eb100000)
  from space 512K, 100% used [0x00000000eb100000,0x00000000eb180000,0x00000000eb180000)
  to   space 1536K, 0% used [0x00000000eb280000,0x00000000eb280000,0x00000000eb400000)
 ParOldGen       total 174080K, used 174000K [0x00000000c0000000, 0x00000000caa00000, 0x00000000eab00000)
  object space 174080K, 99% used [0x00000000c0000000,0x00000000ca9ec040,0x00000000caa00000)
 Metaspace       used 47026K, committed 48256K, reserved 1114112K
  class space    used 4961K, committed 5504K, reserved 1048576K
}
Event: 20.379 GC heap after
{Heap after GC invocations=92 (full 2):
 PSYoungGen      total 6656K, used 288K [0x00000000eab00000, 0x00000000eb300000, 0x0000000100000000)
  eden space 6144K, 0% used [0x00000000eab00000,0x00000000eab00000,0x00000000eb100000)
  from space 512K, 56% used [0x00000000eb280000,0x00000000eb2c8000,0x00000000eb300000)
  to   space 1024K, 0% used [0x00000000eb100000,0x00000000eb100000,0x00000000eb200000)
 ParOldGen       total 174592K, used 174280K [0x00000000c0000000, 0x00000000caa80000, 0x00000000eab00000)
  object space 174592K, 99% used [0x00000000c0000000,0x00000000caa32040,0x00000000caa80000)
 Metaspace       used 47026K, committed 48256K, reserved 1114112K
  class space    used 4961K, committed 5504K, reserved 1048576K
}
Event: 20.449 GC heap before
{Heap before GC invocations=93 (full 2):
 PSYoungGen      total 6656K, used 6431K [0x00000000eab00000, 0x00000000eb300000, 0x0000000100000000)
  eden space 6144K, 99% used [0x00000000eab00000,0x00000000eb0fffd0,0x00000000eb100000)
  from space 512K, 56% used [0x00000000eb280000,0x00000000eb2c8000,0x00000000eb300000)
  to   space 1024K, 0% used [0x00000000eb100000,0x00000000eb100000,0x00000000eb200000)
 ParOldGen       total 174592K, used 174280K [0x00000000c0000000, 0x00000000caa80000, 0x00000000eab00000)
  object space 174592K, 99% used [0x00000000c0000000,0x00000000caa32040,0x00000000caa80000)
 Metaspace       used 47033K, committed 48256K, reserved 1114112K
  class space    used 4961K, committed 5504K, reserved 1048576K
}
Event: 20.450 GC heap after
{Heap after GC invocations=93 (full 2):
 PSYoungGen      total 7168K, used 330K [0x00000000eab00000, 0x00000000eb300000, 0x0000000100000000)
  eden space 6144K, 0% used [0x00000000eab00000,0x00000000eab00000,0x00000000eb100000)
  from space 1024K, 32% used [0x00000000eb100000,0x00000000eb1528f8,0x00000000eb200000)
  to   space 512K, 0% used [0x00000000eb280000,0x00000000eb280000,0x00000000eb300000)
 ParOldGen       total 174592K, used 174384K [0x00000000c0000000, 0x00000000caa80000, 0x00000000eab00000)
  object space 174592K, 99% used [0x00000000c0000000,0x00000000caa4c040,0x00000000caa80000)
 Metaspace       used 47033K, committed 48256K, reserved 1114112K
  class space    used 4961K, committed 5504K, reserved 1048576K
}
Event: 20.475 GC heap before
{Heap before GC invocations=94 (full 2):
 PSYoungGen      total 7168K, used 6474K [0x00000000eab00000, 0x00000000eb300000, 0x0000000100000000)
  eden space 6144K, 100% used [0x00000000eab00000,0x00000000eb100000,0x00000000eb100000)
  from space 1024K, 32% used [0x00000000eb100000,0x00000000eb1528f8,0x00000000eb200000)
  to   space 512K, 0% used [0x00000000eb280000,0x00000000eb280000,0x00000000eb300000)
 ParOldGen       total 174592K, used 174384K [0x00000000c0000000, 0x00000000caa80000, 0x00000000eab00000)
  object space 174592K, 99% used [0x00000000c0000000,0x00000000caa4c040,0x00000000caa80000)
 Metaspace       used 47033K, committed 48256K, reserved 1114112K
  class space    used 4961K, committed 5504K, reserved 1048576K
}
Event: 20.477 GC heap after
{Heap after GC invocations=94 (full 2):
 PSYoungGen      total 6656K, used 512K [0x00000000eab00000, 0x00000000eb300000, 0x0000000100000000)
  eden space 6144K, 0% used [0x00000000eab00000,0x00000000eab00000,0x00000000eb100000)
  from space 512K, 100% used [0x00000000eb280000,0x00000000eb300000,0x00000000eb300000)
  to   space 1024K, 0% used [0x00000000eb100000,0x00000000eb100000,0x00000000eb200000)
 ParOldGen       total 175104K, used 174647K [0x00000000c0000000, 0x00000000cab00000, 0x00000000eab00000)
  object space 175104K, 99% used [0x00000000c0000000,0x00000000caa8de88,0x00000000cab00000)
 Metaspace       used 47033K, committed 48256K, reserved 1114112K
  class space    used 4961K, committed 5504K, reserved 1048576K
}
Event: 20.499 GC heap before
{Heap before GC invocations=95 (full 2):
 PSYoungGen      total 6656K, used 6600K [0x00000000eab00000, 0x00000000eb300000, 0x0000000100000000)
  eden space 6144K, 99% used [0x00000000eab00000,0x00000000eb0f2248,0x00000000eb100000)
  from space 512K, 100% used [0x00000000eb280000,0x00000000eb300000,0x00000000eb300000)
  to   space 1024K, 0% used [0x00000000eb100000,0x00000000eb100000,0x00000000eb200000)
 ParOldGen       total 175104K, used 174647K [0x00000000c0000000, 0x00000000cab00000, 0x00000000eab00000)
  object space 175104K, 99% used [0x00000000c0000000,0x00000000caa8de88,0x00000000cab00000)
 Metaspace       used 47034K, committed 48256K, reserved 1114112K
  class space    used 4961K, committed 5504K, reserved 1048576K
}
Event: 20.501 GC heap after
{Heap after GC invocations=95 (full 2):
 PSYoungGen      total 7168K, used 569K [0x00000000eab00000, 0x00000000eb300000, 0x0000000100000000)
  eden space 6144K, 0% used [0x00000000eab00000,0x00000000eab00000,0x00000000eb100000)
  from space 1024K, 55% used [0x00000000eb100000,0x00000000eb18e4f8,0x00000000eb200000)
  to   space 1024K, 0% used [0x00000000eb200000,0x00000000eb200000,0x00000000eb300000)
 ParOldGen       total 175104K, used 175053K [0x00000000c0000000, 0x00000000cab00000, 0x00000000eab00000)
  object space 175104K, 99% used [0x00000000c0000000,0x00000000caaf3490,0x00000000cab00000)
 Metaspace       used 47034K, committed 48256K, reserved 1114112K
  class space    used 4961K, committed 5504K, reserved 1048576K
}
Event: 20.524 GC heap before
{Heap before GC invocations=96 (full 2):
 PSYoungGen      total 7168K, used 6713K [0x00000000eab00000, 0x00000000eb300000, 0x0000000100000000)
  eden space 6144K, 100% used [0x00000000eab00000,0x00000000eb100000,0x00000000eb100000)
  from space 1024K, 55% used [0x00000000eb100000,0x00000000eb18e4f8,0x00000000eb200000)
  to   space 1024K, 0% used [0x00000000eb200000,0x00000000eb200000,0x00000000eb300000)
 ParOldGen       total 175104K, used 175053K [0x00000000c0000000, 0x00000000cab00000, 0x00000000eab00000)
  object space 175104K, 99% used [0x00000000c0000000,0x00000000caaf3490,0x00000000cab00000)
 Metaspace       used 47112K, committed 48320K, reserved 1114112K
  class space    used 4976K, committed 5504K, reserved 1048576K
}
Event: 20.526 GC heap after
{Heap after GC invocations=96 (full 2):
 PSYoungGen      total 6656K, used 379K [0x00000000eab00000, 0x00000000eb280000, 0x0000000100000000)
  eden space 6144K, 0% used [0x00000000eab00000,0x00000000eab00000,0x00000000eb100000)
  from space 512K, 74% used [0x00000000eb200000,0x00000000eb25ec08,0x00000000eb280000)
  to   space 512K, 0% used [0x00000000eb180000,0x00000000eb180000,0x00000000eb200000)
 ParOldGen       total 175616K, used 175365K [0x00000000c0000000, 0x00000000cab80000, 0x00000000eab00000)
  object space 175616K, 99% used [0x00000000c0000000,0x00000000cab41490,0x00000000cab80000)
 Metaspace       used 47112K, committed 48320K, reserved 1114112K
  class space    used 4976K, committed 5504K, reserved 1048576K
}
Event: 20.553 GC heap before
{Heap before GC invocations=97 (full 2):
 PSYoungGen      total 6656K, used 6523K [0x00000000eab00000, 0x00000000eb280000, 0x0000000100000000)
  eden space 6144K, 100% used [0x00000000eab00000,0x00000000eb100000,0x00000000eb100000)
  from space 512K, 74% used [0x00000000eb200000,0x00000000eb25ec08,0x00000000eb280000)
  to   space 512K, 0% used [0x00000000eb180000,0x00000000eb180000,0x00000000eb200000)
 ParOldGen       total 175616K, used 175365K [0x00000000c0000000, 0x00000000cab80000, 0x00000000eab00000)
  object space 175616K, 99% used [0x00000000c0000000,0x00000000cab41490,0x00000000cab80000)
 Metaspace       used 47191K, committed 48448K, reserved 1114112K
  class space    used 4986K, committed 5504K, reserved 1048576K
}
Event: 20.556 GC heap after
{Heap after GC invocations=97 (full 2):
 PSYoungGen      total 6656K, used 505K [0x00000000eab00000, 0x00000000eb300000, 0x0000000100000000)
  eden space 6144K, 0% used [0x00000000eab00000,0x00000000eab00000,0x00000000eb100000)
  from space 512K, 98% used [0x00000000eb180000,0x00000000eb1fe470,0x00000000eb200000)
  to   space 1024K, 0% used [0x00000000eb200000,0x00000000eb200000,0x00000000eb300000)
 ParOldGen       total 176128K, used 175640K [0x00000000c0000000, 0x00000000cac00000, 0x00000000eab00000)
  object space 176128K, 99% used [0x00000000c0000000,0x00000000cab86098,0x00000000cac00000)
 Metaspace       used 47191K, committed 48448K, reserved 1114112K
  class space    used 4986K, committed 5504K, reserved 1048576K
}

Dll operation events (10 events):
Event: 0.016 Loaded shared library c:\Users\Raju Shrirame\.vscode\extensions\redhat.java-1.41.1-win32-x64\jre\21.0.6-win32-x86_64\bin\java.dll
Event: 0.110 Loaded shared library c:\Users\Raju Shrirame\.vscode\extensions\redhat.java-1.41.1-win32-x64\jre\21.0.6-win32-x86_64\bin\zip.dll
Event: 0.142 Loaded shared library C:\Users\Raju Shrirame\.vscode\extensions\redhat.java-1.41.1-win32-x64\jre\21.0.6-win32-x86_64\bin\instrument.dll
Event: 0.150 Loaded shared library C:\Users\Raju Shrirame\.vscode\extensions\redhat.java-1.41.1-win32-x64\jre\21.0.6-win32-x86_64\bin\net.dll
Event: 0.154 Loaded shared library C:\Users\Raju Shrirame\.vscode\extensions\redhat.java-1.41.1-win32-x64\jre\21.0.6-win32-x86_64\bin\nio.dll
Event: 0.160 Loaded shared library C:\Users\Raju Shrirame\.vscode\extensions\redhat.java-1.41.1-win32-x64\jre\21.0.6-win32-x86_64\bin\zip.dll
Event: 0.186 Loaded shared library C:\Users\Raju Shrirame\.vscode\extensions\redhat.java-1.41.1-win32-x64\jre\21.0.6-win32-x86_64\bin\jimage.dll
Event: 0.342 Loaded shared library c:\Users\Raju Shrirame\.vscode\extensions\redhat.java-1.41.1-win32-x64\jre\21.0.6-win32-x86_64\bin\verify.dll
Event: 1.639 Loaded shared library C:\Users\Raju Shrirame\AppData\Roaming\Code\User\globalStorage\redhat.java\1.41.1\config_win\org.eclipse.equinox.launcher\org.eclipse.equinox.launcher.win32.win32.x86_64_1.2.1300.v20250331-1702\eclipse_11911.dll
Event: 3.672 Loaded shared library C:\Users\Raju Shrirame\AppData\Local\Temp\jna-422009593\jna14583824954592124411.dll

Deoptimization events (20 events):
Event: 20.150 Thread 0x000001eefb3843c0 DEOPT PACKING pc=0x000001ee87f2282c sp=0x00000078ac2fe9c0
Event: 20.150 Thread 0x000001eefb3843c0 DEOPT UNPACKING pc=0x000001ee87583aa2 sp=0x00000078ac2fea08 mode 2
Event: 20.171 Thread 0x000001eefb3843c0 Uncommon trap: trap_request=0xffffffbe fr.pc=0x000001ee87f264b8 relative=0x0000000000000438
Event: 20.171 Thread 0x000001eefb3843c0 Uncommon trap: reason=profile_predicate action=maybe_recompile pc=0x000001ee87f264b8 method=org.eclipse.jdt.internal.compiler.util.SimpleLookupTable.get(Ljava/lang/Object;)Ljava/lang/Object; @ 54 c2
Event: 20.171 Thread 0x000001eefb3843c0 DEOPT PACKING pc=0x000001ee87f264b8 sp=0x00000078ac2fec60
Event: 20.171 Thread 0x000001eefb3843c0 DEOPT UNPACKING pc=0x000001ee87583aa2 sp=0x00000078ac2febf8 mode 2
Event: 20.177 Thread 0x000001eefb3843c0 Uncommon trap: trap_request=0xffffffbe fr.pc=0x000001ee87f264b8 relative=0x0000000000000438
Event: 20.177 Thread 0x000001eefb3843c0 Uncommon trap: reason=profile_predicate action=maybe_recompile pc=0x000001ee87f264b8 method=org.eclipse.jdt.internal.compiler.util.SimpleLookupTable.get(Ljava/lang/Object;)Ljava/lang/Object; @ 54 c2
Event: 20.177 Thread 0x000001eefb3843c0 DEOPT PACKING pc=0x000001ee87f264b8 sp=0x00000078ac2feb70
Event: 20.177 Thread 0x000001eefb3843c0 DEOPT UNPACKING pc=0x000001ee87583aa2 sp=0x00000078ac2feb08 mode 2
Event: 20.262 Thread 0x000001eefb3843c0 Uncommon trap: trap_request=0xffffff6e fr.pc=0x000001ee87f2b528 relative=0x00000000000007c8
Event: 20.262 Thread 0x000001eefb3843c0 Uncommon trap: reason=loop_limit_check action=maybe_recompile pc=0x000001ee87f2b528 method=org.eclipse.jdt.internal.compiler.util.SimpleLookupTable.rehash()V @ 50 c2
Event: 20.262 Thread 0x000001eefb3843c0 DEOPT PACKING pc=0x000001ee87f2b528 sp=0x00000078ac2fec50
Event: 20.262 Thread 0x000001eefb3843c0 DEOPT UNPACKING pc=0x000001ee87583aa2 sp=0x00000078ac2fec00 mode 2
Event: 20.292 Thread 0x000001eefb3843c0 DEOPT PACKING pc=0x000001ee80d2b57e sp=0x00000078ac2feaf0
Event: 20.292 Thread 0x000001eefb3843c0 DEOPT UNPACKING pc=0x000001ee87584242 sp=0x00000078ac2fdfe8 mode 0
Event: 20.483 Thread 0x000001eefb3843c0 Uncommon trap: trap_request=0xffffff45 fr.pc=0x000001ee87ed8a34 relative=0x0000000000002454
Event: 20.483 Thread 0x000001eefb3843c0 Uncommon trap: reason=unstable_if action=reinterpret pc=0x000001ee87ed8a34 method=org.eclipse.jdt.internal.compiler.parser.Scanner.internalScanIdentifierOrKeyword(II[C)Lorg/eclipse/jdt/internal/compiler/parser/TerminalToken; @ 3 c2
Event: 20.483 Thread 0x000001eefb3843c0 DEOPT PACKING pc=0x000001ee87ed8a34 sp=0x00000078ac2fec60
Event: 20.483 Thread 0x000001eefb3843c0 DEOPT UNPACKING pc=0x000001ee87583aa2 sp=0x00000078ac2febf8 mode 2

Classes loaded (20 events):
Event: 10.986 Loading class sun/nio/ch/WindowsAsynchronousFileChannelImpl$WriteTask
Event: 10.986 Loading class sun/nio/ch/WindowsAsynchronousFileChannelImpl$WriteTask done
Event: 11.124 Loading class java/util/regex/Pattern$Pos
Event: 11.125 Loading class java/util/regex/Pattern$Pos done
Event: 11.205 Loading class sun/security/provider/MD5
Event: 11.205 Loading class sun/security/provider/MD5 done
Event: 11.206 Loading class sun/security/provider/ByteArrayAccess$LE
Event: 11.206 Loading class sun/security/provider/ByteArrayAccess$LE done
Event: 11.219 Loading class java/util/stream/MatchOps$MatchKind
Event: 11.220 Loading class java/util/stream/MatchOps$MatchKind done
Event: 11.220 Loading class java/util/stream/MatchOps
Event: 11.221 Loading class java/util/stream/MatchOps done
Event: 11.221 Loading class java/util/stream/MatchOps$MatchOp
Event: 11.221 Loading class java/util/stream/MatchOps$MatchOp done
Event: 11.221 Loading class java/util/stream/MatchOps$BooleanTerminalSink
Event: 11.222 Loading class java/util/stream/MatchOps$BooleanTerminalSink done
Event: 11.223 Loading class java/util/stream/MatchOps$1MatchSink
Event: 11.223 Loading class java/util/stream/MatchOps$1MatchSink done
Event: 20.528 Loading class jdk/internal/math/FormattedFPDecimal
Event: 20.528 Loading class jdk/internal/math/FormattedFPDecimal done

Classes unloaded (7 events):
Event: 4.829 Thread 0x000001eeef1beb90 Unloading class 0x000001ee90199400 'java/lang/invoke/LambdaForm$MH+0x000001ee90199400'
Event: 4.829 Thread 0x000001eeef1beb90 Unloading class 0x000001ee90199000 'java/lang/invoke/LambdaForm$MH+0x000001ee90199000'
Event: 4.829 Thread 0x000001eeef1beb90 Unloading class 0x000001ee90198c00 'java/lang/invoke/LambdaForm$MH+0x000001ee90198c00'
Event: 4.829 Thread 0x000001eeef1beb90 Unloading class 0x000001ee90198800 'java/lang/invoke/LambdaForm$MH+0x000001ee90198800'
Event: 4.829 Thread 0x000001eeef1beb90 Unloading class 0x000001ee90198400 'java/lang/invoke/LambdaForm$BMH+0x000001ee90198400'
Event: 4.829 Thread 0x000001eeef1beb90 Unloading class 0x000001ee90198000 'java/lang/invoke/LambdaForm$DMH+0x000001ee90198000'
Event: 4.829 Thread 0x000001eeef1beb90 Unloading class 0x000001ee90196c00 'java/lang/invoke/LambdaForm$DMH+0x000001ee90196c00'

Classes redefined (0 events):
No events

Internal exceptions (20 events):
Event: 9.625 Thread 0x000001eefb383d30 Exception <a 'java/lang/ExceptionInInitializerError'{0x00000000eaf6b098}> (0x00000000eaf6b098) 
thrown [s\src\hotspot\share\oops\instanceKlass.cpp, line 1220]
Event: 9.708 Thread 0x000001eefb383d30 Implicit null exception at 0x000001ee87c100fe to 0x000001ee87c10370
Event: 9.708 Thread 0x000001eefb383d30 Implicit null exception at 0x000001ee87b7a79c to 0x000001ee87b7b678
Event: 9.715 Thread 0x000001eefb383d30 Exception <a 'java/lang/NoSuchMethodError'{0x00000000eb32e610}: 'java.lang.Object java.lang.invoke.Invokers$Holder.invokeExact_MT(java.lang.Object, int, java.lang.Object)'> (0x00000000eb32e610) 
thrown [s\src\hotspot\share\interpreter\linkResolver.cpp, line 773]
Event: 10.499 Thread 0x000001eefb383d30 Exception <a 'java/lang/NoClassDefFoundError'{0x00000000eb1682b8}: com/google/inject/servlet/ServletModuleTargetVisitor> (0x00000000eb1682b8) 
thrown [s\src\hotspot\share\classfile\systemDictionary.cpp, line 301]
Event: 11.024 Thread 0x000001eefd3a1600 Exception <a 'java/lang/IncompatibleClassChangeError'{0x00000000eb0d8ab0}: Found class java.lang.Object, but interface was expected> (0x00000000eb0d8ab0) 
thrown [s\src\hotspot\share\interpreter\linkResolver.cpp, line 840]
Event: 13.951 Thread 0x000001eefb3843c0 Implicit null exception at 0x000001ee87e27f70 to 0x000001ee87e2cee0
Event: 17.915 Thread 0x000001eefb3843c0 Implicit null exception at 0x000001ee87d3af5a to 0x000001ee87d3b058
Event: 17.915 Thread 0x000001eefb3843c0 Implicit null exception at 0x000001ee87e9d351 to 0x000001ee87e9f4c8
Event: 17.915 Thread 0x000001eefb3843c0 Implicit null exception at 0x000001ee87e55942 to 0x000001ee87e57e48
Event: 20.039 Thread 0x000001eefb3843c0 Exception <a 'sun/nio/fs/WindowsException'{0x00000000eaffb668}> (0x00000000eaffb668) 
thrown [s\src\hotspot\share\prims\jni.cpp, line 520]
Event: 20.051 Thread 0x000001eefb3843c0 Implicit null exception at 0x000001ee87e0c38c to 0x000001ee87e0ce74
Event: 20.116 Thread 0x000001eefb3843c0 Exception <a 'sun/nio/fs/WindowsException'{0x00000000eafee630}> (0x00000000eafee630) 
thrown [s\src\hotspot\share\prims\jni.cpp, line 520]
Event: 20.169 Thread 0x000001eefb3843c0 Exception <a 'sun/nio/fs/WindowsException'{0x00000000eab78400}> (0x00000000eab78400) 
thrown [s\src\hotspot\share\prims\jni.cpp, line 520]
Event: 20.246 Thread 0x000001eefb3843c0 Exception <a 'sun/nio/fs/WindowsException'{0x00000000eac1ee58}> (0x00000000eac1ee58) 
thrown [s\src\hotspot\share\prims\jni.cpp, line 520]
Event: 20.352 Thread 0x000001eefb3843c0 Exception <a 'sun/nio/fs/WindowsException'{0x00000000eaf19d18}> (0x00000000eaf19d18) 
thrown [s\src\hotspot\share\prims\jni.cpp, line 520]
Event: 20.434 Thread 0x000001eefb3843c0 Exception <a 'sun/nio/fs/WindowsException'{0x00000000eb0c99c0}> (0x00000000eb0c99c0) 
thrown [s\src\hotspot\share\prims\jni.cpp, line 520]
Event: 20.521 Thread 0x000001eefb37fb90 Exception <a 'java/lang/NoSuchMethodError'{0x00000000eafdcb80}: 'int java.lang.invoke.DirectMethodHandle$Holder.invokeSpecialIFC(java.lang.Object, java.lang.Object, java.lang.Object, java.lang.Object)'> (0x00000000eafdcb80) 
thrown [s\src\hotspot\share\interpreter\linkResolver.cpp, line 773]
Event: 20.572 Thread 0x000001eefb37fb90 Exception <a 'java/io/FileNotFoundException'{0x00000000eadea388}> (0x00000000eadea388) 
thrown [s\src\hotspot\share\prims\jni.cpp, line 520]
Event: 20.573 Thread 0x000001eefb37fb90 Exception <a 'java/io/FileNotFoundException'{0x00000000eadeb3c0}> (0x00000000eadeb3c0) 
thrown [s\src\hotspot\share\prims\jni.cpp, line 520]

ZGC Phase Switch (0 events):
No events

VM Operations (20 events):
Event: 20.198 Executing VM operation: ParallelGCFailedAllocation (Allocation Failure)
Event: 20.200 Executing VM operation: ParallelGCFailedAllocation (Allocation Failure) done
Event: 20.217 Executing VM operation: ParallelGCFailedAllocation (Allocation Failure)
Event: 20.219 Executing VM operation: ParallelGCFailedAllocation (Allocation Failure) done
Event: 20.275 Executing VM operation: ParallelGCFailedAllocation (Allocation Failure)
Event: 20.277 Executing VM operation: ParallelGCFailedAllocation (Allocation Failure) done
Event: 20.376 Executing VM operation: ParallelGCFailedAllocation (Allocation Failure)
Event: 20.379 Executing VM operation: ParallelGCFailedAllocation (Allocation Failure) done
Event: 20.449 Executing VM operation: ParallelGCFailedAllocation (Allocation Failure)
Event: 20.450 Executing VM operation: ParallelGCFailedAllocation (Allocation Failure) done
Event: 20.475 Executing VM operation: ParallelGCFailedAllocation (Allocation Failure)
Event: 20.477 Executing VM operation: ParallelGCFailedAllocation (Allocation Failure) done
Event: 20.499 Executing VM operation: ParallelGCFailedAllocation (Allocation Failure)
Event: 20.501 Executing VM operation: ParallelGCFailedAllocation (Allocation Failure) done
Event: 20.524 Executing VM operation: ParallelGCFailedAllocation (Allocation Failure)
Event: 20.526 Executing VM operation: ParallelGCFailedAllocation (Allocation Failure) done
Event: 20.540 Executing VM operation: HandshakeAllThreads (Deoptimize)
Event: 20.540 Executing VM operation: HandshakeAllThreads (Deoptimize) done
Event: 20.553 Executing VM operation: ParallelGCFailedAllocation (Allocation Failure)
Event: 20.556 Executing VM operation: ParallelGCFailedAllocation (Allocation Failure) done

Memory protections (0 events):
No events

Nmethod flushes (20 events):
Event: 7.428 Thread 0x000001eeef1beb90 flushing  nmethod 0x000001ee8066ae90
Event: 7.428 Thread 0x000001eeef1beb90 flushing  nmethod 0x000001ee8066bf90
Event: 7.428 Thread 0x000001eeef1beb90 flushing  nmethod 0x000001ee8066cc10
Event: 7.428 Thread 0x000001eeef1beb90 flushing  nmethod 0x000001ee8066d890
Event: 7.428 Thread 0x000001eeef1beb90 flushing  nmethod 0x000001ee80677710
Event: 7.428 Thread 0x000001eeef1beb90 flushing  nmethod 0x000001ee80689990
Event: 7.428 Thread 0x000001eeef1beb90 flushing  nmethod 0x000001ee80699c90
Event: 7.428 Thread 0x000001eeef1beb90 flushing  nmethod 0x000001ee8069da90
Event: 7.428 Thread 0x000001eeef1beb90 flushing  nmethod 0x000001ee806a6890
Event: 7.428 Thread 0x000001eeef1beb90 flushing  nmethod 0x000001ee806b1410
Event: 7.428 Thread 0x000001eeef1beb90 flushing  nmethod 0x000001ee806e8710
Event: 7.428 Thread 0x000001eeef1beb90 flushing  nmethod 0x000001ee8071cd10
Event: 7.428 Thread 0x000001eeef1beb90 flushing  nmethod 0x000001ee80759490
Event: 7.428 Thread 0x000001eeef1beb90 flushing  nmethod 0x000001ee8076cf10
Event: 7.428 Thread 0x000001eeef1beb90 flushing  nmethod 0x000001ee8076d390
Event: 7.428 Thread 0x000001eeef1beb90 flushing  nmethod 0x000001ee8076e690
Event: 7.428 Thread 0x000001eeef1beb90 flushing  nmethod 0x000001ee8076f490
Event: 7.428 Thread 0x000001eeef1beb90 flushing  nmethod 0x000001ee80770890
Event: 7.428 Thread 0x000001eeef1beb90 flushing  nmethod 0x000001ee80772d10
Event: 7.428 Thread 0x000001eeef1beb90 flushing  nmethod 0x000001ee8078a310

Events (20 events):
Event: 7.284 Thread 0x000001eeef0ec4c0 Thread added: 0x000001eefb380220
Event: 7.284 Thread 0x000001eeef0ec4c0 Thread added: 0x000001eefb3822f0
Event: 7.284 Thread 0x000001eeef0ec4c0 Thread added: 0x000001eefb3836a0
Event: 7.285 Thread 0x000001eeef0ec4c0 Thread added: 0x000001eefb382980
Event: 7.285 Thread 0x000001eeef0ec4c0 Thread added: 0x000001eefb384a50
Event: 7.285 Thread 0x000001eeef0ec4c0 Thread added: 0x000001eefb3850e0
Event: 7.285 Thread 0x000001eeef0ec4c0 Thread added: 0x000001eefb37e150
Event: 7.390 Thread 0x000001eeef0ec4c0 Thread added: 0x000001eefb37dac0
Event: 8.073 Thread 0x000001eeef0ec4c0 Thread added: 0x000001eefb37e7e0
Event: 8.073 Thread 0x000001eeef0ec4c0 Thread added: 0x000001eefd3a1600
Event: 8.132 Thread 0x000001eefb37fb90 Thread added: 0x000001eefd3a2320
Event: 9.937 Thread 0x000001eefa0a8b10 Thread exited: 0x000001eefa0a8b10
Event: 15.884 Thread 0x000001eefcffa210 Thread exited: 0x000001eefcffa210
Event: 16.118 Thread 0x000001eefad73550 Thread exited: 0x000001eefad73550
Event: 18.065 Thread 0x000001eef44abe90 Thread added: 0x000001eefcffa210
Event: 18.192 Thread 0x000001eef44a9730 Thread added: 0x000001eefdc2af10
Event: 18.798 Thread 0x000001eefdc2af10 Thread exited: 0x000001eefdc2af10
Event: 19.170 Thread 0x000001eefcffa210 Thread exited: 0x000001eefcffa210
Event: 19.434 Thread 0x000001eef44a9730 Thread added: 0x000001eefcffa210
Event: 20.530 Thread 0x000001eefcffa210 Thread added: 0x000001eefdc2af10


Dynamic libraries:
0x00007ff6289e0000 - 0x00007ff6289ee000 	c:\Users\Raju Shrirame\.vscode\extensions\redhat.java-1.41.1-win32-x64\jre\21.0.6-win32-x86_64\bin\java.exe
0x00007ffd79f30000 - 0x00007ffd7a125000 	C:\Windows\SYSTEM32\ntdll.dll
0x00007ffd79980000 - 0x00007ffd79a3e000 	C:\Windows\System32\KERNEL32.DLL
0x00007ffd777f0000 - 0x00007ffd77ab8000 	C:\Windows\System32\KERNELBASE.dll
0x00007ffd77640000 - 0x00007ffd77740000 	C:\Windows\System32\ucrtbase.dll
0x00007ffd343b0000 - 0x00007ffd343ce000 	c:\Users\Raju Shrirame\.vscode\extensions\redhat.java-1.41.1-win32-x64\jre\21.0.6-win32-x86_64\bin\VCRUNTIME140.dll
0x00007ffd34390000 - 0x00007ffd343a8000 	c:\Users\Raju Shrirame\.vscode\extensions\redhat.java-1.41.1-win32-x64\jre\21.0.6-win32-x86_64\bin\jli.dll
0x00007ffd79ae0000 - 0x00007ffd79c81000 	C:\Windows\System32\USER32.dll
0x00007ffd66fb0000 - 0x00007ffd6724a000 	C:\Windows\WinSxS\amd64_microsoft.windows.common-controls_6595b64144ccf1df_6.0.19041.1110_none_60b5254171f9507e\COMCTL32.dll
0x00007ffd77ea0000 - 0x00007ffd77ec2000 	C:\Windows\System32\win32u.dll
0x00007ffd79a40000 - 0x00007ffd79ade000 	C:\Windows\System32\msvcrt.dll
0x00007ffd790d0000 - 0x00007ffd790fb000 	C:\Windows\System32\GDI32.dll
0x00007ffd77d90000 - 0x00007ffd77e9d000 	C:\Windows\System32\gdi32full.dll
0x00007ffd77ed0000 - 0x00007ffd77f6d000 	C:\Windows\System32\msvcp_win.dll
0x00007ffd79d40000 - 0x00007ffd79d70000 	C:\Windows\System32\IMM32.DLL
0x00007ffd70620000 - 0x00007ffd7062c000 	c:\Users\Raju Shrirame\.vscode\extensions\redhat.java-1.41.1-win32-x64\jre\21.0.6-win32-x86_64\bin\vcruntime140_1.dll
0x00007ffd34300000 - 0x00007ffd3438d000 	c:\Users\Raju Shrirame\.vscode\extensions\redhat.java-1.41.1-win32-x64\jre\21.0.6-win32-x86_64\bin\msvcp140.dll
0x00007ffd33570000 - 0x00007ffd34300000 	c:\Users\Raju Shrirame\.vscode\extensions\redhat.java-1.41.1-win32-x64\jre\21.0.6-win32-x86_64\bin\server\jvm.dll
0x00007ffd78f60000 - 0x00007ffd7900c000 	C:\Windows\System32\ADVAPI32.dll
0x00007ffd79c90000 - 0x00007ffd79d2b000 	C:\Windows\System32\sechost.dll
0x00007ffd79850000 - 0x00007ffd7997a000 	C:\Windows\System32\RPCRT4.dll
0x00007ffd77f70000 - 0x00007ffd77fdb000 	C:\Windows\System32\WS2_32.dll
0x00007ffd774b0000 - 0x00007ffd774fb000 	C:\Windows\SYSTEM32\POWRPROF.dll
0x00007ffd6d970000 - 0x00007ffd6d997000 	C:\Windows\SYSTEM32\WINMM.dll
0x00007ffd6fb00000 - 0x00007ffd6fb0a000 	C:\Windows\SYSTEM32\VERSION.dll
0x00007ffd77490000 - 0x00007ffd774a2000 	C:\Windows\SYSTEM32\UMPDC.dll
0x00007ffd75530000 - 0x00007ffd75542000 	C:\Windows\SYSTEM32\kernel.appcore.dll
0x00007ffd6e5c0000 - 0x00007ffd6e5ca000 	c:\Users\Raju Shrirame\.vscode\extensions\redhat.java-1.41.1-win32-x64\jre\21.0.6-win32-x86_64\bin\jimage.dll
0x00007ffd731f0000 - 0x00007ffd733d4000 	C:\Windows\SYSTEM32\DBGHELP.DLL
0x00007ffd64a20000 - 0x00007ffd64a4c000 	C:\Windows\SYSTEM32\dbgcore.DLL
0x00007ffd77cb0000 - 0x00007ffd77d32000 	C:\Windows\System32\bcryptPrimitives.dll
0x00007ffd65f30000 - 0x00007ffd65f3f000 	c:\Users\Raju Shrirame\.vscode\extensions\redhat.java-1.41.1-win32-x64\jre\21.0.6-win32-x86_64\bin\instrument.dll
0x00007ffd33550000 - 0x00007ffd3356f000 	c:\Users\Raju Shrirame\.vscode\extensions\redhat.java-1.41.1-win32-x64\jre\21.0.6-win32-x86_64\bin\java.dll
0x00007ffd79100000 - 0x00007ffd79844000 	C:\Windows\System32\SHELL32.dll
0x00007ffd75730000 - 0x00007ffd75ec4000 	C:\Windows\SYSTEM32\windows.storage.dll
0x00007ffd77fe0000 - 0x00007ffd78335000 	C:\Windows\System32\combase.dll
0x00007ffd77020000 - 0x00007ffd7704e000 	C:\Windows\SYSTEM32\Wldp.dll
0x00007ffd78760000 - 0x00007ffd7880d000 	C:\Windows\System32\SHCORE.dll
0x00007ffd79e90000 - 0x00007ffd79ee5000 	C:\Windows\System32\shlwapi.dll
0x00007ffd77580000 - 0x00007ffd7759f000 	C:\Windows\SYSTEM32\profapi.dll
0x00007ffd33530000 - 0x00007ffd33548000 	c:\Users\Raju Shrirame\.vscode\extensions\redhat.java-1.41.1-win32-x64\jre\21.0.6-win32-x86_64\bin\zip.dll
0x00007ffd65e70000 - 0x00007ffd65e80000 	C:\Users\Raju Shrirame\.vscode\extensions\redhat.java-1.41.1-win32-x64\jre\21.0.6-win32-x86_64\bin\net.dll
0x00007ffd6e350000 - 0x00007ffd6e45c000 	C:\Windows\SYSTEM32\WINHTTP.dll
0x00007ffd76d20000 - 0x00007ffd76d8a000 	C:\Windows\system32\mswsock.dll
0x00007ffd33510000 - 0x00007ffd33526000 	C:\Users\Raju Shrirame\.vscode\extensions\redhat.java-1.41.1-win32-x64\jre\21.0.6-win32-x86_64\bin\nio.dll
0x00007ffd62700000 - 0x00007ffd62710000 	c:\Users\Raju Shrirame\.vscode\extensions\redhat.java-1.41.1-win32-x64\jre\21.0.6-win32-x86_64\bin\verify.dll
0x00007ffd33470000 - 0x00007ffd334b5000 	C:\Users\Raju Shrirame\AppData\Roaming\Code\User\globalStorage\redhat.java\1.41.1\config_win\org.eclipse.equinox.launcher\org.eclipse.equinox.launcher.win32.win32.x86_64_1.2.1300.v20250331-1702\eclipse_11911.dll
0x00007ffd788f0000 - 0x00007ffd78a1a000 	C:\Windows\System32\ole32.dll
0x00007ffd76f20000 - 0x00007ffd76f38000 	C:\Windows\SYSTEM32\CRYPTSP.dll
0x00007ffd766a0000 - 0x00007ffd766d4000 	C:\Windows\system32\rsaenh.dll
0x00007ffd77c20000 - 0x00007ffd77c47000 	C:\Windows\System32\bcrypt.dll
0x00007ffd77500000 - 0x00007ffd7752e000 	C:\Windows\SYSTEM32\USERENV.dll
0x00007ffd76f10000 - 0x00007ffd76f1c000 	C:\Windows\SYSTEM32\CRYPTBASE.dll
0x00007ffd76a10000 - 0x00007ffd76a4b000 	C:\Windows\SYSTEM32\IPHLPAPI.DLL
0x00007ffd79d30000 - 0x00007ffd79d38000 	C:\Windows\System32\NSI.dll
0x00007ffd31d40000 - 0x00007ffd31d89000 	C:\Users\Raju Shrirame\AppData\Local\Temp\jna-422009593\jna14583824954592124411.dll
0x00007ffd79d70000 - 0x00007ffd79d78000 	C:\Windows\System32\PSAPI.DLL
0x00007ffd71670000 - 0x00007ffd71687000 	C:\Windows\SYSTEM32\dhcpcsvc6.DLL
0x00007ffd71650000 - 0x00007ffd7166d000 	C:\Windows\SYSTEM32\dhcpcsvc.DLL

dbghelp: loaded successfully - version: 4.0.5 - missing functions: none
symbol engine: initialized successfully - sym options: 0x614 - pdb path: .;c:\Users\Raju Shrirame\.vscode\extensions\redhat.java-1.41.1-win32-x64\jre\21.0.6-win32-x86_64\bin;C:\Windows\SYSTEM32;C:\Windows\WinSxS\amd64_microsoft.windows.common-controls_6595b64144ccf1df_6.0.19041.1110_none_60b5254171f9507e;c:\Users\Raju Shrirame\.vscode\extensions\redhat.java-1.41.1-win32-x64\jre\21.0.6-win32-x86_64\bin\server;C:\Users\Raju Shrirame\AppData\Roaming\Code\User\globalStorage\redhat.java\1.41.1\config_win\org.eclipse.equinox.launcher\org.eclipse.equinox.launcher.win32.win32.x86_64_1.2.1300.v20250331-1702;C:\Users\Raju Shrirame\AppData\Local\Temp\jna-422009593

VM Arguments:
jvm_args: --add-modules=ALL-SYSTEM --add-opens=java.base/java.util=ALL-UNNAMED --add-opens=java.base/java.lang=ALL-UNNAMED --add-opens=java.base/sun.nio.fs=ALL-UNNAMED -Declipse.application=org.eclipse.jdt.ls.core.id1 -Dosgi.bundles.defaultStartLevel=4 -Declipse.product=org.eclipse.jdt.ls.core.product -Djava.import.generatesMetadataFilesAtProjectRoot=false -DDetectVMInstallationsJob.disabled=true -Dfile.encoding=utf8 -XX:+UseParallelGC -XX:GCTimeRatio=4 -XX:AdaptiveSizePolicyWeight=90 -Dsun.zip.disableMemoryMapping=true -Xmx1G -Xms100m -Xlog:disable -javaagent:c:\Users\Raju Shrirame\.vscode\extensions\redhat.java-1.41.1-win32-x64\lombok\lombok-1.18.36.jar -XX:+HeapDumpOnOutOfMemoryError -XX:HeapDumpPath=c:\Users\Raju Shrirame\AppData\Roaming\Code\User\workspaceStorage\bf5354fa548733c8218dcee6b927070a\redhat.java -Daether.dependencyCollector.impl=bf 
java_command: c:\Users\Raju Shrirame\.vscode\extensions\redhat.java-1.41.1-win32-x64\server\plugins\org.eclipse.equinox.launcher_1.7.0.v20250331-1702.jar -configuration c:\Users\Raju Shrirame\AppData\Roaming\Code\User\globalStorage\redhat.java\1.41.1\config_win -data c:\Users\Raju Shrirame\AppData\Roaming\Code\User\workspaceStorage\bf5354fa548733c8218dcee6b927070a\redhat.java\jdt_ws --pipe=\\.\pipe\lsp-70cfa46621a9d265c15848fdf37f5f92-sock
java_class_path (initial): c:\Users\Raju Shrirame\.vscode\extensions\redhat.java-1.41.1-win32-x64\server\plugins\org.eclipse.equinox.launcher_1.7.0.v20250331-1702.jar
Launcher Type: SUN_STANDARD

[Global flags]
    uintx AdaptiveSizePolicyWeight                 = 90                                        {product} {command line}
     intx CICompilerCount                          = 4                                         {product} {ergonomic}
    uintx GCTimeRatio                              = 4                                         {product} {command line}
     bool HeapDumpOnOutOfMemoryError               = true                                   {manageable} {command line}
    ccstr HeapDumpPath                             = c:\Users\Raju Shrirame\AppData\Roaming\Code\User\workspaceStorage\bf5354fa548733c8218dcee6b927070a\redhat.java         {manageable} {command line}
   size_t InitialHeapSize                          = 104857600                                 {product} {command line}
   size_t MaxHeapSize                              = 1073741824                                {product} {command line}
   size_t MaxNewSize                               = 357564416                                 {product} {ergonomic}
   size_t MinHeapDeltaBytes                        = 524288                                    {product} {ergonomic}
   size_t MinHeapSize                              = 104857600                                 {product} {command line}
   size_t NewSize                                  = 34603008                                  {product} {ergonomic}
    uintx NonNMethodCodeHeapSize                   = 5839372                                {pd product} {ergonomic}
    uintx NonProfiledCodeHeapSize                  = 122909434                              {pd product} {ergonomic}
   size_t OldSize                                  = 70254592                                  {product} {ergonomic}
    uintx ProfiledCodeHeapSize                     = 122909434                              {pd product} {ergonomic}
    uintx ReservedCodeCacheSize                    = 251658240                              {pd product} {ergonomic}
     bool SegmentedCodeCache                       = true                                      {product} {ergonomic}
   size_t SoftMaxHeapSize                          = 1073741824                             {manageable} {ergonomic}
     bool UseCompressedOops                        = true                           {product lp64_product} {ergonomic}
     bool UseLargePagesIndividualAllocation        = false                                  {pd product} {ergonomic}
     bool UseParallelGC                            = true                                      {product} {command line}

Logging:
Log output configuration:
 #0: stdout all=off uptime,level,tags foldmultilines=false
 #1: stderr all=off uptime,level,tags foldmultilines=false

Environment Variables:
JAVA_HOME=C:\Program Files\Amazon Corretto\jdk17.0.13_11
PATH=C:\Program Files\Amazon Corretto\jdk17.0.13_11\bin;C:\Python312\Scripts\;C:\Python312\;C:\Program Files\Amazon Corretto\jdk11.0.23_9\bin;C:\ProgramData\Oracle\Java\javapath;C:\Windows\system32;C:\Windows;C:\Windows\System32\Wbem;C:\Windows\System32\WindowsPowerShell\v1.0\;C:\Windows\System32\OpenSSH\;C:\Windows\IsmFiles;C:\Program Files\dotnet\;C:\MinGW\bin;C:\ProgramData\chocolatey\bin;C:\ProgramData\chocolatey\lib\maven\apache-maven-3.9.8\bin;C:\Program Files\Amazon\AWSCLIV2\;C:\Program Files\Microsoft VS Code\bin;C:\Program Files\nodejs\;C:\Program Files\Git\cmd;C:\Program Files\Git\mingw64\bin;C:\Program Files\Git\usr\bin;C:\Program Files\Vagrant\bin;C:\Users\Raju Shrirame\AppData\Local\Microsoft\WindowsApps;C:\MinGW\bin;C:\Users\Raju Shrirame\AppData\Local\Programs\Microsoft VS Code\bin;C:\Users\Raju Shrirame\AppData\Local\spicetify;C:\Program Files\Oracle\VirtualBox;C:\Users\Raju Shrirame\AppData\Roaming\npm;D:\mongoDB shell\
USERNAME=Raju Shrirame
OS=Windows_NT
PROCESSOR_IDENTIFIER=AMD64 Family 23 Model 24 Stepping 1, AuthenticAMD
TMP=C:\Users\RAJUSH~1\AppData\Local\Temp
TEMP=C:\Users\RAJUSH~1\AppData\Local\Temp




Periodic native trim disabled

---------------  S Y S T E M  ---------------

OS:
 Windows 10 , 64 bit Build 19041 (10.0.19041.1348)
OS uptime: 0 days 0:04 hours

CPU: total 8 (initial active 8) (8 cores per cpu, 2 threads per core) family 23 model 24 stepping 1 microcode 0x0, cx8, cmov, fxsr, ht, mmx, 3dnowpref, sse, sse2, sse3, ssse3, sse4a, sse4.1, sse4.2, popcnt, lzcnt, tsc, tscinvbit, avx, avx2, aes, clmul, bmi1, bmi2, adx, sha, fma, vzeroupper, clflush, clflushopt, rdtscp, f16c
Processor Information for the first 8 processors :
  Max Mhz: 2100, Current Mhz: 2100, Mhz Limit: 2100

Memory: 4k page, system-wide physical 6091M (1201M free)
TotalPageFile size 6091M (AvailPageFile size 3M)
current process WorkingSet (physical memory assigned to process): 354M, peak: 354M
current process commit charge ("private bytes"): 393M, peak: 395M

vm_info: OpenJDK 64-Bit Server VM (21.0.6+7-LTS) for windows-amd64 JRE (21.0.6+7-LTS), built on 2025-01-21T00:00:00Z by "admin" with MS VC++ 17.7 (VS2022)

END.
