#
# There is insufficient memory for the Java Runtime Environment to continue.
# Native memory allocation (mmap) failed to map 65536 bytes. Error detail: Failed to commit metaspace.
# Possible reasons:
#   The system is out of physical RAM or swap space
#   This process is running with CompressedOops enabled, and the Java Heap may be blocking the growth of the native heap
# Possible solutions:
#   Reduce memory load on the system
#   Increase physical memory or swap space
#   Check if swap backing store is full
#   Decrease Java heap size (-Xmx/-Xms)
#   Decrease number of Java threads
#   Decrease Java thread stack sizes (-Xss)
#   Set larger code cache with -XX:ReservedCodeCacheSize=
#   JVM is running with Unscaled Compressed Oops mode in which the Java heap is
#     placed in the first 4GB address space. The Java Heap base address is the
#     maximum limit for the native heap growth. Please use -XX:HeapBaseMinAddress
#     to set the Java Heap base and to place the Java Heap above 4GB virtual address.
# This output file may be truncated or incomplete.
#
#  Out of Memory Error (virtualSpaceNode.cpp:113), pid=9744, tid=728
#
# JRE version: OpenJDK Runtime Environment Temurin-21.0.6+7 (21.0.6+7) (build 21.0.6+7-LTS)
# Java VM: OpenJDK 64-Bit Server VM Temurin-21.0.6+7 (21.0.6+7-LTS, mixed mode, sharing, tiered, compressed oops, compressed class ptrs, parallel gc, windows-amd64)
# No core dump will be written. Minidumps are not enabled by default on client versions of Windows
#

---------------  S U M M A R Y ------------

Command Line: --add-modules=ALL-SYSTEM --add-opens=java.base/java.util=ALL-UNNAMED --add-opens=java.base/java.lang=ALL-UNNAMED --add-opens=java.base/sun.nio.fs=ALL-UNNAMED -Declipse.application=org.eclipse.jdt.ls.core.id1 -Dosgi.bundles.defaultStartLevel=4 -Declipse.product=org.eclipse.jdt.ls.core.product -Djava.import.generatesMetadataFilesAtProjectRoot=false -DDetectVMInstallationsJob.disabled=true -Dfile.encoding=utf8 -XX:+UseParallelGC -XX:GCTimeRatio=4 -XX:AdaptiveSizePolicyWeight=90 -Dsun.zip.disableMemoryMapping=true -Xmx1G -Xms100m -Xlog:disable -javaagent:c:\Users\Raju Shrirame\.vscode\extensions\redhat.java-1.41.1-win32-x64\lombok\lombok-1.18.36.jar -XX:+HeapDumpOnOutOfMemoryError -XX:HeapDumpPath=c:\Users\Raju Shrirame\AppData\Roaming\Code\User\workspaceStorage\bf5354fa548733c8218dcee6b927070a\redhat.java -Daether.dependencyCollector.impl=bf c:\Users\Raju Shrirame\.vscode\extensions\redhat.java-1.41.1-win32-x64\server\plugins\org.eclipse.equinox.launcher_1.7.0.v20250331-1702.jar -configuration c:\Users\Raju Shrirame\AppData\Roaming\Code\User\globalStorage\redhat.java\1.41.1\config_win -data c:\Users\Raju Shrirame\AppData\Roaming\Code\User\workspaceStorage\bf5354fa548733c8218dcee6b927070a\redhat.java\jdt_ws --pipe=\\.\pipe\lsp-d77b42f43946271baba985493629a5ba-sock

Host: AMD Ryzen 5 3500U with Radeon Vega Mobile Gfx  , 8 cores, 5G,  Windows 10 , 64 bit Build 19041 (10.0.19041.1348)
Time: Thu Apr 17 20:40:40 2025 India Standard Time elapsed time: 1.861201 seconds (0d 0h 0m 1s)

---------------  T H R E A D  ---------------

Current thread (0x000001aeef4115c0):  JavaThread "Start Level: Equinox Container: 4394890d-37ca-4d97-b775-e0716790b792" daemon [_thread_in_vm, id=728, stack(0x000000905d100000,0x000000905d200000) (1024K)]

Stack: [0x000000905d100000,0x000000905d200000]
Native frames: (J=compiled Java code, j=interpreted, Vv=VM code, C=native code)
V  [jvm.dll+0x6cdee9]
V  [jvm.dll+0x8a83d1]
V  [jvm.dll+0x8aa8fe]
V  [jvm.dll+0x8aafe3]
V  [jvm.dll+0x27f706]
V  [jvm.dll+0x8a411e]
V  [jvm.dll+0x670385]
V  [jvm.dll+0x1e472c]
V  [jvm.dll+0x1e44fe]
V  [jvm.dll+0x672c82]
V  [jvm.dll+0x672aa2]
V  [jvm.dll+0x670d5e]
V  [jvm.dll+0x67b007]
V  [jvm.dll+0x21561d]
V  [jvm.dll+0x215b9a]
V  [jvm.dll+0x2165c5]
V  [jvm.dll+0x20bb8e]
V  [jvm.dll+0x5ae3ec]
V  [jvm.dll+0x821736]
V  [jvm.dll+0x471736]
V  [jvm.dll+0x477608]
C  [java.dll+0x17ec]

Java frames: (J=compiled Java code, j=interpreted, Vv=VM code)
J 1033  java.lang.ClassLoader.defineClass1(Ljava/lang/ClassLoader;Ljava/lang/String;[BIILjava/security/ProtectionDomain;Ljava/lang/String;)Ljava/lang/Class; java.base@21.0.6 (0 bytes) @ 0x000001ae9e586891 [0x000001ae9e5867c0+0x00000000000000d1]
j  java.lang.ClassLoader.defineClass(Ljava/lang/String;[BIILjava/security/ProtectionDomain;)Ljava/lang/Class;+27 java.base@21.0.6
j  org.eclipse.osgi.internal.loader.ModuleClassLoader.defineClass(Ljava/lang/String;[BLorg/eclipse/osgi/internal/loader/classpath/ClasspathEntry;)Lorg/eclipse/osgi/internal/loader/ModuleClassLoader$DefineClassResult;+37
j  org.eclipse.osgi.internal.loader.classpath.ClasspathManager.defineClass(Ljava/lang/String;[BLorg/eclipse/osgi/internal/loader/classpath/ClasspathEntry;Lorg/eclipse/osgi/storage/bundlefile/BundleEntry;Ljava/util/List;)Ljava/lang/Class;+424
j  org.eclipse.osgi.internal.loader.classpath.ClasspathManager.findClassImpl(Ljava/lang/String;Lorg/eclipse/osgi/internal/loader/classpath/ClasspathEntry;Ljava/util/List;)Ljava/lang/Class;+297
j  org.eclipse.osgi.internal.loader.classpath.ClasspathManager.findLocalClassImpl(Ljava/lang/String;[Lorg/eclipse/osgi/internal/loader/classpath/ClasspathEntry;Ljava/util/List;)Ljava/lang/Class;+30
j  org.eclipse.osgi.internal.loader.classpath.ClasspathManager.findLocalClassImpl(Ljava/lang/String;Ljava/util/List;)Ljava/lang/Class;+69
j  org.eclipse.osgi.internal.loader.classpath.ClasspathManager.findLocalClass(Ljava/lang/String;)Ljava/lang/Class;+113
j  org.eclipse.osgi.internal.loader.ModuleClassLoader.findLocalClass(Ljava/lang/String;)Ljava/lang/Class;+5
j  org.eclipse.osgi.internal.loader.BundleLoader.findLocalClass(Ljava/lang/String;)Ljava/lang/Class;+64
j  org.eclipse.osgi.internal.loader.BundleLoader.findClass0(Ljava/lang/String;ZZ)Ljava/lang/Class;+332
j  org.eclipse.osgi.internal.loader.BundleLoader.findClass(Ljava/lang/String;)Ljava/lang/Class;+4
j  org.eclipse.osgi.internal.loader.ModuleClassLoader.loadClass(Ljava/lang/String;Z)Ljava/lang/Class;+21
J 1088 c1 java.lang.ClassLoader.loadClass(Ljava/lang/String;)Ljava/lang/Class; java.base@21.0.6 (7 bytes) @ 0x000001ae96c0f0d4 [0x000001ae96c0efc0+0x0000000000000114]
v  ~StubRoutines::call_stub 0x000001ae9df8100d
j  aQute.bnd.header.Parameters.<init>(Ljava/lang/String;LaQute/service/reporter/Reporter;Z)V+8
j  aQute.bnd.header.Parameters.<init>(Ljava/lang/String;)V+4
j  org.apache.aries.spifly.ProviderBundleTrackerCustomizer.getHeaderFromBundleOrFragment(Lorg/osgi/framework/Bundle;Ljava/lang/String;Ljava/lang/String;)Ljava/lang/String;+17
j  org.apache.aries.spifly.ProviderBundleTrackerCustomizer.readServiceLoaderMediatorCapabilityMetadata(Lorg/osgi/framework/Bundle;Ljava/util/Map;)Ljava/util/List;+6
j  org.apache.aries.spifly.ProviderBundleTrackerCustomizer.addingBundle(Lorg/osgi/framework/Bundle;Lorg/osgi/framework/BundleEvent;)Ljava/util/List;+107
j  org.apache.aries.spifly.ProviderBundleTrackerCustomizer.addingBundle(Lorg/osgi/framework/Bundle;Lorg/osgi/framework/BundleEvent;)Ljava/lang/Object;+3
j  org.osgi.util.tracker.BundleTracker$Tracked.customizerAdding(Lorg/osgi/framework/Bundle;Lorg/osgi/framework/BundleEvent;)Ljava/lang/Object;+9
j  org.osgi.util.tracker.BundleTracker$Tracked.customizerAdding(Ljava/lang/Object;Ljava/lang/Object;)Ljava/lang/Object;+9
j  org.osgi.util.tracker.AbstractTracked.trackAdding(Ljava/lang/Object;Ljava/lang/Object;)V+8
j  org.osgi.util.tracker.AbstractTracked.trackInitial()V+90
j  org.osgi.util.tracker.BundleTracker.open()V+130
j  org.apache.aries.spifly.BaseActivator.start(Lorg/osgi/framework/BundleContext;Ljava/lang/String;)V+105
j  org.apache.aries.spifly.dynamic.DynamicWeavingActivator.start(Lorg/osgi/framework/BundleContext;)V+31
j  org.eclipse.osgi.internal.framework.BundleContextImpl$2.run()Ljava/lang/Void;+23
j  org.eclipse.osgi.internal.framework.BundleContextImpl$2.run()Ljava/lang/Object;+1
J 1075 c1 java.security.AccessController.executePrivileged(Ljava/security/PrivilegedExceptionAction;Ljava/security/AccessControlContext;Ljava/lang/Class;)Ljava/lang/Object; java.base@21.0.6 (65 bytes) @ 0x000001ae96c0afc4 [0x000001ae96c0ae60+0x0000000000000164]
j  java.security.AccessController.doPrivileged(Ljava/security/PrivilegedExceptionAction;)Ljava/lang/Object;+9 java.base@21.0.6
j  org.eclipse.osgi.internal.framework.BundleContextImpl.startActivator(Lorg/osgi/framework/BundleActivator;)V+9
j  org.eclipse.osgi.internal.framework.BundleContextImpl.start()V+141
j  org.eclipse.osgi.internal.framework.EquinoxBundle.startWorker0()V+35
j  org.eclipse.osgi.internal.framework.EquinoxBundle$EquinoxModule.startWorker()V+4
j  org.eclipse.osgi.container.Module.doStart([Lorg/eclipse/osgi/container/Module$StartOptions;)Lorg/eclipse/osgi/container/ModuleContainerAdaptor$ModuleEvent;+200
j  org.eclipse.osgi.container.Module.start([Lorg/eclipse/osgi/container/Module$StartOptions;)V+460
j  org.eclipse.osgi.container.ModuleContainer$ContainerStartLevel$2.run()V+83
j  org.eclipse.osgi.internal.framework.EquinoxContainerAdaptor$1$1.execute(Ljava/lang/Runnable;)V+1
j  org.eclipse.osgi.container.ModuleContainer$ContainerStartLevel.incStartLevel(ILjava/util/List;Z)V+193
j  org.eclipse.osgi.container.ModuleContainer$ContainerStartLevel.incStartLevel(ILjava/util/List;Ljava/util/List;Ljava/util/List;Ljava/util/List;)V+19
j  org.eclipse.osgi.container.ModuleContainer$ContainerStartLevel.doContainerStartLevel(Lorg/eclipse/osgi/container/Module;I[Lorg/osgi/framework/FrameworkListener;)V+358
j  org.eclipse.osgi.container.ModuleContainer$ContainerStartLevel.dispatchEvent(Lorg/eclipse/osgi/container/Module;[Lorg/osgi/framework/FrameworkListener;ILjava/lang/Integer;)V+32
j  org.eclipse.osgi.container.ModuleContainer$ContainerStartLevel.dispatchEvent(Ljava/lang/Object;Ljava/lang/Object;ILjava/lang/Object;)V+15
j  org.eclipse.osgi.framework.eventmgr.EventManager.dispatchEvent(Ljava/util/Set;Lorg/eclipse/osgi/framework/eventmgr/EventDispatcher;ILjava/lang/Object;)V+48
j  org.eclipse.osgi.framework.eventmgr.EventManager$EventThread.run()V+26
v  ~StubRoutines::call_stub 0x000001ae9df8100d

Compiled method (n/a) 1889 1033     n 0       java.lang.ClassLoader::defineClass1 (native)
 total in heap  [0x000001ae9e586610,0x000001ae9e586a98] = 1160
 relocation     [0x000001ae9e586770,0x000001ae9e5867a8] = 56
 main code      [0x000001ae9e5867c0,0x000001ae9e586a96] = 726
 stub code      [0x000001ae9e586a96,0x000001ae9e586a98] = 2

[Constant Pool (empty)]

[MachCode]
[Entry Point]
  # {method} {0x000001aea8430ff0} 'defineClass1' '(Ljava/lang/ClassLoader;Ljava/lang/String;[BIILjava/security/ProtectionDomain;Ljava/lang/String;)Ljava/lang/Class;' in 'java/lang/ClassLoader'
  # parm0:    rdx:rdx   = 'java/lang/ClassLoader'
  # parm1:    r8:r8     = 'java/lang/String'
  # parm2:    r9:r9     = '[B'
  # parm3:    rdi       = int
  # parm4:    rsi       = int
  # parm5:    rcx:rcx   = 'java/security/ProtectionDomain'
  # parm6:    [sp+0xa0]   = 'java/lang/String'  (sp of caller)
  0x000001ae9e5867c0: 448b 5208 | 49bb 0000 | 00a8 ae01 | 0000 4d03 | d349 3bc2 | 0f84 0600 

  0x000001ae9e5867d8: ;   {runtime_call ic_miss_stub}
  0x000001ae9e5867d8: 0000 e9a1 | 7ca4 ff90 
[Verified Entry Point]
  0x000001ae9e5867e0: 8984 2400 | 80ff ff55 | 488b ec48 | 81ec 9000 | 0000 6690 | 4181 7f20 | 0100 0000 

  0x000001ae9e5867fc: ;   {runtime_call StubRoutines (final stubs)}
  0x000001ae9e5867fc: 7405 e8dd | 21a3 ff48 | 837d 1000 | 488d 4510 | 480f 4445 | 1048 8944 | 2440 4889 | 4c24 7048 
  0x000001ae9e58681c: 83f9 0048 | 8d44 2470 | 480f 4444 | 2470 4889 | 4424 3848 | 8974 2430 | 4889 7c24 | 284c 894c 
  0x000001ae9e58683c: 2458 4983 | f900 488d | 4424 5848 | 0f44 4424 | 5848 8944 | 2420 4c89 | 4424 5049 | 83f8 004c 
  0x000001ae9e58685c: 8d4c 2450 | 4c0f 444c | 2450 4889 | 5424 4848 | 83fa 004c | 8d44 2448 | 4c0f 4444 

  0x000001ae9e586878: ;   {oop(a 'java/lang/Class'{0x00000000c00000d0} = 'java/lang/ClassLoader')}
  0x000001ae9e586878: 2448 49be | d000 00c0 | 0000 0000 | 4c89 7424 | 784c 8d74 | 2478 498b | d6c5 f877 

  0x000001ae9e586894: ;   {internal_word}
  0x000001ae9e586894: 49ba 9168 | 589e ae01 | 0000 4d89 | 97a0 0300 | 0049 89a7 | 9803 0000 

  0x000001ae9e5868ac: ;   {external_word}
  0x000001ae9e5868ac: 49ba 355b | 3f79 fe7f | 0000 4180 | 3a00 0f84 | 4e00 0000 | 5241 5041 

  0x000001ae9e5868c4: ;   {metadata({method} {0x000001aea8430ff0} 'defineClass1' '(Ljava/lang/ClassLoader;Ljava/lang/String;[BIILjava/security/ProtectionDomain;Ljava/lang/String;)Ljava/lang/Class;' in 'java/lang/ClassLoader')}
  0x000001ae9e5868c4: 5148 bae8 | 0f43 a8ae | 0100 0049 | 8bcf 4883 | ec20 40f6 | c40f 0f84 | 1900 0000 | 4883 ec08 
  0x000001ae9e5868e4: ;   {runtime_call}
  0x000001ae9e5868e4: 48b8 c04b | e978 fe7f | 0000 ffd0 | 4883 c408 | e90c 0000 

  0x000001ae9e5868f8: ;   {runtime_call}
  0x000001ae9e5868f8: 0048 b8c0 | 4be9 78fe | 7f00 00ff | d048 83c4 | 2041 5941 | 585a 498d | 8fb8 0300 | 0041 c787 
  0x000001ae9e586918: 4404 0000 | 0400 0000 

  0x000001ae9e586920: ;   {runtime_call}
  0x000001ae9e586920: 48b8 ac16 | 3aa8 fe7f | 0000 ffd0 | c5f8 7741 | c787 4404 | 0000 0500 | 0000 f083 | 4424 c000 
  0x000001ae9e586940: 493b af48 | 0400 000f | 870e 0000 | 0041 83bf | 4004 0000 | 000f 842b | 0000 00c5 | f877 4889 
  0x000001ae9e586960: 45f8 498b | cf4c 8be4 | 4883 ec20 | 4883 e4f0 

  0x000001ae9e586970: ;   {runtime_call}
  0x000001ae9e586970: 48b8 60cf | b478 fe7f | 0000 ffd0 | 498b e44d | 33e4 488b | 45f8 41c7 | 8744 0400 | 0008 0000 
  0x000001ae9e586990: 0041 83bf | c004 0000 | 020f 84ca 

  0x000001ae9e58699c: ;   {external_word}
  0x000001ae9e58699c: 0000 0049 | ba35 5b3f | 79fe 7f00 | 0041 803a | 000f 844c | 0000 0048 

  0x000001ae9e5869b4: ;   {metadata({method} {0x000001aea8430ff0} 'defineClass1' '(Ljava/lang/ClassLoader;Ljava/lang/String;[BIILjava/security/ProtectionDomain;Ljava/lang/String;)Ljava/lang/Class;' in 'java/lang/ClassLoader')}
  0x000001ae9e5869b4: 8945 f848 | bae8 0f43 | a8ae 0100 | 0049 8bcf | 4883 ec20 | 40f6 c40f | 0f84 1900 | 0000 4883 
  0x000001ae9e5869d4: ;   {runtime_call}
  0x000001ae9e5869d4: ec08 48b8 | c04b e978 | fe7f 0000 | ffd0 4883 | c408 e90c 

  0x000001ae9e5869e8: ;   {runtime_call}
  0x000001ae9e5869e8: 0000 0048 | b8c0 4be9 | 78fe 7f00 | 00ff d048 | 83c4 2048 | 8b45 f849 | c787 9803 | 0000 0000 
  0x000001ae9e586a08: 0000 49c7 | 87a0 0300 | 0000 0000 | 00c5 f877 | 4885 c00f | 8425 0000 | 00a8 030f | 8508 0000 
  0x000001ae9e586a28: 0048 8b00 | e915 0000 | 00a8 010f | 8509 0000 | 0048 8b40 | fee9 0400 | 0000 488b | 40ff 498b 
  0x000001ae9e586a48: 8f28 0400 | 00c7 8100 | 0100 0000 | 0000 00c9 | 4983 7f08 | 000f 8501 | 0000 00c3 

  0x000001ae9e586a64: ;   {runtime_call StubRoutines (initial stubs)}
  0x000001ae9e586a64: e997 a49f | ffc5 f877 | 4889 45f8 | 4c8b e448 | 83ec 2048 

  0x000001ae9e586a78: ;   {runtime_call}
  0x000001ae9e586a78: 83e4 f048 | b8a0 83e9 | 78fe 7f00 | 00ff d049 | 8be4 4d33 | e448 8b45 | f8e9 09ff | ffff f4f4 
[/MachCode]


Compiled method (c1) 1907 1088       3       java.lang.ClassLoader::loadClass (7 bytes)
 total in heap  [0x000001ae96c0ee10,0x000001ae96c0f200] = 1008
 relocation     [0x000001ae96c0ef70,0x000001ae96c0efb0] = 64
 main code      [0x000001ae96c0efc0,0x000001ae96c0f150] = 400
 stub code      [0x000001ae96c0f150,0x000001ae96c0f198] = 72
 metadata       [0x000001ae96c0f198,0x000001ae96c0f1a0] = 8
 scopes data    [0x000001ae96c0f1a0,0x000001ae96c0f1b8] = 24
 scopes pcs     [0x000001ae96c0f1b8,0x000001ae96c0f1f8] = 64
 dependencies   [0x000001ae96c0f1f8,0x000001ae96c0f200] = 8

[Constant Pool (empty)]

[MachCode]
[Entry Point]
  # {method} {0x000001aea80140e8} 'loadClass' '(Ljava/lang/String;)Ljava/lang/Class;' in 'java/lang/ClassLoader'
  # this:     rdx:rdx   = 'java/lang/ClassLoader'
  # parm0:    r8:r8     = 'java/lang/String'
  #           [sp+0x40]  (sp of caller)
  0x000001ae96c0efc0: 448b 5208 | 49bb 0000 | 00a8 ae01 | 0000 4d03 | d34c 3bd0 

  0x000001ae96c0efd4: ;   {runtime_call ic_miss_stub}
  0x000001ae96c0efd4: 0f85 a6f4 | 3b07 660f | 1f44 0000 
[Verified Entry Point]
  0x000001ae96c0efe0: 8984 2400 | 80ff ff55 | 4883 ec30 | 4181 7f20 | 0100 0000 

  0x000001ae96c0eff4: ;   {runtime_call StubRoutines (final stubs)}
  0x000001ae96c0eff4: 7405 e8e5 

  0x000001ae96c0eff8: ;   {metadata(method data for {method} {0x000001aea80140e8} 'loadClass' '(Ljava/lang/String;)Ljava/lang/Class;' in 'java/lang/ClassLoader')}
  0x000001ae96c0eff8: 993a 0749 | b950 862e | ebae 0100 | 0041 8bb1 | cc00 0000 | 83c6 0241 | 89b1 cc00 | 0000 81e6 
  0x000001ae96c0f018: fe07 0000 | 85f6 0f84 | cb00 0000 

  0x000001ae96c0f024: ;   {metadata(method data for {method} {0x000001aea80140e8} 'loadClass' '(Ljava/lang/String;)Ljava/lang/Class;' in 'java/lang/ClassLoader')}
  0x000001ae96c0f024: 4c8b ca48 | be50 862e | ebae 0100 | 0045 8b49 | 0849 ba00 | 0000 a8ae | 0100 004d | 03ca 4c3b 
  0x000001ae96c0f044: 8e20 0100 | 0075 0d48 | 8386 2801 | 0000 01e9 | 6000 0000 | 4c3b 8e30 | 0100 0075 | 0d48 8386 
  0x000001ae96c0f064: 3801 0000 | 01e9 4a00 | 0000 4883 | be20 0100 | 0000 7517 | 4c89 8e20 | 0100 0048 | c786 2801 
  0x000001ae96c0f084: 0000 0100 | 0000 e929 | 0000 0048 | 83be 3001 | 0000 0075 | 174c 898e | 3001 0000 | 48c7 8638 
  0x000001ae96c0f0a4: 0100 0001 | 0000 00e9 | 0800 0000 | 4883 8610 | 0100 0001 | 41b9 0000 | 0000 0f1f | 8000 0000 
  0x000001ae96c0f0c4: 0048 b8ff | ffff ffff 

  0x000001ae96c0f0cc: ;   {virtual_call}
  0x000001ae96c0f0cc: ffff ffe8 

  0x000001ae96c0f0d0: ; ImmutableOopMap {}
                      ;*invokevirtual loadClass {reexecute=0 rethrow=0 return_oop=0}
                      ; - java.lang.ClassLoader::loadClass@3
  0x000001ae96c0f0d0: 1c77 4707 

  0x000001ae96c0f0d4: ;   {other}
  0x000001ae96c0f0d4: 0f1f 8400 | c402 0000 | 4883 c430 

  0x000001ae96c0f0e0: ;   {poll_return}
  0x000001ae96c0f0e0: 5d49 3ba7 | 4804 0000 | 0f87 2200 

  0x000001ae96c0f0ec: ;   {metadata({method} {0x000001aea80140e8} 'loadClass' '(Ljava/lang/String;)Ljava/lang/Class;' in 'java/lang/ClassLoader')}
  0x000001ae96c0f0ec: 0000 c349 | bae0 4001 | a8ae 0100 | 004c 8954 | 2408 48c7 | 0424 ffff 

  0x000001ae96c0f104: ;   {runtime_call counter_overflow Runtime1 stub}
  0x000001ae96c0f104: ffff e8f5 

  0x000001ae96c0f108: ; ImmutableOopMap {rdx=Oop r8=Oop }
                      ;*synchronization entry
                      ; - java.lang.ClassLoader::loadClass@-1
  0x000001ae96c0f108: 5247 07e9 | 14ff ffff 

  0x000001ae96c0f110: ;   {internal_word}
  0x000001ae96c0f110: 49ba e1f0 | c096 ae01 | 0000 4d89 | 9760 0400 

  0x000001ae96c0f120: ;   {runtime_call SafepointBlob}
  0x000001ae96c0f120: 00e9 da59 | 3c07 498b | 87f8 0400 | 0049 c787 | f804 0000 | 0000 0000 | 49c7 8700 | 0500 0000 
  0x000001ae96c0f140: 0000 0048 | 83c4 305d 

  0x000001ae96c0f148: ;   {runtime_call unwind_exception Runtime1 stub}
  0x000001ae96c0f148: e9b3 d746 | 07f4 f4f4 
[Stub Code]
  0x000001ae96c0f150: ;   {no_reloc}
  0x000001ae96c0f150: 0f1f 4400 

  0x000001ae96c0f154: ;   {static_stub}
  0x000001ae96c0f154: 0048 bb00 | 0000 0000 

  0x000001ae96c0f15c: ;   {runtime_call nmethod}
  0x000001ae96c0f15c: 0000 00e9 | fbff ffff 
[Exception Handler]
  0x000001ae96c0f164: ;   {runtime_call handle_exception_from_callee Runtime1 stub}
  0x000001ae96c0f164: e897 1347 

  0x000001ae96c0f168: ;   {external_word}
  0x000001ae96c0f168: 0748 b990 | 7f15 79fe | 7f00 0048 

  0x000001ae96c0f174: ;   {runtime_call}
  0x000001ae96c0f174: 83e4 f048 | b8f0 42d8 | 78fe 7f00 | 00ff d0f4 
[Deopt Handler Code]
  0x000001ae96c0f184: ;   {section_word}
  0x000001ae96c0f184: 49ba 84f1 | c096 ae01 | 0000 4152 

  0x000001ae96c0f190: ;   {runtime_call DeoptimizationBlob}
  0x000001ae96c0f190: e90b 4c3c | 07f4 f4f4 
[/MachCode]


Compiled method (c1) 1917 1075       3       java.security.AccessController::executePrivileged (65 bytes)
 total in heap  [0x000001ae96c0ac90,0x000001ae96c0b280] = 1520
 relocation     [0x000001ae96c0adf0,0x000001ae96c0ae58] = 104
 main code      [0x000001ae96c0ae60,0x000001ae96c0b108] = 680
 stub code      [0x000001ae96c0b108,0x000001ae96c0b160] = 88
 metadata       [0x000001ae96c0b160,0x000001ae96c0b170] = 16
 scopes data    [0x000001ae96c0b170,0x000001ae96c0b1e8] = 120
 scopes pcs     [0x000001ae96c0b1e8,0x000001ae96c0b268] = 128
 dependencies   [0x000001ae96c0b268,0x000001ae96c0b270] = 8
 nul chk table  [0x000001ae96c0b270,0x000001ae96c0b280] = 16

[Constant Pool (empty)]

[MachCode]
[Verified Entry Point]
  # {method} {0x000001aea846cdb0} 'executePrivileged' '(Ljava/security/PrivilegedExceptionAction;Ljava/security/AccessControlContext;Ljava/lang/Class;)Ljava/lang/Object;' in 'java/security/AccessController'
  # parm0:    rdx:rdx   = 'java/security/PrivilegedExceptionAction'
  # parm1:    r8:r8     = 'java/security/AccessControlContext'
  # parm2:    r9:r9     = 'java/lang/Class'
  #           [sp+0x50]  (sp of caller)
  0x000001ae96c0ae60: 8984 2400 | 80ff ff55 | 4883 ec40 | 4181 7f20 | 0100 0000 

  0x000001ae96c0ae74: ;   {runtime_call StubRoutines (final stubs)}
  0x000001ae96c0ae74: 7405 e865 | db3a 074c | 8944 2430 

  0x000001ae96c0ae80: ;   {metadata(method data for {method} {0x000001aea846cdb0} 'executePrivileged' '(Ljava/security/PrivilegedExceptionAction;Ljava/security/AccessControlContext;Ljava/lang/Class;)Ljava/lang/Object;' in 'java/security/AccessController')}
  0x000001ae96c0ae80: 48be 3077 | 2eeb ae01 | 0000 8bbe | cc00 0000 | 83c7 0289 | becc 0000 | 0081 e7fe | 0700 0085 
  0x000001ae96c0aea0: ff0f 84bf | 0100 004d 

  0x000001ae96c0aea8: ;   {metadata(method data for {method} {0x000001aea846cdb0} 'executePrivileged' '(Ljava/security/PrivilegedExceptionAction;Ljava/security/AccessControlContext;Ljava/lang/Class;)Ljava/lang/Object;' in 'java/security/AccessController')}
  0x000001ae96c0aea8: 85c0 48be | 3077 2eeb | ae01 0000 | 48c7 c710 | 0100 0074 | 0748 c7c7 | 2001 0000 | 488b 1c3e 
  0x000001ae96c0aec8: 488d 5b01 | 4889 1c3e | 4c89 4c24 | 2848 8954 | 2420 0f84 | 2400 0000 

  0x000001ae96c0aee0: ;   {metadata(method data for {method} {0x000001aea846cdb0} 'executePrivileged' '(Ljava/security/PrivilegedExceptionAction;Ljava/security/AccessControlContext;Ljava/lang/Class;)Ljava/lang/Object;' in 'java/security/AccessController')}
  0x000001ae96c0aee0: 48be 3077 | 2eeb ae01 | 0000 4883 | 8630 0100 | 0001 498b 

  0x000001ae96c0aef4: ;   {static_call}
  0x000001ae96c0aef4: d066 90e8 

  0x000001ae96c0aef8: ; ImmutableOopMap {[32]=Oop [40]=Oop [48]=Oop }
                      ;*invokestatic ensureMaterializedForStackWalk {reexecute=0 rethrow=0 return_oop=0}
                      ; - java.security.AccessController::executePrivileged@5
  0x000001ae96c0aef8: 6404 9807 

  0x000001ae96c0aefc: ;   {other}
  0x000001ae96c0aefc: 0f1f 8400 | 6c02 0000 

  0x000001ae96c0af04: ;   {metadata(method data for {method} {0x000001aea846cdb0} 'executePrivileged' '(Ljava/security/PrivilegedExceptionAction;Ljava/security/AccessControlContext;Ljava/lang/Class;)Ljava/lang/Object;' in 'java/security/AccessController')}
  0x000001ae96c0af04: 48ba 3077 | 2eeb ae01 | 0000 ff82 | 4001 0000 | 488b 5424 | 2048 3b02 

  0x000001ae96c0af1c: ;   {metadata(method data for {method} {0x000001aea846cdb0} 'executePrivileged' '(Ljava/security/PrivilegedExceptionAction;Ljava/security/AccessControlContext;Ljava/lang/Class;)Ljava/lang/Object;' in 'java/security/AccessController')}
  0x000001ae96c0af1c: 488b f248 | bf30 772e | ebae 0100 | 008b 7608 | 49ba 0000 | 00a8 ae01 | 0000 4903 | f248 3bb7 
  0x000001ae96c0af3c: b001 0000 | 750d 4883 | 87b8 0100 | 0001 e960 | 0000 0048 | 3bb7 c001 | 0000 750d | 4883 87c8 
  0x000001ae96c0af5c: 0100 0001 | e94a 0000 | 0048 83bf | b001 0000 | 0075 1748 | 89b7 b001 | 0000 48c7 | 87b8 0100 
  0x000001ae96c0af7c: 0001 0000 | 00e9 2900 | 0000 4883 | bfc0 0100 | 0000 7517 | 4889 b7c0 | 0100 0048 | c787 c801 
  0x000001ae96c0af9c: 0000 0100 | 0000 e908 | 0000 0048 | 8387 a001 | 0000 0166 | 0f1f 4400 | 0048 b870 | 492e efae 
  0x000001ae96c0afbc: ;   {virtual_call}
  0x000001ae96c0afbc: 0100 00e8 

  0x000001ae96c0afc0: ; ImmutableOopMap {[40]=Oop [48]=Oop }
                      ;*invokeinterface run {reexecute=0 rethrow=0 return_oop=0}
                      ; - java.security.AccessController::executePrivileged@29
  0x000001ae96c0afc0: 4cb1 4707 

  0x000001ae96c0afc4: ;   {other}
  0x000001ae96c0afc4: 0f1f 8400 | 3403 0001 

  0x000001ae96c0afcc: ;   {metadata(method data for {method} {0x000001aea846cdb0} 'executePrivileged' '(Ljava/security/PrivilegedExceptionAction;Ljava/security/AccessControlContext;Ljava/lang/Class;)Ljava/lang/Object;' in 'java/security/AccessController')}
  0x000001ae96c0afcc: 48be 3077 | 2eeb ae01 | 0000 ff86 | d801 0000 | 4c8b 4c24 

  0x000001ae96c0afe0: ;   {metadata(method data for {method} {0x000001aea846cdb0} 'executePrivileged' '(Ljava/security/PrivilegedExceptionAction;Ljava/security/AccessControlContext;Ljava/lang/Class;)Ljava/lang/Object;' in 'java/security/AccessController')}
  0x000001ae96c0afe0: 2848 be30 | 772e ebae | 0100 0048 | 8386 3802 

  0x000001ae96c0aff0: ;   {metadata(method data for {method} {0x000001aea803d050} 'reachabilityFence' '(Ljava/lang/Object;)V' in 'java/lang/ref/Reference')}
  0x000001ae96c0aff0: 0000 0148 | be50 e305 | ebae 0100 | 008b becc | 0000 0083 | c702 89be | cc00 0000 | 81e7 feff 
  0x000001ae96c0b010: 1f00 85ff | 0f84 7200 

  0x000001ae96c0b018: ;   {metadata(method data for {method} {0x000001aea846cdb0} 'executePrivileged' '(Ljava/security/PrivilegedExceptionAction;Ljava/security/AccessControlContext;Ljava/lang/Class;)Ljava/lang/Object;' in 'java/security/AccessController')}
  0x000001ae96c0b018: 0000 48be | 3077 2eeb | ae01 0000 | 4883 8648 | 0200 0001 

  0x000001ae96c0b02c: ;   {metadata(method data for {method} {0x000001aea803d050} 'reachabilityFence' '(Ljava/lang/Object;)V' in 'java/lang/ref/Reference')}
  0x000001ae96c0b02c: 48be 50e3 | 05eb ae01 | 0000 8bbe | cc00 0000 | 83c7 0289 | becc 0000 | 0081 e7fe | ff1f 0085 
  0x000001ae96c0b04c: ff0f 845a | 0000 0048 | 83c4 405d 

  0x000001ae96c0b058: ;   {poll_return}
  0x000001ae96c0b058: 493b a748 | 0400 000f | 8766 0000 

  0x000001ae96c0b064: ;   {metadata({method} {0x000001aea846cdb0} 'executePrivileged' '(Ljava/security/PrivilegedExceptionAction;Ljava/security/AccessControlContext;Ljava/lang/Class;)Ljava/lang/Object;' in 'java/security/AccessController')}
  0x000001ae96c0b064: 00c3 49ba | a8cd 46a8 | ae01 0000 | 4c89 5424 | 0848 c704 | 24ff ffff 

  0x000001ae96c0b07c: ;   {runtime_call counter_overflow Runtime1 stub}
  0x000001ae96c0b07c: ffe8 7e93 

  0x000001ae96c0b080: ; ImmutableOopMap {rdx=Oop r8=Oop r9=Oop [48]=Oop }
                      ;*synchronization entry
                      ; - java.security.AccessController::executePrivileged@-1
  0x000001ae96c0b080: 4707 e920 

  0x000001ae96c0b084: ;   {runtime_call throw_null_pointer_exception Runtime1 stub}
  0x000001ae96c0b084: feff ffe8 

  0x000001ae96c0b088: ; ImmutableOopMap {rdx=Oop [40]=Oop [48]=Oop }
                      ;*invokeinterface run {reexecute=0 rethrow=0 return_oop=0}
                      ; - java.security.AccessController::executePrivileged@29
  0x000001ae96c0b088: 7427 4707 

  0x000001ae96c0b08c: ;   {metadata({method} {0x000001aea803d050} 'reachabilityFence' '(Ljava/lang/Object;)V' in 'java/lang/ref/Reference')}
  0x000001ae96c0b08c: 49ba 48d0 | 03a8 ae01 | 0000 4c89 | 5424 0848 | c704 24ff 

  0x000001ae96c0b0a0: ;   {runtime_call counter_overflow Runtime1 stub}
  0x000001ae96c0b0a0: ffff ffe8 

  0x000001ae96c0b0a4: ; ImmutableOopMap {rax=Oop r9=Oop }
                      ;*synchronization entry
                      ; - java.lang.ref.Reference::reachabilityFence@-1
                      ; - java.security.AccessController::executePrivileged@56
  0x000001ae96c0b0a4: 5893 4707 | e96d ffff 

  0x000001ae96c0b0ac: ;   {metadata({method} {0x000001aea803d050} 'reachabilityFence' '(Ljava/lang/Object;)V' in 'java/lang/ref/Reference')}
  0x000001ae96c0b0ac: ff49 ba48 | d003 a8ae | 0100 004c | 8954 2408 | 48c7 0424 | ffff ffff 

  0x000001ae96c0b0c4: ;   {runtime_call counter_overflow Runtime1 stub}
  0x000001ae96c0b0c4: e837 9347 

  0x000001ae96c0b0c8: ; ImmutableOopMap {rax=Oop }
                      ;*synchronization entry
                      ; - java.lang.ref.Reference::reachabilityFence@-1
                      ; - java.security.AccessController::executePrivileged@60
                      ;   {internal_word}
  0x000001ae96c0b0c8: 07eb 8849 | ba58 b0c0 | 96ae 0100 | 004d 8997 | 6004 0000 

  0x000001ae96c0b0dc: ;   {runtime_call SafepointBlob}
  0x000001ae96c0b0dc: e91f 9a3c | 0749 8b87 | f804 0000 | 49c7 87f8 | 0400 0000 | 0000 0049 | c787 0005 | 0000 0000 
  0x000001ae96c0b0fc: 0000 4883 

  0x000001ae96c0b100: ;   {runtime_call unwind_exception Runtime1 stub}
  0x000001ae96c0b100: c440 5de9 | f817 4707 
[Stub Code]
  0x000001ae96c0b108: ;   {no_reloc}
  0x000001ae96c0b108: 0f1f 4400 

  0x000001ae96c0b10c: ;   {static_stub}
  0x000001ae96c0b10c: 0048 bb00 | 0000 0000 

  0x000001ae96c0b114: ;   {runtime_call nmethod}
  0x000001ae96c0b114: 0000 00e9 | fbff ffff 

  0x000001ae96c0b11c: ;   {static_stub}
  0x000001ae96c0b11c: 48bb 28cc | 46a8 ae01 

  0x000001ae96c0b124: ;   {runtime_call I2C/C2I adapters}
  0x000001ae96c0b124: 0000 e9b8 

  0x000001ae96c0b128: ;   {runtime_call handle_exception_from_callee Runtime1 stub}
  0x000001ae96c0b128: 2a3c 07e8 | d053 4707 

  0x000001ae96c0b130: ;   {external_word}
  0x000001ae96c0b130: 48b9 907f | 1579 fe7f | 0000 4883 

  0x000001ae96c0b13c: ;   {runtime_call}
  0x000001ae96c0b13c: e4f0 48b8 | f042 d878 | fe7f 0000 

  0x000001ae96c0b148: ;   {section_word}
  0x000001ae96c0b148: ffd0 f449 | ba4b b1c0 | 96ae 0100 

  0x000001ae96c0b154: ;   {runtime_call DeoptimizationBlob}
  0x000001ae96c0b154: 0041 52e9 | 448c 3c07 | f4f4 f4f4 
[/MachCode]


---------------  P R O C E S S  ---------------

Threads class SMR info:
_java_thread_list=0x000001aeef96d710, length=17, elements={
0x000001ae9173e780, 0x000001aea7bf7390, 0x000001aea7bf8780, 0x000001aea7bfbb80,
0x000001aea7bfca50, 0x000001aea7c003f0, 0x000001aea7c04340, 0x000001aea7c0e020,
0x000001aea7c11270, 0x000001ae93912130, 0x000001aeea8f9ea0, 0x000001aeea8d8f70,
0x000001aeeaa2ce70, 0x000001aeef8af010, 0x000001aeef6b0920, 0x000001aeef6d4d20,
0x000001aeef4115c0
}

Java Threads: ( => current thread )
  0x000001ae9173e780 JavaThread "main"                              [_thread_blocked, id=13296, stack(0x000000905b700000,0x000000905b800000) (1024K)]
  0x000001aea7bf7390 JavaThread "Reference Handler"          daemon [_thread_blocked, id=8404, stack(0x000000905bb00000,0x000000905bc00000) (1024K)]
  0x000001aea7bf8780 JavaThread "Finalizer"                  daemon [_thread_blocked, id=3752, stack(0x000000905bc00000,0x000000905bd00000) (1024K)]
  0x000001aea7bfbb80 JavaThread "Signal Dispatcher"          daemon [_thread_blocked, id=9828, stack(0x000000905bd00000,0x000000905be00000) (1024K)]
  0x000001aea7bfca50 JavaThread "Attach Listener"            daemon [_thread_blocked, id=1608, stack(0x000000905be00000,0x000000905bf00000) (1024K)]
  0x000001aea7c003f0 JavaThread "Service Thread"             daemon [_thread_blocked, id=11964, stack(0x000000905bf00000,0x000000905c000000) (1024K)]
  0x000001aea7c04340 JavaThread "Monitor Deflation Thread"   daemon [_thread_blocked, id=10768, stack(0x000000905c000000,0x000000905c100000) (1024K)]
  0x000001aea7c0e020 JavaThread "C2 CompilerThread0"         daemon [_thread_blocked, id=10316, stack(0x000000905c100000,0x000000905c200000) (1024K)]
  0x000001aea7c11270 JavaThread "C1 CompilerThread0"         daemon [_thread_blocked, id=4416, stack(0x000000905c200000,0x000000905c300000) (1024K)]
  0x000001ae93912130 JavaThread "Common-Cleaner"             daemon [_thread_blocked, id=10292, stack(0x000000905c300000,0x000000905c400000) (1024K)]
  0x000001aeea8f9ea0 JavaThread "C2 CompilerThread1"         daemon [_thread_blocked, id=11296, stack(0x000000905c400000,0x000000905c500000) (1024K)]
  0x000001aeea8d8f70 JavaThread "Notification Thread"        daemon [_thread_blocked, id=2648, stack(0x000000905c500000,0x000000905c600000) (1024K)]
  0x000001aeeaa2ce70 JavaThread "C2 CompilerThread2"         daemon [_thread_blocked, id=10848, stack(0x000000905c600000,0x000000905c700000) (1024K)]
  0x000001aeef8af010 JavaThread "Active Thread: Equinox Container: 4394890d-37ca-4d97-b775-e0716790b792"        [_thread_blocked, id=12040, stack(0x000000905cd00000,0x000000905ce00000) (1024K)]
  0x000001aeef6b0920 JavaThread "Refresh Thread: Equinox Container: 4394890d-37ca-4d97-b775-e0716790b792" daemon [_thread_blocked, id=2436, stack(0x000000905ce00000,0x000000905cf00000) (1024K)]
  0x000001aeef6d4d20 JavaThread "Framework Event Dispatcher: Equinox Container: 4394890d-37ca-4d97-b775-e0716790b792" daemon [_thread_blocked, id=13292, stack(0x000000905d000000,0x000000905d100000) (1024K)]
=>0x000001aeef4115c0 JavaThread "Start Level: Equinox Container: 4394890d-37ca-4d97-b775-e0716790b792" daemon [_thread_in_vm, id=728, stack(0x000000905d100000,0x000000905d200000) (1024K)]
Total: 17

Other Threads:
  0x000001ae9165b290 VMThread "VM Thread"                           [id=3668, stack(0x000000905ba00000,0x000000905bb00000) (1024K)]
  0x000001aea7ad1c40 WatcherThread "VM Periodic Task Thread"        [id=9748, stack(0x000000905b900000,0x000000905ba00000) (1024K)]
  0x000001ae9165b9d0 WorkerThread "GC Thread#0"                     [id=1796, stack(0x000000905b800000,0x000000905b900000) (1024K)]
  0x000001ae9165c4b0 WorkerThread "GC Thread#1"                     [id=11352, stack(0x000000905c700000,0x000000905c800000) (1024K)]
  0x000001ae9165b630 WorkerThread "GC Thread#2"                     [id=8444, stack(0x000000905c800000,0x000000905c900000) (1024K)]
  0x000001ae9165bd70 WorkerThread "GC Thread#3"                     [id=984, stack(0x000000905c900000,0x000000905ca00000) (1024K)]
  0x000001aeef708e50 WorkerThread "GC Thread#4"                     [id=7544, stack(0x000000905ca00000,0x000000905cb00000) (1024K)]
  0x000001aeef7091f0 WorkerThread "GC Thread#5"                     [id=5004, stack(0x000000905cb00000,0x000000905cc00000) (1024K)]
  0x000001aeef709590 WorkerThread "GC Thread#6"                     [id=12836, stack(0x000000905cc00000,0x000000905cd00000) (1024K)]
  0x000001aeef708ab0 WorkerThread "GC Thread#7"                     [id=6280, stack(0x000000905cf00000,0x000000905d000000) (1024K)]
Total: 10

Threads with active compile tasks:
Total: 0

VM state: not at safepoint (normal execution)

VM Mutex/Monitor currently owned by a thread:  ([mutex/lock_event])
[0x00007ffe7940c300] Metaspace_lock - owner thread: 0x000001aeef4115c0

Heap address: 0x00000000c0000000, size: 1024 MB, Compressed Oops mode: 32-bit

CDS archive(s) mapped at: [0x000001aea8000000-0x000001aea8ba0000-0x000001aea8ba0000), size 12189696, SharedBaseAddress: 0x000001aea8000000, ArchiveRelocationMode: 1.
Compressed class space mapped at: 0x000001aea9000000-0x000001aee9000000, reserved size: 1073741824
Narrow klass base: 0x000001aea8000000, Narrow klass shift: 0, Narrow klass range: 0x100000000

GC Precious Log:
 CardTable entry size: 512
 CPUs: 8 total, 8 available
 Memory: 6091M
 Large Page Support: Disabled
 NUMA Support: Disabled
 Compressed Oops: Enabled (32-bit)
 Alignments: Space 512K, Generation 512K, Heap 2M
 Heap Min Capacity: 100M
 Heap Initial Capacity: 100M
 Heap Max Capacity: 1G
 Pre-touch: Disabled
 Parallel Workers: 8

Heap:
 PSYoungGen      total 29696K, used 8624K [0x00000000eab00000, 0x00000000ecc00000, 0x0000000100000000)
  eden space 25600K, 17% used [0x00000000eab00000,0x00000000eaf6f230,0x00000000ec400000)
  from space 4096K, 99% used [0x00000000ec800000,0x00000000ecbfd168,0x00000000ecc00000)
  to   space 4096K, 0% used [0x00000000ec400000,0x00000000ec400000,0x00000000ec800000)
 ParOldGen       total 68608K, used 1693K [0x00000000c0000000, 0x00000000c4300000, 0x00000000eab00000)
  object space 68608K, 2% used [0x00000000c0000000,0x00000000c01a7720,0x00000000c4300000)
 Metaspace       used 8503K, committed 8768K, reserved 1114112K
  class space    used 847K, committed 960K, reserved 1048576K

Card table byte_map: [0x000001ae93210000,0x000001ae93420000] _byte_map_base: 0x000001ae92c10000

Marking Bits: (ParMarkBitMap*) 0x00007ffe79413260
 Begin Bits: [0x000001aea5a50000, 0x000001aea6a50000)
 End Bits:   [0x000001aea6a50000, 0x000001aea7a50000)

Polling page: 0x000001ae91620000

Metaspace:

Usage:
  Non-class:      7.48 MB used.
      Class:    847.89 KB used.
       Both:      8.30 MB used.

Virtual space:
  Non-class space:       64.00 MB reserved,       7.62 MB ( 12%) committed,  1 nodes.
      Class space:        1.00 GB reserved,     960.00 KB ( <1%) committed,  1 nodes.
             Both:        1.06 GB reserved,       8.56 MB ( <1%) committed. 

Chunk freelists:
   Non-Class:  8.36 MB
       Class:  14.88 MB
        Both:  23.24 MB

MaxMetaspaceSize: unlimited
CompressedClassSpaceSize: 1.00 GB
Initial GC threshold: 21.00 MB
Current GC threshold: 21.00 MB
CDS: on
 - commit_granule_bytes: 65536.
 - commit_granule_words: 8192.
 - virtual_space_node_default_size: 8388608.
 - enlarge_chunks_in_place: 1.
 - use_allocation_guard: 0.


Internal statistics:

num_allocs_failed_limit: 0.
num_arena_births: 236.
num_arena_deaths: 0.
num_vsnodes_births: 2.
num_vsnodes_deaths: 0.
num_space_committed: 137.
num_space_uncommitted: 0.
num_chunks_returned_to_freelist: 0.
num_chunks_taken_from_freelist: 440.
num_chunk_merges: 0.
num_chunk_splits: 295.
num_chunks_enlarged: 200.
num_inconsistent_stats: 0.

CodeHeap 'non-profiled nmethods': size=120000Kb used=791Kb max_used=791Kb free=119208Kb
 bounds [0x000001ae9e520000, 0x000001ae9e790000, 0x000001aea5a50000]
CodeHeap 'profiled nmethods': size=120000Kb used=3418Kb max_used=3418Kb free=116581Kb
 bounds [0x000001ae96a50000, 0x000001ae96db0000, 0x000001ae9df80000]
CodeHeap 'non-nmethods': size=5760Kb used=1216Kb max_used=1247Kb free=4543Kb
 bounds [0x000001ae9df80000, 0x000001ae9e1f0000, 0x000001ae9e520000]
 total_blobs=2328 nmethods=1844 adapters=391
 compilation: enabled
              stopped_count=0, restarted_count=0
 full_count=0

Compilation events (20 events):
Event: 1.844 Thread 0x000001aea7c11270 nmethod 1833 0x000001ae96d9e710 code [0x000001ae96d9e8a0, 0x000001ae96d9e9b8]
Event: 1.844 Thread 0x000001aea7c11270 1838       3       java.lang.invoke.MethodHandles$Lookup::isArrayClone (50 bytes)
Event: 1.845 Thread 0x000001aea7c11270 nmethod 1838 0x000001ae96d9ea90 code [0x000001ae96d9eca0, 0x000001ae96d9f320]
Event: 1.845 Thread 0x000001aea7c11270 1837   !   3       java.lang.invoke.MethodHandle::setVarargs (50 bytes)
Event: 1.845 Thread 0x000001aeeaa2ce70 nmethod 1831 0x000001ae9e5e5390 code [0x000001ae9e5e5560, 0x000001ae9e5e5c88]
Event: 1.846 Thread 0x000001aea7c11270 nmethod 1837 0x000001ae96d9f590 code [0x000001ae96d9f860, 0x000001ae96da0430]
Event: 1.846 Thread 0x000001aea7c11270 1839       3       jdk.internal.org.objectweb.asm.MethodVisitor::<init> (7 bytes)
Event: 1.846 Thread 0x000001aea7c11270 nmethod 1839 0x000001ae96da0890 code [0x000001ae96da0a40, 0x000001ae96da0b88]
Event: 1.846 Thread 0x000001aea7c11270 1840       3       jdk.internal.org.objectweb.asm.MethodWriter::visitMaxs (60 bytes)
Event: 1.847 Thread 0x000001aea7c11270 nmethod 1840 0x000001ae96da0c10 code [0x000001ae96da0de0, 0x000001ae96da1098]
Event: 1.847 Thread 0x000001aea7c11270 1841       3       jdk.internal.org.objectweb.asm.MethodWriter::visitEnd (1 bytes)
Event: 1.847 Thread 0x000001aea7c11270 nmethod 1841 0x000001ae96da1190 code [0x000001ae96da1320, 0x000001ae96da1428]
Event: 1.847 Thread 0x000001aea7c11270 1842       3       jdk.internal.org.objectweb.asm.MethodWriter::computeMethodInfoSize (571 bytes)
Event: 1.849 Thread 0x000001aea7c11270 nmethod 1842 0x000001ae96da1490 code [0x000001ae96da17c0, 0x000001ae96da2608]
Event: 1.849 Thread 0x000001aea7c11270 1843       3       sun.security.util.ManifestEntryVerifier::algsPermittedStatusForSigners (40 bytes)
Event: 1.849 Thread 0x000001aea7c11270 nmethod 1843 0x000001ae96da2c90 code [0x000001ae96da2e80, 0x000001ae96da3448]
Event: 1.855 Thread 0x000001aea7c11270 1844       3       org.eclipse.osgi.framework.util.CaseInsensitiveDictionaryMap::keyWrap (35 bytes)
Event: 1.855 Thread 0x000001aea7c11270 nmethod 1844 0x000001ae96da3610 code [0x000001ae96da3800, 0x000001ae96da3e50]
Event: 1.855 Thread 0x000001aea7c11270 1845       3       org.eclipse.osgi.framework.util.CaseInsensitiveDictionaryMap::findCommonKeyIndex (930 bytes)
Event: 1.857 Thread 0x000001aea7c11270 nmethod 1845 0x000001ae96da4010 code [0x000001ae96da4640, 0x000001ae96da6638]

GC Heap History (4 events):
Event: 0.792 GC heap before
{Heap before GC invocations=1 (full 0):
 PSYoungGen      total 29696K, used 25600K [0x00000000eab00000, 0x00000000ecc00000, 0x0000000100000000)
  eden space 25600K, 100% used [0x00000000eab00000,0x00000000ec400000,0x00000000ec400000)
  from space 4096K, 0% used [0x00000000ec800000,0x00000000ec800000,0x00000000ecc00000)
  to   space 4096K, 0% used [0x00000000ec400000,0x00000000ec400000,0x00000000ec800000)
 ParOldGen       total 68608K, used 0K [0x00000000c0000000, 0x00000000c4300000, 0x00000000eab00000)
  object space 68608K, 0% used [0x00000000c0000000,0x00000000c0000000,0x00000000c4300000)
 Metaspace       used 4286K, committed 4480K, reserved 1114112K
  class space    used 431K, committed 512K, reserved 1048576K
}
Event: 0.799 GC heap after
{Heap after GC invocations=1 (full 0):
 PSYoungGen      total 29696K, used 3222K [0x00000000eab00000, 0x00000000ecc00000, 0x0000000100000000)
  eden space 25600K, 0% used [0x00000000eab00000,0x00000000eab00000,0x00000000ec400000)
  from space 4096K, 78% used [0x00000000ec400000,0x00000000ec725800,0x00000000ec800000)
  to   space 4096K, 0% used [0x00000000ec800000,0x00000000ec800000,0x00000000ecc00000)
 ParOldGen       total 68608K, used 16K [0x00000000c0000000, 0x00000000c4300000, 0x00000000eab00000)
  object space 68608K, 0% used [0x00000000c0000000,0x00000000c0004000,0x00000000c4300000)
 Metaspace       used 4286K, committed 4480K, reserved 1114112K
  class space    used 431K, committed 512K, reserved 1048576K
}
Event: 1.741 GC heap before
{Heap before GC invocations=2 (full 0):
 PSYoungGen      total 29696K, used 28822K [0x00000000eab00000, 0x00000000ecc00000, 0x0000000100000000)
  eden space 25600K, 100% used [0x00000000eab00000,0x00000000ec400000,0x00000000ec400000)
  from space 4096K, 78% used [0x00000000ec400000,0x00000000ec725800,0x00000000ec800000)
  to   space 4096K, 0% used [0x00000000ec800000,0x00000000ec800000,0x00000000ecc00000)
 ParOldGen       total 68608K, used 16K [0x00000000c0000000, 0x00000000c4300000, 0x00000000eab00000)
  object space 68608K, 0% used [0x00000000c0000000,0x00000000c0004000,0x00000000c4300000)
 Metaspace       used 7970K, committed 8256K, reserved 1114112K
  class space    used 777K, committed 896K, reserved 1048576K
}
Event: 1.749 GC heap after
{Heap after GC invocations=2 (full 0):
 PSYoungGen      total 29696K, used 4084K [0x00000000eab00000, 0x00000000ecc00000, 0x0000000100000000)
  eden space 25600K, 0% used [0x00000000eab00000,0x00000000eab00000,0x00000000ec400000)
  from space 4096K, 99% used [0x00000000ec800000,0x00000000ecbfd168,0x00000000ecc00000)
  to   space 4096K, 0% used [0x00000000ec400000,0x00000000ec400000,0x00000000ec800000)
 ParOldGen       total 68608K, used 1693K [0x00000000c0000000, 0x00000000c4300000, 0x00000000eab00000)
  object space 68608K, 2% used [0x00000000c0000000,0x00000000c01a7720,0x00000000c4300000)
 Metaspace       used 7970K, committed 8256K, reserved 1114112K
  class space    used 777K, committed 896K, reserved 1048576K
}

Dll operation events (9 events):
Event: 0.009 Loaded shared library c:\Users\Raju Shrirame\.vscode\extensions\redhat.java-1.41.1-win32-x64\jre\21.0.6-win32-x86_64\bin\java.dll
Event: 0.079 Loaded shared library c:\Users\Raju Shrirame\.vscode\extensions\redhat.java-1.41.1-win32-x64\jre\21.0.6-win32-x86_64\bin\zip.dll
Event: 0.101 Loaded shared library C:\Users\Raju Shrirame\.vscode\extensions\redhat.java-1.41.1-win32-x64\jre\21.0.6-win32-x86_64\bin\instrument.dll
Event: 0.108 Loaded shared library C:\Users\Raju Shrirame\.vscode\extensions\redhat.java-1.41.1-win32-x64\jre\21.0.6-win32-x86_64\bin\net.dll
Event: 0.110 Loaded shared library C:\Users\Raju Shrirame\.vscode\extensions\redhat.java-1.41.1-win32-x64\jre\21.0.6-win32-x86_64\bin\nio.dll
Event: 0.115 Loaded shared library C:\Users\Raju Shrirame\.vscode\extensions\redhat.java-1.41.1-win32-x64\jre\21.0.6-win32-x86_64\bin\zip.dll
Event: 0.135 Loaded shared library C:\Users\Raju Shrirame\.vscode\extensions\redhat.java-1.41.1-win32-x64\jre\21.0.6-win32-x86_64\bin\jimage.dll
Event: 0.213 Loaded shared library c:\Users\Raju Shrirame\.vscode\extensions\redhat.java-1.41.1-win32-x64\jre\21.0.6-win32-x86_64\bin\verify.dll
Event: 1.719 Loaded shared library C:\Users\Raju Shrirame\AppData\Roaming\Code\User\globalStorage\redhat.java\1.41.1\config_win\org.eclipse.equinox.launcher\org.eclipse.equinox.launcher.win32.win32.x86_64_1.2.1300.v20250331-1702\eclipse_11911.dll

Deoptimization events (20 events):
Event: 1.804 Thread 0x000001aeef4115c0 Uncommon trap: trap_request=0xffffffde fr.pc=0x000001ae9e5e16b0 relative=0x0000000000000590
Event: 1.804 Thread 0x000001aeef4115c0 Uncommon trap: reason=class_check action=maybe_recompile pc=0x000001ae9e5e16b0 method=java.util.Collections$UnmodifiableCollection$1.<init>(Ljava/util/Collections$UnmodifiableCollection;)V @ 17 c2
Event: 1.804 Thread 0x000001aeef4115c0 DEOPT PACKING pc=0x000001ae9e5e16b0 sp=0x000000905d1fdce0
Event: 1.804 Thread 0x000001aeef4115c0 DEOPT UNPACKING pc=0x000001ae9dfd3aa2 sp=0x000000905d1fdc28 mode 2
Event: 1.804 Thread 0x000001aeef4115c0 Uncommon trap: trap_request=0xffffffde fr.pc=0x000001ae9e5e16b0 relative=0x0000000000000590
Event: 1.804 Thread 0x000001aeef4115c0 Uncommon trap: reason=class_check action=maybe_recompile pc=0x000001ae9e5e16b0 method=java.util.Collections$UnmodifiableCollection$1.<init>(Ljava/util/Collections$UnmodifiableCollection;)V @ 17 c2
Event: 1.804 Thread 0x000001aeef4115c0 DEOPT PACKING pc=0x000001ae9e5e16b0 sp=0x000000905d1fdad0
Event: 1.804 Thread 0x000001aeef4115c0 DEOPT UNPACKING pc=0x000001ae9dfd3aa2 sp=0x000000905d1fda18 mode 2
Event: 1.836 Thread 0x000001aeef4115c0 Uncommon trap: trap_request=0xffffff45 fr.pc=0x000001ae9e5994b4 relative=0x0000000000000094
Event: 1.836 Thread 0x000001aeef4115c0 Uncommon trap: reason=unstable_if action=reinterpret pc=0x000001ae9e5994b4 method=java.io.BufferedInputStream.getBufIfOpen(Z)[B @ 13 c2
Event: 1.836 Thread 0x000001aeef4115c0 DEOPT PACKING pc=0x000001ae9e5994b4 sp=0x000000905d1fddc0
Event: 1.836 Thread 0x000001aeef4115c0 DEOPT UNPACKING pc=0x000001ae9dfd3aa2 sp=0x000000905d1fdd40 mode 2
Event: 1.838 Thread 0x000001aeef4115c0 Uncommon trap: trap_request=0xffffff45 fr.pc=0x000001ae9e582864 relative=0x0000000000000da4
Event: 1.838 Thread 0x000001aeef4115c0 Uncommon trap: reason=unstable_if action=reinterpret pc=0x000001ae9e582864 method=java.lang.String.<init>(Ljava/nio/charset/Charset;[BII)V @ 6 c2
Event: 1.838 Thread 0x000001aeef4115c0 DEOPT PACKING pc=0x000001ae9e582864 sp=0x000000905d1fdd60
Event: 1.838 Thread 0x000001aeef4115c0 DEOPT UNPACKING pc=0x000001ae9dfd3aa2 sp=0x000000905d1fdd10 mode 2
Event: 1.854 Thread 0x000001aeef4115c0 Uncommon trap: trap_request=0xffffffc6 fr.pc=0x000001ae9e5e3d84 relative=0x0000000000000664
Event: 1.854 Thread 0x000001aeef4115c0 Uncommon trap: reason=bimorphic_or_optimized_type_check action=maybe_recompile pc=0x000001ae9e5e3d84 method=java.util.Collections$UnmodifiableCollection$1.<init>(Ljava/util/Collections$UnmodifiableCollection;)V @ 17 c2
Event: 1.854 Thread 0x000001aeef4115c0 DEOPT PACKING pc=0x000001ae9e5e3d84 sp=0x000000905d1fe0c0
Event: 1.854 Thread 0x000001aeef4115c0 DEOPT UNPACKING pc=0x000001ae9dfd3aa2 sp=0x000000905d1fe008 mode 2

Classes loaded (20 events):
Event: 1.834 Loading class java/util/MissingResourceException
Event: 1.835 Loading class java/util/MissingResourceException done
Event: 1.841 Loading class java/util/stream/StreamSpliterators$WrappingSpliterator
Event: 1.841 Loading class java/util/stream/StreamSpliterators$AbstractWrappingSpliterator
Event: 1.841 Loading class java/util/stream/StreamSpliterators$AbstractWrappingSpliterator done
Event: 1.841 Loading class java/util/stream/StreamSpliterators$WrappingSpliterator done
Event: 1.842 Loading class java/util/stream/SpinedBuffer
Event: 1.843 Loading class java/util/stream/AbstractSpinedBuffer
Event: 1.843 Loading class java/util/stream/AbstractSpinedBuffer done
Event: 1.843 Loading class java/util/stream/SpinedBuffer done
Event: 1.843 Loading class java/util/stream/StreamSpliterators
Event: 1.844 Loading class java/util/stream/StreamSpliterators done
Event: 1.844 Loading class java/util/function/BooleanSupplier
Event: 1.844 Loading class java/util/function/BooleanSupplier done
Event: 1.849 Loading class java/util/PropertyResourceBundle
Event: 1.850 Loading class java/util/PropertyResourceBundle done
Event: 1.850 Loading class sun/util/PropertyResourceBundleCharset
Event: 1.851 Loading class sun/util/PropertyResourceBundleCharset done
Event: 1.851 Loading class sun/util/PropertyResourceBundleCharset$PropertiesFileDecoder
Event: 1.851 Loading class sun/util/PropertyResourceBundleCharset$PropertiesFileDecoder done

Classes unloaded (0 events):
No events

Classes redefined (0 events):
No events

Internal exceptions (20 events):
Event: 0.806 Thread 0x000001ae9173e780 Implicit null exception at 0x000001ae9e5713c9 to 0x000001ae9e571d38
Event: 0.806 Thread 0x000001ae9173e780 Implicit null exception at 0x000001ae9e57871a to 0x000001ae9e578920
Event: 0.807 Thread 0x000001ae9173e780 Exception <a 'java/lang/NoSuchMethodError'{0x00000000eab308b8}: 'void java.lang.invoke.DirectMethodHandle$Holder.invokeStatic(java.lang.Object, java.lang.Object, java.lang.Object, java.lang.Object)'> (0x00000000eab308b8) 
thrown [s\src\hotspot\share\interpreter\linkResolver.cpp, line 773]
Event: 0.809 Thread 0x000001ae9173e780 Implicit null exception at 0x000001ae9e579c9a to 0x000001ae9e579ea4
Event: 0.809 Thread 0x000001ae9173e780 Implicit null exception at 0x000001ae9e5727bd to 0x000001ae9e572841
Event: 0.866 Thread 0x000001ae9173e780 Exception <a 'java/lang/NoSuchMethodError'{0x00000000eadadb60}: 'long java.lang.invoke.DirectMethodHandle$Holder.invokeStatic(java.lang.Object, java.lang.Object, int)'> (0x00000000eadadb60) 
thrown [s\src\hotspot\share\interpreter\linkResolver.cpp, line 773]
Event: 0.867 Thread 0x000001ae9173e780 Exception <a 'java/lang/NoSuchMethodError'{0x00000000eadb5668}: 'java.lang.Object java.lang.invoke.DirectMethodHandle$Holder.invokeSpecial(java.lang.Object, java.lang.Object, java.lang.Object, java.lang.Object, long)'> (0x00000000eadb5668) 
thrown [s\src\hotspot\share\interpreter\linkResolver.cpp, line 773]
Event: 0.869 Thread 0x000001ae9173e780 Exception <a 'java/lang/NoSuchMethodError'{0x00000000eadc32e8}: 'java.lang.Object java.lang.invoke.DirectMethodHandle$Holder.invokeSpecial(java.lang.Object, java.lang.Object, java.lang.Object, int, java.lang.Object)'> (0x00000000eadc32e8) 
thrown [s\src\hotspot\share\interpreter\linkResolver.cpp, line 773]
Event: 0.873 Thread 0x000001ae9173e780 Exception <a 'java/lang/NoSuchMethodError'{0x00000000eadda838}: 'java.lang.Object java.lang.invoke.Invokers$Holder.invokeExact_MT(java.lang.Object, java.lang.Object, java.lang.Object, java.lang.Object, java.lang.Object, java.lang.Object)'> (0x00000000eadda838) 
thrown [s\src\hotspot\share\interpreter\linkResolver.cpp, line 773]
Event: 0.878 Thread 0x000001ae9173e780 Exception <a 'java/lang/NoSuchMethodError'{0x00000000eadf4130}: 'int java.lang.invoke.DirectMethodHandle$Holder.invokeStaticInit(java.lang.Object, java.lang.Object, java.lang.Object, java.lang.Object)'> (0x00000000eadf4130) 
thrown [s\src\hotspot\share\interpreter\linkResolver.cpp, line 773]
Event: 0.881 Thread 0x000001ae9173e780 Exception <a 'java/lang/NoSuchMethodError'{0x00000000eadfc8e8}: 'java.lang.Object java.lang.invoke.DirectMethodHandle$Holder.invokeInterface(java.lang.Object, java.lang.Object)'> (0x00000000eadfc8e8) 
thrown [s\src\hotspot\share\interpreter\linkResolver.cpp, line 773]
Event: 0.881 Thread 0x000001ae9173e780 Exception <a 'java/lang/IncompatibleClassChangeError'{0x00000000eadffe20}: Found class java.lang.Object, but interface was expected> (0x00000000eadffe20) 
thrown [s\src\hotspot\share\interpreter\linkResolver.cpp, line 840]
Event: 0.883 Thread 0x000001ae9173e780 Exception <a 'java/lang/NoSuchMethodError'{0x00000000eae03fd8}: 'void java.lang.invoke.DirectMethodHandle$Holder.invokeStatic(java.lang.Object, java.lang.Object)'> (0x00000000eae03fd8) 
thrown [s\src\hotspot\share\interpreter\linkResolver.cpp, line 773]
Event: 0.883 Thread 0x000001ae9173e780 Exception <a 'java/lang/NoSuchMethodError'{0x00000000eae07380}: 'void java.lang.invoke.DirectMethodHandle$Holder.invokeStaticInit(java.lang.Object, java.lang.Object)'> (0x00000000eae07380) 
thrown [s\src\hotspot\share\interpreter\linkResolver.cpp, line 773]
Event: 0.885 Thread 0x000001ae9173e780 Exception <a 'java/lang/NoSuchMethodError'{0x00000000eae0e420}: 'int java.lang.invoke.DirectMethodHandle$Holder.invokeStaticInit(java.lang.Object, java.lang.Object)'> (0x00000000eae0e420) 
thrown [s\src\hotspot\share\interpreter\linkResolver.cpp, line 773]
Event: 0.944 Thread 0x000001ae9173e780 Exception <a 'java/lang/NoSuchMethodError'{0x00000000eaf71600}: 'void java.lang.invoke.DirectMethodHandle$Holder.invokeSpecial(java.lang.Object, java.lang.Object, java.lang.Object)'> (0x00000000eaf71600) 
thrown [s\src\hotspot\share\interpreter\linkResolver.cpp, line 773]
Event: 1.295 Thread 0x000001ae9173e780 Exception <a 'java/lang/NoSuchMethodError'{0x00000000eb96b8f0}: 'int java.lang.invoke.DirectMethodHandle$Holder.invokeVirtual(java.lang.Object, java.lang.Object)'> (0x00000000eb96b8f0) 
thrown [s\src\hotspot\share\interpreter\linkResolver.cpp, line 773]
Event: 1.437 Thread 0x000001ae9173e780 Exception <a 'java/lang/NoSuchMethodError'{0x00000000ebca8288}: 'java.lang.Object java.lang.invoke.DirectMethodHandle$Holder.newInvokeSpecial(java.lang.Object, int, java.lang.Object)'> (0x00000000ebca8288) 
thrown [s\src\hotspot\share\interpreter\linkResolver.cpp, line 773]
Event: 1.471 Thread 0x000001ae9173e780 Exception <a 'java/lang/NoSuchMethodError'{0x00000000ebe3af68}: 'java.lang.Object java.lang.invoke.DirectMethodHandle$Holder.newInvokeSpecial(java.lang.Object, java.lang.Object, java.lang.Object, java.lang.Object, int, java.lang.Object)'> (0x00000000ebe3af68) 
thrown [s\src\hotspot\share\interpreter\linkResolver.cpp, line 773]
Event: 1.712 Thread 0x000001ae9173e780 Exception <a 'java/lang/UnsatisfiedLinkError'{0x00000000ec2e5af0}: 'void org.eclipse.equinox.launcher.JNIBridge._update_splash()'> (0x00000000ec2e5af0) 
thrown [s\src\hotspot\share\prims\nativeLookup.cpp, line 415]

ZGC Phase Switch (0 events):
No events

VM Operations (20 events):
Event: 0.149 Executing VM operation: HandshakeAllThreads (Deoptimize)
Event: 0.149 Executing VM operation: HandshakeAllThreads (Deoptimize) done
Event: 0.462 Executing VM operation: HandshakeAllThreads (Deoptimize)
Event: 0.462 Executing VM operation: HandshakeAllThreads (Deoptimize) done
Event: 0.713 Executing VM operation: ICBufferFull
Event: 0.714 Executing VM operation: ICBufferFull done
Event: 0.792 Executing VM operation: ParallelGCFailedAllocation (Allocation Failure)
Event: 0.800 Executing VM operation: ParallelGCFailedAllocation (Allocation Failure) done
Event: 1.412 Executing VM operation: HandshakeAllThreads (Deoptimize)
Event: 1.412 Executing VM operation: HandshakeAllThreads (Deoptimize) done
Event: 1.423 Executing VM operation: HandshakeAllThreads (Deoptimize)
Event: 1.424 Executing VM operation: HandshakeAllThreads (Deoptimize) done
Event: 1.468 Executing VM operation: HandshakeAllThreads (Deoptimize)
Event: 1.468 Executing VM operation: HandshakeAllThreads (Deoptimize) done
Event: 1.706 Executing VM operation: ICBufferFull
Event: 1.706 Executing VM operation: ICBufferFull done
Event: 1.741 Executing VM operation: ParallelGCFailedAllocation (Allocation Failure)
Event: 1.749 Executing VM operation: ParallelGCFailedAllocation (Allocation Failure) done
Event: 1.847 Executing VM operation: HandshakeAllThreads (Deoptimize)
Event: 1.847 Executing VM operation: HandshakeAllThreads (Deoptimize) done

Memory protections (0 events):
No events

Nmethod flushes (0 events):
No events

Events (17 events):
Event: 0.026 Thread 0x000001ae9173e780 Thread added: 0x000001ae9173e780
Event: 0.043 Thread 0x000001ae9173e780 Thread added: 0x000001aea7bf7390
Event: 0.043 Thread 0x000001ae9173e780 Thread added: 0x000001aea7bf8780
Event: 0.043 Thread 0x000001ae9173e780 Thread added: 0x000001aea7bfbb80
Event: 0.043 Thread 0x000001ae9173e780 Thread added: 0x000001aea7bfca50
Event: 0.043 Thread 0x000001ae9173e780 Thread added: 0x000001aea7c003f0
Event: 0.043 Thread 0x000001ae9173e780 Thread added: 0x000001aea7c04340
Event: 0.044 Thread 0x000001ae9173e780 Thread added: 0x000001aea7c0e020
Event: 0.044 Thread 0x000001ae9173e780 Thread added: 0x000001aea7c11270
Event: 0.068 Thread 0x000001ae9173e780 Thread added: 0x000001ae93912130
Event: 0.197 Thread 0x000001aea7c0e020 Thread added: 0x000001aeea8f9ea0
Event: 0.311 Thread 0x000001ae9173e780 Thread added: 0x000001aeea8d8f70
Event: 0.468 Thread 0x000001aea7c11270 Thread added: 0x000001aeeaa2ce70
Event: 1.399 Thread 0x000001ae9173e780 Thread added: 0x000001aeef8af010
Event: 1.708 Thread 0x000001ae9173e780 Thread added: 0x000001aeef6b0920
Event: 1.771 Thread 0x000001aeef6b0920 Thread added: 0x000001aeef6d4d20
Event: 1.776 Thread 0x000001ae9173e780 Thread added: 0x000001aeef4115c0


Dynamic libraries:
0x00007ff6f5060000 - 0x00007ff6f506e000 	c:\Users\Raju Shrirame\.vscode\extensions\redhat.java-1.41.1-win32-x64\jre\21.0.6-win32-x86_64\bin\java.exe
0x00007ffeb12d0000 - 0x00007ffeb14c5000 	C:\Windows\SYSTEM32\ntdll.dll
0x00007ffeb1170000 - 0x00007ffeb122e000 	C:\Windows\System32\KERNEL32.DLL
0x00007ffeaf040000 - 0x00007ffeaf308000 	C:\Windows\System32\KERNELBASE.dll
0x00007ffeaef40000 - 0x00007ffeaf040000 	C:\Windows\System32\ucrtbase.dll
0x00007ffeaa1d0000 - 0x00007ffeaa1e8000 	c:\Users\Raju Shrirame\.vscode\extensions\redhat.java-1.41.1-win32-x64\jre\21.0.6-win32-x86_64\bin\jli.dll
0x00007ffea8540000 - 0x00007ffea855e000 	c:\Users\Raju Shrirame\.vscode\extensions\redhat.java-1.41.1-win32-x64\jre\21.0.6-win32-x86_64\bin\VCRUNTIME140.dll
0x00007ffeafe40000 - 0x00007ffeaffe1000 	C:\Windows\System32\USER32.dll
0x00007ffeaed50000 - 0x00007ffeaed72000 	C:\Windows\System32\win32u.dll
0x00007ffe9dff0000 - 0x00007ffe9e28a000 	C:\Windows\WinSxS\amd64_microsoft.windows.common-controls_6595b64144ccf1df_6.0.19041.1110_none_60b5254171f9507e\COMCTL32.dll
0x00007ffeb0960000 - 0x00007ffeb098b000 	C:\Windows\System32\GDI32.dll
0x00007ffeaf520000 - 0x00007ffeaf5be000 	C:\Windows\System32\msvcrt.dll
0x00007ffeaee30000 - 0x00007ffeaef3d000 	C:\Windows\System32\gdi32full.dll
0x00007ffeaebf0000 - 0x00007ffeaec8d000 	C:\Windows\System32\msvcp_win.dll
0x00007ffeaf490000 - 0x00007ffeaf4c0000 	C:\Windows\System32\IMM32.DLL
0x00007ffeaa1c0000 - 0x00007ffeaa1cc000 	c:\Users\Raju Shrirame\.vscode\extensions\redhat.java-1.41.1-win32-x64\jre\21.0.6-win32-x86_64\bin\vcruntime140_1.dll
0x00007ffea0fe0000 - 0x00007ffea106d000 	c:\Users\Raju Shrirame\.vscode\extensions\redhat.java-1.41.1-win32-x64\jre\21.0.6-win32-x86_64\bin\msvcp140.dll
0x00007ffe78760000 - 0x00007ffe794f0000 	c:\Users\Raju Shrirame\.vscode\extensions\redhat.java-1.41.1-win32-x64\jre\21.0.6-win32-x86_64\bin\server\jvm.dll
0x00007ffeb0f70000 - 0x00007ffeb101c000 	C:\Windows\System32\ADVAPI32.dll
0x00007ffeb0120000 - 0x00007ffeb01bb000 	C:\Windows\System32\sechost.dll
0x00007ffeb1020000 - 0x00007ffeb114a000 	C:\Windows\System32\RPCRT4.dll
0x00007ffeafff0000 - 0x00007ffeb005b000 	C:\Windows\System32\WS2_32.dll
0x00007ffeae850000 - 0x00007ffeae89b000 	C:\Windows\SYSTEM32\POWRPROF.dll
0x00007ffea57b0000 - 0x00007ffea57d7000 	C:\Windows\SYSTEM32\WINMM.dll
0x00007ffea69f0000 - 0x00007ffea69fa000 	C:\Windows\SYSTEM32\VERSION.dll
0x00007ffeae830000 - 0x00007ffeae842000 	C:\Windows\SYSTEM32\UMPDC.dll
0x00007ffead260000 - 0x00007ffead272000 	C:\Windows\SYSTEM32\kernel.appcore.dll
0x00007ffea8530000 - 0x00007ffea853a000 	c:\Users\Raju Shrirame\.vscode\extensions\redhat.java-1.41.1-win32-x64\jre\21.0.6-win32-x86_64\bin\jimage.dll
0x00007ffeac560000 - 0x00007ffeac744000 	C:\Windows\SYSTEM32\DBGHELP.DLL
0x00007ffe9bdd0000 - 0x00007ffe9bdfc000 	C:\Windows\SYSTEM32\dbgcore.DLL
0x00007ffeaecc0000 - 0x00007ffeaed42000 	C:\Windows\System32\bcryptPrimitives.dll
0x00007ffea84e0000 - 0x00007ffea84ef000 	c:\Users\Raju Shrirame\.vscode\extensions\redhat.java-1.41.1-win32-x64\jre\21.0.6-win32-x86_64\bin\instrument.dll
0x00007ffea83a0000 - 0x00007ffea83bf000 	c:\Users\Raju Shrirame\.vscode\extensions\redhat.java-1.41.1-win32-x64\jre\21.0.6-win32-x86_64\bin\java.dll
0x00007ffeaf5c0000 - 0x00007ffeafd04000 	C:\Windows\System32\SHELL32.dll
0x00007ffeacab0000 - 0x00007ffead244000 	C:\Windows\SYSTEM32\windows.storage.dll
0x00007ffeb0b30000 - 0x00007ffeb0e85000 	C:\Windows\System32\combase.dll
0x00007ffeae360000 - 0x00007ffeae38e000 	C:\Windows\SYSTEM32\Wldp.dll
0x00007ffeb0060000 - 0x00007ffeb010d000 	C:\Windows\System32\SHCORE.dll
0x00007ffeaf430000 - 0x00007ffeaf485000 	C:\Windows\System32\shlwapi.dll
0x00007ffeae920000 - 0x00007ffeae93f000 	C:\Windows\SYSTEM32\profapi.dll
0x00007ffeaa410000 - 0x00007ffeaa428000 	c:\Users\Raju Shrirame\.vscode\extensions\redhat.java-1.41.1-win32-x64\jre\21.0.6-win32-x86_64\bin\zip.dll
0x00007ffeaa3f0000 - 0x00007ffeaa400000 	C:\Users\Raju Shrirame\.vscode\extensions\redhat.java-1.41.1-win32-x64\jre\21.0.6-win32-x86_64\bin\net.dll
0x00007ffea22d0000 - 0x00007ffea23dc000 	C:\Windows\SYSTEM32\WINHTTP.dll
0x00007ffeae0c0000 - 0x00007ffeae12a000 	C:\Windows\system32\mswsock.dll
0x00007ffeaa3d0000 - 0x00007ffeaa3e6000 	C:\Users\Raju Shrirame\.vscode\extensions\redhat.java-1.41.1-win32-x64\jre\21.0.6-win32-x86_64\bin\nio.dll
0x00007ffeaa3c0000 - 0x00007ffeaa3d0000 	c:\Users\Raju Shrirame\.vscode\extensions\redhat.java-1.41.1-win32-x64\jre\21.0.6-win32-x86_64\bin\verify.dll
0x00007ffea11f0000 - 0x00007ffea1235000 	C:\Users\Raju Shrirame\AppData\Roaming\Code\User\globalStorage\redhat.java\1.41.1\config_win\org.eclipse.equinox.launcher\org.eclipse.equinox.launcher.win32.win32.x86_64_1.2.1300.v20250331-1702\eclipse_11911.dll
0x00007ffeafd10000 - 0x00007ffeafe3a000 	C:\Windows\System32\ole32.dll

dbghelp: loaded successfully - version: 4.0.5 - missing functions: none
symbol engine: initialized successfully - sym options: 0x614 - pdb path: .;c:\Users\Raju Shrirame\.vscode\extensions\redhat.java-1.41.1-win32-x64\jre\21.0.6-win32-x86_64\bin;C:\Windows\SYSTEM32;C:\Windows\WinSxS\amd64_microsoft.windows.common-controls_6595b64144ccf1df_6.0.19041.1110_none_60b5254171f9507e;c:\Users\Raju Shrirame\.vscode\extensions\redhat.java-1.41.1-win32-x64\jre\21.0.6-win32-x86_64\bin\server;C:\Users\Raju Shrirame\AppData\Roaming\Code\User\globalStorage\redhat.java\1.41.1\config_win\org.eclipse.equinox.launcher\org.eclipse.equinox.launcher.win32.win32.x86_64_1.2.1300.v20250331-1702

VM Arguments:
jvm_args: --add-modules=ALL-SYSTEM --add-opens=java.base/java.util=ALL-UNNAMED --add-opens=java.base/java.lang=ALL-UNNAMED --add-opens=java.base/sun.nio.fs=ALL-UNNAMED -Declipse.application=org.eclipse.jdt.ls.core.id1 -Dosgi.bundles.defaultStartLevel=4 -Declipse.product=org.eclipse.jdt.ls.core.product -Djava.import.generatesMetadataFilesAtProjectRoot=false -DDetectVMInstallationsJob.disabled=true -Dfile.encoding=utf8 -XX:+UseParallelGC -XX:GCTimeRatio=4 -XX:AdaptiveSizePolicyWeight=90 -Dsun.zip.disableMemoryMapping=true -Xmx1G -Xms100m -Xlog:disable -javaagent:c:\Users\Raju Shrirame\.vscode\extensions\redhat.java-1.41.1-win32-x64\lombok\lombok-1.18.36.jar -XX:+HeapDumpOnOutOfMemoryError -XX:HeapDumpPath=c:\Users\Raju Shrirame\AppData\Roaming\Code\User\workspaceStorage\bf5354fa548733c8218dcee6b927070a\redhat.java -Daether.dependencyCollector.impl=bf 
java_command: c:\Users\Raju Shrirame\.vscode\extensions\redhat.java-1.41.1-win32-x64\server\plugins\org.eclipse.equinox.launcher_1.7.0.v20250331-1702.jar -configuration c:\Users\Raju Shrirame\AppData\Roaming\Code\User\globalStorage\redhat.java\1.41.1\config_win -data c:\Users\Raju Shrirame\AppData\Roaming\Code\User\workspaceStorage\bf5354fa548733c8218dcee6b927070a\redhat.java\jdt_ws --pipe=\\.\pipe\lsp-d77b42f43946271baba985493629a5ba-sock
java_class_path (initial): c:\Users\Raju Shrirame\.vscode\extensions\redhat.java-1.41.1-win32-x64\server\plugins\org.eclipse.equinox.launcher_1.7.0.v20250331-1702.jar
Launcher Type: SUN_STANDARD

[Global flags]
    uintx AdaptiveSizePolicyWeight                 = 90                                        {product} {command line}
     intx CICompilerCount                          = 4                                         {product} {ergonomic}
    uintx GCTimeRatio                              = 4                                         {product} {command line}
     bool HeapDumpOnOutOfMemoryError               = true                                   {manageable} {command line}
    ccstr HeapDumpPath                             = c:\Users\Raju Shrirame\AppData\Roaming\Code\User\workspaceStorage\bf5354fa548733c8218dcee6b927070a\redhat.java         {manageable} {command line}
   size_t InitialHeapSize                          = 104857600                                 {product} {command line}
   size_t MaxHeapSize                              = 1073741824                                {product} {command line}
   size_t MaxNewSize                               = 357564416                                 {product} {ergonomic}
   size_t MinHeapDeltaBytes                        = 524288                                    {product} {ergonomic}
   size_t MinHeapSize                              = 104857600                                 {product} {command line}
   size_t NewSize                                  = 34603008                                  {product} {ergonomic}
    uintx NonNMethodCodeHeapSize                   = 5839372                                {pd product} {ergonomic}
    uintx NonProfiledCodeHeapSize                  = 122909434                              {pd product} {ergonomic}
   size_t OldSize                                  = 70254592                                  {product} {ergonomic}
    uintx ProfiledCodeHeapSize                     = 122909434                              {pd product} {ergonomic}
    uintx ReservedCodeCacheSize                    = 251658240                              {pd product} {ergonomic}
     bool SegmentedCodeCache                       = true                                      {product} {ergonomic}
   size_t SoftMaxHeapSize                          = 1073741824                             {manageable} {ergonomic}
     bool UseCompressedOops                        = true                           {product lp64_product} {ergonomic}
     bool UseLargePagesIndividualAllocation        = false                                  {pd product} {ergonomic}
     bool UseParallelGC                            = true                                      {product} {command line}

Logging:
Log output configuration:
 #0: stdout all=off uptime,level,tags foldmultilines=false
 #1: stderr all=off uptime,level,tags foldmultilines=false

Environment Variables:
JAVA_HOME=C:\Program Files\Amazon Corretto\jdk17.0.13_11
PATH=C:\Program Files\Amazon Corretto\jdk17.0.13_11\bin;C:\Python312\Scripts\;C:\Python312\;C:\Program Files\Amazon Corretto\jdk11.0.23_9\bin;C:\ProgramData\Oracle\Java\javapath;C:\Windows\system32;C:\Windows;C:\Windows\System32\Wbem;C:\Windows\System32\WindowsPowerShell\v1.0\;C:\Windows\System32\OpenSSH\;C:\Windows\IsmFiles;C:\Program Files\dotnet\;C:\MinGW\bin;C:\ProgramData\chocolatey\bin;C:\ProgramData\chocolatey\lib\maven\apache-maven-3.9.8\bin;C:\Program Files\Amazon\AWSCLIV2\;C:\Program Files\Microsoft VS Code\bin;C:\Program Files\nodejs\;C:\Program Files\Git\cmd;C:\Program Files\Git\mingw64\bin;C:\Program Files\Git\usr\bin;C:\Program Files\Vagrant\bin;C:\Users\Raju Shrirame\AppData\Local\Microsoft\WindowsApps;C:\MinGW\bin;C:\Users\Raju Shrirame\AppData\Local\Programs\Microsoft VS Code\bin;C:\Users\Raju Shrirame\AppData\Local\spicetify;C:\Program Files\Oracle\VirtualBox;C:\Users\Raju Shrirame\AppData\Roaming\npm;D:\mongoDB shell\
USERNAME=Raju Shrirame
OS=Windows_NT
PROCESSOR_IDENTIFIER=AMD64 Family 23 Model 24 Stepping 1, AuthenticAMD
TMP=C:\Users\RAJUSH~1\AppData\Local\Temp
TEMP=C:\Users\RAJUSH~1\AppData\Local\Temp




Periodic native trim disabled

---------------  S Y S T E M  ---------------

OS:
 Windows 10 , 64 bit Build 19041 (10.0.19041.1348)
OS uptime: 0 days 5:22 hours

CPU: total 8 (initial active 8) (8 cores per cpu, 2 threads per core) family 23 model 24 stepping 1 microcode 0x0, cx8, cmov, fxsr, ht, mmx, 3dnowpref, sse, sse2, sse3, ssse3, sse4a, sse4.1, sse4.2, popcnt, lzcnt, tsc, tscinvbit, avx, avx2, aes, clmul, bmi1, bmi2, adx, sha, fma, vzeroupper, clflush, clflushopt, rdtscp, f16c
Processor Information for the first 8 processors :
  Max Mhz: 2100, Current Mhz: 2100, Mhz Limit: 2100

Memory: 4k page, system-wide physical 6091M (934M free)
TotalPageFile size 6091M (AvailPageFile size 447M)
current process WorkingSet (physical memory assigned to process): 95M, peak: 95M
current process commit charge ("private bytes"): 208M, peak: 208M

vm_info: OpenJDK 64-Bit Server VM (21.0.6+7-LTS) for windows-amd64 JRE (21.0.6+7-LTS), built on 2025-01-21T00:00:00Z by "admin" with MS VC++ 17.7 (VS2022)

END.
