#
# There is insufficient memory for the Java Runtime Environment to continue.
# Native memory allocation (malloc) failed to allocate 32744 bytes. Error detail: Chunk::new
# Possible reasons:
#   The system is out of physical RAM or swap space
#   This process is running with CompressedOops enabled, and the Java Heap may be blocking the growth of the native heap
# Possible solutions:
#   Reduce memory load on the system
#   Increase physical memory or swap space
#   Check if swap backing store is full
#   Decrease Java heap size (-Xmx/-Xms)
#   Decrease number of Java threads
#   Decrease Java thread stack sizes (-Xss)
#   Set larger code cache with -XX:ReservedCodeCacheSize=
#   JVM is running with Unscaled Compressed Oops mode in which the Java heap is
#     placed in the first 4GB address space. The Java Heap base address is the
#     maximum limit for the native heap growth. Please use -XX:HeapBaseMinAddress
#     to set the Java Heap base and to place the Java Heap above 4GB virtual address.
# This output file may be truncated or incomplete.
#
#  Out of Memory Error (arena.cpp:168), pid=2640, tid=1904
#
# JRE version: OpenJDK Runtime Environment Temurin-21.0.6+7 (21.0.6+7) (build 21.0.6+7-LTS)
# Java VM: OpenJDK 64-Bit Server VM Temurin-21.0.6+7 (21.0.6+7-LTS, mixed mode, sharing, tiered, compressed oops, compressed class ptrs, parallel gc, windows-amd64)
# No core dump will be written. Minidumps are not enabled by default on client versions of Windows
#

---------------  S U M M A R Y ------------

Command Line: --add-modules=ALL-SYSTEM --add-opens=java.base/java.util=ALL-UNNAMED --add-opens=java.base/java.lang=ALL-UNNAMED --add-opens=java.base/sun.nio.fs=ALL-UNNAMED -Declipse.application=org.eclipse.jdt.ls.core.id1 -Dosgi.bundles.defaultStartLevel=4 -Declipse.product=org.eclipse.jdt.ls.core.product -Djava.import.generatesMetadataFilesAtProjectRoot=false -DDetectVMInstallationsJob.disabled=true -Dfile.encoding=utf8 -XX:+UseParallelGC -XX:GCTimeRatio=4 -XX:AdaptiveSizePolicyWeight=90 -Dsun.zip.disableMemoryMapping=true -Xmx1G -Xms100m -Xlog:disable -javaagent:c:\Users\Raju Shrirame\.vscode\extensions\redhat.java-1.41.1-win32-x64\lombok\lombok-1.18.36.jar c:\Users\Raju Shrirame\.vscode\extensions\redhat.java-1.41.1-win32-x64\server\plugins\org.eclipse.equinox.launcher_1.7.0.v20250331-1702.jar -configuration c:\Users\Raju Shrirame\AppData\Roaming\Code\User\globalStorage\redhat.java\1.41.1\config_ss_win -data c:\Users\Raju Shrirame\AppData\Roaming\Code\User\workspaceStorage\bf5354fa548733c8218dcee6b927070a\redhat.java\ss_ws --pipe=\\.\pipe\lsp-48dd7288db21c1fad49be9641a28fd1a-sock

Host: AMD Ryzen 5 3500U with Radeon Vega Mobile Gfx  , 8 cores, 5G,  Windows 10 , 64 bit Build 19041 (10.0.19041.1348)
Time: Thu Apr 17 20:39:28 2025 India Standard Time elapsed time: 4.325889 seconds (0d 0h 0m 4s)

---------------  T H R E A D  ---------------

Current thread (0x000002677ed72f50):  JavaThread "Start Level: Equinox Container: 89a32c23-4ffa-4398-9a94-760e6b55252f" daemon [_thread_in_vm, id=1904, stack(0x000000d044c00000,0x000000d044d00000) (1024K)]

Stack: [0x000000d044c00000,0x000000d044d00000]
Native frames: (J=compiled Java code, j=interpreted, Vv=VM code, C=native code)
V  [jvm.dll+0x6cdee9]
V  [jvm.dll+0x8a83d1]
V  [jvm.dll+0x8aa8fe]
V  [jvm.dll+0x8aafe3]
V  [jvm.dll+0x27f706]
V  [jvm.dll+0xc500d]
V  [jvm.dll+0xc5543]
V  [jvm.dll+0x3dfdb5]
V  [jvm.dll+0x3e4fae]
V  [jvm.dll+0x20dfc3]
V  [jvm.dll+0x20d79d]
V  [jvm.dll+0x5ae416]
V  [jvm.dll+0x821736]
V  [jvm.dll+0x471736]
V  [jvm.dll+0x477608]
C  [java.dll+0x17ec]

Java frames: (J=compiled Java code, j=interpreted, Vv=VM code)
J 1054  java.lang.ClassLoader.defineClass1(Ljava/lang/ClassLoader;Ljava/lang/String;[BIILjava/security/ProtectionDomain;Ljava/lang/String;)Ljava/lang/Class; java.base@21.0.6 (0 bytes) @ 0x0000026732be2091 [0x0000026732be1fc0+0x00000000000000d1]
J 1874 c1 java.lang.ClassLoader.defineClass(Ljava/lang/String;[BIILjava/security/ProtectionDomain;)Ljava/lang/Class; java.base@21.0.6 (43 bytes) @ 0x000002672b4086fc [0x000002672b4083a0+0x000000000000035c]
j  java.lang.ClassLoader.defineClass(Ljava/lang/String;[BII)Ljava/lang/Class;+7 java.base@21.0.6
j  lombok.launch.ShadowClassLoader.urlToDefineClass(Ljava/lang/String;Ljava/net/URL;Z)Ljava/lang/Class;+155
j  lombok.launch.ShadowClassLoader.loadClass(Ljava/lang/String;Z)Ljava/lang/Class;+238
J 1104 c1 java.lang.ClassLoader.loadClass(Ljava/lang/String;)Ljava/lang/Class; java.base@21.0.6 (7 bytes) @ 0x000002672b2796d4 [0x000002672b2795c0+0x0000000000000114]
v  ~StubRoutines::call_stub 0x00000267325e100d
j  lombok.patcher.scripts.SetSymbolDuringMethodCallScript.createPatcher(Lorg/lombokweb/asm/ClassWriter;Ljava/lang/String;Llombok/patcher/TransplantMapper;)Llombok/patcher/PatchScript$MethodPatcher;+16
j  lombok.patcher.scripts.MethodLevelPatchScript.createClassVisitor(Lorg/lombokweb/asm/ClassWriter;Ljava/lang/String;Llombok/patcher/TransplantMapper;)Lorg/lombokweb/asm/ClassVisitor;+4
j  lombok.patcher.PatchScript.runASM([BZLlombok/patcher/TransplantMapper;)[B+77
J 1561 c2 lombok.patcher.scripts.MethodLevelPatchScript.patch(Ljava/lang/String;[BLlombok/patcher/TransplantMapper;)[B (21 bytes) @ 0x0000026732c20fb0 [0x0000026732c20f20+0x0000000000000090]
J 1597 c2 lombok.patcher.ScriptManager$OurClassFileTransformer.transform(Ljava/lang/ClassLoader;Ljava/lang/String;Ljava/lang/Class;Ljava/security/ProtectionDomain;[B)[B (364 bytes) @ 0x0000026732c272f4 [0x0000026732c26d40+0x00000000000005b4]
J 707 c1 java.lang.instrument.ClassFileTransformer.transform(Ljava/lang/Module;Ljava/lang/ClassLoader;Ljava/lang/String;Ljava/lang/Class;Ljava/security/ProtectionDomain;[B)[B java.instrument@21.0.6 (15 bytes) @ 0x000002672b1b6f0c [0x000002672b1b6e40+0x00000000000000cc]
J 708 c1 sun.instrument.TransformerManager.transform(Ljava/lang/Module;Ljava/lang/ClassLoader;Ljava/lang/String;Ljava/lang/Class;Ljava/security/ProtectionDomain;[B)[B java.instrument@21.0.6 (100 bytes) @ 0x000002672b1b5dfc [0x000002672b1b5be0+0x000000000000021c]
J 662 c1 sun.instrument.InstrumentationImpl.transform(Ljava/lang/Module;Ljava/lang/ClassLoader;Ljava/lang/String;Ljava/lang/Class;Ljava/security/ProtectionDomain;[BZ)[B java.instrument@21.0.6 (73 bytes) @ 0x000002672b1a20cc [0x000002672b1a1e60+0x000000000000026c]
v  ~StubRoutines::call_stub 0x00000267325e100d
J 1054  java.lang.ClassLoader.defineClass1(Ljava/lang/ClassLoader;Ljava/lang/String;[BIILjava/security/ProtectionDomain;Ljava/lang/String;)Ljava/lang/Class; java.base@21.0.6 (0 bytes) @ 0x0000026732be2091 [0x0000026732be1fc0+0x00000000000000d1]
J 1874 c1 java.lang.ClassLoader.defineClass(Ljava/lang/String;[BIILjava/security/ProtectionDomain;)Ljava/lang/Class; java.base@21.0.6 (43 bytes) @ 0x000002672b4086fc [0x000002672b4083a0+0x000000000000035c]
J 2361 c1 org.eclipse.osgi.internal.loader.ModuleClassLoader.defineClass(Ljava/lang/String;[BLorg/eclipse/osgi/internal/loader/classpath/ClasspathEntry;)Lorg/eclipse/osgi/internal/loader/ModuleClassLoader$DefineClassResult; (67 bytes) @ 0x000002672b52613c [0x000002672b525e20+0x000000000000031c]
J 1954 c1 org.eclipse.osgi.internal.loader.classpath.ClasspathManager.defineClass(Ljava/lang/String;[BLorg/eclipse/osgi/internal/loader/classpath/ClasspathEntry;Lorg/eclipse/osgi/storage/bundlefile/BundleEntry;Ljava/util/List;)Ljava/lang/Class; (636 bytes) @ 0x000002672b43c3f4 [0x000002672b43a940+0x0000000000001ab4]
J 2114 c1 org.eclipse.osgi.internal.loader.classpath.ClasspathManager.findClassImpl(Ljava/lang/String;Lorg/eclipse/osgi/internal/loader/classpath/ClasspathEntry;Ljava/util/List;)Ljava/lang/Class; (343 bytes) @ 0x000002672b48ca04 [0x000002672b489440+0x00000000000035c4]
J 2116 c1 org.eclipse.osgi.internal.loader.classpath.ClasspathManager.findLocalClassImpl(Ljava/lang/String;[Lorg/eclipse/osgi/internal/loader/classpath/ClasspathEntry;Ljava/util/List;)Ljava/lang/Class; (55 bytes) @ 0x000002672b490d64 [0x000002672b490be0+0x0000000000000184]
J 2161 c1 org.eclipse.osgi.internal.loader.classpath.ClasspathManager.findLocalClassImpl(Ljava/lang/String;Ljava/util/List;)Ljava/lang/Class; (132 bytes) @ 0x000002672b4a9614 [0x000002672b4a90e0+0x0000000000000534]
J 2012 c1 org.eclipse.osgi.internal.loader.classpath.ClasspathManager.findLocalClass(Ljava/lang/String;)Ljava/lang/Class; (210 bytes) @ 0x000002672b4544a4 [0x000002672b4537e0+0x0000000000000cc4]
J 2038 c1 org.eclipse.osgi.internal.loader.BundleLoader.findLocalClass(Ljava/lang/String;)Ljava/lang/Class; (166 bytes) @ 0x000002672b46555c [0x000002672b4649c0+0x0000000000000b9c]
J 1885 c1 org.eclipse.osgi.internal.loader.BundleLoader.findClass0(Ljava/lang/String;ZZ)Ljava/lang/Class; (491 bytes) @ 0x000002672b4110c4 [0x000002672b40e120+0x0000000000002fa4]
J 1844 c1 org.eclipse.osgi.internal.loader.BundleLoader.findClass(Ljava/lang/String;)Ljava/lang/Class; (8 bytes) @ 0x000002672b3f764c [0x000002672b3f75c0+0x000000000000008c]
J 1845 c1 org.eclipse.osgi.internal.loader.ModuleClassLoader.loadClass(Ljava/lang/String;Z)Ljava/lang/Class; (36 bytes) @ 0x000002672b3f7bcc [0x000002672b3f79a0+0x000000000000022c]
J 1104 c1 java.lang.ClassLoader.loadClass(Ljava/lang/String;)Ljava/lang/Class; java.base@21.0.6 (7 bytes) @ 0x000002672b2796d4 [0x000002672b2795c0+0x0000000000000114]
v  ~StubRoutines::call_stub 0x00000267325e100d
j  org.eclipse.jdt.internal.core.JavaModelManager$8.optionsChanged(Lorg/eclipse/osgi/service/debug/DebugOptions;)V+750
j  org.eclipse.osgi.internal.debug.FrameworkDebugOptions.addingService(Lorg/osgi/framework/ServiceReference;)Lorg/eclipse/osgi/service/debug/DebugOptionsListener;+16
j  org.eclipse.osgi.internal.debug.FrameworkDebugOptions.addingService(Lorg/osgi/framework/ServiceReference;)Ljava/lang/Object;+5
j  org.osgi.util.tracker.ServiceTracker$Tracked.customizerAdding(Lorg/osgi/framework/ServiceReference;Lorg/osgi/framework/ServiceEvent;)Ljava/lang/Object;+8
j  org.osgi.util.tracker.ServiceTracker$Tracked.customizerAdding(Ljava/lang/Object;Ljava/lang/Object;)Ljava/lang/Object;+9
j  org.osgi.util.tracker.AbstractTracked.trackAdding(Ljava/lang/Object;Ljava/lang/Object;)V+8
j  org.osgi.util.tracker.AbstractTracked.track(Ljava/lang/Object;Ljava/lang/Object;)V+83
j  org.osgi.util.tracker.ServiceTracker$Tracked.serviceChanged(Lorg/osgi/framework/ServiceEvent;)V+67
J 1978 c1 org.eclipse.osgi.internal.serviceregistry.FilteredServiceListener.serviceChanged(Lorg/osgi/framework/ServiceEvent;)V (296 bytes) @ 0x000002672b4454b4 [0x000002672b442ba0+0x0000000000002914]
J 1813 c1 org.eclipse.osgi.internal.framework.BundleContextImpl.dispatchEvent(Ljava/lang/Object;Ljava/lang/Object;ILjava/lang/Object;)V (577 bytes) @ 0x000002672b3e3d54 [0x000002672b3e0480+0x00000000000038d4]
J 2057 c1 org.eclipse.osgi.framework.eventmgr.EventManager.dispatchEvent(Ljava/util/Set;Lorg/eclipse/osgi/framework/eventmgr/EventDispatcher;ILjava/lang/Object;)V (69 bytes) @ 0x000002672b470bd4 [0x000002672b4706c0+0x0000000000000514]
j  org.eclipse.osgi.framework.eventmgr.ListenerQueue.dispatchEventSynchronous(ILjava/lang/Object;)V+67
j  org.eclipse.osgi.internal.serviceregistry.ServiceRegistry.publishServiceEventPrivileged(Lorg/osgi/framework/ServiceEvent;)V+320
j  org.eclipse.osgi.internal.serviceregistry.ServiceRegistry.publishServiceEvent(Lorg/osgi/framework/ServiceEvent;)V+8
j  org.eclipse.osgi.internal.serviceregistry.ServiceRegistrationImpl.register(Ljava/util/Dictionary;)V+137
j  org.eclipse.osgi.internal.serviceregistry.ServiceRegistry.registerService(Lorg/eclipse/osgi/internal/framework/BundleContextImpl;[Ljava/lang/String;Ljava/lang/Object;Ljava/util/Dictionary;)Lorg/eclipse/osgi/internal/serviceregistry/ServiceRegistrationImpl;+316
j  org.eclipse.osgi.internal.framework.BundleContextImpl.registerService([Ljava/lang/String;Ljava/lang/Object;Ljava/util/Dictionary;)Lorg/osgi/framework/ServiceRegistration;+15
j  org.eclipse.osgi.internal.framework.BundleContextImpl.registerService(Ljava/lang/String;Ljava/lang/Object;Ljava/util/Dictionary;)Lorg/osgi/framework/ServiceRegistration;+15
j  org.eclipse.osgi.internal.framework.BundleContextImpl.registerService(Ljava/lang/Class;Ljava/lang/Object;Ljava/util/Dictionary;)Lorg/osgi/framework/ServiceRegistration;+7
j  org.eclipse.jdt.internal.core.JavaModelManager.registerDebugOptionsListener(Lorg/osgi/framework/BundleContext;)V+32
j  org.eclipse.jdt.core.JavaCore.start(Lorg/osgi/framework/BundleContext;)V+6
j  org.eclipse.osgi.internal.framework.BundleContextImpl$2.run()Ljava/lang/Void;+23
j  org.eclipse.osgi.internal.framework.BundleContextImpl$2.run()Ljava/lang/Object;+1
J 1094 c1 java.security.AccessController.executePrivileged(Ljava/security/PrivilegedExceptionAction;Ljava/security/AccessControlContext;Ljava/lang/Class;)Ljava/lang/Object; java.base@21.0.6 (65 bytes) @ 0x000002672b276e44 [0x000002672b276ce0+0x0000000000000164]
j  java.security.AccessController.doPrivileged(Ljava/security/PrivilegedExceptionAction;)Ljava/lang/Object;+9 java.base@21.0.6
j  org.eclipse.osgi.internal.framework.BundleContextImpl.startActivator(Lorg/osgi/framework/BundleActivator;)V+9
j  org.eclipse.osgi.internal.framework.BundleContextImpl.start()V+141
j  org.eclipse.osgi.internal.framework.EquinoxBundle.startWorker0()V+35
j  org.eclipse.osgi.internal.framework.EquinoxBundle$EquinoxModule.startWorker()V+4
j  org.eclipse.osgi.container.Module.doStart([Lorg/eclipse/osgi/container/Module$StartOptions;)Lorg/eclipse/osgi/container/ModuleContainerAdaptor$ModuleEvent;+200
j  org.eclipse.osgi.container.Module.start([Lorg/eclipse/osgi/container/Module$StartOptions;)V+460
j  org.eclipse.osgi.framework.util.SecureAction.start(Lorg/eclipse/osgi/container/Module;[Lorg/eclipse/osgi/container/Module$StartOptions;)V+8
J 1928 c1 org.eclipse.osgi.internal.hooks.EclipseLazyStarter.postFindLocalClass(Ljava/lang/String;Ljava/lang/Class;Lorg/eclipse/osgi/internal/loader/classpath/ClasspathManager;)V (394 bytes) @ 0x000002672b42a894 [0x000002672b4298c0+0x0000000000000fd4]
J 2012 c1 org.eclipse.osgi.internal.loader.classpath.ClasspathManager.findLocalClass(Ljava/lang/String;)Ljava/lang/Class; (210 bytes) @ 0x000002672b4547f4 [0x000002672b4537e0+0x0000000000001014]
J 2038 c1 org.eclipse.osgi.internal.loader.BundleLoader.findLocalClass(Ljava/lang/String;)Ljava/lang/Class; (166 bytes) @ 0x000002672b46555c [0x000002672b4649c0+0x0000000000000b9c]
j  org.eclipse.osgi.internal.loader.sources.SingleSourcePackage.loadClass(Ljava/lang/String;)Ljava/lang/Class;+5
J 1885 c1 org.eclipse.osgi.internal.loader.BundleLoader.findClass0(Ljava/lang/String;ZZ)Ljava/lang/Class; (491 bytes) @ 0x000002672b410fcc [0x000002672b40e120+0x0000000000002eac]
J 1844 c1 org.eclipse.osgi.internal.loader.BundleLoader.findClass(Ljava/lang/String;)Ljava/lang/Class; (8 bytes) @ 0x000002672b3f764c [0x000002672b3f75c0+0x000000000000008c]
J 1845 c1 org.eclipse.osgi.internal.loader.ModuleClassLoader.loadClass(Ljava/lang/String;Z)Ljava/lang/Class; (36 bytes) @ 0x000002672b3f7bcc [0x000002672b3f79a0+0x000000000000022c]
J 1104 c1 java.lang.ClassLoader.loadClass(Ljava/lang/String;)Ljava/lang/Class; java.base@21.0.6 (7 bytes) @ 0x000002672b2796d4 [0x000002672b2795c0+0x0000000000000114]
v  ~StubRoutines::call_stub 0x00000267325e100d
j  java.lang.Class.getDeclaredConstructors0(Z)[Ljava/lang/reflect/Constructor;+0 java.base@21.0.6
j  java.lang.Class.privateGetDeclaredConstructors(Z)[Ljava/lang/reflect/Constructor;+52 java.base@21.0.6
j  java.lang.Class.getConstructor0([Ljava/lang/Class;I)Ljava/lang/reflect/Constructor;+14 java.base@21.0.6
j  java.lang.Class.getConstructor([Ljava/lang/Class;)Ljava/lang/reflect/Constructor;+24 java.base@21.0.6
j  org.eclipse.osgi.internal.framework.BundleContextImpl.loadBundleActivator()Lorg/osgi/framework/BundleActivator;+105
j  org.eclipse.osgi.internal.framework.BundleContextImpl.start()V+18
j  org.eclipse.osgi.internal.framework.EquinoxBundle.startWorker0()V+35
j  org.eclipse.osgi.internal.framework.EquinoxBundle$EquinoxModule.startWorker()V+4
j  org.eclipse.osgi.container.Module.doStart([Lorg/eclipse/osgi/container/Module$StartOptions;)Lorg/eclipse/osgi/container/ModuleContainerAdaptor$ModuleEvent;+200
j  org.eclipse.osgi.container.Module.start([Lorg/eclipse/osgi/container/Module$StartOptions;)V+460
j  org.eclipse.osgi.container.ModuleContainer$ContainerStartLevel$2.run()V+83
j  org.eclipse.osgi.internal.framework.EquinoxContainerAdaptor$1$1.execute(Ljava/lang/Runnable;)V+1
j  org.eclipse.osgi.container.ModuleContainer$ContainerStartLevel.incStartLevel(ILjava/util/List;Z)V+193
j  org.eclipse.osgi.container.ModuleContainer$ContainerStartLevel.incStartLevel(ILjava/util/List;Ljava/util/List;Ljava/util/List;Ljava/util/List;)V+19
j  org.eclipse.osgi.container.ModuleContainer$ContainerStartLevel.doContainerStartLevel(Lorg/eclipse/osgi/container/Module;I[Lorg/osgi/framework/FrameworkListener;)V+358
j  org.eclipse.osgi.container.ModuleContainer$ContainerStartLevel.dispatchEvent(Lorg/eclipse/osgi/container/Module;[Lorg/osgi/framework/FrameworkListener;ILjava/lang/Integer;)V+32
j  org.eclipse.osgi.container.ModuleContainer$ContainerStartLevel.dispatchEvent(Ljava/lang/Object;Ljava/lang/Object;ILjava/lang/Object;)V+15
j  org.eclipse.osgi.framework.eventmgr.EventManager.dispatchEvent(Ljava/util/Set;Lorg/eclipse/osgi/framework/eventmgr/EventDispatcher;ILjava/lang/Object;)V+48
j  org.eclipse.osgi.framework.eventmgr.EventManager$EventThread.run()V+26
v  ~StubRoutines::call_stub 0x00000267325e100d

Compiled method (n/a) 4347 1054     n 0       java.lang.ClassLoader::defineClass1 (native)
 total in heap  [0x0000026732be1e10,0x0000026732be2298] = 1160
 relocation     [0x0000026732be1f70,0x0000026732be1fa8] = 56
 main code      [0x0000026732be1fc0,0x0000026732be2296] = 726
 stub code      [0x0000026732be2296,0x0000026732be2298] = 2

[Constant Pool (empty)]

[MachCode]
[Entry Point]
  # {method} {0x000002673d430ff0} 'defineClass1' '(Ljava/lang/ClassLoader;Ljava/lang/String;[BIILjava/security/ProtectionDomain;Ljava/lang/String;)Ljava/lang/Class;' in 'java/lang/ClassLoader'
  # parm0:    rdx:rdx   = 'java/lang/ClassLoader'
  # parm1:    r8:r8     = 'java/lang/String'
  # parm2:    r9:r9     = '[B'
  # parm3:    rdi       = int
  # parm4:    rsi       = int
  # parm5:    rcx:rcx   = 'java/security/ProtectionDomain'
  # parm6:    [sp+0xa0]   = 'java/lang/String'  (sp of caller)
  0x0000026732be1fc0: 448b 5208 | 49bb 0000 | 003d 6702 | 0000 4d03 | d349 3bc2 | 0f84 0600 

  0x0000026732be1fd8: ;   {runtime_call ic_miss_stub}
  0x0000026732be1fd8: 0000 e9a1 | c4a4 ff90 
[Verified Entry Point]
  0x0000026732be1fe0: 8984 2400 | 80ff ff55 | 488b ec48 | 81ec 9000 | 0000 6690 | 4181 7f20 | 0100 0000 

  0x0000026732be1ffc: ;   {runtime_call StubRoutines (final stubs)}
  0x0000026732be1ffc: 7405 e8dd | 69a3 ff48 | 837d 1000 | 488d 4510 | 480f 4445 | 1048 8944 | 2440 4889 | 4c24 7048 
  0x0000026732be201c: 83f9 0048 | 8d44 2470 | 480f 4444 | 2470 4889 | 4424 3848 | 8974 2430 | 4889 7c24 | 284c 894c 
  0x0000026732be203c: 2458 4983 | f900 488d | 4424 5848 | 0f44 4424 | 5848 8944 | 2420 4c89 | 4424 5049 | 83f8 004c 
  0x0000026732be205c: 8d4c 2450 | 4c0f 444c | 2450 4889 | 5424 4848 | 83fa 004c | 8d44 2448 | 4c0f 4444 

  0x0000026732be2078: ;   {oop(a 'java/lang/Class'{0x00000000c00000d0} = 'java/lang/ClassLoader')}
  0x0000026732be2078: 2448 49be | d000 00c0 | 0000 0000 | 4c89 7424 | 784c 8d74 | 2478 498b | d6c5 f877 

  0x0000026732be2094: ;   {internal_word}
  0x0000026732be2094: 49ba 9120 | be32 6702 | 0000 4d89 | 97a0 0300 | 0049 89a7 | 9803 0000 

  0x0000026732be20ac: ;   {external_word}
  0x0000026732be20ac: 49ba 355b | 2d5d fe7f | 0000 4180 | 3a00 0f84 | 4e00 0000 | 5241 5041 

  0x0000026732be20c4: ;   {metadata({method} {0x000002673d430ff0} 'defineClass1' '(Ljava/lang/ClassLoader;Ljava/lang/String;[BIILjava/security/ProtectionDomain;Ljava/lang/String;)Ljava/lang/Class;' in 'java/lang/ClassLoader')}
  0x0000026732be20c4: 5148 bae8 | 0f43 3d67 | 0200 0049 | 8bcf 4883 | ec20 40f6 | c40f 0f84 | 1900 0000 | 4883 ec08 
  0x0000026732be20e4: ;   {runtime_call}
  0x0000026732be20e4: 48b8 c04b | d75c fe7f | 0000 ffd0 | 4883 c408 | e90c 0000 

  0x0000026732be20f8: ;   {runtime_call}
  0x0000026732be20f8: 0048 b8c0 | 4bd7 5cfe | 7f00 00ff | d048 83c4 | 2041 5941 | 585a 498d | 8fb8 0300 | 0041 c787 
  0x0000026732be2118: 4404 0000 | 0400 0000 

  0x0000026732be2120: ;   {runtime_call}
  0x0000026732be2120: 48b8 ac16 | 6782 fe7f | 0000 ffd0 | c5f8 7741 | c787 4404 | 0000 0500 | 0000 f083 | 4424 c000 
  0x0000026732be2140: 493b af48 | 0400 000f | 870e 0000 | 0041 83bf | 4004 0000 | 000f 842b | 0000 00c5 | f877 4889 
  0x0000026732be2160: 45f8 498b | cf4c 8be4 | 4883 ec20 | 4883 e4f0 

  0x0000026732be2170: ;   {runtime_call}
  0x0000026732be2170: 48b8 60cf | a25c fe7f | 0000 ffd0 | 498b e44d | 33e4 488b | 45f8 41c7 | 8744 0400 | 0008 0000 
  0x0000026732be2190: 0041 83bf | c004 0000 | 020f 84ca 

  0x0000026732be219c: ;   {external_word}
  0x0000026732be219c: 0000 0049 | ba35 5b2d | 5dfe 7f00 | 0041 803a | 000f 844c | 0000 0048 

  0x0000026732be21b4: ;   {metadata({method} {0x000002673d430ff0} 'defineClass1' '(Ljava/lang/ClassLoader;Ljava/lang/String;[BIILjava/security/ProtectionDomain;Ljava/lang/String;)Ljava/lang/Class;' in 'java/lang/ClassLoader')}
  0x0000026732be21b4: 8945 f848 | bae8 0f43 | 3d67 0200 | 0049 8bcf | 4883 ec20 | 40f6 c40f | 0f84 1900 | 0000 4883 
  0x0000026732be21d4: ;   {runtime_call}
  0x0000026732be21d4: ec08 48b8 | c04b d75c | fe7f 0000 | ffd0 4883 | c408 e90c 

  0x0000026732be21e8: ;   {runtime_call}
  0x0000026732be21e8: 0000 0048 | b8c0 4bd7 | 5cfe 7f00 | 00ff d048 | 83c4 2048 | 8b45 f849 | c787 9803 | 0000 0000 
  0x0000026732be2208: 0000 49c7 | 87a0 0300 | 0000 0000 | 00c5 f877 | 4885 c00f | 8425 0000 | 00a8 030f | 8508 0000 
  0x0000026732be2228: 0048 8b00 | e915 0000 | 00a8 010f | 8509 0000 | 0048 8b40 | fee9 0400 | 0000 488b | 40ff 498b 
  0x0000026732be2248: 8f28 0400 | 00c7 8100 | 0100 0000 | 0000 00c9 | 4983 7f08 | 000f 8501 | 0000 00c3 

  0x0000026732be2264: ;   {runtime_call StubRoutines (initial stubs)}
  0x0000026732be2264: e997 ec9f | ffc5 f877 | 4889 45f8 | 4c8b e448 | 83ec 2048 

  0x0000026732be2278: ;   {runtime_call}
  0x0000026732be2278: 83e4 f048 | b8a0 83d7 | 5cfe 7f00 | 00ff d049 | 8be4 4d33 | e448 8b45 | f8e9 09ff | ffff f4f4 
[/MachCode]


Compiled method (c1) 4360 1874       3       java.lang.ClassLoader::defineClass (43 bytes)
 total in heap  [0x000002672b408190,0x000002672b408af0] = 2400
 relocation     [0x000002672b4082f0,0x000002672b408390] = 160
 main code      [0x000002672b4083a0,0x000002672b408840] = 1184
 stub code      [0x000002672b408840,0x000002672b4088b8] = 120
 metadata       [0x000002672b4088b8,0x000002672b4088e8] = 48
 scopes data    [0x000002672b4088e8,0x000002672b4089d8] = 240
 scopes pcs     [0x000002672b4089d8,0x000002672b408ab8] = 224
 dependencies   [0x000002672b408ab8,0x000002672b408ac8] = 16
 nul chk table  [0x000002672b408ac8,0x000002672b408af0] = 40

[Constant Pool (empty)]

[MachCode]
[Entry Point]
  # {method} {0x000002673d431370} 'defineClass' '(Ljava/lang/String;[BIILjava/security/ProtectionDomain;)Ljava/lang/Class;' in 'java/lang/ClassLoader'
  # this:     rdx:rdx   = 'java/lang/ClassLoader'
  # parm0:    r8:r8     = 'java/lang/String'
  # parm1:    r9:r9     = '[B'
  # parm2:    rdi       = int
  # parm3:    rsi       = int
  # parm4:    rcx:rcx   = 'java/security/ProtectionDomain'
  #           [sp+0xc0]  (sp of caller)
  0x000002672b4083a0: 448b 5208 | 49bb 0000 | 003d 6702 | 0000 4d03 | d34c 3bd0 

  0x000002672b4083b4: ;   {runtime_call ic_miss_stub}
  0x000002672b4083b4: 0f85 c660 | 2207 660f | 1f44 0000 
[Verified Entry Point]
  0x000002672b4083c0: 8984 2400 | 80ff ff55 | 4881 ecb0 | 0000 0090 | 4181 7f20 | 0100 0000 

  0x000002672b4083d8: ;   {runtime_call StubRoutines (final stubs)}
  0x000002672b4083d8: 7405 e801 | 0621 0748 | 8954 2478 

  0x000002672b4083e4: ;   {metadata(method data for {method} {0x000002673d431370} 'defineClass' '(Ljava/lang/String;[BIILjava/security/ProtectionDomain;)Ljava/lang/Class;' in 'java/lang/ClassLoader')}
  0x000002672b4083e4: 48bb 7073 | 3600 6702 | 0000 8b83 | cc00 0000 | 83c0 0289 | 83cc 0000 | 0025 fe07 | 0000 85c0 
  0x000002672b408404: 0f84 5803 | 0000 89b4 | 2494 0000 | 0089 bc24 | 9000 0000 | 4c89 8c24 | 8800 0000 

  0x000002672b408420: ;   {metadata(method data for {method} {0x000002673d431370} 'defineClass' '(Ljava/lang/String;[BIILjava/security/ProtectionDomain;)Ljava/lang/Class;' in 'java/lang/ClassLoader')}
  0x000002672b408420: 488b da48 | b870 7336 | 0067 0200 | 0048 8380 | 1001 0000 | 0149 8bd8 | 4c8b c34c | 8bc9 488b 
  0x000002672b408440: ca48 8bd1 | 4889 9c24 | 8000 0000 

  0x000002672b40844c: ;   {optimized virtual_call}
  0x000002672b40844c: 6666 90e8 

  0x000002672b408450: ; ImmutableOopMap {[120]=Oop [128]=Oop [136]=Oop }
                      ;*invokevirtual preDefineClass {reexecute=0 rethrow=0 return_oop=0}
                      ; - java.lang.ClassLoader::defineClass@4
  0x000002672b408450: cc4a efff 

  0x000002672b408454: ;   {other}
  0x000002672b408454: 0f1f 8400 | c402 0000 | 4889 8424 | 9800 0000 | 488b 5424 

  0x000002672b408468: ;   {metadata(method data for {method} {0x000002673d431370} 'defineClass' '(Ljava/lang/String;[BIILjava/security/ProtectionDomain;)Ljava/lang/Class;' in 'java/lang/ClassLoader')}
  0x000002672b408468: 7849 b870 | 7336 0067 | 0200 0049 | 8380 4801 

  0x000002672b408478: ;   {metadata(method data for {method} {0x000002673d431058} 'defineClassSourceLocation' '(Ljava/security/ProtectionDomain;)Ljava/lang/String;' in 'java/lang/ClassLoader')}
  0x000002672b408478: 0000 0149 | b888 7a36 | 0067 0200 | 0041 8b90 | cc00 0000 | 83c2 0241 | 8990 cc00 | 0000 81e2 
  0x000002672b408498: feff 1f00 | 85d2 0f84 | df02 0000 

  0x000002672b4084a4: ; implicit exception: dispatches to 0x000002672b4087a4
  0x000002672b4084a4: 483b 004c 

  0x000002672b4084a8: ;   {metadata(method data for {method} {0x000002673d431058} 'defineClassSourceLocation' '(Ljava/security/ProtectionDomain;)Ljava/lang/String;' in 'java/lang/ClassLoader')}
  0x000002672b4084a8: 8bc0 48ba | 887a 3600 | 6702 0000 | 4883 8210 | 0100 0001 | 448b 4010 

  0x000002672b4084c0: ;   {metadata(method data for {method} {0x000002673d431058} 'defineClassSourceLocation' '(Ljava/security/ProtectionDomain;)Ljava/lang/String;' in 'java/lang/ClassLoader')}
  0x000002672b4084c0: 4d85 c048 | ba88 7a36 | 0067 0200 | 0048 c7c6 | 5801 0000 | 7507 48c7 | c648 0100 | 0048 8b3c 
  0x000002672b4084e0: 3248 8d7f | 0148 893c | 320f 850f 

  0x000002672b4084ec: ;   {oop(nullptr)}
  0x000002672b4084ec: 0000 0048 | bb00 0000 | 0000 0000 | 00e9 a901 | 0000 493b | 0049 8bd0 

  0x000002672b408504: ;   {metadata(method data for {method} {0x000002673d431058} 'defineClassSourceLocation' '(Ljava/security/ProtectionDomain;)Ljava/lang/String;' in 'java/lang/ClassLoader')}
  0x000002672b408504: 48be 887a | 3600 6702 | 0000 4883 | 8668 0100 | 0001 418b | 500c 4885 

  0x000002672b40851c: ;   {metadata(method data for {method} {0x000002673d431058} 'defineClassSourceLocation' '(Ljava/security/ProtectionDomain;)Ljava/lang/String;' in 'java/lang/ClassLoader')}
  0x000002672b40851c: d248 be88 | 7a36 0067 | 0200 0048 | c7c7 b001 | 0000 7507 | 48c7 c7a0 | 0100 0048 | 8b1c 3e48 
  0x000002672b40853c: 8d5b 0148 | 891c 3e0f | 850f 0000 

  0x000002672b408548: ;   {oop(nullptr)}
  0x000002672b408548: 0048 bb00 | 0000 0000 | 0000 00e9 | 4f01 0000 

  0x000002672b408558: ;   {metadata(method data for {method} {0x000002673d431058} 'defineClassSourceLocation' '(Ljava/security/ProtectionDomain;)Ljava/lang/String;' in 'java/lang/ClassLoader')}
  0x000002672b408558: 48be 887a | 3600 6702 | 0000 4883 | 86c0 0100 | 0001 483b | 024c 8bc2 

  0x000002672b408570: ;   {metadata(method data for {method} {0x000002673d431058} 'defineClassSourceLocation' '(Ljava/security/ProtectionDomain;)Ljava/lang/String;' in 'java/lang/ClassLoader')}
  0x000002672b408570: 48be 887a | 3600 6702 | 0000 4883 | 86f8 0100 

  0x000002672b408580: ;   {metadata(method data for {method} {0x000002673d01a838} 'toString' '()Ljava/lang/String;' in 'java/net/URL')}
  0x000002672b408580: 0001 49b8 | 4865 3600 | 6702 0000 | 418b b0cc | 0000 0083 | c602 4189 | b0cc 0000 | 0081 e6fe 
  0x000002672b4085a0: ff1f 0085 | f60f 8408 | 0200 004c 

  0x000002672b4085ac: ;   {metadata(method data for {method} {0x000002673d01a838} 'toString' '()Ljava/lang/String;' in 'java/net/URL')}
  0x000002672b4085ac: 8bc2 48be | 4865 3600 | 6702 0000 | 4883 8610 | 0100 0001 

  0x000002672b4085c0: ;   {metadata(method data for {method} {0x000002673d424bf8} 'toExternalForm' '()Ljava/lang/String;' in 'java/net/URL')}
  0x000002672b4085c0: 49b8 d0e0 | 3500 6702 | 0000 418b | b0cc 0000 | 0083 c602 | 4189 b0cc | 0000 0081 | e6fe ff1f 
  0x000002672b4085e0: 0085 f60f | 84eb 0100 | 008b 7238 

  0x000002672b4085ec: ; implicit exception: dispatches to 0x000002672b4087f5
  0x000002672b4085ec: 483b 064c 

  0x000002672b4085f0: ;   {metadata(method data for {method} {0x000002673d424bf8} 'toExternalForm' '()Ljava/lang/String;' in 'java/net/URL')}
  0x000002672b4085f0: 8bc6 48bf | d0e0 3500 | 6702 0000 | 458b 4008 | 49ba 0000 | 003d 6702 | 0000 4d03 | c24c 3b87 
  0x000002672b408610: 2001 0000 | 750d 4883 | 8728 0100 | 0001 e960 | 0000 004c | 3b87 3001 | 0000 750d | 4883 8738 
  0x000002672b408630: 0100 0001 | e94a 0000 | 0048 83bf | 2001 0000 | 0075 174c | 8987 2001 | 0000 48c7 | 8728 0100 
  0x000002672b408650: 0001 0000 | 00e9 2900 | 0000 4883 | bf30 0100 | 0000 7517 | 4c89 8730 | 0100 0048 | c787 3801 
  0x000002672b408670: 0000 0100 | 0000 e908 | 0000 0048 | 8387 1001 | 0000 014c | 8bc2 488b | d60f 1f40 | 0048 b8ff 
  0x000002672b408690: ffff ffff 

  0x000002672b408694: ;   {virtual_call}
  0x000002672b408694: ffff ffe8 

  0x000002672b408698: ; ImmutableOopMap {[120]=Oop [128]=Oop [136]=Oop [152]=Oop }
                      ;*invokevirtual toExternalForm {reexecute=0 rethrow=0 return_oop=0}
                      ; - java.net.URL::toExternalForm@5
                      ; - java.net.URL::toString@1
                      ; - java.lang.ClassLoader::defineClassSourceLocation@22
                      ; - java.lang.ClassLoader::defineClass@12
  0x000002672b408698: 64f5 2d07 

  0x000002672b40869c: ;   {other}
  0x000002672b40869c: 0f1f 8400 | 0c05 0001 | 488b d848 | 8b84 2498 | 0000 008b | b424 9400 | 0000 8bbc | 2490 0000 
  0x000002672b4086bc: 004c 8b8c | 2488 0000 | 004c 8b84 | 2480 0000 | 0048 8b54 

  0x000002672b4086d0: ;   {metadata(method data for {method} {0x000002673d431370} 'defineClass' '(Ljava/lang/String;[BIILjava/security/ProtectionDomain;)Ljava/lang/Class;' in 'java/lang/ClassLoader')}
  0x000002672b4086d0: 2478 48b9 | 7073 3600 | 6702 0000 | 4883 8180 | 0100 0001 | 4c8b da49 | 8bd3 488b | c848 891c 
  0x000002672b4086f0: 2466 0f1f 

  0x000002672b4086f4: ;   {static_call}
  0x000002672b4086f4: 4400 00e8 

  0x000002672b4086f8: ; ImmutableOopMap {[120]=Oop [152]=Oop }
                      ;*invokestatic defineClass1 {reexecute=0 rethrow=0 return_oop=0}
                      ; - java.lang.ClassLoader::defineClass@27
  0x000002672b4086f8: e498 7d07 

  0x000002672b4086fc: ;   {other}
  0x000002672b4086fc: 0f1f 8400 | 6c05 0002 | 488b 5424 

  0x000002672b408708: ;   {metadata(method data for {method} {0x000002673d431370} 'defineClass' '(Ljava/lang/String;[BIILjava/security/ProtectionDomain;)Ljava/lang/Class;' in 'java/lang/ClassLoader')}
  0x000002672b408708: 7849 b870 | 7336 0067 | 0200 0049 | 8380 9001 | 0000 014c | 8bc0 4c8b | 8c24 9800 | 0000 488b 
  0x000002672b408728: 5424 7848 | 8984 24a0 | 0000 000f 

  0x000002672b408734: ;   {optimized virtual_call}
  0x000002672b408734: 1f40 00e8 

  0x000002672b408738: ; ImmutableOopMap {[160]=Oop }
                      ;*invokevirtual postDefineClass {reexecute=0 rethrow=0 return_oop=0}
                      ; - java.lang.ClassLoader::defineClass@37
  0x000002672b408738: e4f0 f6ff 

  0x000002672b40873c: ;   {other}
  0x000002672b40873c: 0f1f 8400 | ac05 0003 | 488b 8424 | a000 0000 | 4881 c4b0 | 0000 005d 

  0x000002672b408754: ;   {poll_return}
  0x000002672b408754: 493b a748 | 0400 000f | 8799 0000 

  0x000002672b408760: ;   {metadata({method} {0x000002673d431370} 'defineClass' '(Ljava/lang/String;[BIILjava/security/ProtectionDomain;)Ljava/lang/Class;' in 'java/lang/ClassLoader')}
  0x000002672b408760: 00c3 49ba | 6813 433d | 6702 0000 | 4c89 5424 | 0848 c704 | 24ff ffff 

  0x000002672b408778: ;   {runtime_call counter_overflow Runtime1 stub}
  0x000002672b408778: ffe8 82bc 

  0x000002672b40877c: ; ImmutableOopMap {rdx=Oop r8=Oop r9=Oop rcx=Oop [120]=Oop }
                      ;*synchronization entry
                      ; - java.lang.ClassLoader::defineClass@-1
  0x000002672b40877c: 2d07 e987 

  0x000002672b408780: ;   {metadata({method} {0x000002673d431058} 'defineClassSourceLocation' '(Ljava/security/ProtectionDomain;)Ljava/lang/String;' in 'java/lang/ClassLoader')}
  0x000002672b408780: fcff ff49 | ba50 1043 | 3d67 0200 | 004c 8954 | 2408 48c7 | 0424 ffff 

  0x000002672b408798: ;   {runtime_call counter_overflow Runtime1 stub}
  0x000002672b408798: ffff e861 

  0x000002672b40879c: ; ImmutableOopMap {rax=Oop [120]=Oop [128]=Oop [136]=Oop [152]=Oop }
                      ;*synchronization entry
                      ; - java.lang.ClassLoader::defineClassSourceLocation@-1
                      ; - java.lang.ClassLoader::defineClass@12
  0x000002672b40879c: bc2d 07e9 | 00fd ffff 

  0x000002672b4087a4: ;   {runtime_call throw_null_pointer_exception Runtime1 stub}
  0x000002672b4087a4: e857 502d 

  0x000002672b4087a8: ; ImmutableOopMap {rax=Oop [120]=Oop [128]=Oop [136]=Oop [152]=Oop }
                      ;*invokevirtual getCodeSource {reexecute=0 rethrow=0 return_oop=0}
                      ; - java.lang.ClassLoader::defineClassSourceLocation@1
                      ; - java.lang.ClassLoader::defineClass@12
                      ;   {runtime_call throw_null_pointer_exception Runtime1 stub}
  0x000002672b4087a8: 07e8 5250 

  0x000002672b4087ac: ; ImmutableOopMap {rax=Oop r8=Oop [120]=Oop [128]=Oop [136]=Oop [152]=Oop }
                      ;*invokevirtual getLocation {reexecute=0 rethrow=0 return_oop=0}
                      ; - java.lang.ClassLoader::defineClassSourceLocation@12
                      ; - java.lang.ClassLoader::defineClass@12
                      ;   {runtime_call throw_null_pointer_exception Runtime1 stub}
  0x000002672b4087ac: 2d07 e84d 

  0x000002672b4087b0: ; ImmutableOopMap {rdx=Oop [120]=Oop [128]=Oop [136]=Oop [152]=Oop }
                      ;*invokevirtual toString {reexecute=0 rethrow=0 return_oop=0}
                      ; - java.lang.ClassLoader::defineClassSourceLocation@22
                      ; - java.lang.ClassLoader::defineClass@12
                      ;   {metadata({method} {0x000002673d01a838} 'toString' '()Ljava/lang/String;' in 'java/net/URL')}
  0x000002672b4087b0: 502d 0749 | ba30 a801 | 3d67 0200 | 004c 8954 | 2408 48c7 | 0424 ffff 

  0x000002672b4087c8: ;   {runtime_call counter_overflow Runtime1 stub}
  0x000002672b4087c8: ffff e831 

  0x000002672b4087cc: ; ImmutableOopMap {rdx=Oop [120]=Oop [128]=Oop [136]=Oop [152]=Oop }
                      ;*synchronization entry
                      ; - java.net.URL::toString@-1
                      ; - java.lang.ClassLoader::defineClassSourceLocation@22
                      ; - java.lang.ClassLoader::defineClass@12
  0x000002672b4087cc: bc2d 07e9 | d7fd ffff 

  0x000002672b4087d4: ;   {metadata({method} {0x000002673d424bf8} 'toExternalForm' '()Ljava/lang/String;' in 'java/net/URL')}
  0x000002672b4087d4: 49ba f04b | 423d 6702 | 0000 4c89 | 5424 0848 | c704 24ff 

  0x000002672b4087e8: ;   {runtime_call counter_overflow Runtime1 stub}
  0x000002672b4087e8: ffff ffe8 

  0x000002672b4087ec: ; ImmutableOopMap {rdx=Oop [120]=Oop [128]=Oop [136]=Oop [152]=Oop }
                      ;*synchronization entry
                      ; - java.net.URL::toExternalForm@-1
                      ; - java.net.URL::toString@1
                      ; - java.lang.ClassLoader::defineClassSourceLocation@22
                      ; - java.lang.ClassLoader::defineClass@12
  0x000002672b4087ec: 10bc 2d07 | e9f4 fdff 

  0x000002672b4087f4: ;   {runtime_call throw_null_pointer_exception Runtime1 stub}
  0x000002672b4087f4: ffe8 0650 

  0x000002672b4087f8: ; ImmutableOopMap {rdx=Oop rsi=Oop [120]=Oop [128]=Oop [136]=Oop [152]=Oop }
                      ;*invokevirtual toExternalForm {reexecute=0 rethrow=0 return_oop=0}
                      ; - java.net.URL::toExternalForm@5
                      ; - java.net.URL::toString@1
                      ; - java.lang.ClassLoader::defineClassSourceLocation@22
                      ; - java.lang.ClassLoader::defineClass@12
                      ;   {internal_word}
  0x000002672b4087f8: 2d07 49ba | 5487 402b | 6702 0000 | 4d89 9760 

  0x000002672b408808: ;   {runtime_call SafepointBlob}
  0x000002672b408808: 0400 00e9 | f0c2 2207 | 498b 87f8 | 0400 0049 | c787 f804 | 0000 0000 | 0000 49c7 | 8700 0500 
  0x000002672b408828: 0000 0000 | 0048 81c4 | b000 0000 

  0x000002672b408834: ;   {runtime_call unwind_exception Runtime1 stub}
  0x000002672b408834: 5de9 c63d | 2d07 f4f4 | f4f4 f4f4 
[Stub Code]
  0x000002672b408840: ;   {no_reloc}
  0x000002672b408840: 0f1f 4400 

  0x000002672b408844: ;   {static_stub}
  0x000002672b408844: 0048 bb00 | 0000 0000 

  0x000002672b40884c: ;   {runtime_call nmethod}
  0x000002672b40884c: 0000 00e9 | fbff ffff 

  0x000002672b408854: ;   {static_stub}
  0x000002672b408854: 48bb 0000 | 0000 0000 

  0x000002672b40885c: ;   {runtime_call nmethod}
  0x000002672b40885c: 0000 e9fb 

  0x000002672b408860: ;   {static_stub}
  0x000002672b408860: ffff ff48 | bb00 0000 | 0000 0000 

  0x000002672b40886c: ;   {runtime_call nmethod}
  0x000002672b40886c: 00e9 fbff 

  0x000002672b408870: ;   {static_stub}
  0x000002672b408870: ffff 48bb | 0000 0000 | 0000 0000 

  0x000002672b40887c: ;   {runtime_call nmethod}
  0x000002672b40887c: e9fb ffff 

  0x000002672b408880: ;   {runtime_call handle_exception_from_callee Runtime1 stub}
  0x000002672b408880: ffe8 7a79 

  0x000002672b408884: ;   {external_word}
  0x000002672b408884: 2d07 48b9 | 907f 035d | fe7f 0000 | 4883 e4f0 

  0x000002672b408894: ;   {runtime_call}
  0x000002672b408894: 48b8 f042 | c65c fe7f | 0000 ffd0 

  0x000002672b4088a0: ;   {section_word}
  0x000002672b4088a0: f449 baa1 | 8840 2b67 | 0200 0041 

  0x000002672b4088ac: ;   {runtime_call DeoptimizationBlob}
  0x000002672b4088ac: 52e9 eeb4 | 2207 f4f4 | f4f4 f4f4 
[/MachCode]


Compiled method (c1) 4386 1104       3       java.lang.ClassLoader::loadClass (7 bytes)
 total in heap  [0x000002672b279410,0x000002672b279800] = 1008
 relocation     [0x000002672b279570,0x000002672b2795b0] = 64
 main code      [0x000002672b2795c0,0x000002672b279750] = 400
 stub code      [0x000002672b279750,0x000002672b279798] = 72
 metadata       [0x000002672b279798,0x000002672b2797a0] = 8
 scopes data    [0x000002672b2797a0,0x000002672b2797b8] = 24
 scopes pcs     [0x000002672b2797b8,0x000002672b2797f8] = 64
 dependencies   [0x000002672b2797f8,0x000002672b279800] = 8

[Constant Pool (empty)]

[MachCode]
[Entry Point]
  # {method} {0x000002673d0140e8} 'loadClass' '(Ljava/lang/String;)Ljava/lang/Class;' in 'java/lang/ClassLoader'
  # this:     rdx:rdx   = 'java/lang/ClassLoader'
  # parm0:    r8:r8     = 'java/lang/String'
  #           [sp+0x40]  (sp of caller)
  0x000002672b2795c0: 448b 5208 | 49bb 0000 | 003d 6702 | 0000 4d03 | d34c 3bd0 

  0x000002672b2795d4: ;   {runtime_call ic_miss_stub}
  0x000002672b2795d4: 0f85 a64e | 3b07 660f | 1f44 0000 
[Verified Entry Point]
  0x000002672b2795e0: 8984 2400 | 80ff ff55 | 4883 ec30 | 4181 7f20 | 0100 0000 

  0x000002672b2795f4: ;   {runtime_call StubRoutines (final stubs)}
  0x000002672b2795f4: 7405 e8e5 

  0x000002672b2795f8: ;   {metadata(method data for {method} {0x000002673d0140e8} 'loadClass' '(Ljava/lang/String;)Ljava/lang/Class;' in 'java/lang/ClassLoader')}
  0x000002672b2795f8: f339 0749 | b9d8 ac2e | 0067 0200 | 0041 8bb1 | cc00 0000 | 83c6 0241 | 89b1 cc00 | 0000 81e6 
  0x000002672b279618: fe07 0000 | 85f6 0f84 | cb00 0000 

  0x000002672b279624: ;   {metadata(method data for {method} {0x000002673d0140e8} 'loadClass' '(Ljava/lang/String;)Ljava/lang/Class;' in 'java/lang/ClassLoader')}
  0x000002672b279624: 4c8b ca48 | bed8 ac2e | 0067 0200 | 0045 8b49 | 0849 ba00 | 0000 3d67 | 0200 004d | 03ca 4c3b 
  0x000002672b279644: 8e20 0100 | 0075 0d48 | 8386 2801 | 0000 01e9 | 6000 0000 | 4c3b 8e30 | 0100 0075 | 0d48 8386 
  0x000002672b279664: 3801 0000 | 01e9 4a00 | 0000 4883 | be20 0100 | 0000 7517 | 4c89 8e20 | 0100 0048 | c786 2801 
  0x000002672b279684: 0000 0100 | 0000 e929 | 0000 0048 | 83be 3001 | 0000 0075 | 174c 898e | 3001 0000 | 48c7 8638 
  0x000002672b2796a4: 0100 0001 | 0000 00e9 | 0800 0000 | 4883 8610 | 0100 0001 | 41b9 0000 | 0000 0f1f | 8000 0000 
  0x000002672b2796c4: 0048 b8ff | ffff ffff 

  0x000002672b2796cc: ;   {virtual_call}
  0x000002672b2796cc: ffff ffe8 

  0x000002672b2796d0: ; ImmutableOopMap {}
                      ;*invokevirtual loadClass {reexecute=0 rethrow=0 return_oop=0}
                      ; - java.lang.ClassLoader::loadClass@3
  0x000002672b2796d0: 8ce5 4607 

  0x000002672b2796d4: ;   {other}
  0x000002672b2796d4: 0f1f 8400 | c402 0000 | 4883 c430 

  0x000002672b2796e0: ;   {poll_return}
  0x000002672b2796e0: 5d49 3ba7 | 4804 0000 | 0f87 2200 

  0x000002672b2796ec: ;   {metadata({method} {0x000002673d0140e8} 'loadClass' '(Ljava/lang/String;)Ljava/lang/Class;' in 'java/lang/ClassLoader')}
  0x000002672b2796ec: 0000 c349 | bae0 4001 | 3d67 0200 | 004c 8954 | 2408 48c7 | 0424 ffff 

  0x000002672b279704: ;   {runtime_call counter_overflow Runtime1 stub}
  0x000002672b279704: ffff e8f5 

  0x000002672b279708: ; ImmutableOopMap {rdx=Oop r8=Oop }
                      ;*synchronization entry
                      ; - java.lang.ClassLoader::loadClass@-1
  0x000002672b279708: ac46 07e9 | 14ff ffff 

  0x000002672b279710: ;   {internal_word}
  0x000002672b279710: 49ba e196 | 272b 6702 | 0000 4d89 | 9760 0400 

  0x000002672b279720: ;   {runtime_call SafepointBlob}
  0x000002672b279720: 00e9 dab3 | 3b07 498b | 87f8 0400 | 0049 c787 | f804 0000 | 0000 0000 | 49c7 8700 | 0500 0000 
  0x000002672b279740: 0000 0048 | 83c4 305d 

  0x000002672b279748: ;   {runtime_call unwind_exception Runtime1 stub}
  0x000002672b279748: e9b3 2e46 | 07f4 f4f4 
[Stub Code]
  0x000002672b279750: ;   {no_reloc}
  0x000002672b279750: 0f1f 4400 

  0x000002672b279754: ;   {static_stub}
  0x000002672b279754: 0048 bb00 | 0000 0000 

  0x000002672b27975c: ;   {runtime_call nmethod}
  0x000002672b27975c: 0000 00e9 | fbff ffff 
[Exception Handler]
  0x000002672b279764: ;   {runtime_call handle_exception_from_callee Runtime1 stub}
  0x000002672b279764: e897 6a46 

  0x000002672b279768: ;   {external_word}
  0x000002672b279768: 0748 b990 | 7f03 5dfe | 7f00 0048 

  0x000002672b279774: ;   {runtime_call}
  0x000002672b279774: 83e4 f048 | b8f0 42c6 | 5cfe 7f00 | 00ff d0f4 
[Deopt Handler Code]
  0x000002672b279784: ;   {section_word}
  0x000002672b279784: 49ba 8497 | 272b 6702 | 0000 4152 

  0x000002672b279790: ;   {runtime_call DeoptimizationBlob}
  0x000002672b279790: e90b a63b | 07f4 f4f4 
[/MachCode]


---------------  P R O C E S S  ---------------

Threads class SMR info:
_java_thread_list=0x00000267042bd950, length=20, elements={
0x0000026725be0920, 0x000002673c252500, 0x000002673c253aa0, 0x000002673c2591e0,
0x000002673c259c30, 0x000002673c25b920, 0x000002673c261490, 0x000002673c26bf40,
0x000002673c26cd80, 0x000002677ed735e0, 0x000002677ed73c70, 0x000002677ed74300,
0x000002677ed74990, 0x000002677ed72f50, 0x000002677ed75020, 0x000002677ed75d40,
0x000002677ed756b0, 0x00000267040f79a0, 0x000002677ed728c0, 0x0000026704344890
}

Java Threads: ( => current thread )
  0x0000026725be0920 JavaThread "main"                              [_thread_blocked, id=9816, stack(0x000000d043400000,0x000000d043500000) (1024K)]
  0x000002673c252500 JavaThread "Reference Handler"          daemon [_thread_blocked, id=12224, stack(0x000000d043800000,0x000000d043900000) (1024K)]
  0x000002673c253aa0 JavaThread "Finalizer"                  daemon [_thread_blocked, id=12040, stack(0x000000d043900000,0x000000d043a00000) (1024K)]
  0x000002673c2591e0 JavaThread "Signal Dispatcher"          daemon [_thread_blocked, id=3856, stack(0x000000d043a00000,0x000000d043b00000) (1024K)]
  0x000002673c259c30 JavaThread "Attach Listener"            daemon [_thread_blocked, id=9964, stack(0x000000d043b00000,0x000000d043c00000) (1024K)]
  0x000002673c25b920 JavaThread "Service Thread"             daemon [_thread_blocked, id=6236, stack(0x000000d043c00000,0x000000d043d00000) (1024K)]
  0x000002673c261490 JavaThread "Monitor Deflation Thread"   daemon [_thread_blocked, id=6168, stack(0x000000d043d00000,0x000000d043e00000) (1024K)]
  0x000002673c26bf40 JavaThread "C2 CompilerThread0"         daemon [_thread_in_native, id=10580, stack(0x000000d043e00000,0x000000d043f00000) (1024K)]
  0x000002673c26cd80 JavaThread "C1 CompilerThread0"         daemon [_thread_blocked, id=10132, stack(0x000000d043f00000,0x000000d044000000) (1024K)]
  0x000002677ed735e0 JavaThread "Common-Cleaner"             daemon [_thread_blocked, id=5012, stack(0x000000d044000000,0x000000d044100000) (1024K)]
  0x000002677ed73c70 JavaThread "Notification Thread"        daemon [_thread_blocked, id=11104, stack(0x000000d044100000,0x000000d044200000) (1024K)]
  0x000002677ed74300 JavaThread "Active Thread: Equinox Container: 89a32c23-4ffa-4398-9a94-760e6b55252f"        [_thread_blocked, id=8920, stack(0x000000d044a00000,0x000000d044b00000) (1024K)]
  0x000002677ed74990 JavaThread "Framework Event Dispatcher: Equinox Container: 89a32c23-4ffa-4398-9a94-760e6b55252f" daemon [_thread_blocked, id=12132, stack(0x000000d044b00000,0x000000d044c00000) (1024K)]
=>0x000002677ed72f50 JavaThread "Start Level: Equinox Container: 89a32c23-4ffa-4398-9a94-760e6b55252f" daemon [_thread_in_vm, id=1904, stack(0x000000d044c00000,0x000000d044d00000) (1024K)]
  0x000002677ed75020 JavaThread "SCR Component Actor"        daemon [_thread_blocked, id=9856, stack(0x000000d044d00000,0x000000d044e00000) (1024K)]
  0x000002677ed75d40 JavaThread "SCR Component Registry"     daemon [_thread_blocked, id=4260, stack(0x000000d044200000,0x000000d044300000) (1024K)]
  0x000002677ed756b0 JavaThread "Worker-JM"                         [_thread_blocked, id=10112, stack(0x000000d045000000,0x000000d045100000) (1024K)]
  0x00000267040f79a0 JavaThread "C2 CompilerThread1"         daemon [_thread_in_native, id=6808, stack(0x000000d044900000,0x000000d044a00000) (1024K)]
  0x000002677ed728c0 JavaThread "Worker-0"                          [_thread_blocked, id=928, stack(0x000000d044f00000,0x000000d045000000) (1024K)]
  0x0000026704344890 JavaThread "Worker-1"                          [_thread_blocked, id=2580, stack(0x000000d045100000,0x000000d045200000) (1024K)]
Total: 20

Other Threads:
  0x0000026725cae740 VMThread "VM Thread"                           [id=2112, stack(0x000000d043700000,0x000000d043800000) (1024K)]
  0x000002673c1312c0 WatcherThread "VM Periodic Task Thread"        [id=3440, stack(0x000000d043600000,0x000000d043700000) (1024K)]
  0x0000026727ecb580 WorkerThread "GC Thread#0"                     [id=13292, stack(0x000000d043500000,0x000000d043600000) (1024K)]
  0x000002677f091370 WorkerThread "GC Thread#1"                     [id=9444, stack(0x000000d044300000,0x000000d044400000) (1024K)]
  0x000002677f3bfb20 WorkerThread "GC Thread#2"                     [id=13300, stack(0x000000d044400000,0x000000d044500000) (1024K)]
  0x000002677f679f80 WorkerThread "GC Thread#3"                     [id=7668, stack(0x000000d044500000,0x000000d044600000) (1024K)]
  0x000002677f438330 WorkerThread "GC Thread#4"                     [id=2772, stack(0x000000d044600000,0x000000d044700000) (1024K)]
  0x000002677f711f90 WorkerThread "GC Thread#5"                     [id=868, stack(0x000000d044700000,0x000000d044800000) (1024K)]
  0x000002677f712330 WorkerThread "GC Thread#6"                     [id=3928, stack(0x000000d044800000,0x000000d044900000) (1024K)]
  0x000002677f81c320 WorkerThread "GC Thread#7"                     [id=10472, stack(0x000000d044e00000,0x000000d044f00000) (1024K)]
Total: 10

Threads with active compile tasks:
C2 CompilerThread0  4396 2558       4       org.lombokweb.asm.ClassWriter::visitMethod (57 bytes)
C2 CompilerThread1  4396 2565       4       org.lombokweb.asm.ClassReader::readMethod (1070 bytes)
Total: 2

VM state: not at safepoint (normal execution)

VM Mutex/Monitor currently owned by a thread: None

Heap address: 0x00000000c0000000, size: 1024 MB, Compressed Oops mode: 32-bit

CDS archive(s) mapped at: [0x000002673d000000-0x000002673dba0000-0x000002673dba0000), size 12189696, SharedBaseAddress: 0x000002673d000000, ArchiveRelocationMode: 1.
Compressed class space mapped at: 0x000002673e000000-0x000002677e000000, reserved size: 1073741824
Narrow klass base: 0x000002673d000000, Narrow klass shift: 0, Narrow klass range: 0x100000000

GC Precious Log:
 CardTable entry size: 512
 CPUs: 8 total, 8 available
 Memory: 6091M
 Large Page Support: Disabled
 NUMA Support: Disabled
 Compressed Oops: Enabled (32-bit)
 Alignments: Space 512K, Generation 512K, Heap 2M
 Heap Min Capacity: 100M
 Heap Initial Capacity: 100M
 Heap Max Capacity: 1G
 Pre-touch: Disabled
 Parallel Workers: 8

Heap:
 PSYoungGen      total 29696K, used 26533K [0x00000000eab00000, 0x00000000ecc00000, 0x0000000100000000)
  eden space 25600K, 87% used [0x00000000eab00000,0x00000000ec0f0ed0,0x00000000ec400000)
  from space 4096K, 99% used [0x00000000ec800000,0x00000000ecbf8788,0x00000000ecc00000)
  to   space 4096K, 0% used [0x00000000ec400000,0x00000000ec400000,0x00000000ec800000)
 ParOldGen       total 68608K, used 5428K [0x00000000c0000000, 0x00000000c4300000, 0x00000000eab00000)
  object space 68608K, 7% used [0x00000000c0000000,0x00000000c054d3d8,0x00000000c4300000)
 Metaspace       used 19444K, committed 20032K, reserved 1114112K
  class space    used 1833K, committed 2112K, reserved 1048576K

Card table byte_map: [0x0000026727860000,0x0000026727a70000] _byte_map_base: 0x0000026727260000

Marking Bits: (ParMarkBitMap*) 0x00007ffe5d2f3260
 Begin Bits: [0x000002673a0b0000, 0x000002673b0b0000)
 End Bits:   [0x000002673b0b0000, 0x000002673c0b0000)

Polling page: 0x0000026725cf0000

Metaspace:

Usage:
  Non-class:     17.20 MB used.
      Class:      1.79 MB used.
       Both:     18.99 MB used.

Virtual space:
  Non-class space:       64.00 MB reserved,      17.50 MB ( 27%) committed,  1 nodes.
      Class space:        1.00 GB reserved,       2.06 MB ( <1%) committed,  1 nodes.
             Both:        1.06 GB reserved,      19.56 MB (  2%) committed. 

Chunk freelists:
   Non-Class:  14.50 MB
       Class:  13.96 MB
        Both:  28.46 MB

MaxMetaspaceSize: unlimited
CompressedClassSpaceSize: 1.00 GB
Initial GC threshold: 21.00 MB
Current GC threshold: 21.00 MB
CDS: on
 - commit_granule_bytes: 65536.
 - commit_granule_words: 8192.
 - virtual_space_node_default_size: 8388608.
 - enlarge_chunks_in_place: 1.
 - use_allocation_guard: 0.


Internal statistics:

num_allocs_failed_limit: 0.
num_arena_births: 468.
num_arena_deaths: 0.
num_vsnodes_births: 2.
num_vsnodes_deaths: 0.
num_space_committed: 313.
num_space_uncommitted: 0.
num_chunks_returned_to_freelist: 0.
num_chunks_taken_from_freelist: 1154.
num_chunk_merges: 0.
num_chunk_splits: 782.
num_chunks_enlarged: 522.
num_inconsistent_stats: 0.

CodeHeap 'non-profiled nmethods': size=120000Kb used=1068Kb max_used=1068Kb free=118931Kb
 bounds [0x0000026732b80000, 0x0000026732df0000, 0x000002673a0b0000]
CodeHeap 'profiled nmethods': size=120000Kb used=5013Kb max_used=5013Kb free=114986Kb
 bounds [0x000002672b0b0000, 0x000002672b5a0000, 0x00000267325e0000]
CodeHeap 'non-nmethods': size=5760Kb used=1303Kb max_used=1318Kb free=4456Kb
 bounds [0x00000267325e0000, 0x0000026732850000, 0x0000026732b80000]
 total_blobs=3143 nmethods=2559 adapters=490
 compilation: enabled
              stopped_count=0, restarted_count=0
 full_count=0

Compilation events (20 events):
Event: 4.271 Thread 0x00000267040f79a0 nmethod 2553 0x0000026732c88a90 code [0x0000026732c88c20, 0x0000026732c88d58]
Event: 4.278 Thread 0x000002673c26bf40 nmethod 2552 0x0000026732c88e10 code [0x0000026732c89000, 0x0000026732c893c8]
Event: 4.279 Thread 0x00000267040f79a0 2555       4       java.lang.String::lastIndexOf (29 bytes)
Event: 4.284 Thread 0x00000267040f79a0 nmethod 2555 0x0000026732c89810 code [0x0000026732c899a0, 0x0000026732c89ba8]
Event: 4.288 Thread 0x00000267040f79a0 2556       4       org.lombokweb.asm.Type::getArgumentsAndReturnSizes (140 bytes)
Event: 4.288 Thread 0x000002673c26bf40 2557       4       org.lombokweb.asm.MethodVisitor::<init> (79 bytes)
Event: 4.289 Thread 0x000002673c26bf40 nmethod 2557 0x0000026732c89d10 code [0x0000026732c89ea0, 0x0000026732c89f70]
Event: 4.289 Thread 0x000002673c26bf40 2558       4       org.lombokweb.asm.ClassWriter::visitMethod (57 bytes)
Event: 4.289 Thread 0x000002673c26cd80 2559       3       org.lombokweb.asm.MethodWriter::visitMethodInsn (191 bytes)
Event: 4.290 Thread 0x000002673c26cd80 nmethod 2559 0x000002672b593690 code [0x000002672b5938e0, 0x000002672b5940a0]
Event: 4.290 Thread 0x000002673c26cd80 2560       3       org.lombokweb.asm.SymbolTable::addConstantMethodref (24 bytes)
Event: 4.291 Thread 0x000002673c26cd80 nmethod 2560 0x000002672b594390 code [0x000002672b594540, 0x000002672b5946e0]
Event: 4.291 Thread 0x000002673c26cd80 2561       3       org.lombokweb.asm.MethodVisitor::visitJumpInsn (17 bytes)
Event: 4.291 Thread 0x000002673c26cd80 nmethod 2561 0x000002672b594790 code [0x000002672b594940, 0x000002672b594b48]
Event: 4.294 Thread 0x000002673c26cd80 2563       3       java.nio.charset.CharsetDecoder::<init> (10 bytes)
Event: 4.294 Thread 0x000002673c26cd80 nmethod 2563 0x000002672b594c10 code [0x000002672b594dc0, 0x000002672b594f08]
Event: 4.294 Thread 0x000002673c26cd80 2564       3       org.lombokweb.asm.ByteVector::putByteArray (49 bytes)
Event: 4.295 Thread 0x000002673c26cd80 nmethod 2564 0x000002672b594f90 code [0x000002672b595160, 0x000002672b595428]
Event: 4.304 Thread 0x00000267040f79a0 nmethod 2556 0x0000026732c8a010 code [0x0000026732c8a240, 0x0000026732c8ab18]
Event: 4.304 Thread 0x00000267040f79a0 2565       4       org.lombokweb.asm.ClassReader::readMethod (1070 bytes)

GC Heap History (8 events):
Event: 1.565 GC heap before
{Heap before GC invocations=1 (full 0):
 PSYoungGen      total 29696K, used 25600K [0x00000000eab00000, 0x00000000ecc00000, 0x0000000100000000)
  eden space 25600K, 100% used [0x00000000eab00000,0x00000000ec400000,0x00000000ec400000)
  from space 4096K, 0% used [0x00000000ec800000,0x00000000ec800000,0x00000000ecc00000)
  to   space 4096K, 0% used [0x00000000ec400000,0x00000000ec400000,0x00000000ec800000)
 ParOldGen       total 68608K, used 0K [0x00000000c0000000, 0x00000000c4300000, 0x00000000eab00000)
  object space 68608K, 0% used [0x00000000c0000000,0x00000000c0000000,0x00000000c4300000)
 Metaspace       used 4313K, committed 4544K, reserved 1114112K
  class space    used 433K, committed 512K, reserved 1048576K
}
Event: 1.575 GC heap after
{Heap after GC invocations=1 (full 0):
 PSYoungGen      total 29696K, used 3222K [0x00000000eab00000, 0x00000000ecc00000, 0x0000000100000000)
  eden space 25600K, 0% used [0x00000000eab00000,0x00000000eab00000,0x00000000ec400000)
  from space 4096K, 78% used [0x00000000ec400000,0x00000000ec725800,0x00000000ec800000)
  to   space 4096K, 0% used [0x00000000ec800000,0x00000000ec800000,0x00000000ecc00000)
 ParOldGen       total 68608K, used 16K [0x00000000c0000000, 0x00000000c4300000, 0x00000000eab00000)
  object space 68608K, 0% used [0x00000000c0000000,0x00000000c0004000,0x00000000c4300000)
 Metaspace       used 4313K, committed 4544K, reserved 1114112K
  class space    used 433K, committed 512K, reserved 1048576K
}
Event: 2.838 GC heap before
{Heap before GC invocations=2 (full 0):
 PSYoungGen      total 29696K, used 28822K [0x00000000eab00000, 0x00000000ecc00000, 0x0000000100000000)
  eden space 25600K, 100% used [0x00000000eab00000,0x00000000ec400000,0x00000000ec400000)
  from space 4096K, 78% used [0x00000000ec400000,0x00000000ec725800,0x00000000ec800000)
  to   space 4096K, 0% used [0x00000000ec800000,0x00000000ec800000,0x00000000ecc00000)
 ParOldGen       total 68608K, used 16K [0x00000000c0000000, 0x00000000c4300000, 0x00000000eab00000)
  object space 68608K, 0% used [0x00000000c0000000,0x00000000c0004000,0x00000000c4300000)
 Metaspace       used 8213K, committed 8512K, reserved 1114112K
  class space    used 813K, committed 960K, reserved 1048576K
}
Event: 2.846 GC heap after
{Heap after GC invocations=2 (full 0):
 PSYoungGen      total 29696K, used 4074K [0x00000000eab00000, 0x00000000ecc00000, 0x0000000100000000)
  eden space 25600K, 0% used [0x00000000eab00000,0x00000000eab00000,0x00000000ec400000)
  from space 4096K, 99% used [0x00000000ec800000,0x00000000ecbfa948,0x00000000ecc00000)
  to   space 4096K, 0% used [0x00000000ec400000,0x00000000ec400000,0x00000000ec800000)
 ParOldGen       total 68608K, used 867K [0x00000000c0000000, 0x00000000c4300000, 0x00000000eab00000)
  object space 68608K, 1% used [0x00000000c0000000,0x00000000c00d8eb8,0x00000000c4300000)
 Metaspace       used 8213K, committed 8512K, reserved 1114112K
  class space    used 813K, committed 960K, reserved 1048576K
}
Event: 3.563 GC heap before
{Heap before GC invocations=3 (full 0):
 PSYoungGen      total 29696K, used 29674K [0x00000000eab00000, 0x00000000ecc00000, 0x0000000100000000)
  eden space 25600K, 100% used [0x00000000eab00000,0x00000000ec400000,0x00000000ec400000)
  from space 4096K, 99% used [0x00000000ec800000,0x00000000ecbfa948,0x00000000ecc00000)
  to   space 4096K, 0% used [0x00000000ec400000,0x00000000ec400000,0x00000000ec800000)
 ParOldGen       total 68608K, used 867K [0x00000000c0000000, 0x00000000c4300000, 0x00000000eab00000)
  object space 68608K, 1% used [0x00000000c0000000,0x00000000c00d8eb8,0x00000000c4300000)
 Metaspace       used 12925K, committed 13440K, reserved 1114112K
  class space    used 1296K, committed 1536K, reserved 1048576K
}
Event: 3.569 GC heap after
{Heap after GC invocations=3 (full 0):
 PSYoungGen      total 29696K, used 4080K [0x00000000eab00000, 0x00000000ecc00000, 0x0000000100000000)
  eden space 25600K, 0% used [0x00000000eab00000,0x00000000eab00000,0x00000000ec400000)
  from space 4096K, 99% used [0x00000000ec400000,0x00000000ec7fc178,0x00000000ec800000)
  to   space 4096K, 0% used [0x00000000ec800000,0x00000000ec800000,0x00000000ecc00000)
 ParOldGen       total 68608K, used 2914K [0x00000000c0000000, 0x00000000c4300000, 0x00000000eab00000)
  object space 68608K, 4% used [0x00000000c0000000,0x00000000c02d89e0,0x00000000c4300000)
 Metaspace       used 12925K, committed 13440K, reserved 1114112K
  class space    used 1296K, committed 1536K, reserved 1048576K
}
Event: 4.008 GC heap before
{Heap before GC invocations=4 (full 0):
 PSYoungGen      total 29696K, used 29680K [0x00000000eab00000, 0x00000000ecc00000, 0x0000000100000000)
  eden space 25600K, 100% used [0x00000000eab00000,0x00000000ec400000,0x00000000ec400000)
  from space 4096K, 99% used [0x00000000ec400000,0x00000000ec7fc178,0x00000000ec800000)
  to   space 4096K, 0% used [0x00000000ec800000,0x00000000ec800000,0x00000000ecc00000)
 ParOldGen       total 68608K, used 2914K [0x00000000c0000000, 0x00000000c4300000, 0x00000000eab00000)
  object space 68608K, 4% used [0x00000000c0000000,0x00000000c02d89e0,0x00000000c4300000)
 Metaspace       used 15546K, committed 16128K, reserved 1114112K
  class space    used 1550K, committed 1792K, reserved 1048576K
}
Event: 4.013 GC heap after
{Heap after GC invocations=4 (full 0):
 PSYoungGen      total 29696K, used 4065K [0x00000000eab00000, 0x00000000ecc00000, 0x0000000100000000)
  eden space 25600K, 0% used [0x00000000eab00000,0x00000000eab00000,0x00000000ec400000)
  from space 4096K, 99% used [0x00000000ec800000,0x00000000ecbf8788,0x00000000ecc00000)
  to   space 4096K, 0% used [0x00000000ec400000,0x00000000ec400000,0x00000000ec800000)
 ParOldGen       total 68608K, used 5428K [0x00000000c0000000, 0x00000000c4300000, 0x00000000eab00000)
  object space 68608K, 7% used [0x00000000c0000000,0x00000000c054d3d8,0x00000000c4300000)
 Metaspace       used 15546K, committed 16128K, reserved 1114112K
  class space    used 1550K, committed 1792K, reserved 1048576K
}

Dll operation events (9 events):
Event: 0.011 Loaded shared library c:\Users\Raju Shrirame\.vscode\extensions\redhat.java-1.41.1-win32-x64\jre\21.0.6-win32-x86_64\bin\java.dll
Event: 0.095 Loaded shared library c:\Users\Raju Shrirame\.vscode\extensions\redhat.java-1.41.1-win32-x64\jre\21.0.6-win32-x86_64\bin\zip.dll
Event: 0.138 Loaded shared library C:\Users\Raju Shrirame\.vscode\extensions\redhat.java-1.41.1-win32-x64\jre\21.0.6-win32-x86_64\bin\instrument.dll
Event: 0.148 Loaded shared library C:\Users\Raju Shrirame\.vscode\extensions\redhat.java-1.41.1-win32-x64\jre\21.0.6-win32-x86_64\bin\net.dll
Event: 0.154 Loaded shared library C:\Users\Raju Shrirame\.vscode\extensions\redhat.java-1.41.1-win32-x64\jre\21.0.6-win32-x86_64\bin\nio.dll
Event: 0.162 Loaded shared library C:\Users\Raju Shrirame\.vscode\extensions\redhat.java-1.41.1-win32-x64\jre\21.0.6-win32-x86_64\bin\zip.dll
Event: 0.198 Loaded shared library C:\Users\Raju Shrirame\.vscode\extensions\redhat.java-1.41.1-win32-x64\jre\21.0.6-win32-x86_64\bin\jimage.dll
Event: 0.335 Loaded shared library c:\Users\Raju Shrirame\.vscode\extensions\redhat.java-1.41.1-win32-x64\jre\21.0.6-win32-x86_64\bin\verify.dll
Event: 2.757 Loaded shared library C:\Users\Raju Shrirame\AppData\Roaming\Code\User\globalStorage\redhat.java\1.41.1\config_ss_win\org.eclipse.equinox.launcher\org.eclipse.equinox.launcher.win32.win32.x86_64_1.2.1300.v20250331-1702\eclipse_11911.dll

Deoptimization events (20 events):
Event: 3.872 Thread 0x000002677ed72f50 DEOPT PACKING pc=0x0000026732c68514 sp=0x000000d044cef720
Event: 3.872 Thread 0x000002677ed72f50 DEOPT UNPACKING pc=0x0000026732633aa2 sp=0x000000d044cef6c8 mode 2
Event: 3.950 Thread 0x000002677ed72f50 Uncommon trap: trap_request=0xffffff45 fr.pc=0x0000026732c79e1c relative=0x000000000000079c
Event: 3.950 Thread 0x000002677ed72f50 Uncommon trap: reason=unstable_if action=reinterpret pc=0x0000026732c79e1c method=org.lombokweb.asm.ClassReader.readUTF8(I[C)Ljava/lang/String; @ 11 c2
Event: 3.951 Thread 0x000002677ed72f50 DEOPT PACKING pc=0x0000026732c79e1c sp=0x000000d044cef820
Event: 3.951 Thread 0x000002677ed72f50 DEOPT UNPACKING pc=0x0000026732633aa2 sp=0x000000d044cef808 mode 2
Event: 4.252 Thread 0x000002677ed72f50 Uncommon trap: trap_request=0xffffff6e fr.pc=0x0000026732c874f4 relative=0x00000000000009f4
Event: 4.252 Thread 0x000002677ed72f50 Uncommon trap: reason=loop_limit_check action=maybe_recompile pc=0x0000026732c874f4 method=java.util.regex.Pattern$StartS.match(Ljava/util/regex/Matcher;ILjava/lang/CharSequence;)Z @ 34 c2
Event: 4.252 Thread 0x000002677ed72f50 DEOPT PACKING pc=0x0000026732c874f4 sp=0x000000d044ceedf0
Event: 4.252 Thread 0x000002677ed72f50 DEOPT UNPACKING pc=0x0000026732633aa2 sp=0x000000d044ceed40 mode 2
Event: 4.253 Thread 0x000002677ed72f50 Uncommon trap: trap_request=0xffffff45 fr.pc=0x0000026732c85aec relative=0x000000000000014c
Event: 4.253 Thread 0x000002677ed72f50 Uncommon trap: reason=unstable_if action=reinterpret pc=0x0000026732c85aec method=org.lombokweb.asm.ByteVector.putByteArray([BII)Lorg/lombokweb/asm/ByteVector; @ 20 c2
Event: 4.253 Thread 0x000002677ed72f50 DEOPT PACKING pc=0x0000026732c85aec sp=0x000000d044ceedc0
Event: 4.253 Thread 0x000002677ed72f50 DEOPT UNPACKING pc=0x0000026732633aa2 sp=0x000000d044ceed90 mode 2
Event: 4.253 Thread 0x000002677ed72f50 Uncommon trap: trap_request=0xffffff45 fr.pc=0x0000026732c861a4 relative=0x0000000000000364
Event: 4.253 Thread 0x000002677ed72f50 Uncommon trap: reason=unstable_if action=reinterpret pc=0x0000026732c861a4 method=org.lombokweb.asm.Label.resolve([BLorg/lombokweb/asm/ByteVector;I)Z @ 81 c2
Event: 4.253 Thread 0x000002677ed72f50 DEOPT PACKING pc=0x0000026732c861a4 sp=0x000000d044ceee50
Event: 4.253 Thread 0x000002677ed72f50 DEOPT UNPACKING pc=0x0000026732633aa2 sp=0x000000d044ceed58 mode 2
Event: 4.292 Thread 0x000002677ed72f50 DEOPT PACKING pc=0x000002672b1d62b9 sp=0x000000d044cf27f0
Event: 4.292 Thread 0x000002677ed72f50 DEOPT UNPACKING pc=0x0000026732634242 sp=0x000000d044cf1cf0 mode 0

Classes loaded (20 events):
Event: 3.894 Loading class java/util/zip/GZIPInputStream
Event: 3.894 Loading class java/util/zip/GZIPInputStream done
Event: 3.899 Loading class java/util/zip/GZIPOutputStream
Event: 3.900 Loading class java/util/zip/GZIPOutputStream done
Event: 3.906 Loading class java/net/SocketTimeoutException
Event: 3.906 Loading class java/io/InterruptedIOException
Event: 3.906 Loading class java/io/InterruptedIOException done
Event: 3.906 Loading class java/net/SocketTimeoutException done
Event: 3.906 Loading class java/net/SocketException
Event: 3.907 Loading class java/net/SocketException done
Event: 3.907 Loading class java/net/UnknownHostException
Event: 3.907 Loading class java/net/UnknownHostException done
Event: 3.907 Loading class java/net/ProtocolException
Event: 3.907 Loading class java/net/ProtocolException done
Event: 3.931 Loading class java/lang/ThreadLocal$SuppliedThreadLocal
Event: 3.931 Loading class java/lang/ThreadLocal$SuppliedThreadLocal done
Event: 4.029 Loading class java/io/FileWriter
Event: 4.029 Loading class java/io/FileWriter done
Event: 4.031 Loading class java/lang/NegativeArraySizeException
Event: 4.031 Loading class java/lang/NegativeArraySizeException done

Classes unloaded (0 events):
No events

Classes redefined (0 events):
No events

Internal exceptions (20 events):
Event: 3.508 Thread 0x000002677ed72f50 Exception <a 'java/lang/NoSuchMethodError'{0x00000000ec2822b0}: 'java.lang.Object java.lang.invoke.DelegatingMethodHandle$Holder.reinvoke_L(java.lang.Object, java.lang.Object, java.lang.Object, java.lang.Object, int, int)'> (0x00000000ec2822b0) 
thrown [s\src\hotspot\share\interpreter\linkResolver.cpp, line 773]
Event: 3.511 Thread 0x000002677ed72f50 Exception <a 'java/lang/NoSuchMethodError'{0x00000000ec29f218}: 'java.lang.Object java.lang.invoke.DirectMethodHandle$Holder.newInvokeSpecial(java.lang.Object, java.lang.Object, java.lang.Object, java.lang.Object, java.lang.Object, java.lang.Object)'> (0x00000000ec29f218) 
thrown [s\src\hotspot\share\interpreter\linkResolver.cpp, line 773]
Event: 3.514 Thread 0x000002677ed72f50 Exception <a 'java/lang/NoSuchMethodError'{0x00000000ec2cba40}: 'void java.lang.invoke.Invokers$Holder.invokeExact_MT(java.lang.Object, java.lang.Object, java.lang.Object, java.lang.Object)'> (0x00000000ec2cba40) 
thrown [s\src\hotspot\share\interpreter\linkResolver.cpp, line 773]
Event: 3.587 Thread 0x000002677ed72f50 Exception <a 'java/io/FileNotFoundException'{0x00000000eab22308}> (0x00000000eab22308) 
thrown [s\src\hotspot\share\prims\jni.cpp, line 520]
Event: 3.588 Thread 0x000002677ed72f50 Exception <a 'java/io/FileNotFoundException'{0x00000000eab299c0}> (0x00000000eab299c0) 
thrown [s\src\hotspot\share\prims\jni.cpp, line 520]
Event: 3.744 Thread 0x000002677ed72f50 Exception <a 'java/lang/NoSuchMethodError'{0x00000000eb185188}: 'java.lang.Object java.lang.invoke.DirectMethodHandle$Holder.newInvokeSpecial(java.lang.Object, java.lang.Object, java.lang.Object, java.lang.Object, java.lang.Object)'> (0x00000000eb185188) 
thrown [s\src\hotspot\share\interpreter\linkResolver.cpp, line 773]
Event: 3.764 Thread 0x000002677ed72f50 Exception <a 'java/lang/NoSuchMethodError'{0x00000000eb2621c8}: 'java.lang.Object java.lang.invoke.DirectMethodHandle$Holder.invokeSpecial(java.lang.Object, java.lang.Object, java.lang.Object, long, java.lang.Object)'> (0x00000000eb2621c8) 
thrown [s\src\hotspot\share\interpreter\linkResolver.cpp, line 773]
Event: 3.765 Thread 0x000002677ed72f50 Exception <a 'java/lang/NoSuchMethodError'{0x00000000eb269958}: 'java.lang.Object java.lang.invoke.DirectMethodHandle$Holder.newInvokeSpecial(java.lang.Object, java.lang.Object, java.lang.Object, long)'> (0x00000000eb269958) 
thrown [s\src\hotspot\share\interpreter\linkResolver.cpp, line 773]
Event: 3.765 Thread 0x000002677ed72f50 Exception <a 'java/lang/NoSuchMethodError'{0x00000000eb26d5d8}: 'java.lang.Object java.lang.invoke.Invokers$Holder.linkToTargetMethod(java.lang.Object, java.lang.Object, long, java.lang.Object)'> (0x00000000eb26d5d8) 
thrown [s\src\hotspot\share\interpreter\linkResolver.cpp, line 773]
Event: 3.779 Thread 0x000002677ed72f50 Exception <a 'java/lang/NoSuchMethodError'{0x00000000eb2df0f0}: 'int java.lang.invoke.DirectMethodHandle$Holder.invokeStaticInit(java.lang.Object, java.lang.Object, java.lang.Object)'> (0x00000000eb2df0f0) 
thrown [s\src\hotspot\share\interpreter\linkResolver.cpp, line 773]
Event: 3.795 Thread 0x000002677ed72f50 Exception <a 'java/lang/IncompatibleClassChangeError'{0x00000000eb36dfe8}: Found class java.lang.Object, but interface was expected> (0x00000000eb36dfe8) 
thrown [s\src\hotspot\share\interpreter\linkResolver.cpp, line 840]
Event: 3.796 Thread 0x000002677ed72f50 Exception <a 'java/lang/NoSuchMethodError'{0x00000000eb371bf0}: 'java.lang.Object java.lang.invoke.DirectMethodHandle$Holder.invokeSpecial(java.lang.Object, java.lang.Object, java.lang.Object, int, java.lang.Object, java.lang.Object)'> (0x00000000eb371bf0) 
thrown [s\src\hotspot\share\interpreter\linkResolver.cpp, line 773]
Event: 3.797 Thread 0x000002677ed72f50 Exception <a 'java/lang/NoSuchMethodError'{0x00000000eb379488}: 'java.lang.Object java.lang.invoke.DirectMethodHandle$Holder.newInvokeSpecial(java.lang.Object, java.lang.Object, java.lang.Object, int, java.lang.Object)'> (0x00000000eb379488) 
thrown [s\src\hotspot\share\interpreter\linkResolver.cpp, line 773]
Event: 3.798 Thread 0x000002677ed72f50 Exception <a 'java/lang/NoSuchMethodError'{0x00000000eb37cf78}: 'java.lang.Object java.lang.invoke.Invokers$Holder.linkToTargetMethod(java.lang.Object, java.lang.Object, int, java.lang.Object, java.lang.Object)'> (0x00000000eb37cf78) 
thrown [s\src\hotspot\share\interpreter\linkResolver.cpp, line 773]
Event: 3.799 Thread 0x000002677ed728c0 Exception <a 'java/lang/NoSuchMethodError'{0x00000000eb2bfee0}: 'java.lang.Object java.lang.invoke.DirectMethodHandle$Holder.invokeSpecial(java.lang.Object, java.lang.Object, int, java.lang.Object, java.lang.Object)'> (0x00000000eb2bfee0) 
thrown [s\src\hotspot\share\interpreter\linkResolver.cpp, line 773]
Event: 3.800 Thread 0x000002677ed728c0 Exception <a 'java/lang/NoSuchMethodError'{0x00000000eb2c6c18}: 'java.lang.Object java.lang.invoke.DirectMethodHandle$Holder.newInvokeSpecial(java.lang.Object, java.lang.Object, int, java.lang.Object)'> (0x00000000eb2c6c18) 
thrown [s\src\hotspot\share\interpreter\linkResolver.cpp, line 773]
Event: 3.825 Thread 0x000002677ed72f50 Exception <a 'java/lang/NoSuchMethodError'{0x00000000eb4b5800}: 'void java.lang.invoke.DirectMethodHandle$Holder.invokeSpecial(java.lang.Object, java.lang.Object, java.lang.Object, java.lang.Object, java.lang.Object)'> (0x00000000eb4b5800) 
thrown [s\src\hotspot\share\interpreter\linkResolver.cpp, line 773]
Event: 3.850 Thread 0x000002677ed72f50 Exception <a 'java/lang/NoSuchMethodError'{0x00000000eb5e35d8}: 'double java.lang.invoke.DirectMethodHandle$Holder.invokeStatic(java.lang.Object, java.lang.Object)'> (0x00000000eb5e35d8) 
thrown [s\src\hotspot\share\interpreter\linkResolver.cpp, line 773]
Event: 3.851 Thread 0x000002677ed72f50 Exception <a 'java/lang/NoSuchMethodError'{0x00000000eb5e6c98}: 'double java.lang.invoke.DirectMethodHandle$Holder.invokeStaticInit(java.lang.Object, java.lang.Object)'> (0x00000000eb5e6c98) 
thrown [s\src\hotspot\share\interpreter\linkResolver.cpp, line 773]
Event: 4.253 Thread 0x000002677ed72f50 Implicit null exception at 0x0000026732c859f5 to 0x0000026732c85ad0

ZGC Phase Switch (0 events):
No events

VM Operations (20 events):
Event: 2.823 Executing VM operation: ICBufferFull
Event: 2.823 Executing VM operation: ICBufferFull done
Event: 2.838 Executing VM operation: ParallelGCFailedAllocation (Allocation Failure)
Event: 2.846 Executing VM operation: ParallelGCFailedAllocation (Allocation Failure) done
Event: 2.859 Executing VM operation: HandshakeAllThreads (Deoptimize)
Event: 2.859 Executing VM operation: HandshakeAllThreads (Deoptimize) done
Event: 3.006 Executing VM operation: HandshakeAllThreads (Deoptimize)
Event: 3.006 Executing VM operation: HandshakeAllThreads (Deoptimize) done
Event: 3.336 Executing VM operation: HandshakeAllThreads (Deoptimize)
Event: 3.337 Executing VM operation: HandshakeAllThreads (Deoptimize) done
Event: 3.563 Executing VM operation: ParallelGCFailedAllocation (Allocation Failure)
Event: 3.569 Executing VM operation: ParallelGCFailedAllocation (Allocation Failure) done
Event: 3.607 Executing VM operation: HandshakeAllThreads (Deoptimize)
Event: 3.607 Executing VM operation: HandshakeAllThreads (Deoptimize) done
Event: 3.612 Executing VM operation: HandshakeAllThreads (Deoptimize)
Event: 3.612 Executing VM operation: HandshakeAllThreads (Deoptimize) done
Event: 3.634 Executing VM operation: HandshakeAllThreads (Deoptimize)
Event: 3.634 Executing VM operation: HandshakeAllThreads (Deoptimize) done
Event: 4.008 Executing VM operation: ParallelGCFailedAllocation (Allocation Failure)
Event: 4.013 Executing VM operation: ParallelGCFailedAllocation (Allocation Failure) done

Memory protections (0 events):
No events

Nmethod flushes (0 events):
No events

Events (20 events):
Event: 0.891 Thread 0x000002673c26cd80 Thread added: 0x000002677f344760
Event: 1.301 Thread 0x000002677f344760 Thread exited: 0x000002677f344760
Event: 1.370 Thread 0x000002677eff0590 Thread exited: 0x000002677eff0590
Event: 1.415 Thread 0x000002673c26cd80 Thread added: 0x000002677f674680
Event: 1.920 Thread 0x000002673c26cd80 Thread added: 0x000002677f8497f0
Event: 2.375 Thread 0x0000026725be0920 Thread added: 0x000002677ed74300
Event: 2.742 Thread 0x0000026725be0920 Thread added: 0x000002677ed74990
Event: 2.750 Thread 0x0000026725be0920 Thread added: 0x000002677ed72f50
Event: 2.806 Thread 0x000002677ed72f50 Thread added: 0x000002677ed75020
Event: 2.952 Thread 0x000002677f8497f0 Thread exited: 0x000002677f8497f0
Event: 2.952 Thread 0x000002677f674680 Thread exited: 0x000002677f674680
Event: 2.979 Thread 0x000002677ed72f50 Thread added: 0x000002677ed75d40
Event: 3.104 Thread 0x000002673c26cd80 Thread added: 0x00000267040e10e0
Event: 3.104 Thread 0x000002673c26cd80 Thread added: 0x00000267040a9b40
Event: 3.384 Thread 0x000002677ed72f50 Thread added: 0x000002677ed756b0
Event: 3.451 Thread 0x00000267040a9b40 Thread exited: 0x00000267040a9b40
Event: 3.451 Thread 0x00000267040e10e0 Thread exited: 0x00000267040e10e0
Event: 3.649 Thread 0x000002673c26cd80 Thread added: 0x00000267040f79a0
Event: 3.771 Thread 0x000002677ed72f50 Thread added: 0x000002677ed728c0
Event: 3.800 Thread 0x000002677ed72f50 Thread added: 0x0000026704344890


Dynamic libraries:
0x00007ff6f5060000 - 0x00007ff6f506e000 	c:\Users\Raju Shrirame\.vscode\extensions\redhat.java-1.41.1-win32-x64\jre\21.0.6-win32-x86_64\bin\java.exe
0x00007ffeb12d0000 - 0x00007ffeb14c5000 	C:\Windows\SYSTEM32\ntdll.dll
0x00007ffeb1170000 - 0x00007ffeb122e000 	C:\Windows\System32\KERNEL32.DLL
0x00007ffeaf040000 - 0x00007ffeaf308000 	C:\Windows\System32\KERNELBASE.dll
0x00007ffeaef40000 - 0x00007ffeaf040000 	C:\Windows\System32\ucrtbase.dll
0x00007ffe9d320000 - 0x00007ffe9d33e000 	c:\Users\Raju Shrirame\.vscode\extensions\redhat.java-1.41.1-win32-x64\jre\21.0.6-win32-x86_64\bin\VCRUNTIME140.dll
0x00007ffe99330000 - 0x00007ffe99348000 	c:\Users\Raju Shrirame\.vscode\extensions\redhat.java-1.41.1-win32-x64\jre\21.0.6-win32-x86_64\bin\jli.dll
0x00007ffeafe40000 - 0x00007ffeaffe1000 	C:\Windows\System32\USER32.dll
0x00007ffeaed50000 - 0x00007ffeaed72000 	C:\Windows\System32\win32u.dll
0x00007ffe9dff0000 - 0x00007ffe9e28a000 	C:\Windows\WinSxS\amd64_microsoft.windows.common-controls_6595b64144ccf1df_6.0.19041.1110_none_60b5254171f9507e\COMCTL32.dll
0x00007ffeb0960000 - 0x00007ffeb098b000 	C:\Windows\System32\GDI32.dll
0x00007ffeaf520000 - 0x00007ffeaf5be000 	C:\Windows\System32\msvcrt.dll
0x00007ffeaee30000 - 0x00007ffeaef3d000 	C:\Windows\System32\gdi32full.dll
0x00007ffeaebf0000 - 0x00007ffeaec8d000 	C:\Windows\System32\msvcp_win.dll
0x00007ffeaf490000 - 0x00007ffeaf4c0000 	C:\Windows\System32\IMM32.DLL
0x00007ffea8340000 - 0x00007ffea834c000 	c:\Users\Raju Shrirame\.vscode\extensions\redhat.java-1.41.1-win32-x64\jre\21.0.6-win32-x86_64\bin\vcruntime140_1.dll
0x00007ffe5f450000 - 0x00007ffe5f4dd000 	c:\Users\Raju Shrirame\.vscode\extensions\redhat.java-1.41.1-win32-x64\jre\21.0.6-win32-x86_64\bin\msvcp140.dll
0x00007ffe5c640000 - 0x00007ffe5d3d0000 	c:\Users\Raju Shrirame\.vscode\extensions\redhat.java-1.41.1-win32-x64\jre\21.0.6-win32-x86_64\bin\server\jvm.dll
0x00007ffeb0f70000 - 0x00007ffeb101c000 	C:\Windows\System32\ADVAPI32.dll
0x00007ffeb0120000 - 0x00007ffeb01bb000 	C:\Windows\System32\sechost.dll
0x00007ffeb1020000 - 0x00007ffeb114a000 	C:\Windows\System32\RPCRT4.dll
0x00007ffeafff0000 - 0x00007ffeb005b000 	C:\Windows\System32\WS2_32.dll
0x00007ffeae850000 - 0x00007ffeae89b000 	C:\Windows\SYSTEM32\POWRPROF.dll
0x00007ffea69f0000 - 0x00007ffea69fa000 	C:\Windows\SYSTEM32\VERSION.dll
0x00007ffea57b0000 - 0x00007ffea57d7000 	C:\Windows\SYSTEM32\WINMM.dll
0x00007ffeae830000 - 0x00007ffeae842000 	C:\Windows\SYSTEM32\UMPDC.dll
0x00007ffead260000 - 0x00007ffead272000 	C:\Windows\SYSTEM32\kernel.appcore.dll
0x00007ffea8020000 - 0x00007ffea802a000 	c:\Users\Raju Shrirame\.vscode\extensions\redhat.java-1.41.1-win32-x64\jre\21.0.6-win32-x86_64\bin\jimage.dll
0x00007ffeac560000 - 0x00007ffeac744000 	C:\Windows\SYSTEM32\DBGHELP.DLL
0x00007ffe9bdd0000 - 0x00007ffe9bdfc000 	C:\Windows\SYSTEM32\dbgcore.DLL
0x00007ffeaecc0000 - 0x00007ffeaed42000 	C:\Windows\System32\bcryptPrimitives.dll
0x00007ffea7dc0000 - 0x00007ffea7dcf000 	c:\Users\Raju Shrirame\.vscode\extensions\redhat.java-1.41.1-win32-x64\jre\21.0.6-win32-x86_64\bin\instrument.dll
0x00007ffe82670000 - 0x00007ffe8268f000 	c:\Users\Raju Shrirame\.vscode\extensions\redhat.java-1.41.1-win32-x64\jre\21.0.6-win32-x86_64\bin\java.dll
0x00007ffeaf5c0000 - 0x00007ffeafd04000 	C:\Windows\System32\SHELL32.dll
0x00007ffeacab0000 - 0x00007ffead244000 	C:\Windows\SYSTEM32\windows.storage.dll
0x00007ffeb0b30000 - 0x00007ffeb0e85000 	C:\Windows\System32\combase.dll
0x00007ffeae360000 - 0x00007ffeae38e000 	C:\Windows\SYSTEM32\Wldp.dll
0x00007ffeb0060000 - 0x00007ffeb010d000 	C:\Windows\System32\SHCORE.dll
0x00007ffeaf430000 - 0x00007ffeaf485000 	C:\Windows\System32\shlwapi.dll
0x00007ffeae920000 - 0x00007ffeae93f000 	C:\Windows\SYSTEM32\profapi.dll
0x00007ffe82290000 - 0x00007ffe822a8000 	c:\Users\Raju Shrirame\.vscode\extensions\redhat.java-1.41.1-win32-x64\jre\21.0.6-win32-x86_64\bin\zip.dll
0x00007ffea7db0000 - 0x00007ffea7dc0000 	C:\Users\Raju Shrirame\.vscode\extensions\redhat.java-1.41.1-win32-x64\jre\21.0.6-win32-x86_64\bin\net.dll
0x00007ffea22d0000 - 0x00007ffea23dc000 	C:\Windows\SYSTEM32\WINHTTP.dll
0x00007ffeae0c0000 - 0x00007ffeae12a000 	C:\Windows\system32\mswsock.dll
0x00007ffe81fd0000 - 0x00007ffe81fe6000 	C:\Users\Raju Shrirame\.vscode\extensions\redhat.java-1.41.1-win32-x64\jre\21.0.6-win32-x86_64\bin\nio.dll
0x00007ffea6b60000 - 0x00007ffea6b70000 	c:\Users\Raju Shrirame\.vscode\extensions\redhat.java-1.41.1-win32-x64\jre\21.0.6-win32-x86_64\bin\verify.dll
0x00007ffe81cc0000 - 0x00007ffe81d05000 	C:\Users\Raju Shrirame\AppData\Roaming\Code\User\globalStorage\redhat.java\1.41.1\config_ss_win\org.eclipse.equinox.launcher\org.eclipse.equinox.launcher.win32.win32.x86_64_1.2.1300.v20250331-1702\eclipse_11911.dll
0x00007ffeafd10000 - 0x00007ffeafe3a000 	C:\Windows\System32\ole32.dll

dbghelp: loaded successfully - version: 4.0.5 - missing functions: none
symbol engine: initialized successfully - sym options: 0x614 - pdb path: .;c:\Users\Raju Shrirame\.vscode\extensions\redhat.java-1.41.1-win32-x64\jre\21.0.6-win32-x86_64\bin;C:\Windows\SYSTEM32;C:\Windows\WinSxS\amd64_microsoft.windows.common-controls_6595b64144ccf1df_6.0.19041.1110_none_60b5254171f9507e;c:\Users\Raju Shrirame\.vscode\extensions\redhat.java-1.41.1-win32-x64\jre\21.0.6-win32-x86_64\bin\server;C:\Users\Raju Shrirame\AppData\Roaming\Code\User\globalStorage\redhat.java\1.41.1\config_ss_win\org.eclipse.equinox.launcher\org.eclipse.equinox.launcher.win32.win32.x86_64_1.2.1300.v20250331-1702

VM Arguments:
jvm_args: --add-modules=ALL-SYSTEM --add-opens=java.base/java.util=ALL-UNNAMED --add-opens=java.base/java.lang=ALL-UNNAMED --add-opens=java.base/sun.nio.fs=ALL-UNNAMED -Declipse.application=org.eclipse.jdt.ls.core.id1 -Dosgi.bundles.defaultStartLevel=4 -Declipse.product=org.eclipse.jdt.ls.core.product -Djava.import.generatesMetadataFilesAtProjectRoot=false -DDetectVMInstallationsJob.disabled=true -Dfile.encoding=utf8 -XX:+UseParallelGC -XX:GCTimeRatio=4 -XX:AdaptiveSizePolicyWeight=90 -Dsun.zip.disableMemoryMapping=true -Xmx1G -Xms100m -Xlog:disable -javaagent:c:\Users\Raju Shrirame\.vscode\extensions\redhat.java-1.41.1-win32-x64\lombok\lombok-1.18.36.jar 
java_command: c:\Users\Raju Shrirame\.vscode\extensions\redhat.java-1.41.1-win32-x64\server\plugins\org.eclipse.equinox.launcher_1.7.0.v20250331-1702.jar -configuration c:\Users\Raju Shrirame\AppData\Roaming\Code\User\globalStorage\redhat.java\1.41.1\config_ss_win -data c:\Users\Raju Shrirame\AppData\Roaming\Code\User\workspaceStorage\bf5354fa548733c8218dcee6b927070a\redhat.java\ss_ws --pipe=\\.\pipe\lsp-48dd7288db21c1fad49be9641a28fd1a-sock
java_class_path (initial): c:\Users\Raju Shrirame\.vscode\extensions\redhat.java-1.41.1-win32-x64\server\plugins\org.eclipse.equinox.launcher_1.7.0.v20250331-1702.jar
Launcher Type: SUN_STANDARD

[Global flags]
    uintx AdaptiveSizePolicyWeight                 = 90                                        {product} {command line}
     intx CICompilerCount                          = 4                                         {product} {ergonomic}
    uintx GCTimeRatio                              = 4                                         {product} {command line}
   size_t InitialHeapSize                          = 104857600                                 {product} {command line}
   size_t MaxHeapSize                              = 1073741824                                {product} {command line}
   size_t MaxNewSize                               = 357564416                                 {product} {ergonomic}
   size_t MinHeapDeltaBytes                        = 524288                                    {product} {ergonomic}
   size_t MinHeapSize                              = 104857600                                 {product} {command line}
   size_t NewSize                                  = 34603008                                  {product} {ergonomic}
    uintx NonNMethodCodeHeapSize                   = 5839372                                {pd product} {ergonomic}
    uintx NonProfiledCodeHeapSize                  = 122909434                              {pd product} {ergonomic}
   size_t OldSize                                  = 70254592                                  {product} {ergonomic}
    uintx ProfiledCodeHeapSize                     = 122909434                              {pd product} {ergonomic}
    uintx ReservedCodeCacheSize                    = 251658240                              {pd product} {ergonomic}
     bool SegmentedCodeCache                       = true                                      {product} {ergonomic}
   size_t SoftMaxHeapSize                          = 1073741824                             {manageable} {ergonomic}
     bool UseCompressedOops                        = true                           {product lp64_product} {ergonomic}
     bool UseLargePagesIndividualAllocation        = false                                  {pd product} {ergonomic}
     bool UseParallelGC                            = true                                      {product} {command line}

Logging:
Log output configuration:
 #0: stdout all=off uptime,level,tags foldmultilines=false
 #1: stderr all=off uptime,level,tags foldmultilines=false

Environment Variables:
JAVA_HOME=C:\Program Files\Amazon Corretto\jdk17.0.13_11
PATH=C:\Program Files\Amazon Corretto\jdk17.0.13_11\bin;C:\Python312\Scripts\;C:\Python312\;C:\Program Files\Amazon Corretto\jdk11.0.23_9\bin;C:\ProgramData\Oracle\Java\javapath;C:\Windows\system32;C:\Windows;C:\Windows\System32\Wbem;C:\Windows\System32\WindowsPowerShell\v1.0\;C:\Windows\System32\OpenSSH\;C:\Windows\IsmFiles;C:\Program Files\dotnet\;C:\MinGW\bin;C:\ProgramData\chocolatey\bin;C:\ProgramData\chocolatey\lib\maven\apache-maven-3.9.8\bin;C:\Program Files\Amazon\AWSCLIV2\;C:\Program Files\Microsoft VS Code\bin;C:\Program Files\nodejs\;C:\Program Files\Git\cmd;C:\Program Files\Git\mingw64\bin;C:\Program Files\Git\usr\bin;C:\Program Files\Vagrant\bin;C:\Users\Raju Shrirame\AppData\Local\Microsoft\WindowsApps;C:\MinGW\bin;C:\Users\Raju Shrirame\AppData\Local\Programs\Microsoft VS Code\bin;C:\Users\Raju Shrirame\AppData\Local\spicetify;C:\Program Files\Oracle\VirtualBox;C:\Users\Raju Shrirame\AppData\Roaming\npm;D:\mongoDB shell\
USERNAME=Raju Shrirame
OS=Windows_NT
PROCESSOR_IDENTIFIER=AMD64 Family 23 Model 24 Stepping 1, AuthenticAMD
TMP=C:\Users\RAJUSH~1\AppData\Local\Temp
TEMP=C:\Users\RAJUSH~1\AppData\Local\Temp




Periodic native trim disabled

---------------  S Y S T E M  ---------------

OS:
 Windows 10 , 64 bit Build 19041 (10.0.19041.1348)
OS uptime: 0 days 5:21 hours

CPU: total 8 (initial active 8) (8 cores per cpu, 2 threads per core) family 23 model 24 stepping 1 microcode 0x0, cx8, cmov, fxsr, ht, mmx, 3dnowpref, sse, sse2, sse3, ssse3, sse4a, sse4.1, sse4.2, popcnt, lzcnt, tsc, tscinvbit, avx, avx2, aes, clmul, bmi1, bmi2, adx, sha, fma, vzeroupper, clflush, clflushopt, rdtscp, f16c
Processor Information for the first 8 processors :
  Max Mhz: 2100, Current Mhz: 2100, Mhz Limit: 2100

Memory: 4k page, system-wide physical 6091M (640M free)
TotalPageFile size 6091M (AvailPageFile size 220M)
current process WorkingSet (physical memory assigned to process): 121M, peak: 121M
current process commit charge ("private bytes"): 229M, peak: 229M

vm_info: OpenJDK 64-Bit Server VM (21.0.6+7-LTS) for windows-amd64 JRE (21.0.6+7-LTS), built on 2025-01-21T00:00:00Z by "admin" with MS VC++ 17.7 (VS2022)

END.
