#
# There is insufficient memory for the Java Runtime Environment to continue.
# Native memory allocation (malloc) failed to allocate 1516656 bytes. Error detail: Chunk::new
# Possible reasons:
#   The system is out of physical RAM or swap space
#   This process is running with CompressedOops enabled, and the Java Heap may be blocking the growth of the native heap
# Possible solutions:
#   Reduce memory load on the system
#   Increase physical memory or swap space
#   Check if swap backing store is full
#   Decrease Java heap size (-Xmx/-Xms)
#   Decrease number of Java threads
#   Decrease Java thread stack sizes (-Xss)
#   Set larger code cache with -XX:ReservedCodeCacheSize=
#   JVM is running with Unscaled Compressed Oops mode in which the Java heap is
#     placed in the first 4GB address space. The Java Heap base address is the
#     maximum limit for the native heap growth. Please use -XX:HeapBaseMinAddress
#     to set the Java Heap base and to place the Java Heap above 4GB virtual address.
# This output file may be truncated or incomplete.
#
#  Out of Memory Error (arena.cpp:168), pid=8248, tid=1216
#
# JRE version: OpenJDK Runtime Environment Temurin-21.0.6+7 (21.0.6+7) (build 21.0.6+7-LTS)
# Java VM: OpenJDK 64-Bit Server VM Temurin-21.0.6+7 (21.0.6+7-LTS, mixed mode, sharing, tiered, compressed oops, compressed class ptrs, parallel gc, windows-amd64)
# No core dump will be written. Minidumps are not enabled by default on client versions of Windows
#

---------------  S U M M A R Y ------------

Command Line: --add-modules=ALL-SYSTEM --add-opens=java.base/java.util=ALL-UNNAMED --add-opens=java.base/java.lang=ALL-UNNAMED --add-opens=java.base/sun.nio.fs=ALL-UNNAMED -Declipse.application=org.eclipse.jdt.ls.core.id1 -Dosgi.bundles.defaultStartLevel=4 -Declipse.product=org.eclipse.jdt.ls.core.product -Djava.import.generatesMetadataFilesAtProjectRoot=false -DDetectVMInstallationsJob.disabled=true -Dfile.encoding=utf8 -XX:+UseParallelGC -XX:GCTimeRatio=4 -XX:AdaptiveSizePolicyWeight=90 -Dsun.zip.disableMemoryMapping=true -Xmx1G -Xms100m -Xlog:disable -javaagent:c:\Users\Raju Shrirame\.vscode\extensions\redhat.java-1.41.1-win32-x64\lombok\lombok-1.18.36.jar -XX:+HeapDumpOnOutOfMemoryError -XX:HeapDumpPath=c:\Users\Raju Shrirame\AppData\Roaming\Code\User\workspaceStorage\bf5354fa548733c8218dcee6b927070a\redhat.java -Daether.dependencyCollector.impl=bf c:\Users\Raju Shrirame\.vscode\extensions\redhat.java-1.41.1-win32-x64\server\plugins\org.eclipse.equinox.launcher_1.7.0.v20250331-1702.jar -configuration c:\Users\Raju Shrirame\AppData\Roaming\Code\User\globalStorage\redhat.java\1.41.1\config_win -data c:\Users\Raju Shrirame\AppData\Roaming\Code\User\workspaceStorage\bf5354fa548733c8218dcee6b927070a\redhat.java\jdt_ws --pipe=\\.\pipe\lsp-a3e63f1a98177ae6c73747ec1e2f9674-sock

Host: AMD Ryzen 5 3500U with Radeon Vega Mobile Gfx  , 8 cores, 5G,  Windows 10 , 64 bit Build 19041 (10.0.19041.1348)
Time: Thu Apr 17 20:48:59 2025 India Standard Time elapsed time: 7.273460 seconds (0d 0h 0m 7s)

---------------  T H R E A D  ---------------

Current thread (0x000001bad9cca9f0):  JavaThread "C2 CompilerThread1" daemon [_thread_in_native, id=1216, stack(0x0000007197300000,0x0000007197400000) (1024K)]


Current CompileTask:
C2:7273 5576 %     4       org.eclipse.jdt.internal.core.search.indexing.BinaryIndexer::extractReferenceFromConstantPool @ 15 (358 bytes)

Stack: [0x0000007197300000,0x0000007197400000]
Native frames: (J=compiled Java code, j=interpreted, Vv=VM code, C=native code)
V  [jvm.dll+0x6cdee9]
V  [jvm.dll+0x8a83d1]
V  [jvm.dll+0x8aa8fe]
V  [jvm.dll+0x8aafe3]
V  [jvm.dll+0x27f706]
V  [jvm.dll+0xc500d]
V  [jvm.dll+0xc5543]
V  [jvm.dll+0x3b6752]
V  [jvm.dll+0x382935]
V  [jvm.dll+0x381d9a]
V  [jvm.dll+0x2479f0]
V  [jvm.dll+0x246fcf]
V  [jvm.dll+0x1c75ee]
V  [jvm.dll+0x25685a]
V  [jvm.dll+0x254dfa]
V  [jvm.dll+0x3f0256]
V  [jvm.dll+0x851f8b]
V  [jvm.dll+0x6cc5ed]
C  [ucrtbase.dll+0x21bb2]
C  [KERNEL32.DLL+0x17034]
C  [ntdll.dll+0x52651]


---------------  P R O C E S S  ---------------

Threads class SMR info:
_java_thread_list=0x000001baded87230, length=41, elements={
0x000001ba82df6ba0, 0x000001bad81a4180, 0x000001bad81a61f0, 0x000001bad81a7a50,
0x000001bad81a8960, 0x000001bad81ad260, 0x000001bad81b82d0, 0x000001bad81be910,
0x000001bad81c03b0, 0x000001bad81b75b0, 0x000001bad9cca9f0, 0x000001bad81b6890,
0x000001bad81b6200, 0x000001bad81b54e0, 0x000001bad81b5b70, 0x000001bad81b6f20,
0x000001bad81b8960, 0x000001bad81b7c40, 0x000001baded25f30, 0x000001baded293b0,
0x000001baded29a40, 0x000001baded27970, 0x000001baded2a760, 0x000001baded28000,
0x000001bae0209bb0, 0x000001baded28690, 0x000001baded265c0, 0x000001baded2a0d0,
0x000001baded28d20, 0x000001baded24b80, 0x000001baded26c50, 0x000001baded244f0,
0x000001baded272e0, 0x000001baded2adf0, 0x000001baded2b480, 0x000001baded2bb10,
0x000001baded25210, 0x000001baded258a0, 0x000001bae17e5af0, 0x000001bae17e5460,
0x000001bae17e8250
}

Java Threads: ( => current thread )
  0x000001ba82df6ba0 JavaThread "main"                              [_thread_blocked, id=9624, stack(0x0000007196600000,0x0000007196700000) (1024K)]
  0x000001bad81a4180 JavaThread "Reference Handler"          daemon [_thread_blocked, id=12772, stack(0x0000007196a00000,0x0000007196b00000) (1024K)]
  0x000001bad81a61f0 JavaThread "Finalizer"                  daemon [_thread_blocked, id=8452, stack(0x0000007196b00000,0x0000007196c00000) (1024K)]
  0x000001bad81a7a50 JavaThread "Signal Dispatcher"          daemon [_thread_blocked, id=2176, stack(0x0000007196c00000,0x0000007196d00000) (1024K)]
  0x000001bad81a8960 JavaThread "Attach Listener"            daemon [_thread_blocked, id=1676, stack(0x0000007196d00000,0x0000007196e00000) (1024K)]
  0x000001bad81ad260 JavaThread "Service Thread"             daemon [_thread_blocked, id=1916, stack(0x0000007196e00000,0x0000007196f00000) (1024K)]
  0x000001bad81b82d0 JavaThread "Monitor Deflation Thread"   daemon [_thread_blocked, id=2772, stack(0x0000007196f00000,0x0000007197000000) (1024K)]
  0x000001bad81be910 JavaThread "C2 CompilerThread0"         daemon [_thread_in_native, id=1920, stack(0x0000007197000000,0x0000007197100000) (1024K)]
  0x000001bad81c03b0 JavaThread "C1 CompilerThread0"         daemon [_thread_blocked, id=1056, stack(0x0000007197100000,0x0000007197200000) (1024K)]
  0x000001bad81b75b0 JavaThread "Common-Cleaner"             daemon [_thread_blocked, id=3496, stack(0x0000007197200000,0x0000007197300000) (1024K)]
=>0x000001bad9cca9f0 JavaThread "C2 CompilerThread1"         daemon [_thread_in_native, id=1216, stack(0x0000007197300000,0x0000007197400000) (1024K)]
  0x000001bad81b6890 JavaThread "Notification Thread"        daemon [_thread_blocked, id=2788, stack(0x0000007197400000,0x0000007197500000) (1024K)]
  0x000001bad81b6200 JavaThread "Active Thread: Equinox Container: 4769cd5c-dd87-4ab7-ad82-6649490727b7"        [_thread_blocked, id=13860, stack(0x0000007197c00000,0x0000007197d00000) (1024K)]
  0x000001bad81b54e0 JavaThread "Refresh Thread: Equinox Container: 4769cd5c-dd87-4ab7-ad82-6649490727b7" daemon [_thread_blocked, id=7376, stack(0x0000007197d00000,0x0000007197e00000) (1024K)]
  0x000001bad81b5b70 JavaThread "Framework Event Dispatcher: Equinox Container: 4769cd5c-dd87-4ab7-ad82-6649490727b7" daemon [_thread_blocked, id=2216, stack(0x0000007197f00000,0x0000007198000000) (1024K)]
  0x000001bad81b6f20 JavaThread "Start Level: Equinox Container: 4769cd5c-dd87-4ab7-ad82-6649490727b7" daemon [_thread_blocked, id=9744, stack(0x0000007198000000,0x0000007198100000) (1024K)]
  0x000001bad81b8960 JavaThread "Bundle File Closer"         daemon [_thread_blocked, id=4488, stack(0x0000007198100000,0x0000007198200000) (1024K)]
  0x000001bad81b7c40 JavaThread "SCR Component Actor"        daemon [_thread_blocked, id=2072, stack(0x0000007198200000,0x0000007198300000) (1024K)]
  0x000001baded25f30 JavaThread "SCR Component Registry"     daemon [_thread_blocked, id=7964, stack(0x0000007198300000,0x0000007198400000) (1024K)]
  0x000001baded293b0 JavaThread "Worker-JM"                         [_thread_blocked, id=7636, stack(0x0000007198400000,0x0000007198500000) (1024K)]
  0x000001baded29a40 JavaThread "JNA Cleaner"                daemon [_thread_blocked, id=504, stack(0x0000007197500000,0x0000007197600000) (1024K)]
  0x000001baded27970 JavaThread "Worker-0: Java indexing... "        [_thread_blocked, id=4180, stack(0x0000007198500000,0x0000007198600000) (1024K)]
  0x000001baded2a760 JavaThread "Worker-1"                          [_thread_blocked, id=8272, stack(0x0000007198600000,0x0000007198700000) (1024K)]
  0x000001baded28000 JavaThread "Java indexing"              daemon [_thread_in_Java, id=13076, stack(0x0000007198700000,0x0000007198800000) (1024K)]
  0x000001bae0209bb0 JavaThread "C2 CompilerThread2"         daemon [_thread_in_native, id=3108, stack(0x0000007198800000,0x0000007198900000) (1024K)]
  0x000001baded28690 JavaThread "Worker-2: Repository registry initialization"        [_thread_in_Java, id=4028, stack(0x0000007198900000,0x0000007198a00000) (1024K)]
  0x000001baded265c0 JavaThread "Worker-3"                          [_thread_blocked, id=13132, stack(0x0000007198a00000,0x0000007198b00000) (1024K)]
  0x000001baded2a0d0 JavaThread "Worker-4"                          [_thread_blocked, id=1560, stack(0x0000007198b00000,0x0000007198c00000) (1024K)]
  0x000001baded28d20 JavaThread "Thread-2"                   daemon [_thread_in_native, id=1392, stack(0x0000007198c00000,0x0000007198d00000) (1024K)]
  0x000001baded24b80 JavaThread "Thread-3"                   daemon [_thread_in_native, id=2804, stack(0x0000007198d00000,0x0000007198e00000) (1024K)]
  0x000001baded26c50 JavaThread "Thread-4"                   daemon [_thread_in_native, id=13572, stack(0x0000007198e00000,0x0000007198f00000) (1024K)]
  0x000001baded244f0 JavaThread "Thread-5"                   daemon [_thread_in_native, id=3624, stack(0x0000007198f00000,0x0000007199000000) (1024K)]
  0x000001baded272e0 JavaThread "Thread-6"                   daemon [_thread_in_native, id=2200, stack(0x0000007199000000,0x0000007199100000) (1024K)]
  0x000001baded2adf0 JavaThread "Thread-7"                   daemon [_thread_in_native, id=2024, stack(0x0000007199100000,0x0000007199200000) (1024K)]
  0x000001baded2b480 JavaThread "Thread-8"                   daemon [_thread_in_native, id=13664, stack(0x0000007199200000,0x0000007199300000) (1024K)]
  0x000001baded2bb10 JavaThread "Thread-9"                   daemon [_thread_in_native, id=8432, stack(0x0000007199300000,0x0000007199400000) (1024K)]
  0x000001baded25210 JavaThread "Thread-10"                  daemon [_thread_in_native, id=2392, stack(0x0000007199400000,0x0000007199500000) (1024K)]
  0x000001baded258a0 JavaThread "pool-2-thread-1"                   [_thread_blocked, id=2184, stack(0x0000007199500000,0x0000007199600000) (1024K)]
  0x000001bae17e5af0 JavaThread "WorkspaceEventsHandler"            [_thread_blocked, id=1656, stack(0x0000007199600000,0x0000007199700000) (1024K)]
  0x000001bae17e5460 JavaThread "pool-1-thread-1"                   [_thread_blocked, id=6444, stack(0x0000007199700000,0x0000007199800000) (1024K)]
  0x000001bae17e8250 JavaThread "Worker-5: Building"                [_thread_in_native, id=4984, stack(0x0000007199800000,0x0000007199900000) (1024K)]
Total: 41

Other Threads:
  0x000001bad818a9c0 VMThread "VM Thread"                           [id=1768, stack(0x0000007196900000,0x0000007196a00000) (1024K)]
  0x000001bad8081c40 WatcherThread "VM Periodic Task Thread"        [id=11384, stack(0x0000007196800000,0x0000007196900000) (1024K)]
  0x000001ba82e143b0 WorkerThread "GC Thread#0"                     [id=10424, stack(0x0000007196700000,0x0000007196800000) (1024K)]
  0x000001bade3c3670 WorkerThread "GC Thread#1"                     [id=9756, stack(0x0000007197600000,0x0000007197700000) (1024K)]
  0x000001bade3c3a10 WorkerThread "GC Thread#2"                     [id=5840, stack(0x0000007197700000,0x0000007197800000) (1024K)]
  0x000001bade7b4890 WorkerThread "GC Thread#3"                     [id=5780, stack(0x0000007197800000,0x0000007197900000) (1024K)]
  0x000001bade7b4c30 WorkerThread "GC Thread#4"                     [id=1456, stack(0x0000007197900000,0x0000007197a00000) (1024K)]
  0x000001bade7b4fd0 WorkerThread "GC Thread#5"                     [id=5828, stack(0x0000007197a00000,0x0000007197b00000) (1024K)]
  0x000001bade7b5370 WorkerThread "GC Thread#6"                     [id=3956, stack(0x0000007197b00000,0x0000007197c00000) (1024K)]
  0x000001bade37d830 WorkerThread "GC Thread#7"                     [id=1348, stack(0x0000007197e00000,0x0000007197f00000) (1024K)]
Total: 10

Threads with active compile tasks:
C2 CompilerThread0  7339 4643   !   4       org.eclipse.osgi.internal.loader.classpath.ClasspathManager::findClassImpl (343 bytes)
C2 CompilerThread1  7339 5576 %     4       org.eclipse.jdt.internal.core.search.indexing.BinaryIndexer::extractReferenceFromConstantPool @ 15 (358 bytes)
C2 CompilerThread2  7340 5702 % !   4       org.eclipse.jdt.internal.compiler.classfmt.ClassFileReader::<init> @ 81 (2135 bytes)
Total: 3

VM state: not at safepoint (normal execution)

VM Mutex/Monitor currently owned by a thread: None

Heap address: 0x00000000c0000000, size: 1024 MB, Compressed Oops mode: 32-bit

CDS archive(s) mapped at: [0x000001ba97000000-0x000001ba97ba0000-0x000001ba97ba0000), size 12189696, SharedBaseAddress: 0x000001ba97000000, ArchiveRelocationMode: 1.
Compressed class space mapped at: 0x000001ba98000000-0x000001bad8000000, reserved size: 1073741824
Narrow klass base: 0x000001ba97000000, Narrow klass shift: 0, Narrow klass range: 0x100000000

GC Precious Log:
 CardTable entry size: 512
 CPUs: 8 total, 8 available
 Memory: 6091M
 Large Page Support: Disabled
 NUMA Support: Disabled
 Compressed Oops: Enabled (32-bit)
 Alignments: Space 512K, Generation 512K, Heap 2M
 Heap Min Capacity: 100M
 Heap Initial Capacity: 100M
 Heap Max Capacity: 1G
 Pre-touch: Disabled
 Parallel Workers: 8

Heap:
 PSYoungGen      total 23040K, used 11067K [0x00000000eab00000, 0x00000000ec580000, 0x0000000100000000)
  eden space 20992K, 42% used [0x00000000eab00000,0x00000000eb3ced88,0x00000000ebf80000)
  from space 2048K, 100% used [0x00000000ebf80000,0x00000000ec180000,0x00000000ec180000)
  to   space 3072K, 0% used [0x00000000ec280000,0x00000000ec280000,0x00000000ec580000)
 ParOldGen       total 68608K, used 29484K [0x00000000c0000000, 0x00000000c4300000, 0x00000000eab00000)
  object space 68608K, 42% used [0x00000000c0000000,0x00000000c1ccb280,0x00000000c4300000)
 Metaspace       used 42696K, committed 43904K, reserved 1114112K
  class space    used 4449K, committed 4992K, reserved 1048576K

Card table byte_map: [0x000001ba827b0000,0x000001ba829c0000] _byte_map_base: 0x000001ba821b0000

Marking Bits: (ParMarkBitMap*) 0x00007ffd34223260
 Begin Bits: [0x000001ba95000000, 0x000001ba96000000)
 End Bits:   [0x000001ba96000000, 0x000001ba97000000)

Polling page: 0x000001ba80cc0000

Metaspace:

Usage:
  Non-class:     37.35 MB used.
      Class:      4.35 MB used.
       Both:     41.70 MB used.

Virtual space:
  Non-class space:       64.00 MB reserved,      38.00 MB ( 59%) committed,  1 nodes.
      Class space:        1.00 GB reserved,       4.88 MB ( <1%) committed,  1 nodes.
             Both:        1.06 GB reserved,      42.88 MB (  4%) committed. 

Chunk freelists:
   Non-Class:  9.56 MB
       Class:  11.10 MB
        Both:  20.66 MB

MaxMetaspaceSize: unlimited
CompressedClassSpaceSize: 1.00 GB
Initial GC threshold: 21.00 MB
Current GC threshold: 58.38 MB
CDS: on
 - commit_granule_bytes: 65536.
 - commit_granule_words: 8192.
 - virtual_space_node_default_size: 8388608.
 - enlarge_chunks_in_place: 1.
 - use_allocation_guard: 0.


Internal statistics:

num_allocs_failed_limit: 8.
num_arena_births: 912.
num_arena_deaths: 14.
num_vsnodes_births: 2.
num_vsnodes_deaths: 0.
num_space_committed: 686.
num_space_uncommitted: 0.
num_chunks_returned_to_freelist: 22.
num_chunks_taken_from_freelist: 2865.
num_chunk_merges: 11.
num_chunk_splits: 1762.
num_chunks_enlarged: 971.
num_inconsistent_stats: 0.

CodeHeap 'non-profiled nmethods': size=120000Kb used=2314Kb max_used=2314Kb free=117685Kb
 bounds [0x000001ba8dad0000, 0x000001ba8dd40000, 0x000001ba95000000]
CodeHeap 'profiled nmethods': size=120000Kb used=10462Kb max_used=10462Kb free=109537Kb
 bounds [0x000001ba86000000, 0x000001ba86a40000, 0x000001ba8d530000]
CodeHeap 'non-nmethods': size=5760Kb used=1370Kb max_used=1420Kb free=4389Kb
 bounds [0x000001ba8d530000, 0x000001ba8d7a0000, 0x000001ba8dad0000]
 total_blobs=5798 nmethods=5126 adapters=578
 compilation: enabled
              stopped_count=0, restarted_count=0
 full_count=0

Compilation events (20 events):
Event: 7.221 Thread 0x000001bad81c03b0 5715       3       java.util.concurrent.atomic.AtomicReferenceArray::get (12 bytes)
Event: 7.223 Thread 0x000001bad81c03b0 nmethod 5715 0x000001ba86a22510 code [0x000001ba86a22760, 0x000001ba86a23330]
Event: 7.223 Thread 0x000001bad81c03b0 5719       3       com.google.inject.spi.InjectionPoint::hierarchyFor (44 bytes)
Event: 7.225 Thread 0x000001bad81c03b0 nmethod 5719 0x000001ba86a23690 code [0x000001ba86a23920, 0x000001ba86a24408]
Event: 7.225 Thread 0x000001bad81c03b0 5718       3       com.google.inject.internal.ProviderInstanceBindingImpl::<init> (23 bytes)
Event: 7.226 Thread 0x000001bad81c03b0 nmethod 5718 0x000001ba86a24910 code [0x000001ba86a24ac0, 0x000001ba86a24d58]
Event: 7.226 Thread 0x000001bad81c03b0 5716       3       java.lang.invoke.VarHandleGuards::guard_LI_L (89 bytes)
Event: 7.230 Thread 0x000001bad81c03b0 nmethod 5716 0x000001ba86a24e90 code [0x000001ba86a25200, 0x000001ba86a26d38]
Event: 7.230 Thread 0x000001bad81c03b0 5717       3       java.lang.invoke.VarHandleReferences$Array::getVolatile (49 bytes)
Event: 7.231 Thread 0x000001bad81c03b0 nmethod 5717 0x000001ba86a27510 code [0x000001ba86a27700, 0x000001ba86a27c70]
Event: 7.252 Thread 0x000001bad81c03b0 5720       3       java.util.AbstractQueue::add (20 bytes)
Event: 7.252 Thread 0x000001bad81c03b0 nmethod 5720 0x000001ba86a27e90 code [0x000001ba86a28060, 0x000001ba86a28340]
Event: 7.266 Thread 0x000001bad81c03b0 5721       3       com.google.inject.internal.AbstractBindingBuilder::checkNotTargetted (26 bytes)
Event: 7.267 Thread 0x000001bad81c03b0 nmethod 5721 0x000001ba86a28490 code [0x000001ba86a28660, 0x000001ba86a289c8]
Event: 7.267 Thread 0x000001bad81c03b0 5722       3       org.eclipse.sisu.space.asm.SymbolTable::get (13 bytes)
Event: 7.267 Thread 0x000001bad81c03b0 nmethod 5722 0x000001ba86a28b10 code [0x000001ba86a28cc0, 0x000001ba86a28e18]
Event: 7.268 Thread 0x000001bad81c03b0 5724       3       com.google.common.collect.LexicographicalOrdering::compare (85 bytes)
Event: 7.269 Thread 0x000001bad81c03b0 nmethod 5724 0x000001ba86a28f10 code [0x000001ba86a29180, 0x000001ba86a29ab8]
Event: 7.269 Thread 0x000001bad81c03b0 5723       3       com.google.common.collect.LexicographicalOrdering::compare (13 bytes)
Event: 7.269 Thread 0x000001bad81c03b0 nmethod 5723 0x000001ba86a29d10 code [0x000001ba86a29ee0, 0x000001ba86a2a230]

GC Heap History (20 events):
Event: 5.468 GC heap before
{Heap before GC invocations=12 (full 1):
 PSYoungGen      total 25088K, used 25046K [0x00000000eab00000, 0x00000000ec800000, 0x0000000100000000)
  eden space 23040K, 100% used [0x00000000eab00000,0x00000000ec180000,0x00000000ec180000)
  from space 2048K, 97% used [0x00000000ec600000,0x00000000ec7f5a28,0x00000000ec800000)
  to   space 2560K, 0% used [0x00000000ec300000,0x00000000ec300000,0x00000000ec580000)
 ParOldGen       total 68608K, used 14163K [0x00000000c0000000, 0x00000000c4300000, 0x00000000eab00000)
  object space 68608K, 20% used [0x00000000c0000000,0x00000000c0dd4c90,0x00000000c4300000)
 Metaspace       used 31250K, committed 32320K, reserved 1114112K
  class space    used 3020K, committed 3456K, reserved 1048576K
}
Event: 5.474 GC heap after
{Heap after GC invocations=12 (full 1):
 PSYoungGen      total 24576K, used 2032K [0x00000000eab00000, 0x00000000ec680000, 0x0000000100000000)
  eden space 22528K, 0% used [0x00000000eab00000,0x00000000eab00000,0x00000000ec100000)
  from space 2048K, 99% used [0x00000000ec300000,0x00000000ec4fc0e0,0x00000000ec500000)
  to   space 1536K, 0% used [0x00000000ec500000,0x00000000ec500000,0x00000000ec680000)
 ParOldGen       total 68608K, used 15969K [0x00000000c0000000, 0x00000000c4300000, 0x00000000eab00000)
  object space 68608K, 23% used [0x00000000c0000000,0x00000000c0f98638,0x00000000c4300000)
 Metaspace       used 31250K, committed 32320K, reserved 1114112K
  class space    used 3020K, committed 3456K, reserved 1048576K
}
Event: 5.681 GC heap before
{Heap before GC invocations=13 (full 1):
 PSYoungGen      total 24576K, used 24560K [0x00000000eab00000, 0x00000000ec680000, 0x0000000100000000)
  eden space 22528K, 100% used [0x00000000eab00000,0x00000000ec100000,0x00000000ec100000)
  from space 2048K, 99% used [0x00000000ec300000,0x00000000ec4fc0e0,0x00000000ec500000)
  to   space 1536K, 0% used [0x00000000ec500000,0x00000000ec500000,0x00000000ec680000)
 ParOldGen       total 68608K, used 15969K [0x00000000c0000000, 0x00000000c4300000, 0x00000000eab00000)
  object space 68608K, 23% used [0x00000000c0000000,0x00000000c0f98638,0x00000000c4300000)
 Metaspace       used 34151K, committed 35264K, reserved 1114112K
  class space    used 3405K, committed 3904K, reserved 1048576K
}
Event: 5.686 GC heap after
{Heap after GC invocations=13 (full 1):
 PSYoungGen      total 23552K, used 1536K [0x00000000eab00000, 0x00000000ec780000, 0x0000000100000000)
  eden space 22016K, 0% used [0x00000000eab00000,0x00000000eab00000,0x00000000ec080000)
  from space 1536K, 100% used [0x00000000ec500000,0x00000000ec680000,0x00000000ec680000)
  to   space 3584K, 0% used [0x00000000ec080000,0x00000000ec080000,0x00000000ec400000)
 ParOldGen       total 68608K, used 17489K [0x00000000c0000000, 0x00000000c4300000, 0x00000000eab00000)
  object space 68608K, 25% used [0x00000000c0000000,0x00000000c1114448,0x00000000c4300000)
 Metaspace       used 34151K, committed 35264K, reserved 1114112K
  class space    used 3405K, committed 3904K, reserved 1048576K
}
Event: 5.741 GC heap before
{Heap before GC invocations=14 (full 1):
 PSYoungGen      total 23552K, used 6904K [0x00000000eab00000, 0x00000000ec780000, 0x0000000100000000)
  eden space 22016K, 24% used [0x00000000eab00000,0x00000000eb03e150,0x00000000ec080000)
  from space 1536K, 100% used [0x00000000ec500000,0x00000000ec680000,0x00000000ec680000)
  to   space 3584K, 0% used [0x00000000ec080000,0x00000000ec080000,0x00000000ec400000)
 ParOldGen       total 68608K, used 17489K [0x00000000c0000000, 0x00000000c4300000, 0x00000000eab00000)
  object space 68608K, 25% used [0x00000000c0000000,0x00000000c1114448,0x00000000c4300000)
 Metaspace       used 34801K, committed 35840K, reserved 1114112K
  class space    used 3500K, committed 3968K, reserved 1048576K
}
Event: 5.744 GC heap after
{Heap after GC invocations=14 (full 1):
 PSYoungGen      total 25600K, used 459K [0x00000000eab00000, 0x00000000ec580000, 0x0000000100000000)
  eden space 22016K, 0% used [0x00000000eab00000,0x00000000eab00000,0x00000000ec080000)
  from space 3584K, 12% used [0x00000000ec080000,0x00000000ec0f2f30,0x00000000ec400000)
  to   space 1536K, 0% used [0x00000000ec400000,0x00000000ec400000,0x00000000ec580000)
 ParOldGen       total 68608K, used 18909K [0x00000000c0000000, 0x00000000c4300000, 0x00000000eab00000)
  object space 68608K, 27% used [0x00000000c0000000,0x00000000c1277588,0x00000000c4300000)
 Metaspace       used 34801K, committed 35840K, reserved 1114112K
  class space    used 3500K, committed 3968K, reserved 1048576K
}
Event: 5.745 GC heap before
{Heap before GC invocations=15 (full 2):
 PSYoungGen      total 25600K, used 459K [0x00000000eab00000, 0x00000000ec580000, 0x0000000100000000)
  eden space 22016K, 0% used [0x00000000eab00000,0x00000000eab00000,0x00000000ec080000)
  from space 3584K, 12% used [0x00000000ec080000,0x00000000ec0f2f30,0x00000000ec400000)
  to   space 1536K, 0% used [0x00000000ec400000,0x00000000ec400000,0x00000000ec580000)
 ParOldGen       total 68608K, used 18909K [0x00000000c0000000, 0x00000000c4300000, 0x00000000eab00000)
  object space 68608K, 27% used [0x00000000c0000000,0x00000000c1277588,0x00000000c4300000)
 Metaspace       used 34801K, committed 35840K, reserved 1114112K
  class space    used 3500K, committed 3968K, reserved 1048576K
}
Event: 5.799 GC heap after
{Heap after GC invocations=15 (full 2):
 PSYoungGen      total 25600K, used 0K [0x00000000eab00000, 0x00000000ec580000, 0x0000000100000000)
  eden space 22016K, 0% used [0x00000000eab00000,0x00000000eab00000,0x00000000ec080000)
  from space 3584K, 0% used [0x00000000ec080000,0x00000000ec080000,0x00000000ec400000)
  to   space 1536K, 0% used [0x00000000ec400000,0x00000000ec400000,0x00000000ec580000)
 ParOldGen       total 68608K, used 18675K [0x00000000c0000000, 0x00000000c4300000, 0x00000000eab00000)
  object space 68608K, 27% used [0x00000000c0000000,0x00000000c123ce58,0x00000000c4300000)
 Metaspace       used 34801K, committed 35840K, reserved 1114112K
  class space    used 3500K, committed 3968K, reserved 1048576K
}
Event: 6.061 GC heap before
{Heap before GC invocations=16 (full 2):
 PSYoungGen      total 25600K, used 22016K [0x00000000eab00000, 0x00000000ec580000, 0x0000000100000000)
  eden space 22016K, 100% used [0x00000000eab00000,0x00000000ec080000,0x00000000ec080000)
  from space 3584K, 0% used [0x00000000ec080000,0x00000000ec080000,0x00000000ec400000)
  to   space 1536K, 0% used [0x00000000ec400000,0x00000000ec400000,0x00000000ec580000)
 ParOldGen       total 68608K, used 18675K [0x00000000c0000000, 0x00000000c4300000, 0x00000000eab00000)
  object space 68608K, 27% used [0x00000000c0000000,0x00000000c123ce58,0x00000000c4300000)
 Metaspace       used 36951K, committed 38016K, reserved 1114112K
  class space    used 3793K, committed 4288K, reserved 1048576K
}
Event: 6.064 GC heap after
{Heap after GC invocations=16 (full 2):
 PSYoungGen      total 23552K, used 1518K [0x00000000eab00000, 0x00000000ec580000, 0x0000000100000000)
  eden space 22016K, 0% used [0x00000000eab00000,0x00000000eab00000,0x00000000ec080000)
  from space 1536K, 98% used [0x00000000ec400000,0x00000000ec57b8f8,0x00000000ec580000)
  to   space 2048K, 0% used [0x00000000ec180000,0x00000000ec180000,0x00000000ec380000)
 ParOldGen       total 68608K, used 18715K [0x00000000c0000000, 0x00000000c4300000, 0x00000000eab00000)
  object space 68608K, 27% used [0x00000000c0000000,0x00000000c1246e58,0x00000000c4300000)
 Metaspace       used 36951K, committed 38016K, reserved 1114112K
  class space    used 3793K, committed 4288K, reserved 1048576K
}
Event: 6.344 GC heap before
{Heap before GC invocations=17 (full 2):
 PSYoungGen      total 23552K, used 23534K [0x00000000eab00000, 0x00000000ec580000, 0x0000000100000000)
  eden space 22016K, 100% used [0x00000000eab00000,0x00000000ec080000,0x00000000ec080000)
  from space 1536K, 98% used [0x00000000ec400000,0x00000000ec57b8f8,0x00000000ec580000)
  to   space 2048K, 0% used [0x00000000ec180000,0x00000000ec180000,0x00000000ec380000)
 ParOldGen       total 68608K, used 18715K [0x00000000c0000000, 0x00000000c4300000, 0x00000000eab00000)
  object space 68608K, 27% used [0x00000000c0000000,0x00000000c1246e58,0x00000000c4300000)
 Metaspace       used 38453K, committed 39616K, reserved 1114112K
  class space    used 3948K, committed 4480K, reserved 1048576K
}
Event: 6.349 GC heap after
{Heap after GC invocations=17 (full 2):
 PSYoungGen      total 24064K, used 2043K [0x00000000eab00000, 0x00000000ecc80000, 0x0000000100000000)
  eden space 22016K, 0% used [0x00000000eab00000,0x00000000eab00000,0x00000000ec080000)
  from space 2048K, 99% used [0x00000000ec180000,0x00000000ec37ec98,0x00000000ec380000)
  to   space 6144K, 0% used [0x00000000ec680000,0x00000000ec680000,0x00000000ecc80000)
 ParOldGen       total 68608K, used 21855K [0x00000000c0000000, 0x00000000c4300000, 0x00000000eab00000)
  object space 68608K, 31% used [0x00000000c0000000,0x00000000c1557dc0,0x00000000c4300000)
 Metaspace       used 38453K, committed 39616K, reserved 1114112K
  class space    used 3948K, committed 4480K, reserved 1048576K
}
Event: 6.539 GC heap before
{Heap before GC invocations=18 (full 2):
 PSYoungGen      total 24064K, used 24049K [0x00000000eab00000, 0x00000000ecc80000, 0x0000000100000000)
  eden space 22016K, 99% used [0x00000000eab00000,0x00000000ec07da00,0x00000000ec080000)
  from space 2048K, 99% used [0x00000000ec180000,0x00000000ec37ec98,0x00000000ec380000)
  to   space 6144K, 0% used [0x00000000ec680000,0x00000000ec680000,0x00000000ecc80000)
 ParOldGen       total 68608K, used 21855K [0x00000000c0000000, 0x00000000c4300000, 0x00000000eab00000)
  object space 68608K, 31% used [0x00000000c0000000,0x00000000c1557dc0,0x00000000c4300000)
 Metaspace       used 39877K, committed 41024K, reserved 1114112K
  class space    used 4098K, committed 4608K, reserved 1048576K
}
Event: 6.542 GC heap after
{Heap after GC invocations=18 (full 2):
 PSYoungGen      total 24576K, used 2273K [0x00000000eab00000, 0x00000000ec900000, 0x0000000100000000)
  eden space 22016K, 0% used [0x00000000eab00000,0x00000000eab00000,0x00000000ec080000)
  from space 2560K, 88% used [0x00000000ec680000,0x00000000ec8b85a0,0x00000000ec900000)
  to   space 3584K, 0% used [0x00000000ec200000,0x00000000ec200000,0x00000000ec580000)
 ParOldGen       total 68608K, used 23045K [0x00000000c0000000, 0x00000000c4300000, 0x00000000eab00000)
  object space 68608K, 33% used [0x00000000c0000000,0x00000000c1681548,0x00000000c4300000)
 Metaspace       used 39877K, committed 41024K, reserved 1114112K
  class space    used 4098K, committed 4608K, reserved 1048576K
}
Event: 6.710 GC heap before
{Heap before GC invocations=19 (full 2):
 PSYoungGen      total 24576K, used 24289K [0x00000000eab00000, 0x00000000ec900000, 0x0000000100000000)
  eden space 22016K, 100% used [0x00000000eab00000,0x00000000ec080000,0x00000000ec080000)
  from space 2560K, 88% used [0x00000000ec680000,0x00000000ec8b85a0,0x00000000ec900000)
  to   space 3584K, 0% used [0x00000000ec200000,0x00000000ec200000,0x00000000ec580000)
 ParOldGen       total 68608K, used 23045K [0x00000000c0000000, 0x00000000c4300000, 0x00000000eab00000)
  object space 68608K, 33% used [0x00000000c0000000,0x00000000c1681548,0x00000000c4300000)
 Metaspace       used 40812K, committed 42048K, reserved 1114112K
  class space    used 4233K, committed 4800K, reserved 1048576K
}
Event: 6.714 GC heap after
{Heap after GC invocations=19 (full 2):
 PSYoungGen      total 24576K, used 2076K [0x00000000eab00000, 0x00000000ec700000, 0x0000000100000000)
  eden space 22016K, 0% used [0x00000000eab00000,0x00000000eab00000,0x00000000ec080000)
  from space 2560K, 81% used [0x00000000ec200000,0x00000000ec407018,0x00000000ec480000)
  to   space 2560K, 0% used [0x00000000ec480000,0x00000000ec480000,0x00000000ec700000)
 ParOldGen       total 68608K, used 24914K [0x00000000c0000000, 0x00000000c4300000, 0x00000000eab00000)
  object space 68608K, 36% used [0x00000000c0000000,0x00000000c1854a58,0x00000000c4300000)
 Metaspace       used 40812K, committed 42048K, reserved 1114112K
  class space    used 4233K, committed 4800K, reserved 1048576K
}
Event: 6.894 GC heap before
{Heap before GC invocations=20 (full 2):
 PSYoungGen      total 24576K, used 24092K [0x00000000eab00000, 0x00000000ec700000, 0x0000000100000000)
  eden space 22016K, 100% used [0x00000000eab00000,0x00000000ec080000,0x00000000ec080000)
  from space 2560K, 81% used [0x00000000ec200000,0x00000000ec407018,0x00000000ec480000)
  to   space 2560K, 0% used [0x00000000ec480000,0x00000000ec480000,0x00000000ec700000)
 ParOldGen       total 68608K, used 24914K [0x00000000c0000000, 0x00000000c4300000, 0x00000000eab00000)
  object space 68608K, 36% used [0x00000000c0000000,0x00000000c1854a58,0x00000000c4300000)
 Metaspace       used 41616K, committed 42752K, reserved 1114112K
  class space    used 4320K, committed 4864K, reserved 1048576K
}
Event: 6.899 GC heap after
{Heap after GC invocations=20 (full 2):
 PSYoungGen      total 23552K, used 2540K [0x00000000eab00000, 0x00000000eca80000, 0x0000000100000000)
  eden space 20992K, 0% used [0x00000000eab00000,0x00000000eab00000,0x00000000ebf80000)
  from space 2560K, 99% used [0x00000000ec480000,0x00000000ec6fb008,0x00000000ec700000)
  to   space 5120K, 0% used [0x00000000ebf80000,0x00000000ebf80000,0x00000000ec480000)
 ParOldGen       total 68608K, used 27003K [0x00000000c0000000, 0x00000000c4300000, 0x00000000eab00000)
  object space 68608K, 39% used [0x00000000c0000000,0x00000000c1a5ee70,0x00000000c4300000)
 Metaspace       used 41616K, committed 42752K, reserved 1114112K
  class space    used 4320K, committed 4864K, reserved 1048576K
}
Event: 7.058 GC heap before
{Heap before GC invocations=21 (full 2):
 PSYoungGen      total 23552K, used 23532K [0x00000000eab00000, 0x00000000eca80000, 0x0000000100000000)
  eden space 20992K, 100% used [0x00000000eab00000,0x00000000ebf80000,0x00000000ebf80000)
  from space 2560K, 99% used [0x00000000ec480000,0x00000000ec6fb008,0x00000000ec700000)
  to   space 5120K, 0% used [0x00000000ebf80000,0x00000000ebf80000,0x00000000ec480000)
 ParOldGen       total 68608K, used 27003K [0x00000000c0000000, 0x00000000c4300000, 0x00000000eab00000)
  object space 68608K, 39% used [0x00000000c0000000,0x00000000c1a5ee70,0x00000000c4300000)
 Metaspace       used 42216K, committed 43392K, reserved 1114112K
  class space    used 4397K, committed 4928K, reserved 1048576K
}
Event: 7.065 GC heap after
{Heap after GC invocations=21 (full 2):
 PSYoungGen      total 23040K, used 2048K [0x00000000eab00000, 0x00000000ec580000, 0x0000000100000000)
  eden space 20992K, 0% used [0x00000000eab00000,0x00000000eab00000,0x00000000ebf80000)
  from space 2048K, 100% used [0x00000000ebf80000,0x00000000ec180000,0x00000000ec180000)
  to   space 3072K, 0% used [0x00000000ec280000,0x00000000ec280000,0x00000000ec580000)
 ParOldGen       total 68608K, used 29484K [0x00000000c0000000, 0x00000000c4300000, 0x00000000eab00000)
  object space 68608K, 42% used [0x00000000c0000000,0x00000000c1ccb280,0x00000000c4300000)
 Metaspace       used 42216K, committed 43392K, reserved 1114112K
  class space    used 4397K, committed 4928K, reserved 1048576K
}

Dll operation events (10 events):
Event: 0.021 Loaded shared library c:\Users\Raju Shrirame\.vscode\extensions\redhat.java-1.41.1-win32-x64\jre\21.0.6-win32-x86_64\bin\java.dll
Event: 0.196 Loaded shared library c:\Users\Raju Shrirame\.vscode\extensions\redhat.java-1.41.1-win32-x64\jre\21.0.6-win32-x86_64\bin\zip.dll
Event: 0.272 Loaded shared library C:\Users\Raju Shrirame\.vscode\extensions\redhat.java-1.41.1-win32-x64\jre\21.0.6-win32-x86_64\bin\instrument.dll
Event: 0.287 Loaded shared library C:\Users\Raju Shrirame\.vscode\extensions\redhat.java-1.41.1-win32-x64\jre\21.0.6-win32-x86_64\bin\net.dll
Event: 0.293 Loaded shared library C:\Users\Raju Shrirame\.vscode\extensions\redhat.java-1.41.1-win32-x64\jre\21.0.6-win32-x86_64\bin\nio.dll
Event: 0.300 Loaded shared library C:\Users\Raju Shrirame\.vscode\extensions\redhat.java-1.41.1-win32-x64\jre\21.0.6-win32-x86_64\bin\zip.dll
Event: 0.346 Loaded shared library C:\Users\Raju Shrirame\.vscode\extensions\redhat.java-1.41.1-win32-x64\jre\21.0.6-win32-x86_64\bin\jimage.dll
Event: 0.513 Loaded shared library c:\Users\Raju Shrirame\.vscode\extensions\redhat.java-1.41.1-win32-x64\jre\21.0.6-win32-x86_64\bin\verify.dll
Event: 2.031 Loaded shared library C:\Users\Raju Shrirame\AppData\Roaming\Code\User\globalStorage\redhat.java\1.41.1\config_win\org.eclipse.equinox.launcher\org.eclipse.equinox.launcher.win32.win32.x86_64_1.2.1300.v20250331-1702\eclipse_11911.dll
Event: 3.635 Loaded shared library C:\Users\Raju Shrirame\AppData\Local\Temp\jna-422009593\jna5894334899220256078.dll

Deoptimization events (20 events):
Event: 6.695 Thread 0x000001baded28000 Uncommon trap: trap_request=0xffffff6e fr.pc=0x000001ba8db369b4 relative=0x00000000000007f4
Event: 6.695 Thread 0x000001baded28000 Uncommon trap: reason=loop_limit_check action=maybe_recompile pc=0x000001ba8db369b4 method=org.eclipse.jdt.internal.core.util.SimpleWordSet.rehash()V @ 44 c2
Event: 6.695 Thread 0x000001baded28000 DEOPT PACKING pc=0x000001ba8db369b4 sp=0x00000071987fe6f0
Event: 6.695 Thread 0x000001baded28000 DEOPT UNPACKING pc=0x000001ba8d583aa2 sp=0x00000071987fe690 mode 2
Event: 6.733 Thread 0x000001baded28000 DEOPT PACKING pc=0x000001ba860a06f8 sp=0x00000071987fe510
Event: 6.734 Thread 0x000001baded28000 DEOPT UNPACKING pc=0x000001ba8d584242 sp=0x00000071987fd9f8 mode 0
Event: 6.780 Thread 0x000001baded28000 Uncommon trap: trap_request=0xffffff6e fr.pc=0x000001ba8dcfe530 relative=0x0000000000000370
Event: 6.780 Thread 0x000001baded28000 Uncommon trap: reason=loop_limit_check action=maybe_recompile pc=0x000001ba8dcfe530 method=org.eclipse.jdt.core.compiler.CharOperation.concatWithAll([[CC)[C @ 99 c2
Event: 6.780 Thread 0x000001baded28000 DEOPT PACKING pc=0x000001ba8dcfe530 sp=0x00000071987fe770
Event: 6.780 Thread 0x000001baded28000 DEOPT UNPACKING pc=0x000001ba8d583aa2 sp=0x00000071987fe720 mode 2
Event: 6.818 Thread 0x000001baded28000 Uncommon trap: trap_request=0xffffff45 fr.pc=0x000001ba8dcfc3ac relative=0x000000000000056c
Event: 6.818 Thread 0x000001baded28000 Uncommon trap: reason=unstable_if action=reinterpret pc=0x000001ba8dcfc3ac method=org.eclipse.jdt.internal.core.search.indexing.BinaryIndexer.addTypeReference([C)V @ 23 c2
Event: 6.818 Thread 0x000001baded28000 DEOPT PACKING pc=0x000001ba8dcfc3ac sp=0x00000071987fe7f0
Event: 6.818 Thread 0x000001baded28000 DEOPT UNPACKING pc=0x000001ba8d583aa2 sp=0x00000071987fe7c8 mode 2
Event: 7.045 Thread 0x000001baded28000 DEOPT PACKING pc=0x000001ba8623b5fb sp=0x00000071987fe4b0
Event: 7.045 Thread 0x000001baded28000 DEOPT UNPACKING pc=0x000001ba8d584242 sp=0x00000071987fd9e8 mode 0
Event: 7.080 Thread 0x000001baded28000 DEOPT PACKING pc=0x000001ba8623b5fb sp=0x00000071987fe4b0
Event: 7.080 Thread 0x000001baded28000 DEOPT UNPACKING pc=0x000001ba8d584242 sp=0x00000071987fd9e8 mode 0
Event: 7.171 Thread 0x000001baded28000 DEOPT PACKING pc=0x000001ba8623b5fb sp=0x00000071987fe4b0
Event: 7.171 Thread 0x000001baded28000 DEOPT UNPACKING pc=0x000001ba8d584242 sp=0x00000071987fd9e8 mode 0

Classes loaded (20 events):
Event: 6.629 Loading class java/util/concurrent/CompletableFuture$Completion
Event: 6.630 Loading class java/util/concurrent/CompletableFuture$AsynchronousCompletionTask
Event: 6.630 Loading class java/util/concurrent/CompletableFuture$AsynchronousCompletionTask done
Event: 6.630 Loading class java/util/concurrent/CompletableFuture$Completion done
Event: 6.632 Loading class java/lang/invoke/MethodHandleImpl$CountingWrapper
Event: 6.632 Loading class java/lang/invoke/MethodHandleImpl$CountingWrapper done
Event: 6.637 Loading class sun/reflect/annotation/AnnotatedTypeFactory$AnnotatedParameterizedTypeImpl
Event: 6.638 Loading class java/lang/reflect/AnnotatedParameterizedType
Event: 6.638 Loading class sun/nio/ch/WindowsAsynchronousFileChannelImpl$WriteTask
Event: 6.638 Loading class java/lang/reflect/AnnotatedParameterizedType done
Event: 6.638 Loading class sun/reflect/annotation/AnnotatedTypeFactory$AnnotatedParameterizedTypeImpl done
Event: 6.638 Loading class sun/nio/ch/WindowsAsynchronousFileChannelImpl$WriteTask done
Event: 6.654 Loading class jdk/internal/math/FormattedFPDecimal
Event: 6.654 Loading class jdk/internal/math/FormattedFPDecimal done
Event: 7.004 Loading class sun/reflect/generics/scope/ConstructorScope
Event: 7.004 Loading class sun/reflect/generics/scope/ConstructorScope done
Event: 7.004 Loading class sun/reflect/generics/tree/VoidDescriptor
Event: 7.005 Loading class sun/reflect/generics/tree/VoidDescriptor done
Event: 7.261 Loading class java/util/concurrent/CompletionService
Event: 7.261 Loading class java/util/concurrent/CompletionService done

Classes unloaded (7 events):
Event: 4.308 Thread 0x000001bad818a9c0 Unloading class 0x000001ba9819c400 'java/lang/invoke/LambdaForm$MH+0x000001ba9819c400'
Event: 4.308 Thread 0x000001bad818a9c0 Unloading class 0x000001ba9819c000 'java/lang/invoke/LambdaForm$MH+0x000001ba9819c000'
Event: 4.308 Thread 0x000001bad818a9c0 Unloading class 0x000001ba9819bc00 'java/lang/invoke/LambdaForm$MH+0x000001ba9819bc00'
Event: 4.308 Thread 0x000001bad818a9c0 Unloading class 0x000001ba9819b800 'java/lang/invoke/LambdaForm$MH+0x000001ba9819b800'
Event: 4.308 Thread 0x000001bad818a9c0 Unloading class 0x000001ba9819b400 'java/lang/invoke/LambdaForm$BMH+0x000001ba9819b400'
Event: 4.308 Thread 0x000001bad818a9c0 Unloading class 0x000001ba9819b000 'java/lang/invoke/LambdaForm$DMH+0x000001ba9819b000'
Event: 4.308 Thread 0x000001bad818a9c0 Unloading class 0x000001ba98199c00 'java/lang/invoke/LambdaForm$DMH+0x000001ba98199c00'

Classes redefined (0 events):
No events

Internal exceptions (20 events):
Event: 5.872 Thread 0x000001ba82df6ba0 Exception <a 'java/lang/IncompatibleClassChangeError'{0x00000000eb2e6978}: Found class java.lang.Object, but interface was expected> (0x00000000eb2e6978) 
thrown [s\src\hotspot\share\interpreter\linkResolver.cpp, line 840]
Event: 5.892 Thread 0x000001baded2a760 Exception <a 'java/io/FileNotFoundException'{0x00000000eb4230e0}> (0x00000000eb4230e0) 
thrown [s\src\hotspot\share\prims\jni.cpp, line 520]
Event: 5.925 Thread 0x000001baded2a760 Exception <a 'sun/nio/fs/WindowsException'{0x00000000eb61f598}> (0x00000000eb61f598) 
thrown [s\src\hotspot\share\prims\jni.cpp, line 520]
Event: 5.961 Thread 0x000001baded28690 Exception <a 'java/lang/NoClassDefFoundError'{0x00000000eb942a48}: javax/enterprise/inject/Typed> (0x00000000eb942a48) 
thrown [s\src\hotspot\share\classfile\systemDictionary.cpp, line 301]
Event: 6.072 Thread 0x000001baded28000 Exception <a 'java/io/FileNotFoundException'{0x00000000eab50660}> (0x00000000eab50660) 
thrown [s\src\hotspot\share\prims\jni.cpp, line 520]
Event: 6.073 Thread 0x000001baded28000 Exception <a 'java/io/FileNotFoundException'{0x00000000eab51910}> (0x00000000eab51910) 
thrown [s\src\hotspot\share\prims\jni.cpp, line 520]
Event: 6.087 Thread 0x000001baded28000 Exception <a 'java/lang/NoSuchMethodError'{0x00000000eac809d0}: 'java.lang.Object java.lang.invoke.DirectMethodHandle$Holder.newInvokeSpecial(java.lang.Object, java.lang.Object, java.lang.Object, int)'> (0x00000000eac809d0) 
thrown [s\src\hotspot\share\interpreter\linkResolver.cpp, line 773]
Event: 6.096 Thread 0x000001baded28000 Exception <a 'java/lang/NoSuchMethodError'{0x00000000eac84688}: 'java.lang.Object java.lang.invoke.DirectMethodHandle$Holder.invokeSpecial(java.lang.Object, java.lang.Object, java.lang.Object, java.lang.Object, int)'> (0x00000000eac84688) 
thrown [s\src\hotspot\share\interpreter\linkResolver.cpp, line 773]
Event: 6.096 Thread 0x000001baded28000 Exception <a 'java/lang/NoSuchMethodError'{0x00000000ead8ce00}: 'java.lang.Object java.lang.invoke.Invokers$Holder.linkToTargetMethod(java.lang.Object, java.lang.Object, int, java.lang.Object)'> (0x00000000ead8ce00) 
thrown [s\src\hotspot\share\interpreter\linkResolver.cpp, line 773]
Event: 6.100 Thread 0x000001baded28000 Exception <a 'java/lang/NoSuchMethodError'{0x00000000eade91b8}: 'void java.lang.invoke.DirectMethodHandle$Holder.invokeStaticInit(java.lang.Object, java.lang.Object, java.lang.Object)'> (0x00000000eade91b8) 
thrown [s\src\hotspot\share\interpreter\linkResolver.cpp, line 773]
Event: 6.159 Thread 0x000001baded28000 Exception <a 'sun/nio/fs/WindowsException'{0x00000000eb247aa8}> (0x00000000eb247aa8) 
thrown [s\src\hotspot\share\prims\jni.cpp, line 520]
Event: 6.467 Thread 0x000001baded2a760 Exception <a 'java/io/FileNotFoundException'{0x00000000eb6527c8}> (0x00000000eb6527c8) 
thrown [s\src\hotspot\share\prims\jni.cpp, line 520]
Event: 6.467 Thread 0x000001baded2a760 Exception <a 'java/io/FileNotFoundException'{0x00000000eb653808}> (0x00000000eb653808) 
thrown [s\src\hotspot\share\prims\jni.cpp, line 520]
Event: 6.468 Thread 0x000001baded2a760 Exception <a 'java/io/FileNotFoundException'{0x00000000eb6545a0}> (0x00000000eb6545a0) 
thrown [s\src\hotspot\share\prims\jni.cpp, line 520]
Event: 6.580 Thread 0x000001bae17e5460 Exception <a 'java/io/FileNotFoundException'{0x00000000eaf1fc28}> (0x00000000eaf1fc28) 
thrown [s\src\hotspot\share\prims\jni.cpp, line 520]
Event: 6.631 Thread 0x000001bae17e5460 Exception <a 'java/lang/NoSuchMethodError'{0x00000000eb626520}: 'java.lang.Object java.lang.invoke.DirectMethodHandle$Holder.invokeStatic(java.lang.Object, int, java.lang.Object, java.lang.Object)'> (0x00000000eb626520) 
thrown [s\src\hotspot\share\interpreter\linkResolver.cpp, line 773]
Event: 6.631 Thread 0x000001bae17e5460 Exception <a 'java/lang/NoSuchMethodError'{0x00000000eb629d20}: 'java.lang.Object java.lang.invoke.DelegatingMethodHandle$Holder.delegate(java.lang.Object, int, java.lang.Object, java.lang.Object)'> (0x00000000eb629d20) 
thrown [s\src\hotspot\share\interpreter\linkResolver.cpp, line 773]
Event: 6.635 Thread 0x000001bae17e5460 Implicit null exception at 0x000001ba8dc78076 to 0x000001ba8dc78398
Event: 6.638 Thread 0x000001bae17e5460 Exception <a 'java/lang/NoSuchMethodError'{0x00000000eb6b48c8}: 'int java.lang.invoke.Invokers$Holder.linkToTargetMethod(java.lang.Object, java.lang.Object, java.lang.Object)'> (0x00000000eb6b48c8) 
thrown [s\src\hotspot\share\interpreter\linkResolver.cpp, line 773]
Event: 6.647 Thread 0x000001bae17e8250 Exception <a 'java/lang/NoSuchMethodError'{0x00000000eb7c6520}: 'int java.lang.invoke.DirectMethodHandle$Holder.invokeSpecialIFC(java.lang.Object, java.lang.Object, java.lang.Object, java.lang.Object)'> (0x00000000eb7c6520) 
thrown [s\src\hotspot\share\interpreter\linkResolver.cpp, line 773]

ZGC Phase Switch (0 events):
No events

VM Operations (20 events):
Event: 5.944 Executing VM operation: HandshakeAllThreads (Deoptimize)
Event: 5.944 Executing VM operation: HandshakeAllThreads (Deoptimize) done
Event: 6.060 Executing VM operation: ParallelGCFailedAllocation (Allocation Failure)
Event: 6.064 Executing VM operation: ParallelGCFailedAllocation (Allocation Failure) done
Event: 6.344 Executing VM operation: ParallelGCFailedAllocation (Allocation Failure)
Event: 6.349 Executing VM operation: ParallelGCFailedAllocation (Allocation Failure) done
Event: 6.539 Executing VM operation: ParallelGCFailedAllocation (Allocation Failure)
Event: 6.542 Executing VM operation: ParallelGCFailedAllocation (Allocation Failure) done
Event: 6.564 Executing VM operation: HandshakeAllThreads (Deoptimize)
Event: 6.564 Executing VM operation: HandshakeAllThreads (Deoptimize) done
Event: 6.710 Executing VM operation: ParallelGCFailedAllocation (Allocation Failure)
Event: 6.714 Executing VM operation: ParallelGCFailedAllocation (Allocation Failure) done
Event: 6.756 Executing VM operation: HandshakeAllThreads (Deoptimize)
Event: 6.756 Executing VM operation: HandshakeAllThreads (Deoptimize) done
Event: 6.893 Executing VM operation: ParallelGCFailedAllocation (Allocation Failure)
Event: 6.899 Executing VM operation: ParallelGCFailedAllocation (Allocation Failure) done
Event: 6.992 Executing VM operation: HandshakeAllThreads (Deoptimize)
Event: 6.992 Executing VM operation: HandshakeAllThreads (Deoptimize) done
Event: 7.058 Executing VM operation: ParallelGCFailedAllocation (Allocation Failure)
Event: 7.065 Executing VM operation: ParallelGCFailedAllocation (Allocation Failure) done

Memory protections (0 events):
No events

Nmethod flushes (20 events):
Event: 5.771 Thread 0x000001bad818a9c0 flushing  nmethod 0x000001ba8666b210
Event: 5.771 Thread 0x000001bad818a9c0 flushing  nmethod 0x000001ba8666bb10
Event: 5.771 Thread 0x000001bad818a9c0 flushing  nmethod 0x000001ba8666d410
Event: 5.771 Thread 0x000001bad818a9c0 flushing  nmethod 0x000001ba8666d890
Event: 5.771 Thread 0x000001bad818a9c0 flushing  nmethod 0x000001ba86677910
Event: 5.771 Thread 0x000001bad818a9c0 flushing  nmethod 0x000001ba86677e10
Event: 5.771 Thread 0x000001bad818a9c0 flushing  nmethod 0x000001ba8668ae10
Event: 5.771 Thread 0x000001bad818a9c0 flushing  nmethod 0x000001ba86694710
Event: 5.771 Thread 0x000001bad818a9c0 flushing  nmethod 0x000001ba86697f90
Event: 5.771 Thread 0x000001bad818a9c0 flushing  nmethod 0x000001ba8669dd90
Event: 5.771 Thread 0x000001bad818a9c0 flushing  nmethod 0x000001ba866e4c90
Event: 5.771 Thread 0x000001bad818a9c0 flushing  nmethod 0x000001ba8672d710
Event: 5.771 Thread 0x000001bad818a9c0 flushing  nmethod 0x000001ba86751f90
Event: 5.771 Thread 0x000001bad818a9c0 flushing  nmethod 0x000001ba86760890
Event: 5.771 Thread 0x000001bad818a9c0 flushing  nmethod 0x000001ba86760d10
Event: 5.771 Thread 0x000001bad818a9c0 flushing  nmethod 0x000001ba86762010
Event: 5.771 Thread 0x000001bad818a9c0 flushing  nmethod 0x000001ba86762e10
Event: 5.771 Thread 0x000001bad818a9c0 flushing  nmethod 0x000001ba86763a90
Event: 5.771 Thread 0x000001bad818a9c0 flushing  nmethod 0x000001ba86766690
Event: 5.771 Thread 0x000001bad818a9c0 flushing  nmethod 0x000001ba8677dd90

Events (20 events):
Event: 3.698 Thread 0x000001bad81b6f20 Thread added: 0x000001baded27970
Event: 3.719 Thread 0x000001bad81b6f20 Thread added: 0x000001baded2a760
Event: 5.067 Thread 0x000001bad81b6f20 Thread added: 0x000001baded28000
Event: 5.210 Thread 0x000001bad81c03b0 Thread added: 0x000001bae0209bb0
Event: 5.401 Thread 0x000001baded27970 Thread added: 0x000001baded28690
Event: 5.402 Thread 0x000001baded28690 Thread added: 0x000001baded265c0
Event: 5.461 Thread 0x000001baded265c0 Thread added: 0x000001baded2a0d0
Event: 5.516 Thread 0x000001ba82df6ba0 Thread added: 0x000001baded28d20
Event: 5.517 Thread 0x000001ba82df6ba0 Thread added: 0x000001baded24b80
Event: 5.518 Thread 0x000001ba82df6ba0 Thread added: 0x000001baded26c50
Event: 5.518 Thread 0x000001ba82df6ba0 Thread added: 0x000001baded244f0
Event: 5.518 Thread 0x000001ba82df6ba0 Thread added: 0x000001baded272e0
Event: 5.518 Thread 0x000001ba82df6ba0 Thread added: 0x000001baded2adf0
Event: 5.519 Thread 0x000001ba82df6ba0 Thread added: 0x000001baded2b480
Event: 5.519 Thread 0x000001ba82df6ba0 Thread added: 0x000001baded2bb10
Event: 5.520 Thread 0x000001ba82df6ba0 Thread added: 0x000001baded25210
Event: 5.555 Thread 0x000001ba82df6ba0 Thread added: 0x000001baded258a0
Event: 5.913 Thread 0x000001ba82df6ba0 Thread added: 0x000001bae17e5af0
Event: 5.913 Thread 0x000001ba82df6ba0 Thread added: 0x000001bae17e5460
Event: 5.992 Thread 0x000001baded2a0d0 Thread added: 0x000001bae17e8250


Dynamic libraries:
0x00007ff6289e0000 - 0x00007ff6289ee000 	c:\Users\Raju Shrirame\.vscode\extensions\redhat.java-1.41.1-win32-x64\jre\21.0.6-win32-x86_64\bin\java.exe
0x00007ffd79f30000 - 0x00007ffd7a125000 	C:\Windows\SYSTEM32\ntdll.dll
0x00007ffd79980000 - 0x00007ffd79a3e000 	C:\Windows\System32\KERNEL32.DLL
0x00007ffd777f0000 - 0x00007ffd77ab8000 	C:\Windows\System32\KERNELBASE.dll
0x00007ffd77640000 - 0x00007ffd77740000 	C:\Windows\System32\ucrtbase.dll
0x00007ffd34390000 - 0x00007ffd343a8000 	c:\Users\Raju Shrirame\.vscode\extensions\redhat.java-1.41.1-win32-x64\jre\21.0.6-win32-x86_64\bin\jli.dll
0x00007ffd343b0000 - 0x00007ffd343ce000 	c:\Users\Raju Shrirame\.vscode\extensions\redhat.java-1.41.1-win32-x64\jre\21.0.6-win32-x86_64\bin\VCRUNTIME140.dll
0x00007ffd79ae0000 - 0x00007ffd79c81000 	C:\Windows\System32\USER32.dll
0x00007ffd77ea0000 - 0x00007ffd77ec2000 	C:\Windows\System32\win32u.dll
0x00007ffd66fb0000 - 0x00007ffd6724a000 	C:\Windows\WinSxS\amd64_microsoft.windows.common-controls_6595b64144ccf1df_6.0.19041.1110_none_60b5254171f9507e\COMCTL32.dll
0x00007ffd790d0000 - 0x00007ffd790fb000 	C:\Windows\System32\GDI32.dll
0x00007ffd79a40000 - 0x00007ffd79ade000 	C:\Windows\System32\msvcrt.dll
0x00007ffd77d90000 - 0x00007ffd77e9d000 	C:\Windows\System32\gdi32full.dll
0x00007ffd77ed0000 - 0x00007ffd77f6d000 	C:\Windows\System32\msvcp_win.dll
0x00007ffd79d40000 - 0x00007ffd79d70000 	C:\Windows\System32\IMM32.DLL
0x00007ffd70620000 - 0x00007ffd7062c000 	c:\Users\Raju Shrirame\.vscode\extensions\redhat.java-1.41.1-win32-x64\jre\21.0.6-win32-x86_64\bin\vcruntime140_1.dll
0x00007ffd34300000 - 0x00007ffd3438d000 	c:\Users\Raju Shrirame\.vscode\extensions\redhat.java-1.41.1-win32-x64\jre\21.0.6-win32-x86_64\bin\msvcp140.dll
0x00007ffd33570000 - 0x00007ffd34300000 	c:\Users\Raju Shrirame\.vscode\extensions\redhat.java-1.41.1-win32-x64\jre\21.0.6-win32-x86_64\bin\server\jvm.dll
0x00007ffd78f60000 - 0x00007ffd7900c000 	C:\Windows\System32\ADVAPI32.dll
0x00007ffd79c90000 - 0x00007ffd79d2b000 	C:\Windows\System32\sechost.dll
0x00007ffd79850000 - 0x00007ffd7997a000 	C:\Windows\System32\RPCRT4.dll
0x00007ffd77f70000 - 0x00007ffd77fdb000 	C:\Windows\System32\WS2_32.dll
0x00007ffd774b0000 - 0x00007ffd774fb000 	C:\Windows\SYSTEM32\POWRPROF.dll
0x00007ffd6d970000 - 0x00007ffd6d997000 	C:\Windows\SYSTEM32\WINMM.dll
0x00007ffd6fb00000 - 0x00007ffd6fb0a000 	C:\Windows\SYSTEM32\VERSION.dll
0x00007ffd77490000 - 0x00007ffd774a2000 	C:\Windows\SYSTEM32\UMPDC.dll
0x00007ffd75530000 - 0x00007ffd75542000 	C:\Windows\SYSTEM32\kernel.appcore.dll
0x00007ffd6e5c0000 - 0x00007ffd6e5ca000 	c:\Users\Raju Shrirame\.vscode\extensions\redhat.java-1.41.1-win32-x64\jre\21.0.6-win32-x86_64\bin\jimage.dll
0x00007ffd731f0000 - 0x00007ffd733d4000 	C:\Windows\SYSTEM32\DBGHELP.DLL
0x00007ffd64a20000 - 0x00007ffd64a4c000 	C:\Windows\SYSTEM32\dbgcore.DLL
0x00007ffd77cb0000 - 0x00007ffd77d32000 	C:\Windows\System32\bcryptPrimitives.dll
0x00007ffd65f30000 - 0x00007ffd65f3f000 	c:\Users\Raju Shrirame\.vscode\extensions\redhat.java-1.41.1-win32-x64\jre\21.0.6-win32-x86_64\bin\instrument.dll
0x00007ffd33550000 - 0x00007ffd3356f000 	c:\Users\Raju Shrirame\.vscode\extensions\redhat.java-1.41.1-win32-x64\jre\21.0.6-win32-x86_64\bin\java.dll
0x00007ffd79100000 - 0x00007ffd79844000 	C:\Windows\System32\SHELL32.dll
0x00007ffd75730000 - 0x00007ffd75ec4000 	C:\Windows\SYSTEM32\windows.storage.dll
0x00007ffd77fe0000 - 0x00007ffd78335000 	C:\Windows\System32\combase.dll
0x00007ffd77020000 - 0x00007ffd7704e000 	C:\Windows\SYSTEM32\Wldp.dll
0x00007ffd78760000 - 0x00007ffd7880d000 	C:\Windows\System32\SHCORE.dll
0x00007ffd79e90000 - 0x00007ffd79ee5000 	C:\Windows\System32\shlwapi.dll
0x00007ffd77580000 - 0x00007ffd7759f000 	C:\Windows\SYSTEM32\profapi.dll
0x00007ffd33530000 - 0x00007ffd33548000 	c:\Users\Raju Shrirame\.vscode\extensions\redhat.java-1.41.1-win32-x64\jre\21.0.6-win32-x86_64\bin\zip.dll
0x00007ffd65e70000 - 0x00007ffd65e80000 	C:\Users\Raju Shrirame\.vscode\extensions\redhat.java-1.41.1-win32-x64\jre\21.0.6-win32-x86_64\bin\net.dll
0x00007ffd6e350000 - 0x00007ffd6e45c000 	C:\Windows\SYSTEM32\WINHTTP.dll
0x00007ffd76d20000 - 0x00007ffd76d8a000 	C:\Windows\system32\mswsock.dll
0x00007ffd33510000 - 0x00007ffd33526000 	C:\Users\Raju Shrirame\.vscode\extensions\redhat.java-1.41.1-win32-x64\jre\21.0.6-win32-x86_64\bin\nio.dll
0x00007ffd62700000 - 0x00007ffd62710000 	c:\Users\Raju Shrirame\.vscode\extensions\redhat.java-1.41.1-win32-x64\jre\21.0.6-win32-x86_64\bin\verify.dll
0x00007ffd33470000 - 0x00007ffd334b5000 	C:\Users\Raju Shrirame\AppData\Roaming\Code\User\globalStorage\redhat.java\1.41.1\config_win\org.eclipse.equinox.launcher\org.eclipse.equinox.launcher.win32.win32.x86_64_1.2.1300.v20250331-1702\eclipse_11911.dll
0x00007ffd788f0000 - 0x00007ffd78a1a000 	C:\Windows\System32\ole32.dll
0x00007ffd76f20000 - 0x00007ffd76f38000 	C:\Windows\SYSTEM32\CRYPTSP.dll
0x00007ffd766a0000 - 0x00007ffd766d4000 	C:\Windows\system32\rsaenh.dll
0x00007ffd77c20000 - 0x00007ffd77c47000 	C:\Windows\System32\bcrypt.dll
0x00007ffd77500000 - 0x00007ffd7752e000 	C:\Windows\SYSTEM32\USERENV.dll
0x00007ffd76f10000 - 0x00007ffd76f1c000 	C:\Windows\SYSTEM32\CRYPTBASE.dll
0x00007ffd76a10000 - 0x00007ffd76a4b000 	C:\Windows\SYSTEM32\IPHLPAPI.DLL
0x00007ffd79d30000 - 0x00007ffd79d38000 	C:\Windows\System32\NSI.dll
0x00007ffd31d40000 - 0x00007ffd31d89000 	C:\Users\Raju Shrirame\AppData\Local\Temp\jna-422009593\jna5894334899220256078.dll
0x00007ffd79d70000 - 0x00007ffd79d78000 	C:\Windows\System32\PSAPI.DLL
0x00007ffd71670000 - 0x00007ffd71687000 	C:\Windows\SYSTEM32\dhcpcsvc6.DLL
0x00007ffd71650000 - 0x00007ffd7166d000 	C:\Windows\SYSTEM32\dhcpcsvc.DLL

dbghelp: loaded successfully - version: 4.0.5 - missing functions: none
symbol engine: initialized successfully - sym options: 0x614 - pdb path: .;c:\Users\Raju Shrirame\.vscode\extensions\redhat.java-1.41.1-win32-x64\jre\21.0.6-win32-x86_64\bin;C:\Windows\SYSTEM32;C:\Windows\WinSxS\amd64_microsoft.windows.common-controls_6595b64144ccf1df_6.0.19041.1110_none_60b5254171f9507e;c:\Users\Raju Shrirame\.vscode\extensions\redhat.java-1.41.1-win32-x64\jre\21.0.6-win32-x86_64\bin\server;C:\Users\Raju Shrirame\AppData\Roaming\Code\User\globalStorage\redhat.java\1.41.1\config_win\org.eclipse.equinox.launcher\org.eclipse.equinox.launcher.win32.win32.x86_64_1.2.1300.v20250331-1702;C:\Users\Raju Shrirame\AppData\Local\Temp\jna-422009593

VM Arguments:
jvm_args: --add-modules=ALL-SYSTEM --add-opens=java.base/java.util=ALL-UNNAMED --add-opens=java.base/java.lang=ALL-UNNAMED --add-opens=java.base/sun.nio.fs=ALL-UNNAMED -Declipse.application=org.eclipse.jdt.ls.core.id1 -Dosgi.bundles.defaultStartLevel=4 -Declipse.product=org.eclipse.jdt.ls.core.product -Djava.import.generatesMetadataFilesAtProjectRoot=false -DDetectVMInstallationsJob.disabled=true -Dfile.encoding=utf8 -XX:+UseParallelGC -XX:GCTimeRatio=4 -XX:AdaptiveSizePolicyWeight=90 -Dsun.zip.disableMemoryMapping=true -Xmx1G -Xms100m -Xlog:disable -javaagent:c:\Users\Raju Shrirame\.vscode\extensions\redhat.java-1.41.1-win32-x64\lombok\lombok-1.18.36.jar -XX:+HeapDumpOnOutOfMemoryError -XX:HeapDumpPath=c:\Users\Raju Shrirame\AppData\Roaming\Code\User\workspaceStorage\bf5354fa548733c8218dcee6b927070a\redhat.java -Daether.dependencyCollector.impl=bf 
java_command: c:\Users\Raju Shrirame\.vscode\extensions\redhat.java-1.41.1-win32-x64\server\plugins\org.eclipse.equinox.launcher_1.7.0.v20250331-1702.jar -configuration c:\Users\Raju Shrirame\AppData\Roaming\Code\User\globalStorage\redhat.java\1.41.1\config_win -data c:\Users\Raju Shrirame\AppData\Roaming\Code\User\workspaceStorage\bf5354fa548733c8218dcee6b927070a\redhat.java\jdt_ws --pipe=\\.\pipe\lsp-a3e63f1a98177ae6c73747ec1e2f9674-sock
java_class_path (initial): c:\Users\Raju Shrirame\.vscode\extensions\redhat.java-1.41.1-win32-x64\server\plugins\org.eclipse.equinox.launcher_1.7.0.v20250331-1702.jar
Launcher Type: SUN_STANDARD

[Global flags]
    uintx AdaptiveSizePolicyWeight                 = 90                                        {product} {command line}
     intx CICompilerCount                          = 4                                         {product} {ergonomic}
    uintx GCTimeRatio                              = 4                                         {product} {command line}
     bool HeapDumpOnOutOfMemoryError               = true                                   {manageable} {command line}
    ccstr HeapDumpPath                             = c:\Users\Raju Shrirame\AppData\Roaming\Code\User\workspaceStorage\bf5354fa548733c8218dcee6b927070a\redhat.java         {manageable} {command line}
   size_t InitialHeapSize                          = 104857600                                 {product} {command line}
   size_t MaxHeapSize                              = 1073741824                                {product} {command line}
   size_t MaxNewSize                               = 357564416                                 {product} {ergonomic}
   size_t MinHeapDeltaBytes                        = 524288                                    {product} {ergonomic}
   size_t MinHeapSize                              = 104857600                                 {product} {command line}
   size_t NewSize                                  = 34603008                                  {product} {ergonomic}
    uintx NonNMethodCodeHeapSize                   = 5839372                                {pd product} {ergonomic}
    uintx NonProfiledCodeHeapSize                  = 122909434                              {pd product} {ergonomic}
   size_t OldSize                                  = 70254592                                  {product} {ergonomic}
    uintx ProfiledCodeHeapSize                     = 122909434                              {pd product} {ergonomic}
    uintx ReservedCodeCacheSize                    = 251658240                              {pd product} {ergonomic}
     bool SegmentedCodeCache                       = true                                      {product} {ergonomic}
   size_t SoftMaxHeapSize                          = 1073741824                             {manageable} {ergonomic}
     bool UseCompressedOops                        = true                           {product lp64_product} {ergonomic}
     bool UseLargePagesIndividualAllocation        = false                                  {pd product} {ergonomic}
     bool UseParallelGC                            = true                                      {product} {command line}

Logging:
Log output configuration:
 #0: stdout all=off uptime,level,tags foldmultilines=false
 #1: stderr all=off uptime,level,tags foldmultilines=false

Environment Variables:
JAVA_HOME=C:\Program Files\Amazon Corretto\jdk17.0.13_11
PATH=C:\Program Files\Amazon Corretto\jdk17.0.13_11\bin;C:\Python312\Scripts\;C:\Python312\;C:\Program Files\Amazon Corretto\jdk11.0.23_9\bin;C:\ProgramData\Oracle\Java\javapath;C:\Windows\system32;C:\Windows;C:\Windows\System32\Wbem;C:\Windows\System32\WindowsPowerShell\v1.0\;C:\Windows\System32\OpenSSH\;C:\Windows\IsmFiles;C:\Program Files\dotnet\;C:\MinGW\bin;C:\ProgramData\chocolatey\bin;C:\ProgramData\chocolatey\lib\maven\apache-maven-3.9.8\bin;C:\Program Files\Amazon\AWSCLIV2\;C:\Program Files\Microsoft VS Code\bin;C:\Program Files\nodejs\;C:\Program Files\Git\cmd;C:\Program Files\Git\mingw64\bin;C:\Program Files\Git\usr\bin;C:\Program Files\Vagrant\bin;C:\Users\Raju Shrirame\AppData\Local\Microsoft\WindowsApps;C:\MinGW\bin;C:\Users\Raju Shrirame\AppData\Local\Programs\Microsoft VS Code\bin;C:\Users\Raju Shrirame\AppData\Local\spicetify;C:\Program Files\Oracle\VirtualBox;C:\Users\Raju Shrirame\AppData\Roaming\npm;D:\mongoDB shell\
USERNAME=Raju Shrirame
OS=Windows_NT
PROCESSOR_IDENTIFIER=AMD64 Family 23 Model 24 Stepping 1, AuthenticAMD
TMP=C:\Users\RAJUSH~1\AppData\Local\Temp
TEMP=C:\Users\RAJUSH~1\AppData\Local\Temp




Periodic native trim disabled

---------------  S Y S T E M  ---------------

OS:
 Windows 10 , 64 bit Build 19041 (10.0.19041.1348)
OS uptime: 0 days 0:03 hours

CPU: total 8 (initial active 8) (8 cores per cpu, 2 threads per core) family 23 model 24 stepping 1 microcode 0x0, cx8, cmov, fxsr, ht, mmx, 3dnowpref, sse, sse2, sse3, ssse3, sse4a, sse4.1, sse4.2, popcnt, lzcnt, tsc, tscinvbit, avx, avx2, aes, clmul, bmi1, bmi2, adx, sha, fma, vzeroupper, clflush, clflushopt, rdtscp, f16c
Processor Information for the first 8 processors :
  Max Mhz: 2100, Current Mhz: 2100, Mhz Limit: 2100

Memory: 4k page, system-wide physical 6091M (1292M free)
TotalPageFile size 6091M (AvailPageFile size 4M)
current process WorkingSet (physical memory assigned to process): 222M, peak: 225M
current process commit charge ("private bytes"): 303M, peak: 307M

vm_info: OpenJDK 64-Bit Server VM (21.0.6+7-LTS) for windows-amd64 JRE (21.0.6+7-LTS), built on 2025-01-21T00:00:00Z by "admin" with MS VC++ 17.7 (VS2022)

END.
