#
# There is insufficient memory for the Java Runtime Environment to continue.
# Native memory allocation (malloc) failed to allocate 1326176 bytes. Error detail: Chunk::new
# Possible reasons:
#   The system is out of physical RAM or swap space
#   This process is running with CompressedOops enabled, and the Java Heap may be blocking the growth of the native heap
# Possible solutions:
#   Reduce memory load on the system
#   Increase physical memory or swap space
#   Check if swap backing store is full
#   Decrease Java heap size (-Xmx/-Xms)
#   Decrease number of Java threads
#   Decrease Java thread stack sizes (-Xss)
#   Set larger code cache with -XX:ReservedCodeCacheSize=
#   JVM is running with Unscaled Compressed Oops mode in which the Java heap is
#     placed in the first 4GB address space. The Java Heap base address is the
#     maximum limit for the native heap growth. Please use -XX:HeapBaseMinAddress
#     to set the Java Heap base and to place the Java Heap above 4GB virtual address.
# This output file may be truncated or incomplete.
#
#  Out of Memory Error (arena.cpp:168), pid=4644, tid=11988
#
# JRE version: OpenJDK Runtime Environment Temurin-21.0.6+7 (21.0.6+7) (build 21.0.6+7-LTS)
# Java VM: OpenJDK 64-Bit Server VM Temurin-21.0.6+7 (21.0.6+7-LTS, mixed mode, sharing, tiered, compressed oops, compressed class ptrs, parallel gc, windows-amd64)
# No core dump will be written. Minidumps are not enabled by default on client versions of Windows
#

---------------  S U M M A R Y ------------

Command Line: --add-modules=ALL-SYSTEM --add-opens=java.base/java.util=ALL-UNNAMED --add-opens=java.base/java.lang=ALL-UNNAMED --add-opens=java.base/sun.nio.fs=ALL-UNNAMED -Declipse.application=org.eclipse.jdt.ls.core.id1 -Dosgi.bundles.defaultStartLevel=4 -Declipse.product=org.eclipse.jdt.ls.core.product -Djava.import.generatesMetadataFilesAtProjectRoot=false -DDetectVMInstallationsJob.disabled=true -Dfile.encoding=utf8 -XX:+UseParallelGC -XX:GCTimeRatio=4 -XX:AdaptiveSizePolicyWeight=90 -Dsun.zip.disableMemoryMapping=true -Xmx1G -Xms100m -Xlog:disable -javaagent:c:\Users\Raju Shrirame\.vscode\extensions\redhat.java-1.41.1-win32-x64\lombok\lombok-1.18.36.jar -XX:+HeapDumpOnOutOfMemoryError -XX:HeapDumpPath=c:\Users\Raju Shrirame\AppData\Roaming\Code\User\workspaceStorage\bf5354fa548733c8218dcee6b927070a\redhat.java -Daether.dependencyCollector.impl=bf c:\Users\Raju Shrirame\.vscode\extensions\redhat.java-1.41.1-win32-x64\server\plugins\org.eclipse.equinox.launcher_1.7.0.v20250331-1702.jar -configuration c:\Users\Raju Shrirame\AppData\Roaming\Code\User\globalStorage\redhat.java\1.41.1\config_win -data c:\Users\Raju Shrirame\AppData\Roaming\Code\User\workspaceStorage\bf5354fa548733c8218dcee6b927070a\redhat.java\jdt_ws --pipe=\\.\pipe\lsp-448d062f47d29df6141d879afc175f8b-sock

Host: AMD Ryzen 5 3500U with Radeon Vega Mobile Gfx  , 8 cores, 5G,  Windows 10 , 64 bit Build 19041 (10.0.19041.1348)
Time: Thu Apr 17 20:30:29 2025 India Standard Time elapsed time: 29.130360 seconds (0d 0h 0m 29s)

---------------  T H R E A D  ---------------

Current thread (0x0000020ce42fa160):  JavaThread "C2 CompilerThread2" daemon [_thread_in_native, id=11988, stack(0x000000a3c7c00000,0x000000a3c7d00000) (1024K)]


Current CompileTask:
C2:29130 6237       4       java.lang.invoke.MethodType::makeImpl (109 bytes)

Stack: [0x000000a3c7c00000,0x000000a3c7d00000]
Native frames: (J=compiled Java code, j=interpreted, Vv=VM code, C=native code)
V  [jvm.dll+0x6cdee9]
V  [jvm.dll+0x8a83d1]
V  [jvm.dll+0x8aa8fe]
V  [jvm.dll+0x8aafe3]
V  [jvm.dll+0x27f706]
V  [jvm.dll+0xc500d]
V  [jvm.dll+0xc5543]
V  [jvm.dll+0x3b678c]
V  [jvm.dll+0x1e0009]
V  [jvm.dll+0x247b42]
V  [jvm.dll+0x246fcf]
V  [jvm.dll+0x1c75ee]
V  [jvm.dll+0x25685a]
V  [jvm.dll+0x254dfa]
V  [jvm.dll+0x3f0256]
V  [jvm.dll+0x851f8b]
V  [jvm.dll+0x6cc5ed]
C  [ucrtbase.dll+0x21bb2]
C  [KERNEL32.DLL+0x17034]
C  [ntdll.dll+0x52651]


---------------  P R O C E S S  ---------------

Threads class SMR info:
_java_thread_list=0x0000020ce35876d0, length=41, elements={
0x0000020c86a98850, 0x0000020c9ae47c30, 0x0000020c9ae490d0, 0x0000020c9ae4e910,
0x0000020c9ae4f560, 0x0000020c9ae524c0, 0x0000020c9ae52f10, 0x0000020c9ae53c90,
0x0000020cdd88d3b0, 0x0000020c86b5ff30, 0x0000020cddb61930, 0x0000020ce2795780,
0x0000020ce2755000, 0x0000020ce203f7b0, 0x0000020ce2782ac0, 0x0000020ce2871080,
0x0000020ce2e1b010, 0x0000020ce29344f0, 0x0000020ce22f40d0, 0x0000020ce22f33b0,
0x0000020ce22f4760, 0x0000020ce22f2000, 0x0000020ce42fa160, 0x0000020ce22f12e0,
0x0000020ce22f3a40, 0x0000020ce22f1970, 0x0000020ce22f2690, 0x0000020ce22f2d20,
0x0000020ce3765fa0, 0x0000020ce3766630, 0x0000020ce3769ab0, 0x0000020ce3769420,
0x0000020ce3768070, 0x0000020ce3767350, 0x0000020ce376bb80, 0x0000020ce376ae60,
0x0000020ce37679e0, 0x0000020ce376a140, 0x0000020ce3766cc0, 0x0000020ce3764bf0,
0x0000020ce376b4f0
}

Java Threads: ( => current thread )
  0x0000020c86a98850 JavaThread "main"                              [_thread_blocked, id=1684, stack(0x000000a3c5b00000,0x000000a3c5c00000) (1024K)]
  0x0000020c9ae47c30 JavaThread "Reference Handler"          daemon [_thread_blocked, id=5604, stack(0x000000a3c5f00000,0x000000a3c6000000) (1024K)]
  0x0000020c9ae490d0 JavaThread "Finalizer"                  daemon [_thread_blocked, id=8960, stack(0x000000a3c6000000,0x000000a3c6100000) (1024K)]
  0x0000020c9ae4e910 JavaThread "Signal Dispatcher"          daemon [_thread_blocked, id=12856, stack(0x000000a3c6100000,0x000000a3c6200000) (1024K)]
  0x0000020c9ae4f560 JavaThread "Attach Listener"            daemon [_thread_blocked, id=9228, stack(0x000000a3c6200000,0x000000a3c6300000) (1024K)]
  0x0000020c9ae524c0 JavaThread "Service Thread"             daemon [_thread_blocked, id=9268, stack(0x000000a3c6300000,0x000000a3c6400000) (1024K)]
  0x0000020c9ae52f10 JavaThread "Monitor Deflation Thread"   daemon [_thread_blocked, id=6148, stack(0x000000a3c6400000,0x000000a3c6500000) (1024K)]
  0x0000020c9ae53c90 JavaThread "C2 CompilerThread0"         daemon [_thread_in_native, id=3928, stack(0x000000a3c6500000,0x000000a3c6600000) (1024K)]
  0x0000020cdd88d3b0 JavaThread "C1 CompilerThread0"         daemon [_thread_in_vm, id=552, stack(0x000000a3c6600000,0x000000a3c6700000) (1024K)]
  0x0000020c86b5ff30 JavaThread "Common-Cleaner"             daemon [_thread_blocked, id=9572, stack(0x000000a3c6700000,0x000000a3c6800000) (1024K)]
  0x0000020cddb61930 JavaThread "Notification Thread"        daemon [_thread_blocked, id=3816, stack(0x000000a3c6800000,0x000000a3c6900000) (1024K)]
  0x0000020ce2795780 JavaThread "Active Thread: Equinox Container: 79b55aa1-0a1b-46a2-aeef-6417ca19be39"        [_thread_blocked, id=5296, stack(0x000000a3c7100000,0x000000a3c7200000) (1024K)]
  0x0000020ce2755000 JavaThread "Refresh Thread: Equinox Container: 79b55aa1-0a1b-46a2-aeef-6417ca19be39" daemon [_thread_blocked, id=5800, stack(0x000000a3c6900000,0x000000a3c6a00000) (1024K)]
  0x0000020ce203f7b0 JavaThread "Framework Event Dispatcher: Equinox Container: 79b55aa1-0a1b-46a2-aeef-6417ca19be39" daemon [_thread_blocked, id=10192, stack(0x000000a3c7200000,0x000000a3c7300000) (1024K)]
  0x0000020ce2782ac0 JavaThread "Start Level: Equinox Container: 79b55aa1-0a1b-46a2-aeef-6417ca19be39" daemon [_thread_blocked, id=6188, stack(0x000000a3c7300000,0x000000a3c7400000) (1024K)]
  0x0000020ce2871080 JavaThread "Bundle File Closer"         daemon [_thread_blocked, id=4548, stack(0x000000a3c7400000,0x000000a3c7500000) (1024K)]
  0x0000020ce2e1b010 JavaThread "SCR Component Actor"        daemon [_thread_blocked, id=10576, stack(0x000000a3c7500000,0x000000a3c7600000) (1024K)]
  0x0000020ce29344f0 JavaThread "C2 CompilerThread1"         daemon [_thread_in_native, id=9816, stack(0x000000a3c7700000,0x000000a3c7800000) (1024K)]
  0x0000020ce22f40d0 JavaThread "Worker-JM"                         [_thread_blocked, id=11652, stack(0x000000a3c7800000,0x000000a3c7900000) (1024K)]
  0x0000020ce22f33b0 JavaThread "Worker-0"                          [_thread_blocked, id=7172, stack(0x000000a3c7900000,0x000000a3c7a00000) (1024K)]
  0x0000020ce22f4760 JavaThread "Worker-1"                          [_thread_blocked, id=10296, stack(0x000000a3c7a00000,0x000000a3c7b00000) (1024K)]
  0x0000020ce22f2000 JavaThread "Java indexing"              daemon [_thread_blocked, id=10096, stack(0x000000a3c7b00000,0x000000a3c7c00000) (1024K)]
=>0x0000020ce42fa160 JavaThread "C2 CompilerThread2"         daemon [_thread_in_native, id=11988, stack(0x000000a3c7c00000,0x000000a3c7d00000) (1024K)]
  0x0000020ce22f12e0 JavaThread "Worker-2"                          [_thread_blocked, id=2996, stack(0x000000a3c7d00000,0x000000a3c7e00000) (1024K)]
  0x0000020ce22f3a40 JavaThread "Worker-3"                          [_thread_blocked, id=10260, stack(0x000000a3c7e00000,0x000000a3c7f00000) (1024K)]
  0x0000020ce22f1970 JavaThread "JNA Cleaner"                daemon [_thread_blocked, id=10412, stack(0x000000a3c7f00000,0x000000a3c8000000) (1024K)]
  0x0000020ce22f2690 JavaThread "Worker-4"                          [_thread_blocked, id=4144, stack(0x000000a3c8000000,0x000000a3c8100000) (1024K)]
  0x0000020ce22f2d20 JavaThread "Worker-5"                          [_thread_blocked, id=1788, stack(0x000000a3c8100000,0x000000a3c8200000) (1024K)]
  0x0000020ce3765fa0 JavaThread "Thread-2"                   daemon [_thread_in_native, id=12512, stack(0x000000a3c8200000,0x000000a3c8300000) (1024K)]
  0x0000020ce3766630 JavaThread "Thread-3"                   daemon [_thread_in_native, id=10756, stack(0x000000a3c8300000,0x000000a3c8400000) (1024K)]
  0x0000020ce3769ab0 JavaThread "Thread-4"                   daemon [_thread_in_native, id=2896, stack(0x000000a3c8400000,0x000000a3c8500000) (1024K)]
  0x0000020ce3769420 JavaThread "Thread-5"                   daemon [_thread_in_native, id=6788, stack(0x000000a3c8500000,0x000000a3c8600000) (1024K)]
  0x0000020ce3768070 JavaThread "Thread-6"                   daemon [_thread_in_native, id=11460, stack(0x000000a3c8600000,0x000000a3c8700000) (1024K)]
  0x0000020ce3767350 JavaThread "Thread-7"                   daemon [_thread_in_native, id=11532, stack(0x000000a3c8700000,0x000000a3c8800000) (1024K)]
  0x0000020ce376bb80 JavaThread "Thread-8"                   daemon [_thread_in_native, id=2512, stack(0x000000a3c8800000,0x000000a3c8900000) (1024K)]
  0x0000020ce376ae60 JavaThread "Thread-9"                   daemon [_thread_in_native, id=8556, stack(0x000000a3c8900000,0x000000a3c8a00000) (1024K)]
  0x0000020ce37679e0 JavaThread "Thread-10"                  daemon [_thread_in_native, id=7200, stack(0x000000a3c8a00000,0x000000a3c8b00000) (1024K)]
  0x0000020ce376a140 JavaThread "pool-2-thread-1"                   [_thread_blocked, id=11896, stack(0x000000a3c8b00000,0x000000a3c8c00000) (1024K)]
  0x0000020ce3766cc0 JavaThread "WorkspaceEventsHandler"            [_thread_blocked, id=9916, stack(0x000000a3c8c00000,0x000000a3c8d00000) (1024K)]
  0x0000020ce3764bf0 JavaThread "pool-1-thread-1"                   [_thread_in_native, id=2940, stack(0x000000a3c8d00000,0x000000a3c8e00000) (1024K)]
  0x0000020ce376b4f0 JavaThread "Keep-Alive-Timer"           daemon [_thread_blocked, id=12340, stack(0x000000a3c8f00000,0x000000a3c9000000) (1024K)]
Total: 41

Other Threads:
  0x0000020c9ae2c510 VMThread "VM Thread"                           [id=6440, stack(0x000000a3c5e00000,0x000000a3c5f00000) (1024K)]
  0x0000020c9ad20c30 WatcherThread "VM Periodic Task Thread"        [id=10264, stack(0x000000a3c5d00000,0x000000a3c5e00000) (1024K)]
  0x0000020c86ab5720 WorkerThread "GC Thread#0"                     [id=13056, stack(0x000000a3c5c00000,0x000000a3c5d00000) (1024K)]
  0x0000020ce251ca30 WorkerThread "GC Thread#1"                     [id=10588, stack(0x000000a3c6a00000,0x000000a3c6b00000) (1024K)]
  0x0000020ce251cdd0 WorkerThread "GC Thread#2"                     [id=9652, stack(0x000000a3c6b00000,0x000000a3c6c00000) (1024K)]
  0x0000020ce251d170 WorkerThread "GC Thread#3"                     [id=9888, stack(0x000000a3c6c00000,0x000000a3c6d00000) (1024K)]
  0x0000020ce25de160 WorkerThread "GC Thread#4"                     [id=9936, stack(0x000000a3c6d00000,0x000000a3c6e00000) (1024K)]
  0x0000020ce25de500 WorkerThread "GC Thread#5"                     [id=9480, stack(0x000000a3c6e00000,0x000000a3c6f00000) (1024K)]
  0x0000020ce25de8a0 WorkerThread "GC Thread#6"                     [id=2064, stack(0x000000a3c6f00000,0x000000a3c7000000) (1024K)]
  0x0000020ce263ac70 WorkerThread "GC Thread#7"                     [id=8956, stack(0x000000a3c7000000,0x000000a3c7100000) (1024K)]
Total: 10

Threads with active compile tasks:
C2 CompilerThread0  29196 6383 %     4       java.util.Properties$LineReader::readLine @ 53 (584 bytes)
C1 CompilerThread0  29196 6382       3       java.net.URLStreamHandler::setURL (159 bytes)
C2 CompilerThread1  29196 6258   !   4       org.eclipse.osgi.internal.loader.classpath.ClasspathManager::findLocalClass (210 bytes)
C2 CompilerThread2  29196 6237       4       java.lang.invoke.MethodType::makeImpl (109 bytes)
Total: 4

VM state: not at safepoint (normal execution)

VM Mutex/Monitor currently owned by a thread: None

Heap address: 0x00000000c0000000, size: 1024 MB, Compressed Oops mode: 32-bit

CDS archive(s) mapped at: [0x0000020c9b000000-0x0000020c9bba0000-0x0000020c9bba0000), size 12189696, SharedBaseAddress: 0x0000020c9b000000, ArchiveRelocationMode: 1.
Compressed class space mapped at: 0x0000020c9c000000-0x0000020cdc000000, reserved size: 1073741824
Narrow klass base: 0x0000020c9b000000, Narrow klass shift: 0, Narrow klass range: 0x100000000

GC Precious Log:
 CardTable entry size: 512
 CPUs: 8 total, 8 available
 Memory: 6091M
 Large Page Support: Disabled
 NUMA Support: Disabled
 Compressed Oops: Enabled (32-bit)
 Alignments: Space 512K, Generation 512K, Heap 2M
 Heap Min Capacity: 100M
 Heap Initial Capacity: 100M
 Heap Max Capacity: 1G
 Pre-touch: Disabled
 Parallel Workers: 8

Heap:
 PSYoungGen      total 23552K, used 10048K [0x00000000eab00000, 0x00000000ec780000, 0x0000000100000000)
  eden space 22016K, 38% used [0x00000000eab00000,0x00000000eb355f30,0x00000000ec080000)
  from space 1536K, 98% used [0x00000000ec080000,0x00000000ec1fa210,0x00000000ec200000)
  to   space 3584K, 0% used [0x00000000ec400000,0x00000000ec400000,0x00000000ec780000)
 ParOldGen       total 68608K, used 24439K [0x00000000c0000000, 0x00000000c4300000, 0x00000000eab00000)
  object space 68608K, 35% used [0x00000000c0000000,0x00000000c17ddc70,0x00000000c4300000)
 Metaspace       used 48878K, committed 49984K, reserved 1114112K
  class space    used 5253K, committed 5696K, reserved 1048576K

Card table byte_map: [0x0000020c86450000,0x0000020c86660000] _byte_map_base: 0x0000020c85e50000

Marking Bits: (ParMarkBitMap*) 0x00007ffe5d853260
 Begin Bits: [0x0000020c98ca0000, 0x0000020c99ca0000)
 End Bits:   [0x0000020c99ca0000, 0x0000020c9aca0000)

Polling page: 0x0000020c84b10000

Metaspace:

Usage:
  Non-class:     42.60 MB used.
      Class:      5.13 MB used.
       Both:     47.73 MB used.

Virtual space:
  Non-class space:       64.00 MB reserved,      43.25 MB ( 68%) committed,  1 nodes.
      Class space:        1.00 GB reserved,       5.56 MB ( <1%) committed,  1 nodes.
             Both:        1.06 GB reserved,      48.81 MB (  4%) committed. 

Chunk freelists:
   Non-Class:  3.86 MB
       Class:  10.44 MB
        Both:  14.30 MB

MaxMetaspaceSize: unlimited
CompressedClassSpaceSize: 1.00 GB
Initial GC threshold: 21.00 MB
Current GC threshold: 58.38 MB
CDS: on
 - commit_granule_bytes: 65536.
 - commit_granule_words: 8192.
 - virtual_space_node_default_size: 8388608.
 - enlarge_chunks_in_place: 1.
 - use_allocation_guard: 0.


Internal statistics:

num_allocs_failed_limit: 6.
num_arena_births: 762.
num_arena_deaths: 24.
num_vsnodes_births: 2.
num_vsnodes_deaths: 0.
num_space_committed: 781.
num_space_uncommitted: 0.
num_chunks_returned_to_freelist: 35.
num_chunks_taken_from_freelist: 2724.
num_chunk_merges: 12.
num_chunk_splits: 1703.
num_chunks_enlarged: 987.
num_inconsistent_stats: 0.

CodeHeap 'non-profiled nmethods': size=120000Kb used=3028Kb max_used=3028Kb free=116972Kb
 bounds [0x0000020c91770000, 0x0000020c91a70000, 0x0000020c98ca0000]
CodeHeap 'profiled nmethods': size=120000Kb used=11840Kb max_used=11840Kb free=108159Kb
 bounds [0x0000020c89ca0000, 0x0000020c8a840000, 0x0000020c911d0000]
CodeHeap 'non-nmethods': size=5760Kb used=1403Kb max_used=1466Kb free=4356Kb
 bounds [0x0000020c911d0000, 0x0000020c91440000, 0x0000020c91770000]
 total_blobs=6501 nmethods=5799 adapters=608
 compilation: enabled
              stopped_count=0, restarted_count=0
 full_count=0

Compilation events (20 events):
Event: 29.010 Thread 0x0000020cdd88d3b0 nmethod 6358 0x0000020c8a823990 code [0x0000020c8a823b40, 0x0000020c8a823cc8]
Event: 29.010 Thread 0x0000020cdd88d3b0 6359       3       java.util.concurrent.atomic.AtomicLong::updateAndGet (59 bytes)
Event: 29.012 Thread 0x0000020cdd88d3b0 nmethod 6359 0x0000020c8a823d90 code [0x0000020c8a823f80, 0x0000020c8a824498]
Event: 29.012 Thread 0x0000020cdd88d3b0 6360       3       org.eclipse.core.internal.jobs.JobManager$$Lambda/0x0000020c9c1a10e8::applyAsLong (9 bytes)
Event: 29.012 Thread 0x0000020cdd88d3b0 nmethod 6360 0x0000020c8a824710 code [0x0000020c8a8248e0, 0x0000020c8a824b38]
Event: 29.012 Thread 0x0000020cdd88d3b0 6361       3       org.eclipse.core.internal.jobs.JobManager::now (16 bytes)
Event: 29.013 Thread 0x0000020cdd88d3b0 nmethod 6361 0x0000020c8a824c90 code [0x0000020c8a824ea0, 0x0000020c8a825450]
Event: 29.050 Thread 0x0000020c9ae53c90 nmethod 5180 0x0000020c91a4f210 code [0x0000020c91a4fce0, 0x0000020c91a5a9d0]
Event: 29.053 Thread 0x0000020c9ae53c90 6262       4       java.lang.invoke.DirectMethodHandle::allocateInstance (16 bytes)
Event: 29.056 Thread 0x0000020c9ae53c90 nmethod 6262 0x0000020c91a62210 code [0x0000020c91a623a0, 0x0000020c91a62578]
Event: 29.056 Thread 0x0000020c9ae53c90 6266       4       java.util.concurrent.locks.ReentrantReadWriteLock$NonfairSync::readerShouldBlock (5 bytes)
Event: 29.057 Thread 0x0000020c9ae53c90 nmethod 6266 0x0000020c91a62690 code [0x0000020c91a62820, 0x0000020c91a628c8]
Event: 29.057 Thread 0x0000020c9ae53c90 6285       4       com.sun.org.apache.xerces.internal.xni.QName::setValues (22 bytes)
Event: 29.058 Thread 0x0000020c9ae53c90 nmethod 6285 0x0000020c91a62990 code [0x0000020c91a62b20, 0x0000020c91a62bd8]
Event: 29.058 Thread 0x0000020c9ae53c90 6255       4       com.google.gson.internal.bind.JsonTreeReader::peekStack (12 bytes)
Event: 29.059 Thread 0x0000020c9ae53c90 nmethod 6255 0x0000020c91a62c90 code [0x0000020c91a62e20, 0x0000020c91a62ef8]
Event: 29.059 Thread 0x0000020c9ae53c90 6202       4       jdk.internal.misc.Unsafe::weakCompareAndSetInt (11 bytes)
Event: 29.060 Thread 0x0000020c9ae53c90 nmethod 6202 0x0000020c91a62f90 code [0x0000020c91a63120, 0x0000020c91a631b8]
Event: 29.104 Thread 0x0000020cdd88d3b0 6362       3       org.eclipse.core.runtime.ListenerList::isEmpty (12 bytes)
Event: 29.104 Thread 0x0000020cdd88d3b0 nmethod 6362 0x0000020c8a825710 code [0x0000020c8a8258c0, 0x0000020c8a825a38]

GC Heap History (20 events):
Event: 24.811 GC heap before
{Heap before GC invocations=10 (full 1):
 PSYoungGen      total 24576K, used 24437K [0x00000000eab00000, 0x00000000ec900000, 0x0000000100000000)
  eden space 24064K, 100% used [0x00000000eab00000,0x00000000ec280000,0x00000000ec280000)
  from space 512K, 72% used [0x00000000ec880000,0x00000000ec8dd488,0x00000000ec900000)
  to   space 2048K, 0% used [0x00000000ec500000,0x00000000ec500000,0x00000000ec700000)
 ParOldGen       total 68608K, used 12485K [0x00000000c0000000, 0x00000000c4300000, 0x00000000eab00000)
  object space 68608K, 18% used [0x00000000c0000000,0x00000000c0c315c0,0x00000000c4300000)
 Metaspace       used 25968K, committed 26752K, reserved 1114112K
  class space    used 2417K, committed 2752K, reserved 1048576K
}
Event: 24.814 GC heap after
{Heap after GC invocations=10 (full 1):
 PSYoungGen      total 25600K, used 2038K [0x00000000eab00000, 0x00000000ec900000, 0x0000000100000000)
  eden space 23552K, 0% used [0x00000000eab00000,0x00000000eab00000,0x00000000ec200000)
  from space 2048K, 99% used [0x00000000ec500000,0x00000000ec6fd8c8,0x00000000ec700000)
  to   space 2048K, 0% used [0x00000000ec700000,0x00000000ec700000,0x00000000ec900000)
 ParOldGen       total 68608K, used 13282K [0x00000000c0000000, 0x00000000c4300000, 0x00000000eab00000)
  object space 68608K, 19% used [0x00000000c0000000,0x00000000c0cf8ad0,0x00000000c4300000)
 Metaspace       used 25968K, committed 26752K, reserved 1114112K
  class space    used 2417K, committed 2752K, reserved 1048576K
}
Event: 25.643 GC heap before
{Heap before GC invocations=11 (full 1):
 PSYoungGen      total 25600K, used 25579K [0x00000000eab00000, 0x00000000ec900000, 0x0000000100000000)
  eden space 23552K, 99% used [0x00000000eab00000,0x00000000ec1fd3f8,0x00000000ec200000)
  from space 2048K, 99% used [0x00000000ec500000,0x00000000ec6fd8c8,0x00000000ec700000)
  to   space 2048K, 0% used [0x00000000ec700000,0x00000000ec700000,0x00000000ec900000)
 ParOldGen       total 68608K, used 13282K [0x00000000c0000000, 0x00000000c4300000, 0x00000000eab00000)
  object space 68608K, 19% used [0x00000000c0000000,0x00000000c0cf8ad0,0x00000000c4300000)
 Metaspace       used 29962K, committed 30848K, reserved 1114112K
  class space    used 2886K, committed 3264K, reserved 1048576K
}
Event: 25.648 GC heap after
{Heap after GC invocations=11 (full 1):
 PSYoungGen      total 25088K, used 2024K [0x00000000eab00000, 0x00000000ec900000, 0x0000000100000000)
  eden space 23040K, 0% used [0x00000000eab00000,0x00000000eab00000,0x00000000ec180000)
  from space 2048K, 98% used [0x00000000ec700000,0x00000000ec8fa3b8,0x00000000ec900000)
  to   space 3584K, 0% used [0x00000000ec200000,0x00000000ec200000,0x00000000ec580000)
 ParOldGen       total 68608K, used 14282K [0x00000000c0000000, 0x00000000c4300000, 0x00000000eab00000)
  object space 68608K, 20% used [0x00000000c0000000,0x00000000c0df2970,0x00000000c4300000)
 Metaspace       used 29962K, committed 30848K, reserved 1114112K
  class space    used 2886K, committed 3264K, reserved 1048576K
}
Event: 25.982 GC heap before
{Heap before GC invocations=12 (full 1):
 PSYoungGen      total 25088K, used 25064K [0x00000000eab00000, 0x00000000ec900000, 0x0000000100000000)
  eden space 23040K, 100% used [0x00000000eab00000,0x00000000ec180000,0x00000000ec180000)
  from space 2048K, 98% used [0x00000000ec700000,0x00000000ec8fa3b8,0x00000000ec900000)
  to   space 3584K, 0% used [0x00000000ec200000,0x00000000ec200000,0x00000000ec580000)
 ParOldGen       total 68608K, used 14282K [0x00000000c0000000, 0x00000000c4300000, 0x00000000eab00000)
  object space 68608K, 20% used [0x00000000c0000000,0x00000000c0df2970,0x00000000c4300000)
 Metaspace       used 32735K, committed 33792K, reserved 1114112K
  class space    used 3243K, committed 3712K, reserved 1048576K
}
Event: 25.988 GC heap after
{Heap after GC invocations=12 (full 1):
 PSYoungGen      total 24576K, used 1773K [0x00000000eab00000, 0x00000000ec780000, 0x0000000100000000)
  eden space 22528K, 0% used [0x00000000eab00000,0x00000000eab00000,0x00000000ec100000)
  from space 2048K, 86% used [0x00000000ec200000,0x00000000ec3bb460,0x00000000ec400000)
  to   space 2560K, 0% used [0x00000000ec500000,0x00000000ec500000,0x00000000ec780000)
 ParOldGen       total 68608K, used 16220K [0x00000000c0000000, 0x00000000c4300000, 0x00000000eab00000)
  object space 68608K, 23% used [0x00000000c0000000,0x00000000c0fd7198,0x00000000c4300000)
 Metaspace       used 32735K, committed 33792K, reserved 1114112K
  class space    used 3243K, committed 3712K, reserved 1048576K
}
Event: 26.323 GC heap before
{Heap before GC invocations=13 (full 1):
 PSYoungGen      total 24576K, used 23645K [0x00000000eab00000, 0x00000000ec780000, 0x0000000100000000)
  eden space 22528K, 97% used [0x00000000eab00000,0x00000000ec05c330,0x00000000ec100000)
  from space 2048K, 86% used [0x00000000ec200000,0x00000000ec3bb460,0x00000000ec400000)
  to   space 2560K, 0% used [0x00000000ec500000,0x00000000ec500000,0x00000000ec780000)
 ParOldGen       total 68608K, used 16220K [0x00000000c0000000, 0x00000000c4300000, 0x00000000eab00000)
  object space 68608K, 23% used [0x00000000c0000000,0x00000000c0fd7198,0x00000000c4300000)
 Metaspace       used 34826K, committed 35840K, reserved 1114112K
  class space    used 3493K, committed 3968K, reserved 1048576K
}
Event: 26.328 GC heap after
{Heap after GC invocations=13 (full 1):
 PSYoungGen      total 25088K, used 2375K [0x00000000eab00000, 0x00000000ec780000, 0x0000000100000000)
  eden space 22528K, 0% used [0x00000000eab00000,0x00000000eab00000,0x00000000ec100000)
  from space 2560K, 92% used [0x00000000ec500000,0x00000000ec751f78,0x00000000ec780000)
  to   space 2560K, 0% used [0x00000000ec280000,0x00000000ec280000,0x00000000ec500000)
 ParOldGen       total 68608K, used 17673K [0x00000000c0000000, 0x00000000c4300000, 0x00000000eab00000)
  object space 68608K, 25% used [0x00000000c0000000,0x00000000c1142790,0x00000000c4300000)
 Metaspace       used 34826K, committed 35840K, reserved 1114112K
  class space    used 3493K, committed 3968K, reserved 1048576K
}
Event: 26.328 GC heap before
{Heap before GC invocations=14 (full 2):
 PSYoungGen      total 25088K, used 2375K [0x00000000eab00000, 0x00000000ec780000, 0x0000000100000000)
  eden space 22528K, 0% used [0x00000000eab00000,0x00000000eab00000,0x00000000ec100000)
  from space 2560K, 92% used [0x00000000ec500000,0x00000000ec751f78,0x00000000ec780000)
  to   space 2560K, 0% used [0x00000000ec280000,0x00000000ec280000,0x00000000ec500000)
 ParOldGen       total 68608K, used 17673K [0x00000000c0000000, 0x00000000c4300000, 0x00000000eab00000)
  object space 68608K, 25% used [0x00000000c0000000,0x00000000c1142790,0x00000000c4300000)
 Metaspace       used 34826K, committed 35840K, reserved 1114112K
  class space    used 3493K, committed 3968K, reserved 1048576K
}
Event: 26.397 GC heap after
{Heap after GC invocations=14 (full 2):
 PSYoungGen      total 25088K, used 0K [0x00000000eab00000, 0x00000000ec780000, 0x0000000100000000)
  eden space 22528K, 0% used [0x00000000eab00000,0x00000000eab00000,0x00000000ec100000)
  from space 2560K, 0% used [0x00000000ec500000,0x00000000ec500000,0x00000000ec780000)
  to   space 2560K, 0% used [0x00000000ec280000,0x00000000ec280000,0x00000000ec500000)
 ParOldGen       total 68608K, used 19400K [0x00000000c0000000, 0x00000000c4300000, 0x00000000eab00000)
  object space 68608K, 28% used [0x00000000c0000000,0x00000000c12f23b8,0x00000000c4300000)
 Metaspace       used 34818K, committed 35840K, reserved 1114112K
  class space    used 3490K, committed 3968K, reserved 1048576K
}
Event: 26.741 GC heap before
{Heap before GC invocations=15 (full 2):
 PSYoungGen      total 25088K, used 22528K [0x00000000eab00000, 0x00000000ec780000, 0x0000000100000000)
  eden space 22528K, 100% used [0x00000000eab00000,0x00000000ec100000,0x00000000ec100000)
  from space 2560K, 0% used [0x00000000ec500000,0x00000000ec500000,0x00000000ec780000)
  to   space 2560K, 0% used [0x00000000ec280000,0x00000000ec280000,0x00000000ec500000)
 ParOldGen       total 68608K, used 19400K [0x00000000c0000000, 0x00000000c4300000, 0x00000000eab00000)
  object space 68608K, 28% used [0x00000000c0000000,0x00000000c12f23b8,0x00000000c4300000)
 Metaspace       used 36960K, committed 38016K, reserved 1114112K
  class space    used 3744K, committed 4224K, reserved 1048576K
}
Event: 26.745 GC heap after
{Heap after GC invocations=15 (full 2):
 PSYoungGen      total 24064K, used 1725K [0x00000000eab00000, 0x00000000ec580000, 0x0000000100000000)
  eden space 22016K, 0% used [0x00000000eab00000,0x00000000eab00000,0x00000000ec080000)
  from space 2048K, 84% used [0x00000000ec280000,0x00000000ec42f6f0,0x00000000ec480000)
  to   space 1024K, 0% used [0x00000000ec480000,0x00000000ec480000,0x00000000ec580000)
 ParOldGen       total 68608K, used 19408K [0x00000000c0000000, 0x00000000c4300000, 0x00000000eab00000)
  object space 68608K, 28% used [0x00000000c0000000,0x00000000c12f43b8,0x00000000c4300000)
 Metaspace       used 36960K, committed 38016K, reserved 1114112K
  class space    used 3744K, committed 4224K, reserved 1048576K
}
Event: 27.109 GC heap before
{Heap before GC invocations=16 (full 2):
 PSYoungGen      total 24064K, used 23741K [0x00000000eab00000, 0x00000000ec580000, 0x0000000100000000)
  eden space 22016K, 100% used [0x00000000eab00000,0x00000000ec080000,0x00000000ec080000)
  from space 2048K, 84% used [0x00000000ec280000,0x00000000ec42f6f0,0x00000000ec480000)
  to   space 1024K, 0% used [0x00000000ec480000,0x00000000ec480000,0x00000000ec580000)
 ParOldGen       total 68608K, used 19408K [0x00000000c0000000, 0x00000000c4300000, 0x00000000eab00000)
  object space 68608K, 28% used [0x00000000c0000000,0x00000000c12f43b8,0x00000000c4300000)
 Metaspace       used 40040K, committed 41088K, reserved 1114112K
  class space    used 4128K, committed 4608K, reserved 1048576K
}
Event: 27.112 GC heap after
{Heap after GC invocations=16 (full 2):
 PSYoungGen      total 23040K, used 1024K [0x00000000eab00000, 0x00000000ec680000, 0x0000000100000000)
  eden space 22016K, 0% used [0x00000000eab00000,0x00000000eab00000,0x00000000ec080000)
  from space 1024K, 100% used [0x00000000ec480000,0x00000000ec580000,0x00000000ec580000)
  to   space 3072K, 0% used [0x00000000ec080000,0x00000000ec080000,0x00000000ec380000)
 ParOldGen       total 68608K, used 20836K [0x00000000c0000000, 0x00000000c4300000, 0x00000000eab00000)
  object space 68608K, 30% used [0x00000000c0000000,0x00000000c14593c8,0x00000000c4300000)
 Metaspace       used 40040K, committed 41088K, reserved 1114112K
  class space    used 4128K, committed 4608K, reserved 1048576K
}
Event: 27.511 GC heap before
{Heap before GC invocations=17 (full 2):
 PSYoungGen      total 23040K, used 23040K [0x00000000eab00000, 0x00000000ec680000, 0x0000000100000000)
  eden space 22016K, 100% used [0x00000000eab00000,0x00000000ec080000,0x00000000ec080000)
  from space 1024K, 100% used [0x00000000ec480000,0x00000000ec580000,0x00000000ec580000)
  to   space 3072K, 0% used [0x00000000ec080000,0x00000000ec080000,0x00000000ec380000)
 ParOldGen       total 68608K, used 20836K [0x00000000c0000000, 0x00000000c4300000, 0x00000000eab00000)
  object space 68608K, 30% used [0x00000000c0000000,0x00000000c14593c8,0x00000000c4300000)
 Metaspace       used 42915K, committed 44032K, reserved 1114112K
  class space    used 4509K, committed 4992K, reserved 1048576K
}
Event: 27.515 GC heap after
{Heap after GC invocations=17 (full 2):
 PSYoungGen      total 23552K, used 1385K [0x00000000eab00000, 0x00000000ec500000, 0x0000000100000000)
  eden space 22016K, 0% used [0x00000000eab00000,0x00000000eab00000,0x00000000ec080000)
  from space 1536K, 90% used [0x00000000ec080000,0x00000000ec1da460,0x00000000ec200000)
  to   space 2048K, 0% used [0x00000000ec300000,0x00000000ec300000,0x00000000ec500000)
 ParOldGen       total 68608K, used 21700K [0x00000000c0000000, 0x00000000c4300000, 0x00000000eab00000)
  object space 68608K, 31% used [0x00000000c0000000,0x00000000c15313e8,0x00000000c4300000)
 Metaspace       used 42915K, committed 44032K, reserved 1114112K
  class space    used 4509K, committed 4992K, reserved 1048576K
}
Event: 27.995 GC heap before
{Heap before GC invocations=18 (full 2):
 PSYoungGen      total 23552K, used 23363K [0x00000000eab00000, 0x00000000ec500000, 0x0000000100000000)
  eden space 22016K, 99% used [0x00000000eab00000,0x00000000ec076930,0x00000000ec080000)
  from space 1536K, 90% used [0x00000000ec080000,0x00000000ec1da460,0x00000000ec200000)
  to   space 2048K, 0% used [0x00000000ec300000,0x00000000ec300000,0x00000000ec500000)
 ParOldGen       total 68608K, used 21700K [0x00000000c0000000, 0x00000000c4300000, 0x00000000eab00000)
  object space 68608K, 31% used [0x00000000c0000000,0x00000000c15313e8,0x00000000c4300000)
 Metaspace       used 45410K, committed 46464K, reserved 1114112K
  class space    used 4823K, committed 5312K, reserved 1048576K
}
Event: 27.999 GC heap after
{Heap after GC invocations=18 (full 2):
 PSYoungGen      total 23552K, used 1425K [0x00000000eab00000, 0x00000000ec480000, 0x0000000100000000)
  eden space 22016K, 0% used [0x00000000eab00000,0x00000000eab00000,0x00000000ec080000)
  from space 1536K, 92% used [0x00000000ec300000,0x00000000ec4644a0,0x00000000ec480000)
  to   space 1536K, 0% used [0x00000000ec080000,0x00000000ec080000,0x00000000ec200000)
 ParOldGen       total 68608K, used 22863K [0x00000000c0000000, 0x00000000c4300000, 0x00000000eab00000)
  object space 68608K, 33% used [0x00000000c0000000,0x00000000c1653c20,0x00000000c4300000)
 Metaspace       used 45410K, committed 46464K, reserved 1114112K
  class space    used 4823K, committed 5312K, reserved 1048576K
}
Event: 28.474 GC heap before
{Heap before GC invocations=19 (full 2):
 PSYoungGen      total 23552K, used 23441K [0x00000000eab00000, 0x00000000ec480000, 0x0000000100000000)
  eden space 22016K, 99% used [0x00000000eab00000,0x00000000ec07ffc8,0x00000000ec080000)
  from space 1536K, 92% used [0x00000000ec300000,0x00000000ec4644a0,0x00000000ec480000)
  to   space 1536K, 0% used [0x00000000ec080000,0x00000000ec080000,0x00000000ec200000)
 ParOldGen       total 68608K, used 22863K [0x00000000c0000000, 0x00000000c4300000, 0x00000000eab00000)
  object space 68608K, 33% used [0x00000000c0000000,0x00000000c1653c20,0x00000000c4300000)
 Metaspace       used 47833K, committed 48832K, reserved 1114112K
  class space    used 5132K, committed 5568K, reserved 1048576K
}
Event: 28.479 GC heap after
{Heap after GC invocations=19 (full 2):
 PSYoungGen      total 23552K, used 1512K [0x00000000eab00000, 0x00000000ec780000, 0x0000000100000000)
  eden space 22016K, 0% used [0x00000000eab00000,0x00000000eab00000,0x00000000ec080000)
  from space 1536K, 98% used [0x00000000ec080000,0x00000000ec1fa210,0x00000000ec200000)
  to   space 3584K, 0% used [0x00000000ec400000,0x00000000ec400000,0x00000000ec780000)
 ParOldGen       total 68608K, used 24439K [0x00000000c0000000, 0x00000000c4300000, 0x00000000eab00000)
  object space 68608K, 35% used [0x00000000c0000000,0x00000000c17ddc70,0x00000000c4300000)
 Metaspace       used 47833K, committed 48832K, reserved 1114112K
  class space    used 5132K, committed 5568K, reserved 1048576K
}

Dll operation events (14 events):
Event: 0.018 Loaded shared library c:\Users\Raju Shrirame\.vscode\extensions\redhat.java-1.41.1-win32-x64\jre\21.0.6-win32-x86_64\bin\java.dll
Event: 0.157 Loaded shared library c:\Users\Raju Shrirame\.vscode\extensions\redhat.java-1.41.1-win32-x64\jre\21.0.6-win32-x86_64\bin\zip.dll
Event: 0.199 Loaded shared library C:\Users\Raju Shrirame\.vscode\extensions\redhat.java-1.41.1-win32-x64\jre\21.0.6-win32-x86_64\bin\instrument.dll
Event: 0.210 Loaded shared library C:\Users\Raju Shrirame\.vscode\extensions\redhat.java-1.41.1-win32-x64\jre\21.0.6-win32-x86_64\bin\net.dll
Event: 0.214 Loaded shared library C:\Users\Raju Shrirame\.vscode\extensions\redhat.java-1.41.1-win32-x64\jre\21.0.6-win32-x86_64\bin\nio.dll
Event: 0.223 Loaded shared library C:\Users\Raju Shrirame\.vscode\extensions\redhat.java-1.41.1-win32-x64\jre\21.0.6-win32-x86_64\bin\zip.dll
Event: 0.258 Loaded shared library C:\Users\Raju Shrirame\.vscode\extensions\redhat.java-1.41.1-win32-x64\jre\21.0.6-win32-x86_64\bin\jimage.dll
Event: 0.434 Loaded shared library c:\Users\Raju Shrirame\.vscode\extensions\redhat.java-1.41.1-win32-x64\jre\21.0.6-win32-x86_64\bin\verify.dll
Event: 9.682 Loaded shared library C:\Users\Raju Shrirame\AppData\Roaming\Code\User\globalStorage\redhat.java\1.41.1\config_win\org.eclipse.equinox.launcher\org.eclipse.equinox.launcher.win32.win32.x86_64_1.2.1300.v20250331-1702\eclipse_11911.dll
Event: 23.328 Loaded shared library C:\Users\Raju Shrirame\.vscode\extensions\redhat.java-1.41.1-win32-x64\jre\21.0.6-win32-x86_64\bin\management.dll
Event: 23.331 Loaded shared library C:\Users\Raju Shrirame\.vscode\extensions\redhat.java-1.41.1-win32-x64\jre\21.0.6-win32-x86_64\bin\management_ext.dll
Event: 25.690 Loaded shared library C:\Users\Raju Shrirame\AppData\Local\Temp\jna-422009593\jna17819339741170868810.dll
Event: 26.873 Loaded shared library C:\Users\Raju Shrirame\.vscode\extensions\redhat.java-1.41.1-win32-x64\jre\21.0.6-win32-x86_64\bin\sunmscapi.dll
Event: 27.112 Loaded shared library C:\Users\Raju Shrirame\.vscode\extensions\redhat.java-1.41.1-win32-x64\jre\21.0.6-win32-x86_64\bin\extnet.dll

Deoptimization events (20 events):
Event: 28.751 Thread 0x0000020ce3764bf0 Uncommon trap: trap_request=0xffffff6e fr.pc=0x0000020c9187c518 relative=0x0000000000000178
Event: 28.751 Thread 0x0000020ce3764bf0 Uncommon trap: reason=loop_limit_check action=maybe_recompile pc=0x0000020c9187c518 method=java.lang.StringLatin1.lastIndexOf([BII)I @ 19 c2
Event: 28.751 Thread 0x0000020ce3764bf0 DEOPT PACKING pc=0x0000020c9187c518 sp=0x000000a3c8dfde60
Event: 28.751 Thread 0x0000020ce3764bf0 DEOPT UNPACKING pc=0x0000020c91223aa2 sp=0x000000a3c8dfdd18 mode 2
Event: 28.804 Thread 0x0000020ce3764bf0 Uncommon trap: trap_request=0xffffff45 fr.pc=0x0000020c9187da30 relative=0x00000000000005b0
Event: 28.804 Thread 0x0000020ce3764bf0 Uncommon trap: reason=unstable_if action=reinterpret pc=0x0000020c9187da30 method=java.lang.StringConcatHelper.simpleConcat(Ljava/lang/Object;Ljava/lang/Object;)Ljava/lang/String; @ 30 c2
Event: 28.804 Thread 0x0000020ce3764bf0 DEOPT PACKING pc=0x0000020c9187da30 sp=0x000000a3c8dfddb0
Event: 28.804 Thread 0x0000020ce3764bf0 DEOPT UNPACKING pc=0x0000020c91223aa2 sp=0x000000a3c8dfdd58 mode 2
Event: 28.990 Thread 0x0000020ce3764bf0 Uncommon trap: trap_request=0xffffff45 fr.pc=0x0000020c91902f48 relative=0x0000000000000128
Event: 28.990 Thread 0x0000020ce3764bf0 Uncommon trap: reason=unstable_if action=reinterpret pc=0x0000020c91902f48 method=java.lang.StringConcatHelper.prepend(J[BLjava/lang/String;)J @ 13 c2
Event: 28.990 Thread 0x0000020ce3764bf0 DEOPT PACKING pc=0x0000020c91902f48 sp=0x000000a3c8dfd660
Event: 28.990 Thread 0x0000020ce3764bf0 DEOPT UNPACKING pc=0x0000020c91223aa2 sp=0x000000a3c8dfd610 mode 2
Event: 28.990 Thread 0x0000020ce3764bf0 Uncommon trap: trap_request=0xffffff45 fr.pc=0x0000020c9190af60 relative=0x00000000000000c0
Event: 28.990 Thread 0x0000020ce3764bf0 Uncommon trap: reason=unstable_if action=reinterpret pc=0x0000020c9190af60 method=java.lang.StringConcatHelper.newString([BJ)Ljava/lang/String; @ 3 c2
Event: 28.990 Thread 0x0000020ce3764bf0 DEOPT PACKING pc=0x0000020c9190af60 sp=0x000000a3c8dfd810
Event: 28.990 Thread 0x0000020ce3764bf0 DEOPT UNPACKING pc=0x0000020c91223aa2 sp=0x000000a3c8dfd798 mode 2
Event: 29.001 Thread 0x0000020ce3764bf0 Uncommon trap: trap_request=0xffffff45 fr.pc=0x0000020c9190b3b0 relative=0x0000000000000170
Event: 29.001 Thread 0x0000020ce3764bf0 Uncommon trap: reason=unstable_if action=reinterpret pc=0x0000020c9190b3b0 method=java.util.zip.ZipCoder.hash(Ljava/lang/String;)I @ 11 c2
Event: 29.001 Thread 0x0000020ce3764bf0 DEOPT PACKING pc=0x0000020c9190b3b0 sp=0x000000a3c8dfdea0
Event: 29.001 Thread 0x0000020ce3764bf0 DEOPT UNPACKING pc=0x0000020c91223aa2 sp=0x000000a3c8dfde30 mode 2

Classes loaded (20 events):
Event: 28.688 Loading class sun/nio/ch/WindowsAsynchronousFileChannelImpl$WriteTask
Event: 28.689 Loading class sun/nio/ch/WindowsAsynchronousFileChannelImpl$WriteTask done
Event: 28.705 Loading class jdk/internal/math/FormattedFPDecimal
Event: 28.706 Loading class jdk/internal/math/FormattedFPDecimal done
Event: 28.765 Loading class java/lang/ProcessBuilder
Event: 28.766 Loading class java/lang/ProcessBuilder done
Event: 28.766 Loading class java/lang/ProcessImpl
Event: 28.768 Loading class java/lang/ProcessImpl done
Event: 28.786 Loading class java/lang/ProcessImpl$2
Event: 28.786 Loading class java/lang/ProcessImpl$2 done
Event: 28.786 Loading class java/lang/Process$PipeInputStream
Event: 28.787 Loading class java/lang/Process$PipeInputStream done
Event: 28.789 Loading class jdk/internal/event/ProcessStartEvent
Event: 28.789 Loading class jdk/internal/event/ProcessStartEvent done
Event: 28.798 Loading class java/lang/IllegalThreadStateException
Event: 28.798 Loading class java/lang/IllegalThreadStateException done
Event: 28.984 Loading class java/lang/Throwable$WrappedPrintWriter
Event: 28.984 Loading class java/lang/Throwable$PrintStreamOrWriter
Event: 28.984 Loading class java/lang/Throwable$PrintStreamOrWriter done
Event: 28.984 Loading class java/lang/Throwable$WrappedPrintWriter done

Classes unloaded (12 events):
Event: 24.193 Thread 0x0000020c9ae2c510 Unloading class 0x0000020c9c19bc00 'java/lang/invoke/LambdaForm$MH+0x0000020c9c19bc00'
Event: 24.193 Thread 0x0000020c9ae2c510 Unloading class 0x0000020c9c19b800 'java/lang/invoke/LambdaForm$MH+0x0000020c9c19b800'
Event: 24.193 Thread 0x0000020c9ae2c510 Unloading class 0x0000020c9c19b400 'java/lang/invoke/LambdaForm$MH+0x0000020c9c19b400'
Event: 24.193 Thread 0x0000020c9ae2c510 Unloading class 0x0000020c9c19b000 'java/lang/invoke/LambdaForm$MH+0x0000020c9c19b000'
Event: 24.193 Thread 0x0000020c9ae2c510 Unloading class 0x0000020c9c19ac00 'java/lang/invoke/LambdaForm$BMH+0x0000020c9c19ac00'
Event: 24.193 Thread 0x0000020c9ae2c510 Unloading class 0x0000020c9c19a800 'java/lang/invoke/LambdaForm$DMH+0x0000020c9c19a800'
Event: 24.193 Thread 0x0000020c9ae2c510 Unloading class 0x0000020c9c199400 'java/lang/invoke/LambdaForm$DMH+0x0000020c9c199400'
Event: 26.338 Thread 0x0000020c9ae2c510 Unloading class 0x0000020c9c2e7c00 'java/lang/invoke/LambdaForm$MH+0x0000020c9c2e7c00'
Event: 26.338 Thread 0x0000020c9ae2c510 Unloading class 0x0000020c9c2e7000 'java/lang/invoke/LambdaForm$MH+0x0000020c9c2e7000'
Event: 26.338 Thread 0x0000020c9ae2c510 Unloading class 0x0000020c9c2e6800 'java/lang/invoke/LambdaForm$MH+0x0000020c9c2e6800'
Event: 26.338 Thread 0x0000020c9ae2c510 Unloading class 0x0000020c9c2e1400 'java/lang/invoke/LambdaForm$MH+0x0000020c9c2e1400'
Event: 26.338 Thread 0x0000020c9ae2c510 Unloading class 0x0000020c9c2e0c00 'java/lang/invoke/LambdaForm$MH+0x0000020c9c2e0c00'

Classes redefined (0 events):
No events

Internal exceptions (20 events):
Event: 28.659 Thread 0x0000020ce3764bf0 Exception <a 'sun/nio/fs/WindowsException'{0x00000000eae5fe70}> (0x00000000eae5fe70) 
thrown [s\src\hotspot\share\prims\jni.cpp, line 520]
Event: 28.673 Thread 0x0000020ce3764bf0 Exception <a 'sun/nio/fs/WindowsException'{0x00000000eae97020}> (0x00000000eae97020) 
thrown [s\src\hotspot\share\prims\jni.cpp, line 520]
Event: 28.673 Thread 0x0000020ce3764bf0 Exception <a 'sun/nio/fs/WindowsException'{0x00000000eae97b70}> (0x00000000eae97b70) 
thrown [s\src\hotspot\share\prims\jni.cpp, line 520]
Event: 28.683 Thread 0x0000020ce3764bf0 Exception <a 'sun/nio/fs/WindowsException'{0x00000000eaf012d8}> (0x00000000eaf012d8) 
thrown [s\src\hotspot\share\prims\jni.cpp, line 520]
Event: 28.683 Thread 0x0000020ce3764bf0 Exception <a 'sun/nio/fs/WindowsException'{0x00000000eaf01e28}> (0x00000000eaf01e28) 
thrown [s\src\hotspot\share\prims\jni.cpp, line 520]
Event: 28.685 Thread 0x0000020ce3764bf0 Exception <a 'sun/nio/fs/WindowsException'{0x00000000eaf03198}> (0x00000000eaf03198) 
thrown [s\src\hotspot\share\prims\jni.cpp, line 520]
Event: 28.685 Thread 0x0000020ce3764bf0 Exception <a 'sun/nio/fs/WindowsException'{0x00000000eaf03ce8}> (0x00000000eaf03ce8) 
thrown [s\src\hotspot\share\prims\jni.cpp, line 520]
Event: 28.699 Thread 0x0000020ce22f4760 Exception <a 'java/lang/NoSuchMethodError'{0x00000000eaf90638}: 'int java.lang.invoke.DirectMethodHandle$Holder.invokeSpecialIFC(java.lang.Object, java.lang.Object, java.lang.Object, java.lang.Object)'> (0x00000000eaf90638) 
thrown [s\src\hotspot\share\interpreter\linkResolver.cpp, line 773]
Event: 28.707 Thread 0x0000020ce3764bf0 Exception <a 'java/lang/NoSuchMethodError'{0x00000000eafea5b0}: 'void java.lang.invoke.DirectMethodHandle$Holder.invokeVirtual(java.lang.Object, java.lang.Object, java.lang.Object, java.lang.Object)'> (0x00000000eafea5b0) 
thrown [s\src\hotspot\share\interpreter\linkResolver.cpp, line 773]
Event: 28.722 Thread 0x0000020ce3764bf0 Exception <a 'sun/nio/fs/WindowsException'{0x00000000eb04faa0}> (0x00000000eb04faa0) 
thrown [s\src\hotspot\share\prims\jni.cpp, line 520]
Event: 28.722 Thread 0x0000020ce3764bf0 Exception <a 'sun/nio/fs/WindowsException'{0x00000000eb0505f0}> (0x00000000eb0505f0) 
thrown [s\src\hotspot\share\prims\jni.cpp, line 520]
Event: 28.729 Thread 0x0000020ce3764bf0 Exception <a 'sun/nio/fs/WindowsException'{0x00000000eb0a9ba0}> (0x00000000eb0a9ba0) 
thrown [s\src\hotspot\share\prims\jni.cpp, line 520]
Event: 28.729 Thread 0x0000020ce3764bf0 Exception <a 'sun/nio/fs/WindowsException'{0x00000000eb0aa950}> (0x00000000eb0aa950) 
thrown [s\src\hotspot\share\prims\jni.cpp, line 520]
Event: 28.735 Thread 0x0000020ce3764bf0 Exception <a 'sun/nio/fs/WindowsException'{0x00000000eb0bf0c0}> (0x00000000eb0bf0c0) 
thrown [s\src\hotspot\share\prims\jni.cpp, line 520]
Event: 28.747 Thread 0x0000020ce3764bf0 Exception <a 'sun/nio/fs/WindowsException'{0x00000000eb0ca618}> (0x00000000eb0ca618) 
thrown [s\src\hotspot\share\prims\jni.cpp, line 520]
Event: 28.747 Thread 0x0000020ce3764bf0 Exception <a 'sun/nio/fs/WindowsException'{0x00000000eb0cac68}> (0x00000000eb0cac68) 
thrown [s\src\hotspot\share\prims\jni.cpp, line 520]
Event: 28.748 Thread 0x0000020ce3764bf0 Exception <a 'sun/nio/fs/WindowsException'{0x00000000eb0cb678}> (0x00000000eb0cb678) 
thrown [s\src\hotspot\share\prims\jni.cpp, line 520]
Event: 28.749 Thread 0x0000020ce3764bf0 Exception <a 'sun/nio/fs/WindowsException'{0x00000000eb0cbf78}> (0x00000000eb0cbf78) 
thrown [s\src\hotspot\share\prims\jni.cpp, line 520]
Event: 28.785 Thread 0x0000020ce3764bf0 Exception <a 'java/lang/NoSuchMethodError'{0x00000000eb0fcab8}: 'void java.lang.invoke.DirectMethodHandle$Holder.invokeStatic(java.lang.Object, long)'> (0x00000000eb0fcab8) 
thrown [s\src\hotspot\share\interpreter\linkResolver.cpp, line 773]
Event: 28.943 Thread 0x0000020ce3765280 Exception <a 'java/lang/InterruptedException'{0x00000000eb1d8ef0}> (0x00000000eb1d8ef0) 
thrown [s\src\hotspot\share\runtime\objectMonitor.cpp, line 1626]

ZGC Phase Switch (0 events):
No events

VM Operations (20 events):
Event: 27.511 Executing VM operation: ParallelGCFailedAllocation (Allocation Failure)
Event: 27.515 Executing VM operation: ParallelGCFailedAllocation (Allocation Failure) done
Event: 27.843 Executing VM operation: HandshakeAllThreads (Deoptimize)
Event: 27.843 Executing VM operation: HandshakeAllThreads (Deoptimize) done
Event: 27.939 Executing VM operation: HandshakeAllThreads (Deoptimize)
Event: 27.939 Executing VM operation: HandshakeAllThreads (Deoptimize) done
Event: 27.995 Executing VM operation: ParallelGCFailedAllocation (Allocation Failure)
Event: 27.999 Executing VM operation: ParallelGCFailedAllocation (Allocation Failure) done
Event: 28.015 Executing VM operation: HandshakeAllThreads (Deoptimize)
Event: 28.015 Executing VM operation: HandshakeAllThreads (Deoptimize) done
Event: 28.307 Executing VM operation: HandshakeAllThreads (Deoptimize)
Event: 28.307 Executing VM operation: HandshakeAllThreads (Deoptimize) done
Event: 28.383 Executing VM operation: ICBufferFull
Event: 28.383 Executing VM operation: ICBufferFull done
Event: 28.474 Executing VM operation: ParallelGCFailedAllocation (Allocation Failure)
Event: 28.479 Executing VM operation: ParallelGCFailedAllocation (Allocation Failure) done
Event: 28.531 Executing VM operation: HandshakeAllThreads (Deoptimize)
Event: 28.532 Executing VM operation: HandshakeAllThreads (Deoptimize) done
Event: 28.788 Executing VM operation: HandshakeAllThreads (Deoptimize)
Event: 28.789 Executing VM operation: HandshakeAllThreads (Deoptimize) done

Memory protections (0 events):
No events

Nmethod flushes (20 events):
Event: 26.358 Thread 0x0000020c9ae2c510 flushing  nmethod 0x0000020c8a312d10
Event: 26.358 Thread 0x0000020c9ae2c510 flushing  nmethod 0x0000020c8a313a10
Event: 26.358 Thread 0x0000020c9ae2c510 flushing  nmethod 0x0000020c8a313e10
Event: 26.358 Thread 0x0000020c9ae2c510 flushing  nmethod 0x0000020c8a314290
Event: 26.358 Thread 0x0000020c9ae2c510 flushing  nmethod 0x0000020c8a314a90
Event: 26.358 Thread 0x0000020c9ae2c510 flushing  nmethod 0x0000020c8a315410
Event: 26.358 Thread 0x0000020c9ae2c510 flushing  nmethod 0x0000020c8a315910
Event: 26.358 Thread 0x0000020c9ae2c510 flushing  nmethod 0x0000020c8a316790
Event: 26.358 Thread 0x0000020c9ae2c510 flushing  nmethod 0x0000020c8a320290
Event: 26.358 Thread 0x0000020c9ae2c510 flushing  nmethod 0x0000020c8a333790
Event: 26.358 Thread 0x0000020c9ae2c510 flushing  nmethod 0x0000020c8a339790
Event: 26.358 Thread 0x0000020c9ae2c510 flushing  nmethod 0x0000020c8a347890
Event: 26.358 Thread 0x0000020c9ae2c510 flushing  nmethod 0x0000020c8a34d590
Event: 26.358 Thread 0x0000020c9ae2c510 flushing  nmethod 0x0000020c8a358690
Event: 26.358 Thread 0x0000020c9ae2c510 flushing  nmethod 0x0000020c8a390a90
Event: 26.358 Thread 0x0000020c9ae2c510 flushing  nmethod 0x0000020c8a392090
Event: 26.358 Thread 0x0000020c9ae2c510 flushing  nmethod 0x0000020c8a3ca190
Event: 26.358 Thread 0x0000020c9ae2c510 flushing  nmethod 0x0000020c8a3cbf10
Event: 26.358 Thread 0x0000020c9ae2c510 flushing  nmethod 0x0000020c8a3fa890
Event: 26.358 Thread 0x0000020c9ae2c510 flushing  nmethod 0x0000020c8a435590

Events (20 events):
Event: 26.050 Thread 0x0000020c86a98850 Thread added: 0x0000020ce37679e0
Event: 26.082 Thread 0x0000020c86a98850 Thread added: 0x0000020ce376a140
Event: 26.996 Thread 0x0000020c86a98850 Thread added: 0x0000020ce3766cc0
Event: 26.996 Thread 0x0000020c86a98850 Thread added: 0x0000020ce3764bf0
Event: 27.877 Thread 0x0000020ce22f3a40 Thread added: 0x0000020ce3768700
Event: 27.878 Thread 0x0000020ce3768700 Thread exited: 0x0000020ce3768700
Event: 28.013 Thread 0x0000020ce22f3a40 Thread added: 0x0000020ce376b4f0
Event: 28.820 Thread 0x0000020ce3764bf0 Thread added: 0x0000020ce3768700
Event: 28.827 Thread 0x0000020ce3764bf0 Thread added: 0x0000020ce3768d90
Event: 28.827 Thread 0x0000020ce3764bf0 Thread added: 0x0000020ce376c210
Event: 28.828 Thread 0x0000020ce3764bf0 Thread added: 0x0000020ce3765280
Event: 28.938 Thread 0x0000020ce376c210 Thread exited: 0x0000020ce376c210
Event: 28.939 Thread 0x0000020ce3768d90 Thread exited: 0x0000020ce3768d90
Event: 28.943 Thread 0x0000020ce3768700 Thread exited: 0x0000020ce3768700
Event: 28.943 Thread 0x0000020ce3765280 Thread exited: 0x0000020ce3765280
Event: 28.994 Thread 0x0000020ce20a03e0 Thread exited: 0x0000020ce20a03e0
Event: 29.009 Thread 0x0000020ce3764bf0 Thread added: 0x0000020ce3768700
Event: 29.009 Thread 0x0000020ce3764bf0 Thread added: 0x0000020ce376c210
Event: 29.009 Thread 0x0000020ce3764bf0 Thread added: 0x0000020ce3768d90
Event: 29.010 Thread 0x0000020ce3764bf0 Thread added: 0x0000020ce3765280


Dynamic libraries:
0x00007ff6f5060000 - 0x00007ff6f506e000 	c:\Users\Raju Shrirame\.vscode\extensions\redhat.java-1.41.1-win32-x64\jre\21.0.6-win32-x86_64\bin\java.exe
0x00007ffeb12d0000 - 0x00007ffeb14c5000 	C:\Windows\SYSTEM32\ntdll.dll
0x00007ffeb1170000 - 0x00007ffeb122e000 	C:\Windows\System32\KERNEL32.DLL
0x00007ffeaf040000 - 0x00007ffeaf308000 	C:\Windows\System32\KERNELBASE.dll
0x00007ffeaef40000 - 0x00007ffeaf040000 	C:\Windows\System32\ucrtbase.dll
0x00007ffea7db0000 - 0x00007ffea7dce000 	c:\Users\Raju Shrirame\.vscode\extensions\redhat.java-1.41.1-win32-x64\jre\21.0.6-win32-x86_64\bin\VCRUNTIME140.dll
0x00007ffe9d330000 - 0x00007ffe9d348000 	c:\Users\Raju Shrirame\.vscode\extensions\redhat.java-1.41.1-win32-x64\jre\21.0.6-win32-x86_64\bin\jli.dll
0x00007ffeafe40000 - 0x00007ffeaffe1000 	C:\Windows\System32\USER32.dll
0x00007ffeaed50000 - 0x00007ffeaed72000 	C:\Windows\System32\win32u.dll
0x00007ffeb0960000 - 0x00007ffeb098b000 	C:\Windows\System32\GDI32.dll
0x00007ffeaee30000 - 0x00007ffeaef3d000 	C:\Windows\System32\gdi32full.dll
0x00007ffe9dff0000 - 0x00007ffe9e28a000 	C:\Windows\WinSxS\amd64_microsoft.windows.common-controls_6595b64144ccf1df_6.0.19041.1110_none_60b5254171f9507e\COMCTL32.dll
0x00007ffeaebf0000 - 0x00007ffeaec8d000 	C:\Windows\System32\msvcp_win.dll
0x00007ffeaf520000 - 0x00007ffeaf5be000 	C:\Windows\System32\msvcrt.dll
0x00007ffeaf490000 - 0x00007ffeaf4c0000 	C:\Windows\System32\IMM32.DLL
0x00007ffea8340000 - 0x00007ffea834c000 	c:\Users\Raju Shrirame\.vscode\extensions\redhat.java-1.41.1-win32-x64\jre\21.0.6-win32-x86_64\bin\vcruntime140_1.dll
0x00007ffe81c50000 - 0x00007ffe81cdd000 	c:\Users\Raju Shrirame\.vscode\extensions\redhat.java-1.41.1-win32-x64\jre\21.0.6-win32-x86_64\bin\msvcp140.dll
0x00007ffe5cba0000 - 0x00007ffe5d930000 	c:\Users\Raju Shrirame\.vscode\extensions\redhat.java-1.41.1-win32-x64\jre\21.0.6-win32-x86_64\bin\server\jvm.dll
0x00007ffeb0f70000 - 0x00007ffeb101c000 	C:\Windows\System32\ADVAPI32.dll
0x00007ffeb0120000 - 0x00007ffeb01bb000 	C:\Windows\System32\sechost.dll
0x00007ffeb1020000 - 0x00007ffeb114a000 	C:\Windows\System32\RPCRT4.dll
0x00007ffeafff0000 - 0x00007ffeb005b000 	C:\Windows\System32\WS2_32.dll
0x00007ffeae850000 - 0x00007ffeae89b000 	C:\Windows\SYSTEM32\POWRPROF.dll
0x00007ffea57b0000 - 0x00007ffea57d7000 	C:\Windows\SYSTEM32\WINMM.dll
0x00007ffea69f0000 - 0x00007ffea69fa000 	C:\Windows\SYSTEM32\VERSION.dll
0x00007ffeae830000 - 0x00007ffeae842000 	C:\Windows\SYSTEM32\UMPDC.dll
0x00007ffead260000 - 0x00007ffead272000 	C:\Windows\SYSTEM32\kernel.appcore.dll
0x00007ffea8020000 - 0x00007ffea802a000 	c:\Users\Raju Shrirame\.vscode\extensions\redhat.java-1.41.1-win32-x64\jre\21.0.6-win32-x86_64\bin\jimage.dll
0x00007ffeac560000 - 0x00007ffeac744000 	C:\Windows\SYSTEM32\DBGHELP.DLL
0x00007ffe9bdd0000 - 0x00007ffe9bdfc000 	C:\Windows\SYSTEM32\dbgcore.DLL
0x00007ffeaecc0000 - 0x00007ffeaed42000 	C:\Windows\System32\bcryptPrimitives.dll
0x00007ffea6b60000 - 0x00007ffea6b6f000 	c:\Users\Raju Shrirame\.vscode\extensions\redhat.java-1.41.1-win32-x64\jre\21.0.6-win32-x86_64\bin\instrument.dll
0x00007ffe99330000 - 0x00007ffe9934f000 	c:\Users\Raju Shrirame\.vscode\extensions\redhat.java-1.41.1-win32-x64\jre\21.0.6-win32-x86_64\bin\java.dll
0x00007ffeaf5c0000 - 0x00007ffeafd04000 	C:\Windows\System32\SHELL32.dll
0x00007ffeacab0000 - 0x00007ffead244000 	C:\Windows\SYSTEM32\windows.storage.dll
0x00007ffeb0b30000 - 0x00007ffeb0e85000 	C:\Windows\System32\combase.dll
0x00007ffeae360000 - 0x00007ffeae38e000 	C:\Windows\SYSTEM32\Wldp.dll
0x00007ffeb0060000 - 0x00007ffeb010d000 	C:\Windows\System32\SHCORE.dll
0x00007ffeaf430000 - 0x00007ffeaf485000 	C:\Windows\System32\shlwapi.dll
0x00007ffeae920000 - 0x00007ffeae93f000 	C:\Windows\SYSTEM32\profapi.dll
0x00007ffe8dac0000 - 0x00007ffe8dad8000 	c:\Users\Raju Shrirame\.vscode\extensions\redhat.java-1.41.1-win32-x64\jre\21.0.6-win32-x86_64\bin\zip.dll
0x00007ffea1410000 - 0x00007ffea1420000 	C:\Users\Raju Shrirame\.vscode\extensions\redhat.java-1.41.1-win32-x64\jre\21.0.6-win32-x86_64\bin\net.dll
0x00007ffea22d0000 - 0x00007ffea23dc000 	C:\Windows\SYSTEM32\WINHTTP.dll
0x00007ffeae0c0000 - 0x00007ffeae12a000 	C:\Windows\system32\mswsock.dll
0x00007ffe8bc30000 - 0x00007ffe8bc46000 	C:\Users\Raju Shrirame\.vscode\extensions\redhat.java-1.41.1-win32-x64\jre\21.0.6-win32-x86_64\bin\nio.dll
0x00007ffea13a0000 - 0x00007ffea13b0000 	c:\Users\Raju Shrirame\.vscode\extensions\redhat.java-1.41.1-win32-x64\jre\21.0.6-win32-x86_64\bin\verify.dll
0x00007ffe81c00000 - 0x00007ffe81c45000 	C:\Users\Raju Shrirame\AppData\Roaming\Code\User\globalStorage\redhat.java\1.41.1\config_win\org.eclipse.equinox.launcher\org.eclipse.equinox.launcher.win32.win32.x86_64_1.2.1300.v20250331-1702\eclipse_11911.dll
0x00007ffeafd10000 - 0x00007ffeafe3a000 	C:\Windows\System32\ole32.dll
0x00007ffe9d320000 - 0x00007ffe9d32a000 	C:\Users\Raju Shrirame\.vscode\extensions\redhat.java-1.41.1-win32-x64\jre\21.0.6-win32-x86_64\bin\management.dll
0x00007ffe93410000 - 0x00007ffe9341b000 	C:\Users\Raju Shrirame\.vscode\extensions\redhat.java-1.41.1-win32-x64\jre\21.0.6-win32-x86_64\bin\management_ext.dll
0x00007ffeb0110000 - 0x00007ffeb0118000 	C:\Windows\System32\PSAPI.DLL
0x00007ffeae2b0000 - 0x00007ffeae2c8000 	C:\Windows\SYSTEM32\CRYPTSP.dll
0x00007ffeada40000 - 0x00007ffeada74000 	C:\Windows\system32\rsaenh.dll
0x00007ffeaec90000 - 0x00007ffeaecb7000 	C:\Windows\System32\bcrypt.dll
0x00007ffeae8e0000 - 0x00007ffeae90e000 	C:\Windows\SYSTEM32\USERENV.dll
0x00007ffeae2d0000 - 0x00007ffeae2dc000 	C:\Windows\SYSTEM32\CRYPTBASE.dll
0x00007ffeaddb0000 - 0x00007ffeaddeb000 	C:\Windows\SYSTEM32\IPHLPAPI.DLL
0x00007ffeb0a70000 - 0x00007ffeb0a78000 	C:\Windows\System32\NSI.dll
0x00007ffe6a320000 - 0x00007ffe6a369000 	C:\Users\Raju Shrirame\AppData\Local\Temp\jna-422009593\jna17819339741170868810.dll
0x00007ffea72f0000 - 0x00007ffea7307000 	C:\Windows\SYSTEM32\dhcpcsvc6.DLL
0x00007ffea73e0000 - 0x00007ffea73fd000 	C:\Windows\SYSTEM32\dhcpcsvc.DLL
0x00007ffe93400000 - 0x00007ffe9340e000 	C:\Users\Raju Shrirame\.vscode\extensions\redhat.java-1.41.1-win32-x64\jre\21.0.6-win32-x86_64\bin\sunmscapi.dll
0x00007ffeae9e0000 - 0x00007ffeaeb36000 	C:\Windows\System32\CRYPT32.dll
0x00007ffeae430000 - 0x00007ffeae457000 	C:\Windows\SYSTEM32\ncrypt.dll
0x00007ffeae3f0000 - 0x00007ffeae42b000 	C:\Windows\SYSTEM32\NTASN1.dll
0x00007ffeaddf0000 - 0x00007ffeadebb000 	C:\Windows\SYSTEM32\DNSAPI.dll
0x00007ffea57a0000 - 0x00007ffea57aa000 	C:\Windows\System32\rasadhlp.dll
0x00007ffea1ae0000 - 0x00007ffea1b5f000 	C:\Windows\System32\fwpuclnt.dll
0x00007ffe933f0000 - 0x00007ffe933f9000 	C:\Users\Raju Shrirame\.vscode\extensions\redhat.java-1.41.1-win32-x64\jre\21.0.6-win32-x86_64\bin\extnet.dll

dbghelp: loaded successfully - version: 4.0.5 - missing functions: none
symbol engine: initialized successfully - sym options: 0x614 - pdb path: .;c:\Users\Raju Shrirame\.vscode\extensions\redhat.java-1.41.1-win32-x64\jre\21.0.6-win32-x86_64\bin;C:\Windows\SYSTEM32;C:\Windows\WinSxS\amd64_microsoft.windows.common-controls_6595b64144ccf1df_6.0.19041.1110_none_60b5254171f9507e;c:\Users\Raju Shrirame\.vscode\extensions\redhat.java-1.41.1-win32-x64\jre\21.0.6-win32-x86_64\bin\server;C:\Users\Raju Shrirame\AppData\Roaming\Code\User\globalStorage\redhat.java\1.41.1\config_win\org.eclipse.equinox.launcher\org.eclipse.equinox.launcher.win32.win32.x86_64_1.2.1300.v20250331-1702;C:\Users\Raju Shrirame\AppData\Local\Temp\jna-422009593

VM Arguments:
jvm_args: --add-modules=ALL-SYSTEM --add-opens=java.base/java.util=ALL-UNNAMED --add-opens=java.base/java.lang=ALL-UNNAMED --add-opens=java.base/sun.nio.fs=ALL-UNNAMED -Declipse.application=org.eclipse.jdt.ls.core.id1 -Dosgi.bundles.defaultStartLevel=4 -Declipse.product=org.eclipse.jdt.ls.core.product -Djava.import.generatesMetadataFilesAtProjectRoot=false -DDetectVMInstallationsJob.disabled=true -Dfile.encoding=utf8 -XX:+UseParallelGC -XX:GCTimeRatio=4 -XX:AdaptiveSizePolicyWeight=90 -Dsun.zip.disableMemoryMapping=true -Xmx1G -Xms100m -Xlog:disable -javaagent:c:\Users\Raju Shrirame\.vscode\extensions\redhat.java-1.41.1-win32-x64\lombok\lombok-1.18.36.jar -XX:+HeapDumpOnOutOfMemoryError -XX:HeapDumpPath=c:\Users\Raju Shrirame\AppData\Roaming\Code\User\workspaceStorage\bf5354fa548733c8218dcee6b927070a\redhat.java -Daether.dependencyCollector.impl=bf 
java_command: c:\Users\Raju Shrirame\.vscode\extensions\redhat.java-1.41.1-win32-x64\server\plugins\org.eclipse.equinox.launcher_1.7.0.v20250331-1702.jar -configuration c:\Users\Raju Shrirame\AppData\Roaming\Code\User\globalStorage\redhat.java\1.41.1\config_win -data c:\Users\Raju Shrirame\AppData\Roaming\Code\User\workspaceStorage\bf5354fa548733c8218dcee6b927070a\redhat.java\jdt_ws --pipe=\\.\pipe\lsp-448d062f47d29df6141d879afc175f8b-sock
java_class_path (initial): c:\Users\Raju Shrirame\.vscode\extensions\redhat.java-1.41.1-win32-x64\server\plugins\org.eclipse.equinox.launcher_1.7.0.v20250331-1702.jar
Launcher Type: SUN_STANDARD

[Global flags]
    uintx AdaptiveSizePolicyWeight                 = 90                                        {product} {command line}
     intx CICompilerCount                          = 4                                         {product} {ergonomic}
    uintx GCTimeRatio                              = 4                                         {product} {command line}
     bool HeapDumpOnOutOfMemoryError               = true                                   {manageable} {command line}
    ccstr HeapDumpPath                             = c:\Users\Raju Shrirame\AppData\Roaming\Code\User\workspaceStorage\bf5354fa548733c8218dcee6b927070a\redhat.java         {manageable} {command line}
   size_t InitialHeapSize                          = 104857600                                 {product} {command line}
   size_t MaxHeapSize                              = 1073741824                                {product} {command line}
   size_t MaxNewSize                               = 357564416                                 {product} {ergonomic}
   size_t MinHeapDeltaBytes                        = 524288                                    {product} {ergonomic}
   size_t MinHeapSize                              = 104857600                                 {product} {command line}
   size_t NewSize                                  = 34603008                                  {product} {ergonomic}
    uintx NonNMethodCodeHeapSize                   = 5839372                                {pd product} {ergonomic}
    uintx NonProfiledCodeHeapSize                  = 122909434                              {pd product} {ergonomic}
   size_t OldSize                                  = 70254592                                  {product} {ergonomic}
    uintx ProfiledCodeHeapSize                     = 122909434                              {pd product} {ergonomic}
    uintx ReservedCodeCacheSize                    = 251658240                              {pd product} {ergonomic}
     bool SegmentedCodeCache                       = true                                      {product} {ergonomic}
   size_t SoftMaxHeapSize                          = 1073741824                             {manageable} {ergonomic}
     bool UseCompressedOops                        = true                           {product lp64_product} {ergonomic}
     bool UseLargePagesIndividualAllocation        = false                                  {pd product} {ergonomic}
     bool UseParallelGC                            = true                                      {product} {command line}

Logging:
Log output configuration:
 #0: stdout all=off uptime,level,tags foldmultilines=false
 #1: stderr all=off uptime,level,tags foldmultilines=false

Environment Variables:
JAVA_HOME=C:\Program Files\Amazon Corretto\jdk17.0.13_11
PATH=C:\Program Files\Amazon Corretto\jdk17.0.13_11\bin;C:\Python312\Scripts\;C:\Python312\;C:\Program Files\Amazon Corretto\jdk11.0.23_9\bin;C:\ProgramData\Oracle\Java\javapath;C:\Windows\system32;C:\Windows;C:\Windows\System32\Wbem;C:\Windows\System32\WindowsPowerShell\v1.0\;C:\Windows\System32\OpenSSH\;C:\Windows\IsmFiles;C:\Program Files\dotnet\;C:\MinGW\bin;C:\ProgramData\chocolatey\bin;C:\ProgramData\chocolatey\lib\maven\apache-maven-3.9.8\bin;C:\Program Files\Amazon\AWSCLIV2\;C:\Program Files\Microsoft VS Code\bin;C:\Program Files\nodejs\;C:\Program Files\Git\cmd;C:\Program Files\Git\mingw64\bin;C:\Program Files\Git\usr\bin;C:\Program Files\Vagrant\bin;C:\Users\Raju Shrirame\AppData\Local\Microsoft\WindowsApps;C:\MinGW\bin;C:\Users\Raju Shrirame\AppData\Local\Programs\Microsoft VS Code\bin;C:\Users\Raju Shrirame\AppData\Local\spicetify;C:\Program Files\Oracle\VirtualBox;C:\Users\Raju Shrirame\AppData\Roaming\npm;D:\mongoDB shell\
USERNAME=Raju Shrirame
OS=Windows_NT
PROCESSOR_IDENTIFIER=AMD64 Family 23 Model 24 Stepping 1, AuthenticAMD
TMP=C:\Users\RAJUSH~1\AppData\Local\Temp
TEMP=C:\Users\RAJUSH~1\AppData\Local\Temp




Periodic native trim disabled

---------------  S Y S T E M  ---------------

OS:
 Windows 10 , 64 bit Build 19041 (10.0.19041.1348)
OS uptime: 0 days 5:12 hours

CPU: total 8 (initial active 8) (8 cores per cpu, 2 threads per core) family 23 model 24 stepping 1 microcode 0x0, cx8, cmov, fxsr, ht, mmx, 3dnowpref, sse, sse2, sse3, ssse3, sse4a, sse4.1, sse4.2, popcnt, lzcnt, tsc, tscinvbit, avx, avx2, aes, clmul, bmi1, bmi2, adx, sha, fma, vzeroupper, clflush, clflushopt, rdtscp, f16c
Processor Information for the first 8 processors :
  Max Mhz: 2100, Current Mhz: 2100, Mhz Limit: 2100

Memory: 4k page, system-wide physical 6091M (553M free)
TotalPageFile size 6091M (AvailPageFile size 37M)
current process WorkingSet (physical memory assigned to process): 237M, peak: 246M
current process commit charge ("private bytes"): 324M, peak: 331M

vm_info: OpenJDK 64-Bit Server VM (21.0.6+7-LTS) for windows-amd64 JRE (21.0.6+7-LTS), built on 2025-01-21T00:00:00Z by "admin" with MS VC++ 17.7 (VS2022)

END.
